running egg_info
writing ../build/moonbot/moonbot.egg-info/PKG-INFO
writing dependency_links to ../build/moonbot/moonbot.egg-info/dependency_links.txt
writing entry points to ../build/moonbot/moonbot.egg-info/entry_points.txt
writing requirements to ../build/moonbot/moonbot.egg-info/requires.txt
writing top-level names to ../build/moonbot/moonbot.egg-info/top_level.txt
reading manifest file '../build/moonbot/moonbot.egg-info/SOURCES.txt'
writing manifest file '../build/moonbot/moonbot.egg-info/SOURCES.txt'
running build
running build_py
running install
running install_lib
running install_data
copying launch/moonbot_launch.py -> /home/leibton/ros2_ws/src/install/moonbot/share/moonbot/launch
running install_egg_info
removing '/home/leibton/ros2_ws/src/install/moonbot/lib/python3.8/site-packages/moonbot-0.0.0-py3.8.egg-info' (and everything under it)
Copying ../build/moonbot/moonbot.egg-info to /home/leibton/ros2_ws/src/install/moonbot/lib/python3.8/site-packages/moonbot-0.0.0-py3.8.egg-info
running install_scripts
Installing body_controller script to /home/leibton/ros2_ws/src/install/moonbot/lib/moonbot
Installing dynamixel_control script to /home/leibton/ros2_ws/src/install/moonbot/lib/moonbot
Installing joint_controller script to /home/leibton/ros2_ws/src/install/moonbot/lib/moonbot
Installing joint_interface script to /home/leibton/ros2_ws/src/install/moonbot/lib/moonbot
writing list of installed files to '/home/leibton/ros2_ws/src/build/moonbot/install.log'
