/home/leibton/ros2_ws/src/install/moonbot/lib/python3.8/site-packages/moonbot/test_joint_controller.py
/home/leibton/ros2_ws/src/install/moonbot/lib/python3.8/site-packages/moonbot/body_controller.py
/home/leibton/ros2_ws/src/install/moonbot/lib/python3.8/site-packages/moonbot/__init__.py
/home/leibton/ros2_ws/src/install/moonbot/lib/python3.8/site-packages/moonbot/dynamixel_control.py
/home/leibton/ros2_ws/src/install/moonbot/lib/python3.8/site-packages/moonbot/joint_interface.py
/home/leibton/ros2_ws/src/install/moonbot/lib/python3.8/site-packages/moonbot/joint_controller.py
/home/leibton/ros2_ws/src/install/moonbot/lib/python3.8/site-packages/moonbot/utilities/params.py
/home/leibton/ros2_ws/src/install/moonbot/lib/python3.8/site-packages/moonbot/utilities/__init__.py
/home/leibton/ros2_ws/src/install/moonbot/lib/python3.8/site-packages/moonbot/utilities/limb_kinematics.py
/home/leibton/ros2_ws/src/install/moonbot/lib/python3.8/site-packages/moonbot/utilities/test_kinematics.py
/home/leibton/ros2_ws/src/install/moonbot/lib/python3.8/site-packages/moonbot/__pycache__/test_joint_controller.cpython-38.pyc
/home/leibton/ros2_ws/src/install/moonbot/lib/python3.8/site-packages/moonbot/__pycache__/body_controller.cpython-38.pyc
/home/leibton/ros2_ws/src/install/moonbot/lib/python3.8/site-packages/moonbot/__pycache__/__init__.cpython-38.pyc
/home/leibton/ros2_ws/src/install/moonbot/lib/python3.8/site-packages/moonbot/__pycache__/dynamixel_control.cpython-38.pyc
/home/leibton/ros2_ws/src/install/moonbot/lib/python3.8/site-packages/moonbot/__pycache__/joint_interface.cpython-38.pyc
/home/leibton/ros2_ws/src/install/moonbot/lib/python3.8/site-packages/moonbot/__pycache__/joint_controller.cpython-38.pyc
/home/leibton/ros2_ws/src/install/moonbot/lib/python3.8/site-packages/moonbot/utilities/__pycache__/params.cpython-38.pyc
/home/leibton/ros2_ws/src/install/moonbot/lib/python3.8/site-packages/moonbot/utilities/__pycache__/__init__.cpython-38.pyc
/home/leibton/ros2_ws/src/install/moonbot/lib/python3.8/site-packages/moonbot/utilities/__pycache__/limb_kinematics.cpython-38.pyc
/home/leibton/ros2_ws/src/install/moonbot/lib/python3.8/site-packages/moonbot/utilities/__pycache__/test_kinematics.cpython-38.pyc
/home/leibton/ros2_ws/src/install/moonbot/share/ament_index/resource_index/packages/moonbot
/home/leibton/ros2_ws/src/install/moonbot/share/moonbot/package.xml
/home/leibton/ros2_ws/src/install/moonbot/share/moonbot/launch/moonbot_launch.py
/home/leibton/ros2_ws/src/install/moonbot/lib/python3.8/site-packages/moonbot-0.0.0-py3.8.egg-info/SOURCES.txt
/home/leibton/ros2_ws/src/install/moonbot/lib/python3.8/site-packages/moonbot-0.0.0-py3.8.egg-info/dependency_links.txt
/home/leibton/ros2_ws/src/install/moonbot/lib/python3.8/site-packages/moonbot-0.0.0-py3.8.egg-info/zip-safe
/home/leibton/ros2_ws/src/install/moonbot/lib/python3.8/site-packages/moonbot-0.0.0-py3.8.egg-info/entry_points.txt
/home/leibton/ros2_ws/src/install/moonbot/lib/python3.8/site-packages/moonbot-0.0.0-py3.8.egg-info/requires.txt
/home/leibton/ros2_ws/src/install/moonbot/lib/python3.8/site-packages/moonbot-0.0.0-py3.8.egg-info/top_level.txt
/home/leibton/ros2_ws/src/install/moonbot/lib/python3.8/site-packages/moonbot-0.0.0-py3.8.egg-info/PKG-INFO
/home/leibton/ros2_ws/src/install/moonbot/lib/moonbot/body_controller
/home/leibton/ros2_ws/src/install/moonbot/lib/moonbot/dynamixel_control
/home/leibton/ros2_ws/src/install/moonbot/lib/moonbot/joint_controller
/home/leibton/ros2_ws/src/install/moonbot/lib/moonbot/joint_interface
/home/leibton/ros2_ws/src/install/moonbot/lib/moonbot/test_joint_controller
