[0.015s] Invoking command in '/home/leibton/ros2_ws/src/build/moonbot_control': CMAKE_PREFIX_PATH=/home/leibton/ros2_ws/src/install/moonbot_description:/home/leibton/ros2_ws/src/install/my_robot_hardware_interface:/home/leibton/ros2_ws/src/install/moonbot_gazebo:/home/leibton/ros2_ws/src/install/moonbot_control:/home/leibton/ros2_ws/src/install/moonbot_custom_interfaces:/home/leibton/ros2_ws/src/install/dynamixel_hardware_interface:/home/leibton/ros2_ws/src/install/dynamixel_custom_interfaces:/home/leibton/ros2_ws/src/install/trial:/home/leibton/ros2_ws/src/install/moonbot:/opt/ros/foxy /usr/bin/cmake /home/leibton/ros2_ws/src/moonbot_control -DCMAKE_INSTALL_PREFIX=/home/leibton/ros2_ws/src/install/moonbot_control
[0.084s] -- The C compiler identification is GNU 9.4.0
[0.177s] -- The CXX compiler identification is GNU 9.4.0
[0.190s] -- Check for working C compiler: /usr/bin/cc
[0.443s] -- Check for working C compiler: /usr/bin/cc -- works
[0.444s] -- Detecting C compiler ABI info
[0.834s] -- Detecting C compiler ABI info - done
[0.874s] -- Detecting C compile features
[0.876s] -- Detecting C compile features - done
[0.881s] -- Check for working CXX compiler: /usr/bin/c++
[1.081s] -- Check for working CXX compiler: /usr/bin/c++ -- works
[1.082s] -- Detecting CXX compiler ABI info
[1.160s] -- Detecting CXX compiler ABI info - done
[1.171s] -- Detecting CXX compile features
[1.172s] -- Detecting CXX compile features - done
[1.172s] -- Found ament_cmake: 0.9.12 (/opt/ros/foxy/share/ament_cmake/cmake)
[1.191s] -- Found PythonInterp: /usr/bin/python3 (found suitable version "3.8.10", minimum required is "3") 
[1.191s] -- Using PYTHON_EXECUTABLE: /usr/bin/python3
[1.372s] -- Found urdf: 2.4.0 (/opt/ros/foxy/share/urdf/cmake)
[1.395s] -- Found xacro: 2.0.7 (/opt/ros/foxy/share/xacro/cmake)
[1.396s] -- Found robot_state_publisher: 2.4.5 (/opt/ros/foxy/share/robot_state_publisher/cmake)
[1.412s] -- Using all available rosidl_typesupport_c: rosidl_typesupport_fastrtps_c;rosidl_typesupport_introspection_c
[1.416s] -- Found rosidl_adapter: 1.3.1 (/opt/ros/foxy/share/rosidl_adapter/cmake)
[1.473s] -- Found OpenSSL: /usr/lib/x86_64-linux-gnu/libcrypto.so (found version "1.1.1f")  
[1.507s] -- Found FastRTPS: /opt/ros/foxy/include  
[1.581s] -- Using all available rosidl_typesupport_cpp: rosidl_typesupport_fastrtps_cpp;rosidl_typesupport_introspection_cpp
[1.621s] -- Found eigen3_cmake_module: 0.1.1 (/opt/ros/foxy/share/eigen3_cmake_module/cmake)
[1.624s] -- Found Eigen3: TRUE (found version "3.3.7") 
[1.684s] -- Found rmw_implementation_cmake: 1.0.4 (/opt/ros/foxy/share/rmw_implementation_cmake/cmake)
[1.686s] -- Using RMW implementation 'rmw_fastrtps_cpp' as default
[1.687s] -- Looking for pthread.h
[1.747s] -- Looking for pthread.h - found
[1.747s] -- Performing Test CMAKE_HAVE_LIBC_PTHREAD
[1.812s] -- Performing Test CMAKE_HAVE_LIBC_PTHREAD - Failed
[1.812s] -- Looking for pthread_create in pthreads
[1.863s] -- Looking for pthread_create in pthreads - not found
[1.863s] -- Looking for pthread_create in pthread
[1.918s] -- Looking for pthread_create in pthread - found
[1.919s] -- Found Threads: TRUE  
[2.428s] -- Found moonbot_description: 0.0.0 (/home/leibton/ros2_ws/src/install/moonbot_description/share/moonbot_description/cmake)
[2.429s] -- Found gazebo_ros: 3.5.3 (/opt/ros/foxy/share/gazebo_ros/cmake)
[2.439s] -- Found PkgConfig: /usr/bin/pkg-config (found version "0.29.1") 
[2.441s] -- Checking for module 'bullet>=2.82'
[2.453s] --   Found bullet, version 2.88
[2.567s] -- Found ccd: /usr/include (found suitable version "2.0", minimum required is "2.0") 
[2.630s] -- Found fcl: /usr/include (found suitable version "0.5.0", minimum required is "0.3.2") 
[2.677s] -- Found assimp: /usr/include (found version "5.0.0") 
[2.706s] -- Found DART: /usr/include (Required is at least version "6.6") found components: dart 
[2.741s] -- Found Boost: /usr/lib/x86_64-linux-gnu/cmake/Boost-1.71.0/BoostConfig.cmake (found suitable version "1.71.0", minimum required is "1.40.0") found components: thread system filesystem program_options regex iostreams date_time 
[2.770s] -- Found Protobuf: /usr/lib/x86_64-linux-gnu/libprotobuf.so;-lpthread (found version "3.6.1") 
[2.777s] -- Looking for ignition-math6 -- found version 6.13.0
[2.786s] -- Searching for dependencies of ignition-math6
[2.789s] -- Looking for OGRE...
[2.789s] -- OGRE_PREFIX_WATCH changed.
[2.795s] -- Checking for module 'OGRE'
[2.817s] --   Found OGRE, version 1.9.0
[2.849s] -- Found Ogre Ghadamon (1.9.0)
[2.858s] -- Found OGRE: optimized;/usr/lib/x86_64-linux-gnu/libOgreMain.so;debug;/usr/lib/x86_64-linux-gnu/libOgreMain.so
[2.867s] -- Looking for OGRE_Paging...
[2.877s] -- Found OGRE_Paging: optimized;/usr/lib/x86_64-linux-gnu/libOgrePaging.so;debug;/usr/lib/x86_64-linux-gnu/libOgrePaging.so
[2.877s] -- Looking for OGRE_Terrain...
[2.882s] -- Found OGRE_Terrain: optimized;/usr/lib/x86_64-linux-gnu/libOgreTerrain.so;debug;/usr/lib/x86_64-linux-gnu/libOgreTerrain.so
[2.882s] -- Looking for OGRE_Property...
[2.886s] -- Found OGRE_Property: optimized;/usr/lib/x86_64-linux-gnu/libOgreProperty.so;debug;/usr/lib/x86_64-linux-gnu/libOgreProperty.so
[2.886s] -- Looking for OGRE_RTShaderSystem...
[2.890s] -- Found OGRE_RTShaderSystem: optimized;/usr/lib/x86_64-linux-gnu/libOgreRTShaderSystem.so;debug;/usr/lib/x86_64-linux-gnu/libOgreRTShaderSystem.so
[2.890s] -- Looking for OGRE_Volume...
[2.895s] -- Found OGRE_Volume: optimized;/usr/lib/x86_64-linux-gnu/libOgreVolume.so;debug;/usr/lib/x86_64-linux-gnu/libOgreVolume.so
[2.895s] -- Looking for OGRE_Overlay...
[2.899s] -- Found OGRE_Overlay: optimized;/usr/lib/x86_64-linux-gnu/libOgreOverlay.so;debug;/usr/lib/x86_64-linux-gnu/libOgreOverlay.so
[2.988s] -- Looking for ignition-math6 -- found version 6.13.0
[2.990s] -- Looking for ignition-transport8 -- found version 8.3.0
[2.990s] -- Searching for dependencies of ignition-transport8
[3.009s] -- Found Protobuf: /usr/lib/x86_64-linux-gnu/libprotobuf.so;-lpthread (found suitable version "3.6.1", minimum required is "3") 
[3.019s] -- Config-file not installed for ZeroMQ -- checking for pkg-config
[3.022s] -- Checking for module 'libzmq >= 4'
[3.034s] --   Found libzmq , version 4.3.2
[3.062s] -- Found ZeroMQ: TRUE (Required is at least version "4") 
[3.068s] -- Checking for module 'uuid'
[3.078s] --   Found uuid, version 2.34.0
[3.105s] -- Found UUID: TRUE  
[3.107s] -- Looking for ignition-msgs5 -- found version 5.10.0
[3.107s] -- Searching for dependencies of ignition-msgs5
[3.122s] -- Looking for ignition-math6 -- found version 6.13.0
[3.128s] -- Checking for module 'tinyxml2'
[3.139s] --   Found tinyxml2, version 6.2.0
[3.167s] -- Looking for ignition-msgs5 -- found version 5.10.0
[3.168s] -- Looking for ignition-common3 -- found version 3.14.2
[3.169s] -- Searching for dependencies of ignition-common3
[3.169s] -- Looking for dlfcn.h - found
[3.170s] -- Looking for libdl - found
[3.171s] -- Found DL: TRUE  
[3.178s] -- Searching for <ignition-common3> component [graphics]
[3.179s] -- Looking for ignition-common3-graphics -- found version 3.14.2
[3.180s] -- Searching for dependencies of ignition-common3-graphics
[3.180s] -- Looking for ignition-math6 -- found version 6.13.0
[3.185s] -- Looking for ignition-fuel_tools4 -- found version 4.6.0
[3.185s] -- Searching for dependencies of ignition-fuel_tools4
[3.248s] -- Found CURL: /usr/lib/x86_64-linux-gnu/libcurl.so (found version "7.68.0")  
[3.254s] -- Checking for module 'jsoncpp'
[3.269s] --   Found jsoncpp, version 1.7.4
[3.296s] -- Found JSONCPP: TRUE  
[3.300s] -- Checking for module 'libzip'
[3.311s] --   Found libzip, version 1.5.1
[3.338s] -- Found ZIP: TRUE  
[3.338s] -- Looking for ignition-common3 -- found version 3.14.2
[3.339s] -- Looking for ignition-math6 -- found version 6.13.0
[3.339s] -- Looking for ignition-msgs5 -- found version 5.10.0
[3.341s] -- Gazebo version: 11.11
[3.346s] -- Found controller_manager: 0.11.0 (/opt/ros/foxy/share/controller_manager/cmake)
[3.777s] -- Found ament_lint_auto: 0.9.8 (/opt/ros/foxy/share/ament_lint_auto/cmake)
[3.846s] -- Added test 'copyright' to check source files copyright and LICENSE
[3.847s] -- Added test 'flake8' to check Python code syntax and style conventions
[3.847s] -- Added test 'lint_cmake' to check CMake code style
[3.848s] -- Added test 'pep257' to check Python code against some of the style conventions in PEP 257
[3.848s] -- Added test 'xmllint' to check XML markup files
[3.851s] -- Configuring done
[3.853s] -- Generating done
[3.855s] -- Build files have been written to: /home/leibton/ros2_ws/src/build/moonbot_control
[3.870s] Invoked command in '/home/leibton/ros2_ws/src/build/moonbot_control' returned '0': CMAKE_PREFIX_PATH=/home/leibton/ros2_ws/src/install/moonbot_description:/home/leibton/ros2_ws/src/install/my_robot_hardware_interface:/home/leibton/ros2_ws/src/install/moonbot_gazebo:/home/leibton/ros2_ws/src/install/moonbot_control:/home/leibton/ros2_ws/src/install/moonbot_custom_interfaces:/home/leibton/ros2_ws/src/install/dynamixel_hardware_interface:/home/leibton/ros2_ws/src/install/dynamixel_custom_interfaces:/home/leibton/ros2_ws/src/install/trial:/home/leibton/ros2_ws/src/install/moonbot:/opt/ros/foxy /usr/bin/cmake /home/leibton/ros2_ws/src/moonbot_control -DCMAKE_INSTALL_PREFIX=/home/leibton/ros2_ws/src/install/moonbot_control
[3.872s] Invoking command in '/home/leibton/ros2_ws/src/build/moonbot_control': CMAKE_PREFIX_PATH=/home/leibton/ros2_ws/src/install/moonbot_description:/home/leibton/ros2_ws/src/install/my_robot_hardware_interface:/home/leibton/ros2_ws/src/install/moonbot_gazebo:/home/leibton/ros2_ws/src/install/moonbot_control:/home/leibton/ros2_ws/src/install/moonbot_custom_interfaces:/home/leibton/ros2_ws/src/install/dynamixel_hardware_interface:/home/leibton/ros2_ws/src/install/dynamixel_custom_interfaces:/home/leibton/ros2_ws/src/install/trial:/home/leibton/ros2_ws/src/install/moonbot:/opt/ros/foxy /usr/bin/cmake --build /home/leibton/ros2_ws/src/build/moonbot_control -- -j12 -l12
[3.908s] Invoked command in '/home/leibton/ros2_ws/src/build/moonbot_control' returned '0': CMAKE_PREFIX_PATH=/home/leibton/ros2_ws/src/install/moonbot_description:/home/leibton/ros2_ws/src/install/my_robot_hardware_interface:/home/leibton/ros2_ws/src/install/moonbot_gazebo:/home/leibton/ros2_ws/src/install/moonbot_control:/home/leibton/ros2_ws/src/install/moonbot_custom_interfaces:/home/leibton/ros2_ws/src/install/dynamixel_hardware_interface:/home/leibton/ros2_ws/src/install/dynamixel_custom_interfaces:/home/leibton/ros2_ws/src/install/trial:/home/leibton/ros2_ws/src/install/moonbot:/opt/ros/foxy /usr/bin/cmake --build /home/leibton/ros2_ws/src/build/moonbot_control -- -j12 -l12
[3.926s] Invoking command in '/home/leibton/ros2_ws/src/build/moonbot_control': CMAKE_PREFIX_PATH=/home/leibton/ros2_ws/src/install/moonbot_description:/home/leibton/ros2_ws/src/install/my_robot_hardware_interface:/home/leibton/ros2_ws/src/install/moonbot_gazebo:/home/leibton/ros2_ws/src/install/moonbot_control:/home/leibton/ros2_ws/src/install/moonbot_custom_interfaces:/home/leibton/ros2_ws/src/install/dynamixel_hardware_interface:/home/leibton/ros2_ws/src/install/dynamixel_custom_interfaces:/home/leibton/ros2_ws/src/install/trial:/home/leibton/ros2_ws/src/install/moonbot:/opt/ros/foxy /usr/bin/cmake --install /home/leibton/ros2_ws/src/build/moonbot_control
[3.932s] -- Install configuration: ""
[3.932s] -- Installing: /home/leibton/ros2_ws/src/install/moonbot_control/share/moonbot_control//launch
[3.932s] -- Installing: /home/leibton/ros2_ws/src/install/moonbot_control/share/moonbot_control//launch/phantomx_control.launch
[3.932s] -- Installing: /home/leibton/ros2_ws/src/install/moonbot_control/share/moonbot_control//launch/test_control.launch.py
[3.932s] -- Installing: /home/leibton/ros2_ws/src/install/moonbot_control/share/moonbot_control//launch/bringup_moonbot.py
[3.933s] -- Installing: /home/leibton/ros2_ws/src/install/moonbot_control/share/moonbot_control//config
[3.933s] -- Installing: /home/leibton/ros2_ws/src/install/moonbot_control/share/moonbot_control//config/phantom_config.yaml
[3.933s] -- Installing: /home/leibton/ros2_ws/src/install/moonbot_control/share/moonbot_control//config/phantomx_control.yaml
[3.933s] -- Installing: /home/leibton/ros2_ws/src/install/moonbot_control/share/moonbot_control//config/moonbot_config.yaml
[3.933s] -- Installing: /home/leibton/ros2_ws/src/install/moonbot_control/share/moonbot_control//config/controller_configuration.yaml
[3.933s] -- Installing: /home/leibton/ros2_ws/src/install/moonbot_control/share/ament_index/resource_index/package_run_dependencies/moonbot_control
[3.933s] -- Installing: /home/leibton/ros2_ws/src/install/moonbot_control/share/ament_index/resource_index/parent_prefix_path/moonbot_control
[3.933s] -- Installing: /home/leibton/ros2_ws/src/install/moonbot_control/share/moonbot_control/environment/ament_prefix_path.sh
[3.934s] -- Installing: /home/leibton/ros2_ws/src/install/moonbot_control/share/moonbot_control/environment/ament_prefix_path.dsv
[3.934s] -- Installing: /home/leibton/ros2_ws/src/install/moonbot_control/share/moonbot_control/environment/path.sh
[3.934s] -- Installing: /home/leibton/ros2_ws/src/install/moonbot_control/share/moonbot_control/environment/path.dsv
[3.934s] -- Installing: /home/leibton/ros2_ws/src/install/moonbot_control/share/moonbot_control/local_setup.bash
[3.934s] -- Installing: /home/leibton/ros2_ws/src/install/moonbot_control/share/moonbot_control/local_setup.sh
[3.934s] -- Installing: /home/leibton/ros2_ws/src/install/moonbot_control/share/moonbot_control/local_setup.zsh
[3.934s] -- Installing: /home/leibton/ros2_ws/src/install/moonbot_control/share/moonbot_control/local_setup.dsv
[3.934s] -- Installing: /home/leibton/ros2_ws/src/install/moonbot_control/share/moonbot_control/package.dsv
[3.934s] -- Installing: /home/leibton/ros2_ws/src/install/moonbot_control/share/ament_index/resource_index/packages/moonbot_control
[3.934s] -- Installing: /home/leibton/ros2_ws/src/install/moonbot_control/share/moonbot_control/cmake/moonbot_controlConfig.cmake
[3.934s] -- Installing: /home/leibton/ros2_ws/src/install/moonbot_control/share/moonbot_control/cmake/moonbot_controlConfig-version.cmake
[3.935s] -- Installing: /home/leibton/ros2_ws/src/install/moonbot_control/share/moonbot_control/package.xml
[3.938s] Invoked command in '/home/leibton/ros2_ws/src/build/moonbot_control' returned '0': CMAKE_PREFIX_PATH=/home/leibton/ros2_ws/src/install/moonbot_description:/home/leibton/ros2_ws/src/install/my_robot_hardware_interface:/home/leibton/ros2_ws/src/install/moonbot_gazebo:/home/leibton/ros2_ws/src/install/moonbot_control:/home/leibton/ros2_ws/src/install/moonbot_custom_interfaces:/home/leibton/ros2_ws/src/install/dynamixel_hardware_interface:/home/leibton/ros2_ws/src/install/dynamixel_custom_interfaces:/home/leibton/ros2_ws/src/install/trial:/home/leibton/ros2_ws/src/install/moonbot:/opt/ros/foxy /usr/bin/cmake --install /home/leibton/ros2_ws/src/build/moonbot_control
