[0.199s] DEBUG:colcon:Command line arguments: ['/usr/bin/colcon', 'build']
[0.199s] DEBUG:colcon:Parsed command line arguments: Namespace(allow_overriding=[], ament_cmake_args=None, base_paths=['.'], build_base='build', catkin_cmake_args=None, catkin_skip_building_tests=False, cmake_args=None, cmake_clean_cache=False, cmake_clean_first=False, cmake_force_configure=False, cmake_target=None, cmake_target_skip_unavailable=False, continue_on_error=False, event_handlers=None, executor='parallel', ignore_user_meta=False, install_base='install', log_base=None, log_level=None, main=<bound method BuildVerb.main of <colcon_core.verb.build.BuildVerb object at 0x7ffaa502ad30>>, merge_install=False, metas=['./colcon.meta'], packages_above=None, packages_above_and_dependencies=None, packages_above_depth=None, packages_end=None, packages_ignore=None, packages_ignore_regex=None, packages_select=None, packages_select_build_failed=False, packages_select_by_dep=None, packages_select_regex=None, packages_select_test_failures=False, packages_skip=None, packages_skip_build_finished=False, packages_skip_by_dep=None, packages_skip_regex=None, packages_skip_test_passed=False, packages_skip_up_to=None, packages_start=None, packages_up_to=None, packages_up_to_regex=None, parallel_workers=12, paths=None, symlink_install=False, test_result_base=None, verb_extension=<colcon_core.verb.build.BuildVerb object at 0x7ffaa502ad30>, verb_name='build', verb_parser=<colcon_defaults.argument_parser.defaults.DefaultArgumentsDecorator object at 0x7ffaa4fb62e0>)
[0.216s] Level 1:colcon.colcon_core.package_discovery:discover_packages(colcon_meta) check parameters
[0.217s] Level 1:colcon.colcon_core.package_discovery:discover_packages(recursive) check parameters
[0.217s] Level 1:colcon.colcon_core.package_discovery:discover_packages(ignore) check parameters
[0.217s] Level 1:colcon.colcon_core.package_discovery:discover_packages(path) check parameters
[0.217s] Level 1:colcon.colcon_core.package_discovery:discover_packages(colcon_meta) discover
[0.217s] Level 1:colcon.colcon_core.package_discovery:discover_packages(recursive) discover
[0.217s] INFO:colcon.colcon_core.package_discovery:Crawling recursively for packages in '/home/leibton/ros2_ws/src'
[0.217s] Level 1:colcon.colcon_core.package_identification:_identify(.) by extensions ['ignore', 'ignore_ament_install']
[0.217s] Level 1:colcon.colcon_core.package_identification:_identify(.) by extension 'ignore'
[0.217s] Level 1:colcon.colcon_core.package_identification:_identify(.) by extension 'ignore_ament_install'
[0.217s] Level 1:colcon.colcon_core.package_identification:_identify(.) by extensions ['colcon_pkg']
[0.217s] Level 1:colcon.colcon_core.package_identification:_identify(.) by extension 'colcon_pkg'
[0.217s] Level 1:colcon.colcon_core.package_identification:_identify(.) by extensions ['colcon_meta']
[0.217s] Level 1:colcon.colcon_core.package_identification:_identify(.) by extension 'colcon_meta'
[0.217s] Level 1:colcon.colcon_core.package_identification:_identify(.) by extensions ['ros']
[0.217s] Level 1:colcon.colcon_core.package_identification:_identify(.) by extension 'ros'
[0.230s] Level 1:colcon.colcon_core.package_identification:_identify(.) by extensions ['cmake', 'python']
[0.230s] Level 1:colcon.colcon_core.package_identification:_identify(.) by extension 'cmake'
[0.230s] Level 1:colcon.colcon_core.package_identification:_identify(.) by extension 'python'
[0.230s] Level 1:colcon.colcon_core.package_identification:_identify(.) by extensions ['python_setup_py']
[0.230s] Level 1:colcon.colcon_core.package_identification:_identify(.) by extension 'python_setup_py'
[0.230s] Level 1:colcon.colcon_core.package_identification:_identify(DynamixelSDK) by extensions ['ignore', 'ignore_ament_install']
[0.230s] Level 1:colcon.colcon_core.package_identification:_identify(DynamixelSDK) by extension 'ignore'
[0.230s] Level 1:colcon.colcon_core.package_identification:_identify(DynamixelSDK) by extension 'ignore_ament_install'
[0.230s] Level 1:colcon.colcon_core.package_identification:_identify(DynamixelSDK) by extensions ['colcon_pkg']
[0.230s] Level 1:colcon.colcon_core.package_identification:_identify(DynamixelSDK) by extension 'colcon_pkg'
[0.230s] Level 1:colcon.colcon_core.package_identification:_identify(DynamixelSDK) by extensions ['colcon_meta']
[0.231s] Level 1:colcon.colcon_core.package_identification:_identify(DynamixelSDK) by extension 'colcon_meta'
[0.231s] Level 1:colcon.colcon_core.package_identification:_identify(DynamixelSDK) by extensions ['ros']
[0.231s] Level 1:colcon.colcon_core.package_identification:_identify(DynamixelSDK) by extension 'ros'
[0.231s] Level 1:colcon.colcon_core.package_identification:_identify(DynamixelSDK) by extensions ['cmake', 'python']
[0.231s] Level 1:colcon.colcon_core.package_identification:_identify(DynamixelSDK) by extension 'cmake'
[0.231s] Level 1:colcon.colcon_core.package_identification:_identify(DynamixelSDK) by extension 'python'
[0.231s] Level 1:colcon.colcon_core.package_identification:_identify(DynamixelSDK) by extensions ['python_setup_py']
[0.231s] Level 1:colcon.colcon_core.package_identification:_identify(DynamixelSDK) by extension 'python_setup_py'
[0.231s] Level 1:colcon.colcon_core.package_identification:_identify(build) by extensions ['ignore', 'ignore_ament_install']
[0.231s] Level 1:colcon.colcon_core.package_identification:_identify(build) by extension 'ignore'
[0.231s] Level 1:colcon.colcon_core.package_identification:_identify(build) ignored
[0.231s] Level 1:colcon.colcon_core.package_identification:_identify(dynamixel-workbench) by extensions ['ignore', 'ignore_ament_install']
[0.231s] Level 1:colcon.colcon_core.package_identification:_identify(dynamixel-workbench) by extension 'ignore'
[0.231s] Level 1:colcon.colcon_core.package_identification:_identify(dynamixel-workbench) by extension 'ignore_ament_install'
[0.231s] Level 1:colcon.colcon_core.package_identification:_identify(dynamixel-workbench) by extensions ['colcon_pkg']
[0.231s] Level 1:colcon.colcon_core.package_identification:_identify(dynamixel-workbench) by extension 'colcon_pkg'
[0.231s] Level 1:colcon.colcon_core.package_identification:_identify(dynamixel-workbench) by extensions ['colcon_meta']
[0.231s] Level 1:colcon.colcon_core.package_identification:_identify(dynamixel-workbench) by extension 'colcon_meta'
[0.231s] Level 1:colcon.colcon_core.package_identification:_identify(dynamixel-workbench) by extensions ['ros']
[0.231s] Level 1:colcon.colcon_core.package_identification:_identify(dynamixel-workbench) by extension 'ros'
[0.231s] Level 1:colcon.colcon_core.package_identification:_identify(dynamixel-workbench) by extensions ['cmake', 'python']
[0.231s] Level 1:colcon.colcon_core.package_identification:_identify(dynamixel-workbench) by extension 'cmake'
[0.231s] Level 1:colcon.colcon_core.package_identification:_identify(dynamixel-workbench) by extension 'python'
[0.231s] Level 1:colcon.colcon_core.package_identification:_identify(dynamixel-workbench) by extensions ['python_setup_py']
[0.231s] Level 1:colcon.colcon_core.package_identification:_identify(dynamixel-workbench) by extension 'python_setup_py'
[0.231s] Level 1:colcon.colcon_core.package_identification:_identify(dynamixel_custom_interfaces) by extensions ['ignore', 'ignore_ament_install']
[0.232s] Level 1:colcon.colcon_core.package_identification:_identify(dynamixel_custom_interfaces) by extension 'ignore'
[0.232s] Level 1:colcon.colcon_core.package_identification:_identify(dynamixel_custom_interfaces) by extension 'ignore_ament_install'
[0.232s] Level 1:colcon.colcon_core.package_identification:_identify(dynamixel_custom_interfaces) by extensions ['colcon_pkg']
[0.232s] Level 1:colcon.colcon_core.package_identification:_identify(dynamixel_custom_interfaces) by extension 'colcon_pkg'
[0.232s] Level 1:colcon.colcon_core.package_identification:_identify(dynamixel_custom_interfaces) by extensions ['colcon_meta']
[0.232s] Level 1:colcon.colcon_core.package_identification:_identify(dynamixel_custom_interfaces) by extension 'colcon_meta'
[0.232s] Level 1:colcon.colcon_core.package_identification:_identify(dynamixel_custom_interfaces) by extensions ['ros']
[0.232s] Level 1:colcon.colcon_core.package_identification:_identify(dynamixel_custom_interfaces) by extension 'ros'
[0.233s] DEBUG:colcon.colcon_core.package_identification:Package 'dynamixel_custom_interfaces' with type 'ros.ament_cmake' and name 'dynamixel_custom_interfaces'
[0.233s] Level 1:colcon.colcon_core.package_identification:_identify(dynamixel_hardware_interface) by extensions ['ignore', 'ignore_ament_install']
[0.234s] Level 1:colcon.colcon_core.package_identification:_identify(dynamixel_hardware_interface) by extension 'ignore'
[0.234s] Level 1:colcon.colcon_core.package_identification:_identify(dynamixel_hardware_interface) by extension 'ignore_ament_install'
[0.234s] Level 1:colcon.colcon_core.package_identification:_identify(dynamixel_hardware_interface) by extensions ['colcon_pkg']
[0.234s] Level 1:colcon.colcon_core.package_identification:_identify(dynamixel_hardware_interface) by extension 'colcon_pkg'
[0.234s] Level 1:colcon.colcon_core.package_identification:_identify(dynamixel_hardware_interface) by extensions ['colcon_meta']
[0.234s] Level 1:colcon.colcon_core.package_identification:_identify(dynamixel_hardware_interface) by extension 'colcon_meta'
[0.234s] Level 1:colcon.colcon_core.package_identification:_identify(dynamixel_hardware_interface) by extensions ['ros']
[0.234s] Level 1:colcon.colcon_core.package_identification:_identify(dynamixel_hardware_interface) by extension 'ros'
[0.234s] DEBUG:colcon.colcon_core.package_identification:Package 'dynamixel_hardware_interface' with type 'ros.ament_cmake' and name 'dynamixel_hardware_interface'
[0.234s] Level 1:colcon.colcon_core.package_identification:_identify(install) by extensions ['ignore', 'ignore_ament_install']
[0.234s] Level 1:colcon.colcon_core.package_identification:_identify(install) by extension 'ignore'
[0.234s] Level 1:colcon.colcon_core.package_identification:_identify(install) ignored
[0.234s] Level 1:colcon.colcon_core.package_identification:_identify(log) by extensions ['ignore', 'ignore_ament_install']
[0.234s] Level 1:colcon.colcon_core.package_identification:_identify(log) by extension 'ignore'
[0.235s] Level 1:colcon.colcon_core.package_identification:_identify(log) ignored
[0.235s] Level 1:colcon.colcon_core.package_identification:_identify(moonbot_control) by extensions ['ignore', 'ignore_ament_install']
[0.235s] Level 1:colcon.colcon_core.package_identification:_identify(moonbot_control) by extension 'ignore'
[0.235s] Level 1:colcon.colcon_core.package_identification:_identify(moonbot_control) by extension 'ignore_ament_install'
[0.235s] Level 1:colcon.colcon_core.package_identification:_identify(moonbot_control) by extensions ['colcon_pkg']
[0.235s] Level 1:colcon.colcon_core.package_identification:_identify(moonbot_control) by extension 'colcon_pkg'
[0.235s] Level 1:colcon.colcon_core.package_identification:_identify(moonbot_control) by extensions ['colcon_meta']
[0.235s] Level 1:colcon.colcon_core.package_identification:_identify(moonbot_control) by extension 'colcon_meta'
[0.235s] Level 1:colcon.colcon_core.package_identification:_identify(moonbot_control) by extensions ['ros']
[0.235s] Level 1:colcon.colcon_core.package_identification:_identify(moonbot_control) by extension 'ros'
[0.235s] DEBUG:colcon.colcon_core.package_identification:Package 'moonbot_control' with type 'ros.ament_cmake' and name 'moonbot_control'
[0.235s] Level 1:colcon.colcon_core.package_identification:_identify(moonbot_description) by extensions ['ignore', 'ignore_ament_install']
[0.236s] Level 1:colcon.colcon_core.package_identification:_identify(moonbot_description) by extension 'ignore'
[0.236s] Level 1:colcon.colcon_core.package_identification:_identify(moonbot_description) by extension 'ignore_ament_install'
[0.236s] Level 1:colcon.colcon_core.package_identification:_identify(moonbot_description) by extensions ['colcon_pkg']
[0.236s] Level 1:colcon.colcon_core.package_identification:_identify(moonbot_description) by extension 'colcon_pkg'
[0.236s] Level 1:colcon.colcon_core.package_identification:_identify(moonbot_description) by extensions ['colcon_meta']
[0.236s] Level 1:colcon.colcon_core.package_identification:_identify(moonbot_description) by extension 'colcon_meta'
[0.236s] Level 1:colcon.colcon_core.package_identification:_identify(moonbot_description) by extensions ['ros']
[0.236s] Level 1:colcon.colcon_core.package_identification:_identify(moonbot_description) by extension 'ros'
[0.236s] DEBUG:colcon.colcon_core.package_identification:Package 'moonbot_description' with type 'ros.ament_cmake' and name 'moonbot_description'
[0.236s] Level 1:colcon.colcon_core.package_identification:_identify(moonbot_gazebo) by extensions ['ignore', 'ignore_ament_install']
[0.236s] Level 1:colcon.colcon_core.package_identification:_identify(moonbot_gazebo) by extension 'ignore'
[0.236s] Level 1:colcon.colcon_core.package_identification:_identify(moonbot_gazebo) by extension 'ignore_ament_install'
[0.236s] Level 1:colcon.colcon_core.package_identification:_identify(moonbot_gazebo) by extensions ['colcon_pkg']
[0.236s] Level 1:colcon.colcon_core.package_identification:_identify(moonbot_gazebo) by extension 'colcon_pkg'
[0.236s] Level 1:colcon.colcon_core.package_identification:_identify(moonbot_gazebo) by extensions ['colcon_meta']
[0.236s] Level 1:colcon.colcon_core.package_identification:_identify(moonbot_gazebo) by extension 'colcon_meta'
[0.237s] Level 1:colcon.colcon_core.package_identification:_identify(moonbot_gazebo) by extensions ['ros']
[0.237s] Level 1:colcon.colcon_core.package_identification:_identify(moonbot_gazebo) by extension 'ros'
[0.237s] DEBUG:colcon.colcon_core.package_identification:Package 'moonbot_gazebo' with type 'ros.ament_cmake' and name 'moonbot_gazebo'
[0.237s] Level 1:colcon.colcon_core.package_identification:_identify(my_robot_hardware_interface) by extensions ['ignore', 'ignore_ament_install']
[0.237s] Level 1:colcon.colcon_core.package_identification:_identify(my_robot_hardware_interface) by extension 'ignore'
[0.237s] Level 1:colcon.colcon_core.package_identification:_identify(my_robot_hardware_interface) by extension 'ignore_ament_install'
[0.237s] Level 1:colcon.colcon_core.package_identification:_identify(my_robot_hardware_interface) by extensions ['colcon_pkg']
[0.237s] Level 1:colcon.colcon_core.package_identification:_identify(my_robot_hardware_interface) by extension 'colcon_pkg'
[0.237s] Level 1:colcon.colcon_core.package_identification:_identify(my_robot_hardware_interface) by extensions ['colcon_meta']
[0.238s] Level 1:colcon.colcon_core.package_identification:_identify(my_robot_hardware_interface) by extension 'colcon_meta'
[0.238s] Level 1:colcon.colcon_core.package_identification:_identify(my_robot_hardware_interface) by extensions ['ros']
[0.238s] Level 1:colcon.colcon_core.package_identification:_identify(my_robot_hardware_interface) by extension 'ros'
[0.238s] DEBUG:colcon.colcon_core.package_identification:Package 'my_robot_hardware_interface' with type 'ros.ament_cmake' and name 'my_robot_hardware_interface'
[0.238s] Level 1:colcon.colcon_core.package_identification:_identify(trial) by extensions ['ignore', 'ignore_ament_install']
[0.238s] Level 1:colcon.colcon_core.package_identification:_identify(trial) by extension 'ignore'
[0.238s] Level 1:colcon.colcon_core.package_identification:_identify(trial) by extension 'ignore_ament_install'
[0.238s] Level 1:colcon.colcon_core.package_identification:_identify(trial) by extensions ['colcon_pkg']
[0.238s] Level 1:colcon.colcon_core.package_identification:_identify(trial) by extension 'colcon_pkg'
[0.238s] Level 1:colcon.colcon_core.package_identification:_identify(trial) by extensions ['colcon_meta']
[0.238s] Level 1:colcon.colcon_core.package_identification:_identify(trial) by extension 'colcon_meta'
[0.238s] Level 1:colcon.colcon_core.package_identification:_identify(trial) by extensions ['ros']
[0.238s] Level 1:colcon.colcon_core.package_identification:_identify(trial) by extension 'ros'
[0.239s] DEBUG:colcon.colcon_core.package_identification:Package 'trial' with type 'ros.ament_python' and name 'trial'
[0.239s] Level 1:colcon.colcon_core.package_discovery:discover_packages(recursive) using defaults
[0.239s] Level 1:colcon.colcon_core.package_discovery:discover_packages(ignore) discover
[0.239s] Level 1:colcon.colcon_core.package_discovery:discover_packages(ignore) using defaults
[0.239s] Level 1:colcon.colcon_core.package_discovery:discover_packages(path) discover
[0.239s] Level 1:colcon.colcon_core.package_discovery:discover_packages(path) using defaults
[0.252s] Level 1:colcon.colcon_core.package_discovery:discover_packages(prefix_path) check parameters
[0.252s] Level 1:colcon.colcon_core.package_discovery:discover_packages(prefix_path) discover
[0.254s] DEBUG:colcon.colcon_installed_package_information.package_discovery:Found 273 installed packages in /opt/ros/foxy
[0.255s] Level 1:colcon.colcon_core.package_discovery:discover_packages(prefix_path) using defaults
[0.300s] Level 5:colcon.colcon_core.verb:set package 'dynamixel_custom_interfaces' build argument 'cmake_args' from command line to 'None'
[0.300s] Level 5:colcon.colcon_core.verb:set package 'dynamixel_custom_interfaces' build argument 'cmake_target' from command line to 'None'
[0.300s] Level 5:colcon.colcon_core.verb:set package 'dynamixel_custom_interfaces' build argument 'cmake_target_skip_unavailable' from command line to 'False'
[0.300s] Level 5:colcon.colcon_core.verb:set package 'dynamixel_custom_interfaces' build argument 'cmake_clean_cache' from command line to 'False'
[0.300s] Level 5:colcon.colcon_core.verb:set package 'dynamixel_custom_interfaces' build argument 'cmake_clean_first' from command line to 'False'
[0.300s] Level 5:colcon.colcon_core.verb:set package 'dynamixel_custom_interfaces' build argument 'cmake_force_configure' from command line to 'False'
[0.300s] Level 5:colcon.colcon_core.verb:set package 'dynamixel_custom_interfaces' build argument 'ament_cmake_args' from command line to 'None'
[0.300s] Level 5:colcon.colcon_core.verb:set package 'dynamixel_custom_interfaces' build argument 'catkin_cmake_args' from command line to 'None'
[0.300s] Level 5:colcon.colcon_core.verb:set package 'dynamixel_custom_interfaces' build argument 'catkin_skip_building_tests' from command line to 'False'
[0.300s] DEBUG:colcon.colcon_core.verb:Building package 'dynamixel_custom_interfaces' with the following arguments: {'ament_cmake_args': None, 'build_base': '/home/leibton/ros2_ws/src/build/dynamixel_custom_interfaces', 'catkin_cmake_args': None, 'catkin_skip_building_tests': False, 'cmake_args': None, 'cmake_clean_cache': False, 'cmake_clean_first': False, 'cmake_force_configure': False, 'cmake_target': None, 'cmake_target_skip_unavailable': False, 'install_base': '/home/leibton/ros2_ws/src/install/dynamixel_custom_interfaces', 'merge_install': False, 'path': '/home/leibton/ros2_ws/src/dynamixel_custom_interfaces', 'symlink_install': False, 'test_result_base': None}
[0.301s] Level 5:colcon.colcon_core.verb:set package 'dynamixel_hardware_interface' build argument 'cmake_args' from command line to 'None'
[0.301s] Level 5:colcon.colcon_core.verb:set package 'dynamixel_hardware_interface' build argument 'cmake_target' from command line to 'None'
[0.301s] Level 5:colcon.colcon_core.verb:set package 'dynamixel_hardware_interface' build argument 'cmake_target_skip_unavailable' from command line to 'False'
[0.301s] Level 5:colcon.colcon_core.verb:set package 'dynamixel_hardware_interface' build argument 'cmake_clean_cache' from command line to 'False'
[0.301s] Level 5:colcon.colcon_core.verb:set package 'dynamixel_hardware_interface' build argument 'cmake_clean_first' from command line to 'False'
[0.301s] Level 5:colcon.colcon_core.verb:set package 'dynamixel_hardware_interface' build argument 'cmake_force_configure' from command line to 'False'
[0.301s] Level 5:colcon.colcon_core.verb:set package 'dynamixel_hardware_interface' build argument 'ament_cmake_args' from command line to 'None'
[0.301s] Level 5:colcon.colcon_core.verb:set package 'dynamixel_hardware_interface' build argument 'catkin_cmake_args' from command line to 'None'
[0.301s] Level 5:colcon.colcon_core.verb:set package 'dynamixel_hardware_interface' build argument 'catkin_skip_building_tests' from command line to 'False'
[0.301s] DEBUG:colcon.colcon_core.verb:Building package 'dynamixel_hardware_interface' with the following arguments: {'ament_cmake_args': None, 'build_base': '/home/leibton/ros2_ws/src/build/dynamixel_hardware_interface', 'catkin_cmake_args': None, 'catkin_skip_building_tests': False, 'cmake_args': None, 'cmake_clean_cache': False, 'cmake_clean_first': False, 'cmake_force_configure': False, 'cmake_target': None, 'cmake_target_skip_unavailable': False, 'install_base': '/home/leibton/ros2_ws/src/install/dynamixel_hardware_interface', 'merge_install': False, 'path': '/home/leibton/ros2_ws/src/dynamixel_hardware_interface', 'symlink_install': False, 'test_result_base': None}
[0.302s] Level 5:colcon.colcon_core.verb:set package 'moonbot_description' build argument 'cmake_args' from command line to 'None'
[0.302s] Level 5:colcon.colcon_core.verb:set package 'moonbot_description' build argument 'cmake_target' from command line to 'None'
[0.302s] Level 5:colcon.colcon_core.verb:set package 'moonbot_description' build argument 'cmake_target_skip_unavailable' from command line to 'False'
[0.302s] Level 5:colcon.colcon_core.verb:set package 'moonbot_description' build argument 'cmake_clean_cache' from command line to 'False'
[0.302s] Level 5:colcon.colcon_core.verb:set package 'moonbot_description' build argument 'cmake_clean_first' from command line to 'False'
[0.302s] Level 5:colcon.colcon_core.verb:set package 'moonbot_description' build argument 'cmake_force_configure' from command line to 'False'
[0.302s] Level 5:colcon.colcon_core.verb:set package 'moonbot_description' build argument 'ament_cmake_args' from command line to 'None'
[0.302s] Level 5:colcon.colcon_core.verb:set package 'moonbot_description' build argument 'catkin_cmake_args' from command line to 'None'
[0.302s] Level 5:colcon.colcon_core.verb:set package 'moonbot_description' build argument 'catkin_skip_building_tests' from command line to 'False'
[0.302s] DEBUG:colcon.colcon_core.verb:Building package 'moonbot_description' with the following arguments: {'ament_cmake_args': None, 'build_base': '/home/leibton/ros2_ws/src/build/moonbot_description', 'catkin_cmake_args': None, 'catkin_skip_building_tests': False, 'cmake_args': None, 'cmake_clean_cache': False, 'cmake_clean_first': False, 'cmake_force_configure': False, 'cmake_target': None, 'cmake_target_skip_unavailable': False, 'install_base': '/home/leibton/ros2_ws/src/install/moonbot_description', 'merge_install': False, 'path': '/home/leibton/ros2_ws/src/moonbot_description', 'symlink_install': False, 'test_result_base': None}
[0.303s] Level 5:colcon.colcon_core.verb:set package 'my_robot_hardware_interface' build argument 'cmake_args' from command line to 'None'
[0.303s] Level 5:colcon.colcon_core.verb:set package 'my_robot_hardware_interface' build argument 'cmake_target' from command line to 'None'
[0.303s] Level 5:colcon.colcon_core.verb:set package 'my_robot_hardware_interface' build argument 'cmake_target_skip_unavailable' from command line to 'False'
[0.303s] Level 5:colcon.colcon_core.verb:set package 'my_robot_hardware_interface' build argument 'cmake_clean_cache' from command line to 'False'
[0.303s] Level 5:colcon.colcon_core.verb:set package 'my_robot_hardware_interface' build argument 'cmake_clean_first' from command line to 'False'
[0.303s] Level 5:colcon.colcon_core.verb:set package 'my_robot_hardware_interface' build argument 'cmake_force_configure' from command line to 'False'
[0.303s] Level 5:colcon.colcon_core.verb:set package 'my_robot_hardware_interface' build argument 'ament_cmake_args' from command line to 'None'
[0.303s] Level 5:colcon.colcon_core.verb:set package 'my_robot_hardware_interface' build argument 'catkin_cmake_args' from command line to 'None'
[0.303s] Level 5:colcon.colcon_core.verb:set package 'my_robot_hardware_interface' build argument 'catkin_skip_building_tests' from command line to 'False'
[0.303s] DEBUG:colcon.colcon_core.verb:Building package 'my_robot_hardware_interface' with the following arguments: {'ament_cmake_args': None, 'build_base': '/home/leibton/ros2_ws/src/build/my_robot_hardware_interface', 'catkin_cmake_args': None, 'catkin_skip_building_tests': False, 'cmake_args': None, 'cmake_clean_cache': False, 'cmake_clean_first': False, 'cmake_force_configure': False, 'cmake_target': None, 'cmake_target_skip_unavailable': False, 'install_base': '/home/leibton/ros2_ws/src/install/my_robot_hardware_interface', 'merge_install': False, 'path': '/home/leibton/ros2_ws/src/my_robot_hardware_interface', 'symlink_install': False, 'test_result_base': None}
[0.303s] Level 5:colcon.colcon_core.verb:set package 'moonbot_control' build argument 'cmake_args' from command line to 'None'
[0.303s] Level 5:colcon.colcon_core.verb:set package 'moonbot_control' build argument 'cmake_target' from command line to 'None'
[0.303s] Level 5:colcon.colcon_core.verb:set package 'moonbot_control' build argument 'cmake_target_skip_unavailable' from command line to 'False'
[0.303s] Level 5:colcon.colcon_core.verb:set package 'moonbot_control' build argument 'cmake_clean_cache' from command line to 'False'
[0.303s] Level 5:colcon.colcon_core.verb:set package 'moonbot_control' build argument 'cmake_clean_first' from command line to 'False'
[0.303s] Level 5:colcon.colcon_core.verb:set package 'moonbot_control' build argument 'cmake_force_configure' from command line to 'False'
[0.303s] Level 5:colcon.colcon_core.verb:set package 'moonbot_control' build argument 'ament_cmake_args' from command line to 'None'
[0.303s] Level 5:colcon.colcon_core.verb:set package 'moonbot_control' build argument 'catkin_cmake_args' from command line to 'None'
[0.303s] Level 5:colcon.colcon_core.verb:set package 'moonbot_control' build argument 'catkin_skip_building_tests' from command line to 'False'
[0.304s] DEBUG:colcon.colcon_core.verb:Building package 'moonbot_control' with the following arguments: {'ament_cmake_args': None, 'build_base': '/home/leibton/ros2_ws/src/build/moonbot_control', 'catkin_cmake_args': None, 'catkin_skip_building_tests': False, 'cmake_args': None, 'cmake_clean_cache': False, 'cmake_clean_first': False, 'cmake_force_configure': False, 'cmake_target': None, 'cmake_target_skip_unavailable': False, 'install_base': '/home/leibton/ros2_ws/src/install/moonbot_control', 'merge_install': False, 'path': '/home/leibton/ros2_ws/src/moonbot_control', 'symlink_install': False, 'test_result_base': None}
[0.304s] Level 5:colcon.colcon_core.verb:set package 'trial' build argument 'cmake_args' from command line to 'None'
[0.304s] Level 5:colcon.colcon_core.verb:set package 'trial' build argument 'cmake_target' from command line to 'None'
[0.304s] Level 5:colcon.colcon_core.verb:set package 'trial' build argument 'cmake_target_skip_unavailable' from command line to 'False'
[0.304s] Level 5:colcon.colcon_core.verb:set package 'trial' build argument 'cmake_clean_cache' from command line to 'False'
[0.304s] Level 5:colcon.colcon_core.verb:set package 'trial' build argument 'cmake_clean_first' from command line to 'False'
[0.304s] Level 5:colcon.colcon_core.verb:set package 'trial' build argument 'cmake_force_configure' from command line to 'False'
[0.304s] Level 5:colcon.colcon_core.verb:set package 'trial' build argument 'ament_cmake_args' from command line to 'None'
[0.304s] Level 5:colcon.colcon_core.verb:set package 'trial' build argument 'catkin_cmake_args' from command line to 'None'
[0.304s] Level 5:colcon.colcon_core.verb:set package 'trial' build argument 'catkin_skip_building_tests' from command line to 'False'
[0.304s] DEBUG:colcon.colcon_core.verb:Building package 'trial' with the following arguments: {'ament_cmake_args': None, 'build_base': '/home/leibton/ros2_ws/src/build/trial', 'catkin_cmake_args': None, 'catkin_skip_building_tests': False, 'cmake_args': None, 'cmake_clean_cache': False, 'cmake_clean_first': False, 'cmake_force_configure': False, 'cmake_target': None, 'cmake_target_skip_unavailable': False, 'install_base': '/home/leibton/ros2_ws/src/install/trial', 'merge_install': False, 'path': '/home/leibton/ros2_ws/src/trial', 'symlink_install': False, 'test_result_base': None}
[0.305s] Level 5:colcon.colcon_core.verb:set package 'moonbot_gazebo' build argument 'cmake_args' from command line to 'None'
[0.305s] Level 5:colcon.colcon_core.verb:set package 'moonbot_gazebo' build argument 'cmake_target' from command line to 'None'
[0.305s] Level 5:colcon.colcon_core.verb:set package 'moonbot_gazebo' build argument 'cmake_target_skip_unavailable' from command line to 'False'
[0.305s] Level 5:colcon.colcon_core.verb:set package 'moonbot_gazebo' build argument 'cmake_clean_cache' from command line to 'False'
[0.305s] Level 5:colcon.colcon_core.verb:set package 'moonbot_gazebo' build argument 'cmake_clean_first' from command line to 'False'
[0.305s] Level 5:colcon.colcon_core.verb:set package 'moonbot_gazebo' build argument 'cmake_force_configure' from command line to 'False'
[0.305s] Level 5:colcon.colcon_core.verb:set package 'moonbot_gazebo' build argument 'ament_cmake_args' from command line to 'None'
[0.305s] Level 5:colcon.colcon_core.verb:set package 'moonbot_gazebo' build argument 'catkin_cmake_args' from command line to 'None'
[0.305s] Level 5:colcon.colcon_core.verb:set package 'moonbot_gazebo' build argument 'catkin_skip_building_tests' from command line to 'False'
[0.305s] DEBUG:colcon.colcon_core.verb:Building package 'moonbot_gazebo' with the following arguments: {'ament_cmake_args': None, 'build_base': '/home/leibton/ros2_ws/src/build/moonbot_gazebo', 'catkin_cmake_args': None, 'catkin_skip_building_tests': False, 'cmake_args': None, 'cmake_clean_cache': False, 'cmake_clean_first': False, 'cmake_force_configure': False, 'cmake_target': None, 'cmake_target_skip_unavailable': False, 'install_base': '/home/leibton/ros2_ws/src/install/moonbot_gazebo', 'merge_install': False, 'path': '/home/leibton/ros2_ws/src/moonbot_gazebo', 'symlink_install': False, 'test_result_base': None}
[0.305s] INFO:colcon.colcon_core.executor:Executing jobs using 'parallel' executor
[0.308s] DEBUG:colcon.colcon_parallel_executor.executor.parallel:run_until_complete
[0.308s] INFO:colcon.colcon_ros.task.ament_cmake.build:Building ROS package in '/home/leibton/ros2_ws/src/moonbot_description' with build type 'ament_cmake'
[0.308s] INFO:colcon.colcon_cmake.task.cmake.build:Building CMake package in '/home/leibton/ros2_ws/src/moonbot_description'
[0.311s] INFO:colcon.colcon_core.plugin_system:Skipping extension 'colcon_core.shell.bat': Not used on non-Windows systems
[0.311s] INFO:colcon.colcon_core.shell:Skip shell extension 'powershell' for command environment: Not usable outside of PowerShell
[0.311s] DEBUG:colcon.colcon_core.shell:Skip shell extension 'dsv' for command environment
[0.314s] INFO:colcon.colcon_ros.task.ament_cmake.build:Building ROS package in '/home/leibton/ros2_ws/src/dynamixel_custom_interfaces' with build type 'ament_cmake'
[0.314s] INFO:colcon.colcon_cmake.task.cmake.build:Building CMake package in '/home/leibton/ros2_ws/src/dynamixel_custom_interfaces'
[0.315s] INFO:colcon.colcon_core.shell:Skip shell extension 'powershell' for command environment: Not usable outside of PowerShell
[0.315s] DEBUG:colcon.colcon_core.shell:Skip shell extension 'dsv' for command environment
[0.318s] INFO:colcon.colcon_ros.task.ament_cmake.build:Building ROS package in '/home/leibton/ros2_ws/src/dynamixel_hardware_interface' with build type 'ament_cmake'
[0.318s] INFO:colcon.colcon_cmake.task.cmake.build:Building CMake package in '/home/leibton/ros2_ws/src/dynamixel_hardware_interface'
[0.319s] INFO:colcon.colcon_core.shell:Skip shell extension 'powershell' for command environment: Not usable outside of PowerShell
[0.320s] DEBUG:colcon.colcon_core.shell:Skip shell extension 'dsv' for command environment
[0.323s] INFO:colcon.colcon_ros.task.ament_cmake.build:Building ROS package in '/home/leibton/ros2_ws/src/my_robot_hardware_interface' with build type 'ament_cmake'
[0.323s] INFO:colcon.colcon_cmake.task.cmake.build:Building CMake package in '/home/leibton/ros2_ws/src/my_robot_hardware_interface'
[0.324s] INFO:colcon.colcon_core.shell:Skip shell extension 'powershell' for command environment: Not usable outside of PowerShell
[0.324s] DEBUG:colcon.colcon_core.shell:Skip shell extension 'dsv' for command environment
[0.331s] DEBUG:colcon.colcon_core.event_handler.log_command:Invoking command in '/home/leibton/ros2_ws/src/build/moonbot_description': CMAKE_PREFIX_PATH=/opt/ros/foxy /usr/bin/cmake /home/leibton/ros2_ws/src/moonbot_description -DCMAKE_INSTALL_PREFIX=/home/leibton/ros2_ws/src/install/moonbot_description
[0.335s] DEBUG:colcon.colcon_core.event_handler.log_command:Invoking command in '/home/leibton/ros2_ws/src/build/dynamixel_custom_interfaces': CMAKE_PREFIX_PATH=/opt/ros/foxy /usr/bin/cmake /home/leibton/ros2_ws/src/dynamixel_custom_interfaces -DCMAKE_INSTALL_PREFIX=/home/leibton/ros2_ws/src/install/dynamixel_custom_interfaces
[0.338s] DEBUG:colcon.colcon_core.event_handler.log_command:Invoking command in '/home/leibton/ros2_ws/src/build/dynamixel_hardware_interface': CMAKE_PREFIX_PATH=/opt/ros/foxy /usr/bin/cmake /home/leibton/ros2_ws/src/dynamixel_hardware_interface -DCMAKE_INSTALL_PREFIX=/home/leibton/ros2_ws/src/install/dynamixel_hardware_interface
[0.342s] DEBUG:colcon.colcon_core.event_handler.log_command:Invoking command in '/home/leibton/ros2_ws/src/build/my_robot_hardware_interface': CMAKE_PREFIX_PATH=/opt/ros/foxy /usr/bin/cmake /home/leibton/ros2_ws/src/my_robot_hardware_interface -DCMAKE_INSTALL_PREFIX=/home/leibton/ros2_ws/src/install/my_robot_hardware_interface
[1.636s] DEBUG:colcon.colcon_core.event_handler.log_command:Invoked command in '/home/leibton/ros2_ws/src/build/dynamixel_custom_interfaces' returned '0': CMAKE_PREFIX_PATH=/opt/ros/foxy /usr/bin/cmake /home/leibton/ros2_ws/src/dynamixel_custom_interfaces -DCMAKE_INSTALL_PREFIX=/home/leibton/ros2_ws/src/install/dynamixel_custom_interfaces
[1.639s] DEBUG:colcon.colcon_core.event_handler.log_command:Invoking command in '/home/leibton/ros2_ws/src/build/dynamixel_custom_interfaces': CMAKE_PREFIX_PATH=/opt/ros/foxy /usr/bin/cmake --build /home/leibton/ros2_ws/src/build/dynamixel_custom_interfaces -- -j12 -l12
[1.705s] DEBUG:colcon.colcon_core.event_handler.log_command:Invoked command in '/home/leibton/ros2_ws/src/build/dynamixel_hardware_interface' returned '0': CMAKE_PREFIX_PATH=/opt/ros/foxy /usr/bin/cmake /home/leibton/ros2_ws/src/dynamixel_hardware_interface -DCMAKE_INSTALL_PREFIX=/home/leibton/ros2_ws/src/install/dynamixel_hardware_interface
[1.707s] DEBUG:colcon.colcon_core.event_handler.log_command:Invoking command in '/home/leibton/ros2_ws/src/build/dynamixel_hardware_interface': CMAKE_PREFIX_PATH=/opt/ros/foxy /usr/bin/cmake --build /home/leibton/ros2_ws/src/build/dynamixel_hardware_interface -- -j12 -l12
[1.740s] DEBUG:colcon.colcon_core.event_handler.log_command:Invoked command in '/home/leibton/ros2_ws/src/build/dynamixel_hardware_interface' returned '0': CMAKE_PREFIX_PATH=/opt/ros/foxy /usr/bin/cmake --build /home/leibton/ros2_ws/src/build/dynamixel_hardware_interface -- -j12 -l12
[1.763s] DEBUG:colcon.colcon_core.event_handler.log_command:Invoking command in '/home/leibton/ros2_ws/src/build/dynamixel_hardware_interface': CMAKE_PREFIX_PATH=/opt/ros/foxy /usr/bin/cmake --install /home/leibton/ros2_ws/src/build/dynamixel_hardware_interface
[1.765s] DEBUG:colcon.colcon_core.event_handler.log_command:Invoked command in '/home/leibton/ros2_ws/src/build/moonbot_description' returned '0': CMAKE_PREFIX_PATH=/opt/ros/foxy /usr/bin/cmake /home/leibton/ros2_ws/src/moonbot_description -DCMAKE_INSTALL_PREFIX=/home/leibton/ros2_ws/src/install/moonbot_description
[1.767s] DEBUG:colcon.colcon_core.event_handler.log_command:Invoking command in '/home/leibton/ros2_ws/src/build/moonbot_description': CMAKE_PREFIX_PATH=/opt/ros/foxy /usr/bin/cmake --build /home/leibton/ros2_ws/src/build/moonbot_description -- -j12 -l12
[1.768s] DEBUG:colcon.colcon_core.event_handler.log_command:Invoked command in '/home/leibton/ros2_ws/src/build/my_robot_hardware_interface' returned '0': CMAKE_PREFIX_PATH=/opt/ros/foxy /usr/bin/cmake /home/leibton/ros2_ws/src/my_robot_hardware_interface -DCMAKE_INSTALL_PREFIX=/home/leibton/ros2_ws/src/install/my_robot_hardware_interface
[1.769s] DEBUG:colcon.colcon_core.event_handler.log_command:Invoking command in '/home/leibton/ros2_ws/src/build/my_robot_hardware_interface': CMAKE_PREFIX_PATH=/opt/ros/foxy /usr/bin/cmake --build /home/leibton/ros2_ws/src/build/my_robot_hardware_interface -- -j12 -l12
[1.772s] Level 1:colcon.colcon_core.environment:create_environment_scripts_only(dynamixel_hardware_interface)
[1.773s] DEBUG:colcon.colcon_core.event_handler.log_command:Invoked command in '/home/leibton/ros2_ws/src/build/dynamixel_hardware_interface' returned '0': CMAKE_PREFIX_PATH=/opt/ros/foxy /usr/bin/cmake --install /home/leibton/ros2_ws/src/build/dynamixel_hardware_interface
[1.776s] Level 1:colcon.colcon_core.environment:checking '/home/leibton/ros2_ws/src/install/dynamixel_hardware_interface' for CMake module files
[1.777s] Level 1:colcon.colcon_core.environment:checking '/home/leibton/ros2_ws/src/install/dynamixel_hardware_interface' for CMake config files
[1.777s] Level 1:colcon.colcon_core.shell:create_environment_hook('dynamixel_hardware_interface', 'cmake_prefix_path')
[1.778s] INFO:colcon.colcon_core.shell:Creating environment hook '/home/leibton/ros2_ws/src/install/dynamixel_hardware_interface/share/dynamixel_hardware_interface/hook/cmake_prefix_path.ps1'
[1.778s] INFO:colcon.colcon_core.shell:Creating environment descriptor '/home/leibton/ros2_ws/src/install/dynamixel_hardware_interface/share/dynamixel_hardware_interface/hook/cmake_prefix_path.dsv'
[1.778s] INFO:colcon.colcon_core.shell:Creating environment hook '/home/leibton/ros2_ws/src/install/dynamixel_hardware_interface/share/dynamixel_hardware_interface/hook/cmake_prefix_path.sh'
[1.779s] Level 1:colcon.colcon_core.environment:checking '/home/leibton/ros2_ws/src/install/dynamixel_hardware_interface/bin'
[1.779s] Level 1:colcon.colcon_core.environment:checking '/home/leibton/ros2_ws/src/install/dynamixel_hardware_interface/lib/pkgconfig/dynamixel_hardware_interface.pc'
[1.779s] Level 1:colcon.colcon_core.environment:checking '/home/leibton/ros2_ws/src/install/dynamixel_hardware_interface/lib/python3.8/site-packages'
[1.779s] Level 1:colcon.colcon_core.environment:checking '/home/leibton/ros2_ws/src/install/dynamixel_hardware_interface/bin'
[1.780s] INFO:colcon.colcon_core.shell:Creating package script '/home/leibton/ros2_ws/src/install/dynamixel_hardware_interface/share/dynamixel_hardware_interface/package.ps1'
[1.781s] INFO:colcon.colcon_core.shell:Creating package descriptor '/home/leibton/ros2_ws/src/install/dynamixel_hardware_interface/share/dynamixel_hardware_interface/package.dsv'
[1.781s] INFO:colcon.colcon_core.shell:Creating package script '/home/leibton/ros2_ws/src/install/dynamixel_hardware_interface/share/dynamixel_hardware_interface/package.sh'
[1.782s] INFO:colcon.colcon_core.shell:Creating package script '/home/leibton/ros2_ws/src/install/dynamixel_hardware_interface/share/dynamixel_hardware_interface/package.bash'
[1.782s] INFO:colcon.colcon_core.shell:Creating package script '/home/leibton/ros2_ws/src/install/dynamixel_hardware_interface/share/dynamixel_hardware_interface/package.zsh'
[1.782s] Level 1:colcon.colcon_core.environment:create_file_with_runtime_dependencies(/home/leibton/ros2_ws/src/install/dynamixel_hardware_interface/share/colcon-core/packages/dynamixel_hardware_interface)
[1.795s] DEBUG:colcon.colcon_core.event_handler.log_command:Invoked command in '/home/leibton/ros2_ws/src/build/moonbot_description' returned '0': CMAKE_PREFIX_PATH=/opt/ros/foxy /usr/bin/cmake --build /home/leibton/ros2_ws/src/build/moonbot_description -- -j12 -l12
[1.797s] Level 1:colcon.colcon_core.environment:create_environment_scripts_only(dynamixel_hardware_interface)
[1.798s] Level 1:colcon.colcon_core.environment:checking '/home/leibton/ros2_ws/src/install/dynamixel_hardware_interface' for CMake module files
[1.799s] Level 1:colcon.colcon_core.environment:checking '/home/leibton/ros2_ws/src/install/dynamixel_hardware_interface' for CMake config files
[1.799s] Level 1:colcon.colcon_core.shell:create_environment_hook('dynamixel_hardware_interface', 'cmake_prefix_path')
[1.800s] INFO:colcon.colcon_core.shell:Creating environment hook '/home/leibton/ros2_ws/src/install/dynamixel_hardware_interface/share/dynamixel_hardware_interface/hook/cmake_prefix_path.ps1'
[1.800s] INFO:colcon.colcon_core.shell:Creating environment descriptor '/home/leibton/ros2_ws/src/install/dynamixel_hardware_interface/share/dynamixel_hardware_interface/hook/cmake_prefix_path.dsv'
[1.800s] INFO:colcon.colcon_core.shell:Creating environment hook '/home/leibton/ros2_ws/src/install/dynamixel_hardware_interface/share/dynamixel_hardware_interface/hook/cmake_prefix_path.sh'
[1.801s] Level 1:colcon.colcon_core.environment:checking '/home/leibton/ros2_ws/src/install/dynamixel_hardware_interface/bin'
[1.801s] Level 1:colcon.colcon_core.environment:checking '/home/leibton/ros2_ws/src/install/dynamixel_hardware_interface/lib/pkgconfig/dynamixel_hardware_interface.pc'
[1.801s] Level 1:colcon.colcon_core.environment:checking '/home/leibton/ros2_ws/src/install/dynamixel_hardware_interface/lib/python3.8/site-packages'
[1.801s] Level 1:colcon.colcon_core.environment:checking '/home/leibton/ros2_ws/src/install/dynamixel_hardware_interface/bin'
[1.802s] INFO:colcon.colcon_core.shell:Creating package script '/home/leibton/ros2_ws/src/install/dynamixel_hardware_interface/share/dynamixel_hardware_interface/package.ps1'
[1.802s] INFO:colcon.colcon_core.shell:Creating package descriptor '/home/leibton/ros2_ws/src/install/dynamixel_hardware_interface/share/dynamixel_hardware_interface/package.dsv'
[1.803s] INFO:colcon.colcon_core.shell:Creating package script '/home/leibton/ros2_ws/src/install/dynamixel_hardware_interface/share/dynamixel_hardware_interface/package.sh'
[1.803s] INFO:colcon.colcon_core.shell:Creating package script '/home/leibton/ros2_ws/src/install/dynamixel_hardware_interface/share/dynamixel_hardware_interface/package.bash'
[1.803s] INFO:colcon.colcon_core.shell:Creating package script '/home/leibton/ros2_ws/src/install/dynamixel_hardware_interface/share/dynamixel_hardware_interface/package.zsh'
[1.803s] Level 1:colcon.colcon_core.environment:create_file_with_runtime_dependencies(/home/leibton/ros2_ws/src/install/dynamixel_hardware_interface/share/colcon-core/packages/dynamixel_hardware_interface)
[1.806s] DEBUG:colcon.colcon_core.event_handler.log_command:Invoked command in '/home/leibton/ros2_ws/src/build/my_robot_hardware_interface' returned '0': CMAKE_PREFIX_PATH=/opt/ros/foxy /usr/bin/cmake --build /home/leibton/ros2_ws/src/build/my_robot_hardware_interface -- -j12 -l12
[1.808s] DEBUG:colcon.colcon_core.event_handler.log_command:Invoking command in '/home/leibton/ros2_ws/src/build/moonbot_description': CMAKE_PREFIX_PATH=/opt/ros/foxy /usr/bin/cmake --install /home/leibton/ros2_ws/src/build/moonbot_description
[1.821s] DEBUG:colcon.colcon_core.event_handler.log_command:Invoking command in '/home/leibton/ros2_ws/src/build/my_robot_hardware_interface': CMAKE_PREFIX_PATH=/opt/ros/foxy /usr/bin/cmake --install /home/leibton/ros2_ws/src/build/my_robot_hardware_interface
[1.831s] Level 1:colcon.colcon_core.environment:create_environment_scripts_only(my_robot_hardware_interface)
[1.833s] Level 1:colcon.colcon_core.environment:checking '/home/leibton/ros2_ws/src/install/my_robot_hardware_interface' for CMake module files
[1.834s] DEBUG:colcon.colcon_core.event_handler.log_command:Invoked command in '/home/leibton/ros2_ws/src/build/my_robot_hardware_interface' returned '0': CMAKE_PREFIX_PATH=/opt/ros/foxy /usr/bin/cmake --install /home/leibton/ros2_ws/src/build/my_robot_hardware_interface
[1.834s] Level 1:colcon.colcon_core.environment:checking '/home/leibton/ros2_ws/src/install/my_robot_hardware_interface' for CMake config files
[1.835s] Level 1:colcon.colcon_core.shell:create_environment_hook('my_robot_hardware_interface', 'cmake_prefix_path')
[1.836s] INFO:colcon.colcon_core.shell:Creating environment hook '/home/leibton/ros2_ws/src/install/my_robot_hardware_interface/share/my_robot_hardware_interface/hook/cmake_prefix_path.ps1'
[1.837s] INFO:colcon.colcon_core.shell:Creating environment descriptor '/home/leibton/ros2_ws/src/install/my_robot_hardware_interface/share/my_robot_hardware_interface/hook/cmake_prefix_path.dsv'
[1.838s] INFO:colcon.colcon_core.shell:Creating environment hook '/home/leibton/ros2_ws/src/install/my_robot_hardware_interface/share/my_robot_hardware_interface/hook/cmake_prefix_path.sh'
[1.838s] Level 1:colcon.colcon_core.environment:checking '/home/leibton/ros2_ws/src/install/my_robot_hardware_interface/bin'
[1.839s] Level 1:colcon.colcon_core.environment:checking '/home/leibton/ros2_ws/src/install/my_robot_hardware_interface/lib/pkgconfig/my_robot_hardware_interface.pc'
[1.839s] Level 1:colcon.colcon_core.environment:checking '/home/leibton/ros2_ws/src/install/my_robot_hardware_interface/lib/python3.8/site-packages'
[1.839s] Level 1:colcon.colcon_core.environment:checking '/home/leibton/ros2_ws/src/install/my_robot_hardware_interface/bin'
[1.840s] INFO:colcon.colcon_core.shell:Creating package script '/home/leibton/ros2_ws/src/install/my_robot_hardware_interface/share/my_robot_hardware_interface/package.ps1'
[1.841s] INFO:colcon.colcon_core.shell:Creating package descriptor '/home/leibton/ros2_ws/src/install/my_robot_hardware_interface/share/my_robot_hardware_interface/package.dsv'
[1.842s] INFO:colcon.colcon_core.shell:Creating package script '/home/leibton/ros2_ws/src/install/my_robot_hardware_interface/share/my_robot_hardware_interface/package.sh'
[1.842s] INFO:colcon.colcon_core.shell:Creating package script '/home/leibton/ros2_ws/src/install/my_robot_hardware_interface/share/my_robot_hardware_interface/package.bash'
[1.842s] INFO:colcon.colcon_core.shell:Creating package script '/home/leibton/ros2_ws/src/install/my_robot_hardware_interface/share/my_robot_hardware_interface/package.zsh'
[1.842s] Level 1:colcon.colcon_core.environment:create_file_with_runtime_dependencies(/home/leibton/ros2_ws/src/install/my_robot_hardware_interface/share/colcon-core/packages/my_robot_hardware_interface)
[1.845s] Level 1:colcon.colcon_core.environment:create_environment_scripts_only(moonbot_description)
[1.847s] Level 1:colcon.colcon_core.environment:checking '/home/leibton/ros2_ws/src/install/moonbot_description' for CMake module files
[1.847s] DEBUG:colcon.colcon_core.event_handler.log_command:Invoked command in '/home/leibton/ros2_ws/src/build/moonbot_description' returned '0': CMAKE_PREFIX_PATH=/opt/ros/foxy /usr/bin/cmake --install /home/leibton/ros2_ws/src/build/moonbot_description
[1.847s] Level 1:colcon.colcon_core.environment:checking '/home/leibton/ros2_ws/src/install/moonbot_description' for CMake config files
[1.848s] Level 1:colcon.colcon_core.shell:create_environment_hook('moonbot_description', 'cmake_prefix_path')
[1.849s] INFO:colcon.colcon_core.shell:Creating environment hook '/home/leibton/ros2_ws/src/install/moonbot_description/share/moonbot_description/hook/cmake_prefix_path.ps1'
[1.849s] INFO:colcon.colcon_core.shell:Creating environment descriptor '/home/leibton/ros2_ws/src/install/moonbot_description/share/moonbot_description/hook/cmake_prefix_path.dsv'
[1.849s] INFO:colcon.colcon_core.shell:Creating environment hook '/home/leibton/ros2_ws/src/install/moonbot_description/share/moonbot_description/hook/cmake_prefix_path.sh'
[1.850s] Level 1:colcon.colcon_core.environment:checking '/home/leibton/ros2_ws/src/install/moonbot_description/bin'
[1.850s] Level 1:colcon.colcon_core.environment:checking '/home/leibton/ros2_ws/src/install/moonbot_description/lib/pkgconfig/moonbot_description.pc'
[1.850s] Level 1:colcon.colcon_core.environment:checking '/home/leibton/ros2_ws/src/install/moonbot_description/lib/python3.8/site-packages'
[1.850s] Level 1:colcon.colcon_core.environment:checking '/home/leibton/ros2_ws/src/install/moonbot_description/bin'
[1.851s] INFO:colcon.colcon_core.shell:Creating package script '/home/leibton/ros2_ws/src/install/moonbot_description/share/moonbot_description/package.ps1'
[1.852s] INFO:colcon.colcon_core.shell:Creating package descriptor '/home/leibton/ros2_ws/src/install/moonbot_description/share/moonbot_description/package.dsv'
[1.852s] INFO:colcon.colcon_core.shell:Creating package script '/home/leibton/ros2_ws/src/install/moonbot_description/share/moonbot_description/package.sh'
[1.852s] INFO:colcon.colcon_core.shell:Creating package script '/home/leibton/ros2_ws/src/install/moonbot_description/share/moonbot_description/package.bash'
[1.852s] INFO:colcon.colcon_core.shell:Creating package script '/home/leibton/ros2_ws/src/install/moonbot_description/share/moonbot_description/package.zsh'
[1.853s] Level 1:colcon.colcon_core.environment:create_file_with_runtime_dependencies(/home/leibton/ros2_ws/src/install/moonbot_description/share/colcon-core/packages/moonbot_description)
[1.857s] Level 1:colcon.colcon_core.environment:create_environment_scripts_only(my_robot_hardware_interface)
[1.858s] Level 1:colcon.colcon_core.environment:checking '/home/leibton/ros2_ws/src/install/my_robot_hardware_interface' for CMake module files
[1.859s] Level 1:colcon.colcon_core.environment:checking '/home/leibton/ros2_ws/src/install/my_robot_hardware_interface' for CMake config files
[1.859s] Level 1:colcon.colcon_core.shell:create_environment_hook('my_robot_hardware_interface', 'cmake_prefix_path')
[1.860s] INFO:colcon.colcon_core.shell:Creating environment hook '/home/leibton/ros2_ws/src/install/my_robot_hardware_interface/share/my_robot_hardware_interface/hook/cmake_prefix_path.ps1'
[1.860s] INFO:colcon.colcon_core.shell:Creating environment descriptor '/home/leibton/ros2_ws/src/install/my_robot_hardware_interface/share/my_robot_hardware_interface/hook/cmake_prefix_path.dsv'
[1.860s] INFO:colcon.colcon_core.shell:Creating environment hook '/home/leibton/ros2_ws/src/install/my_robot_hardware_interface/share/my_robot_hardware_interface/hook/cmake_prefix_path.sh'
[1.861s] Level 1:colcon.colcon_core.environment:checking '/home/leibton/ros2_ws/src/install/my_robot_hardware_interface/bin'
[1.861s] Level 1:colcon.colcon_core.environment:checking '/home/leibton/ros2_ws/src/install/my_robot_hardware_interface/lib/pkgconfig/my_robot_hardware_interface.pc'
[1.861s] Level 1:colcon.colcon_core.environment:checking '/home/leibton/ros2_ws/src/install/my_robot_hardware_interface/lib/python3.8/site-packages'
[1.861s] Level 1:colcon.colcon_core.environment:checking '/home/leibton/ros2_ws/src/install/my_robot_hardware_interface/bin'
[1.862s] INFO:colcon.colcon_core.shell:Creating package script '/home/leibton/ros2_ws/src/install/my_robot_hardware_interface/share/my_robot_hardware_interface/package.ps1'
[1.862s] INFO:colcon.colcon_core.shell:Creating package descriptor '/home/leibton/ros2_ws/src/install/my_robot_hardware_interface/share/my_robot_hardware_interface/package.dsv'
[1.862s] INFO:colcon.colcon_core.shell:Creating package script '/home/leibton/ros2_ws/src/install/my_robot_hardware_interface/share/my_robot_hardware_interface/package.sh'
[1.863s] INFO:colcon.colcon_core.shell:Creating package script '/home/leibton/ros2_ws/src/install/my_robot_hardware_interface/share/my_robot_hardware_interface/package.bash'
[1.863s] INFO:colcon.colcon_core.shell:Creating package script '/home/leibton/ros2_ws/src/install/my_robot_hardware_interface/share/my_robot_hardware_interface/package.zsh'
[1.863s] Level 1:colcon.colcon_core.environment:create_file_with_runtime_dependencies(/home/leibton/ros2_ws/src/install/my_robot_hardware_interface/share/colcon-core/packages/my_robot_hardware_interface)
[1.867s] Level 1:colcon.colcon_core.environment:create_environment_scripts_only(moonbot_description)
[1.868s] Level 1:colcon.colcon_core.environment:checking '/home/leibton/ros2_ws/src/install/moonbot_description' for CMake module files
[1.868s] Level 1:colcon.colcon_core.environment:checking '/home/leibton/ros2_ws/src/install/moonbot_description' for CMake config files
[1.869s] Level 1:colcon.colcon_core.shell:create_environment_hook('moonbot_description', 'cmake_prefix_path')
[1.869s] INFO:colcon.colcon_core.shell:Creating environment hook '/home/leibton/ros2_ws/src/install/moonbot_description/share/moonbot_description/hook/cmake_prefix_path.ps1'
[1.870s] INFO:colcon.colcon_core.shell:Creating environment descriptor '/home/leibton/ros2_ws/src/install/moonbot_description/share/moonbot_description/hook/cmake_prefix_path.dsv'
[1.870s] INFO:colcon.colcon_core.shell:Creating environment hook '/home/leibton/ros2_ws/src/install/moonbot_description/share/moonbot_description/hook/cmake_prefix_path.sh'
[1.870s] Level 1:colcon.colcon_core.environment:checking '/home/leibton/ros2_ws/src/install/moonbot_description/bin'
[1.870s] Level 1:colcon.colcon_core.environment:checking '/home/leibton/ros2_ws/src/install/moonbot_description/lib/pkgconfig/moonbot_description.pc'
[1.870s] Level 1:colcon.colcon_core.environment:checking '/home/leibton/ros2_ws/src/install/moonbot_description/lib/python3.8/site-packages'
[1.871s] Level 1:colcon.colcon_core.environment:checking '/home/leibton/ros2_ws/src/install/moonbot_description/bin'
[1.872s] INFO:colcon.colcon_core.shell:Creating package script '/home/leibton/ros2_ws/src/install/moonbot_description/share/moonbot_description/package.ps1'
[1.872s] INFO:colcon.colcon_core.shell:Creating package descriptor '/home/leibton/ros2_ws/src/install/moonbot_description/share/moonbot_description/package.dsv'
[1.872s] INFO:colcon.colcon_core.shell:Creating package script '/home/leibton/ros2_ws/src/install/moonbot_description/share/moonbot_description/package.sh'
[1.872s] INFO:colcon.colcon_core.shell:Creating package script '/home/leibton/ros2_ws/src/install/moonbot_description/share/moonbot_description/package.bash'
[1.873s] INFO:colcon.colcon_core.shell:Creating package script '/home/leibton/ros2_ws/src/install/moonbot_description/share/moonbot_description/package.zsh'
[1.873s] Level 1:colcon.colcon_core.environment:create_file_with_runtime_dependencies(/home/leibton/ros2_ws/src/install/moonbot_description/share/colcon-core/packages/moonbot_description)
[1.873s] INFO:colcon.colcon_ros.task.ament_cmake.build:Building ROS package in '/home/leibton/ros2_ws/src/moonbot_control' with build type 'ament_cmake'
[1.873s] INFO:colcon.colcon_cmake.task.cmake.build:Building CMake package in '/home/leibton/ros2_ws/src/moonbot_control'
[1.874s] INFO:colcon.colcon_core.shell:Skip shell extension 'powershell' for command environment: Not usable outside of PowerShell
[1.874s] DEBUG:colcon.colcon_core.shell:Skip shell extension 'dsv' for command environment
[1.886s] DEBUG:colcon.colcon_core.event_handler.log_command:Invoking command in '/home/leibton/ros2_ws/src/build/moonbot_control': AMENT_PREFIX_PATH=/home/leibton/ros2_ws/src/install/moonbot_description:${AMENT_PREFIX_PATH} CMAKE_PREFIX_PATH=/home/leibton/ros2_ws/src/install/moonbot_description:/opt/ros/foxy /usr/bin/cmake /home/leibton/ros2_ws/src/moonbot_control -DCMAKE_INSTALL_PREFIX=/home/leibton/ros2_ws/src/install/moonbot_control
[3.768s] DEBUG:colcon.colcon_core.event_handler.log_command:Invoked command in '/home/leibton/ros2_ws/src/build/dynamixel_custom_interfaces' returned '0': CMAKE_PREFIX_PATH=/opt/ros/foxy /usr/bin/cmake --build /home/leibton/ros2_ws/src/build/dynamixel_custom_interfaces -- -j12 -l12
[3.802s] DEBUG:colcon.colcon_core.event_handler.log_command:Invoking command in '/home/leibton/ros2_ws/src/build/dynamixel_custom_interfaces': CMAKE_PREFIX_PATH=/opt/ros/foxy /usr/bin/cmake --install /home/leibton/ros2_ws/src/build/dynamixel_custom_interfaces
[3.846s] Level 1:colcon.colcon_core.environment:create_environment_scripts_only(dynamixel_custom_interfaces)
[3.848s] Level 1:colcon.colcon_core.environment:checking '/home/leibton/ros2_ws/src/install/dynamixel_custom_interfaces' for CMake module files
[3.848s] DEBUG:colcon.colcon_core.event_handler.log_command:Invoked command in '/home/leibton/ros2_ws/src/build/dynamixel_custom_interfaces' returned '0': CMAKE_PREFIX_PATH=/opt/ros/foxy /usr/bin/cmake --install /home/leibton/ros2_ws/src/build/dynamixel_custom_interfaces
[3.849s] Level 1:colcon.colcon_core.environment:checking '/home/leibton/ros2_ws/src/install/dynamixel_custom_interfaces' for CMake config files
[3.850s] Level 1:colcon.colcon_core.shell:create_environment_hook('dynamixel_custom_interfaces', 'cmake_prefix_path')
[3.851s] INFO:colcon.colcon_core.shell:Creating environment hook '/home/leibton/ros2_ws/src/install/dynamixel_custom_interfaces/share/dynamixel_custom_interfaces/hook/cmake_prefix_path.ps1'
[3.851s] INFO:colcon.colcon_core.shell:Creating environment descriptor '/home/leibton/ros2_ws/src/install/dynamixel_custom_interfaces/share/dynamixel_custom_interfaces/hook/cmake_prefix_path.dsv'
[3.851s] INFO:colcon.colcon_core.shell:Creating environment hook '/home/leibton/ros2_ws/src/install/dynamixel_custom_interfaces/share/dynamixel_custom_interfaces/hook/cmake_prefix_path.sh'
[3.852s] Level 1:colcon.colcon_core.environment:checking '/home/leibton/ros2_ws/src/install/dynamixel_custom_interfaces/lib'
[3.852s] Level 1:colcon.colcon_core.shell:create_environment_hook('dynamixel_custom_interfaces', 'ld_library_path_lib')
[3.853s] INFO:colcon.colcon_core.shell:Creating environment hook '/home/leibton/ros2_ws/src/install/dynamixel_custom_interfaces/share/dynamixel_custom_interfaces/hook/ld_library_path_lib.ps1'
[3.853s] INFO:colcon.colcon_core.shell:Creating environment descriptor '/home/leibton/ros2_ws/src/install/dynamixel_custom_interfaces/share/dynamixel_custom_interfaces/hook/ld_library_path_lib.dsv'
[3.854s] INFO:colcon.colcon_core.shell:Creating environment hook '/home/leibton/ros2_ws/src/install/dynamixel_custom_interfaces/share/dynamixel_custom_interfaces/hook/ld_library_path_lib.sh'
[3.854s] Level 1:colcon.colcon_core.environment:checking '/home/leibton/ros2_ws/src/install/dynamixel_custom_interfaces/bin'
[3.854s] Level 1:colcon.colcon_core.environment:checking '/home/leibton/ros2_ws/src/install/dynamixel_custom_interfaces/lib/pkgconfig/dynamixel_custom_interfaces.pc'
[3.854s] Level 1:colcon.colcon_core.environment:checking '/home/leibton/ros2_ws/src/install/dynamixel_custom_interfaces/lib/python3.8/site-packages'
[3.854s] Level 1:colcon.colcon_core.shell:create_environment_hook('dynamixel_custom_interfaces', 'pythonpath')
[3.855s] INFO:colcon.colcon_core.shell:Creating environment hook '/home/leibton/ros2_ws/src/install/dynamixel_custom_interfaces/share/dynamixel_custom_interfaces/hook/pythonpath.ps1'
[3.855s] INFO:colcon.colcon_core.shell:Creating environment descriptor '/home/leibton/ros2_ws/src/install/dynamixel_custom_interfaces/share/dynamixel_custom_interfaces/hook/pythonpath.dsv'
[3.856s] INFO:colcon.colcon_core.shell:Creating environment hook '/home/leibton/ros2_ws/src/install/dynamixel_custom_interfaces/share/dynamixel_custom_interfaces/hook/pythonpath.sh'
[3.856s] Level 1:colcon.colcon_core.environment:checking '/home/leibton/ros2_ws/src/install/dynamixel_custom_interfaces/bin'
[3.857s] INFO:colcon.colcon_core.shell:Creating package script '/home/leibton/ros2_ws/src/install/dynamixel_custom_interfaces/share/dynamixel_custom_interfaces/package.ps1'
[3.857s] INFO:colcon.colcon_core.shell:Creating package descriptor '/home/leibton/ros2_ws/src/install/dynamixel_custom_interfaces/share/dynamixel_custom_interfaces/package.dsv'
[3.858s] INFO:colcon.colcon_core.shell:Creating package script '/home/leibton/ros2_ws/src/install/dynamixel_custom_interfaces/share/dynamixel_custom_interfaces/package.sh'
[3.858s] INFO:colcon.colcon_core.shell:Creating package script '/home/leibton/ros2_ws/src/install/dynamixel_custom_interfaces/share/dynamixel_custom_interfaces/package.bash'
[3.858s] INFO:colcon.colcon_core.shell:Creating package script '/home/leibton/ros2_ws/src/install/dynamixel_custom_interfaces/share/dynamixel_custom_interfaces/package.zsh'
[3.858s] Level 1:colcon.colcon_core.environment:create_file_with_runtime_dependencies(/home/leibton/ros2_ws/src/install/dynamixel_custom_interfaces/share/colcon-core/packages/dynamixel_custom_interfaces)
[3.892s] Level 1:colcon.colcon_core.environment:create_environment_scripts_only(dynamixel_custom_interfaces)
[3.894s] Level 1:colcon.colcon_core.environment:checking '/home/leibton/ros2_ws/src/install/dynamixel_custom_interfaces' for CMake module files
[3.895s] Level 1:colcon.colcon_core.environment:checking '/home/leibton/ros2_ws/src/install/dynamixel_custom_interfaces' for CMake config files
[3.895s] Level 1:colcon.colcon_core.shell:create_environment_hook('dynamixel_custom_interfaces', 'cmake_prefix_path')
[3.896s] INFO:colcon.colcon_core.shell:Creating environment hook '/home/leibton/ros2_ws/src/install/dynamixel_custom_interfaces/share/dynamixel_custom_interfaces/hook/cmake_prefix_path.ps1'
[3.897s] INFO:colcon.colcon_core.shell:Creating environment descriptor '/home/leibton/ros2_ws/src/install/dynamixel_custom_interfaces/share/dynamixel_custom_interfaces/hook/cmake_prefix_path.dsv'
[3.897s] INFO:colcon.colcon_core.shell:Creating environment hook '/home/leibton/ros2_ws/src/install/dynamixel_custom_interfaces/share/dynamixel_custom_interfaces/hook/cmake_prefix_path.sh'
[3.897s] Level 1:colcon.colcon_core.environment:checking '/home/leibton/ros2_ws/src/install/dynamixel_custom_interfaces/lib'
[3.897s] Level 1:colcon.colcon_core.shell:create_environment_hook('dynamixel_custom_interfaces', 'ld_library_path_lib')
[3.898s] INFO:colcon.colcon_core.shell:Creating environment hook '/home/leibton/ros2_ws/src/install/dynamixel_custom_interfaces/share/dynamixel_custom_interfaces/hook/ld_library_path_lib.ps1'
[3.898s] INFO:colcon.colcon_core.shell:Creating environment descriptor '/home/leibton/ros2_ws/src/install/dynamixel_custom_interfaces/share/dynamixel_custom_interfaces/hook/ld_library_path_lib.dsv'
[3.898s] INFO:colcon.colcon_core.shell:Creating environment hook '/home/leibton/ros2_ws/src/install/dynamixel_custom_interfaces/share/dynamixel_custom_interfaces/hook/ld_library_path_lib.sh'
[3.899s] Level 1:colcon.colcon_core.environment:checking '/home/leibton/ros2_ws/src/install/dynamixel_custom_interfaces/bin'
[3.899s] Level 1:colcon.colcon_core.environment:checking '/home/leibton/ros2_ws/src/install/dynamixel_custom_interfaces/lib/pkgconfig/dynamixel_custom_interfaces.pc'
[3.899s] Level 1:colcon.colcon_core.environment:checking '/home/leibton/ros2_ws/src/install/dynamixel_custom_interfaces/lib/python3.8/site-packages'
[3.899s] Level 1:colcon.colcon_core.shell:create_environment_hook('dynamixel_custom_interfaces', 'pythonpath')
[3.900s] INFO:colcon.colcon_core.shell:Creating environment hook '/home/leibton/ros2_ws/src/install/dynamixel_custom_interfaces/share/dynamixel_custom_interfaces/hook/pythonpath.ps1'
[3.900s] INFO:colcon.colcon_core.shell:Creating environment descriptor '/home/leibton/ros2_ws/src/install/dynamixel_custom_interfaces/share/dynamixel_custom_interfaces/hook/pythonpath.dsv'
[3.900s] INFO:colcon.colcon_core.shell:Creating environment hook '/home/leibton/ros2_ws/src/install/dynamixel_custom_interfaces/share/dynamixel_custom_interfaces/hook/pythonpath.sh'
[3.900s] Level 1:colcon.colcon_core.environment:checking '/home/leibton/ros2_ws/src/install/dynamixel_custom_interfaces/bin'
[3.901s] INFO:colcon.colcon_core.shell:Creating package script '/home/leibton/ros2_ws/src/install/dynamixel_custom_interfaces/share/dynamixel_custom_interfaces/package.ps1'
[3.902s] INFO:colcon.colcon_core.shell:Creating package descriptor '/home/leibton/ros2_ws/src/install/dynamixel_custom_interfaces/share/dynamixel_custom_interfaces/package.dsv'
[3.902s] INFO:colcon.colcon_core.shell:Creating package script '/home/leibton/ros2_ws/src/install/dynamixel_custom_interfaces/share/dynamixel_custom_interfaces/package.sh'
[3.903s] INFO:colcon.colcon_core.shell:Creating package script '/home/leibton/ros2_ws/src/install/dynamixel_custom_interfaces/share/dynamixel_custom_interfaces/package.bash'
[3.903s] INFO:colcon.colcon_core.shell:Creating package script '/home/leibton/ros2_ws/src/install/dynamixel_custom_interfaces/share/dynamixel_custom_interfaces/package.zsh'
[3.903s] Level 1:colcon.colcon_core.environment:create_file_with_runtime_dependencies(/home/leibton/ros2_ws/src/install/dynamixel_custom_interfaces/share/colcon-core/packages/dynamixel_custom_interfaces)
[3.903s] INFO:colcon.colcon_ros.task.ament_python.build:Building ROS package in '/home/leibton/ros2_ws/src/trial' with build type 'ament_python'
[3.903s] Level 1:colcon.colcon_core.shell:create_environment_hook('trial', 'ament_prefix_path')
[3.904s] INFO:colcon.colcon_core.shell:Creating environment hook '/home/leibton/ros2_ws/src/install/trial/share/trial/hook/ament_prefix_path.ps1'
[3.905s] INFO:colcon.colcon_core.shell:Creating environment descriptor '/home/leibton/ros2_ws/src/install/trial/share/trial/hook/ament_prefix_path.dsv'
[3.905s] INFO:colcon.colcon_core.shell:Creating environment hook '/home/leibton/ros2_ws/src/install/trial/share/trial/hook/ament_prefix_path.sh'
[3.906s] INFO:colcon.colcon_core.shell:Skip shell extension 'powershell' for command environment: Not usable outside of PowerShell
[3.906s] DEBUG:colcon.colcon_core.shell:Skip shell extension 'dsv' for command environment
[4.061s] INFO:colcon.colcon_core.task.python.build:Building Python package in '/home/leibton/ros2_ws/src/trial'
[4.063s] INFO:colcon.colcon_core.shell:Skip shell extension 'powershell' for command environment: Not usable outside of PowerShell
[4.063s] DEBUG:colcon.colcon_core.shell:Skip shell extension 'dsv' for command environment
[4.341s] DEBUG:colcon.colcon_core.event_handler.log_command:Invoking command in '/home/leibton/ros2_ws/src/trial': AMENT_PREFIX_PATH=/home/leibton/ros2_ws/src/install/dynamixel_custom_interfaces:${AMENT_PREFIX_PATH} CMAKE_PREFIX_PATH=/home/leibton/ros2_ws/src/install/dynamixel_custom_interfaces LD_LIBRARY_PATH=/home/leibton/ros2_ws/src/install/dynamixel_custom_interfaces/lib:${LD_LIBRARY_PATH} PYTHONPATH=/home/leibton/ros2_ws/src/build/trial/prefix_override:/home/leibton/ros2_ws/src/install/trial/lib/python3.8/site-packages:/home/leibton/ros2_ws/src/install/dynamixel_custom_interfaces/lib/python3.8/site-packages:${PYTHONPATH} /usr/bin/python3 setup.py egg_info --egg-base ../build/trial build --build-base /home/leibton/ros2_ws/src/build/trial/build install --record /home/leibton/ros2_ws/src/build/trial/install.log --single-version-externally-managed
[4.411s] DEBUG:colcon.colcon_core.event_handler.log_command:Invoked command in '/home/leibton/ros2_ws/src/build/moonbot_control' returned '0': AMENT_PREFIX_PATH=/home/leibton/ros2_ws/src/install/moonbot_description:${AMENT_PREFIX_PATH} CMAKE_PREFIX_PATH=/home/leibton/ros2_ws/src/install/moonbot_description:/opt/ros/foxy /usr/bin/cmake /home/leibton/ros2_ws/src/moonbot_control -DCMAKE_INSTALL_PREFIX=/home/leibton/ros2_ws/src/install/moonbot_control
[4.413s] DEBUG:colcon.colcon_core.event_handler.log_command:Invoking command in '/home/leibton/ros2_ws/src/build/moonbot_control': AMENT_PREFIX_PATH=/home/leibton/ros2_ws/src/install/moonbot_description:${AMENT_PREFIX_PATH} CMAKE_PREFIX_PATH=/home/leibton/ros2_ws/src/install/moonbot_description:/opt/ros/foxy /usr/bin/cmake --build /home/leibton/ros2_ws/src/build/moonbot_control -- -j12 -l12
[4.448s] DEBUG:colcon.colcon_core.event_handler.log_command:Invoked command in '/home/leibton/ros2_ws/src/build/moonbot_control' returned '0': AMENT_PREFIX_PATH=/home/leibton/ros2_ws/src/install/moonbot_description:${AMENT_PREFIX_PATH} CMAKE_PREFIX_PATH=/home/leibton/ros2_ws/src/install/moonbot_description:/opt/ros/foxy /usr/bin/cmake --build /home/leibton/ros2_ws/src/build/moonbot_control -- -j12 -l12
[4.466s] DEBUG:colcon.colcon_core.event_handler.log_command:Invoking command in '/home/leibton/ros2_ws/src/build/moonbot_control': AMENT_PREFIX_PATH=/home/leibton/ros2_ws/src/install/moonbot_description:${AMENT_PREFIX_PATH} CMAKE_PREFIX_PATH=/home/leibton/ros2_ws/src/install/moonbot_description:/opt/ros/foxy /usr/bin/cmake --install /home/leibton/ros2_ws/src/build/moonbot_control
[4.474s] Level 1:colcon.colcon_core.environment:create_environment_scripts_only(moonbot_control)
[4.476s] Level 1:colcon.colcon_core.environment:checking '/home/leibton/ros2_ws/src/install/moonbot_control' for CMake module files
[4.477s] DEBUG:colcon.colcon_core.event_handler.log_command:Invoked command in '/home/leibton/ros2_ws/src/build/moonbot_control' returned '0': AMENT_PREFIX_PATH=/home/leibton/ros2_ws/src/install/moonbot_description:${AMENT_PREFIX_PATH} CMAKE_PREFIX_PATH=/home/leibton/ros2_ws/src/install/moonbot_description:/opt/ros/foxy /usr/bin/cmake --install /home/leibton/ros2_ws/src/build/moonbot_control
[4.477s] Level 1:colcon.colcon_core.environment:checking '/home/leibton/ros2_ws/src/install/moonbot_control' for CMake config files
[4.477s] Level 1:colcon.colcon_core.shell:create_environment_hook('moonbot_control', 'cmake_prefix_path')
[4.478s] INFO:colcon.colcon_core.shell:Creating environment hook '/home/leibton/ros2_ws/src/install/moonbot_control/share/moonbot_control/hook/cmake_prefix_path.ps1'
[4.479s] INFO:colcon.colcon_core.shell:Creating environment descriptor '/home/leibton/ros2_ws/src/install/moonbot_control/share/moonbot_control/hook/cmake_prefix_path.dsv'
[4.479s] INFO:colcon.colcon_core.shell:Creating environment hook '/home/leibton/ros2_ws/src/install/moonbot_control/share/moonbot_control/hook/cmake_prefix_path.sh'
[4.479s] Level 1:colcon.colcon_core.environment:checking '/home/leibton/ros2_ws/src/install/moonbot_control/bin'
[4.479s] Level 1:colcon.colcon_core.environment:checking '/home/leibton/ros2_ws/src/install/moonbot_control/lib/pkgconfig/moonbot_control.pc'
[4.480s] Level 1:colcon.colcon_core.environment:checking '/home/leibton/ros2_ws/src/install/moonbot_control/lib/python3.8/site-packages'
[4.480s] Level 1:colcon.colcon_core.environment:checking '/home/leibton/ros2_ws/src/install/moonbot_control/bin'
[4.481s] INFO:colcon.colcon_core.shell:Creating package script '/home/leibton/ros2_ws/src/install/moonbot_control/share/moonbot_control/package.ps1'
[4.481s] INFO:colcon.colcon_core.shell:Creating package descriptor '/home/leibton/ros2_ws/src/install/moonbot_control/share/moonbot_control/package.dsv'
[4.482s] INFO:colcon.colcon_core.shell:Creating package script '/home/leibton/ros2_ws/src/install/moonbot_control/share/moonbot_control/package.sh'
[4.483s] INFO:colcon.colcon_core.shell:Creating package script '/home/leibton/ros2_ws/src/install/moonbot_control/share/moonbot_control/package.bash'
[4.483s] INFO:colcon.colcon_core.shell:Creating package script '/home/leibton/ros2_ws/src/install/moonbot_control/share/moonbot_control/package.zsh'
[4.483s] Level 1:colcon.colcon_core.environment:create_file_with_runtime_dependencies(/home/leibton/ros2_ws/src/install/moonbot_control/share/colcon-core/packages/moonbot_control)
[4.499s] Level 1:colcon.colcon_core.environment:create_environment_scripts_only(moonbot_control)
[4.501s] Level 1:colcon.colcon_core.environment:checking '/home/leibton/ros2_ws/src/install/moonbot_control' for CMake module files
[4.501s] Level 1:colcon.colcon_core.environment:checking '/home/leibton/ros2_ws/src/install/moonbot_control' for CMake config files
[4.501s] Level 1:colcon.colcon_core.shell:create_environment_hook('moonbot_control', 'cmake_prefix_path')
[4.502s] INFO:colcon.colcon_core.shell:Creating environment hook '/home/leibton/ros2_ws/src/install/moonbot_control/share/moonbot_control/hook/cmake_prefix_path.ps1'
[4.503s] INFO:colcon.colcon_core.shell:Creating environment descriptor '/home/leibton/ros2_ws/src/install/moonbot_control/share/moonbot_control/hook/cmake_prefix_path.dsv'
[4.503s] INFO:colcon.colcon_core.shell:Creating environment hook '/home/leibton/ros2_ws/src/install/moonbot_control/share/moonbot_control/hook/cmake_prefix_path.sh'
[4.503s] Level 1:colcon.colcon_core.environment:checking '/home/leibton/ros2_ws/src/install/moonbot_control/bin'
[4.503s] Level 1:colcon.colcon_core.environment:checking '/home/leibton/ros2_ws/src/install/moonbot_control/lib/pkgconfig/moonbot_control.pc'
[4.504s] Level 1:colcon.colcon_core.environment:checking '/home/leibton/ros2_ws/src/install/moonbot_control/lib/python3.8/site-packages'
[4.504s] Level 1:colcon.colcon_core.environment:checking '/home/leibton/ros2_ws/src/install/moonbot_control/bin'
[4.505s] INFO:colcon.colcon_core.shell:Creating package script '/home/leibton/ros2_ws/src/install/moonbot_control/share/moonbot_control/package.ps1'
[4.507s] INFO:colcon.colcon_core.shell:Creating package descriptor '/home/leibton/ros2_ws/src/install/moonbot_control/share/moonbot_control/package.dsv'
[4.509s] INFO:colcon.colcon_core.shell:Creating package script '/home/leibton/ros2_ws/src/install/moonbot_control/share/moonbot_control/package.sh'
[4.510s] INFO:colcon.colcon_core.shell:Creating package script '/home/leibton/ros2_ws/src/install/moonbot_control/share/moonbot_control/package.bash'
[4.510s] INFO:colcon.colcon_core.shell:Creating package script '/home/leibton/ros2_ws/src/install/moonbot_control/share/moonbot_control/package.zsh'
[4.511s] Level 1:colcon.colcon_core.environment:create_file_with_runtime_dependencies(/home/leibton/ros2_ws/src/install/moonbot_control/share/colcon-core/packages/moonbot_control)
[4.511s] INFO:colcon.colcon_ros.task.ament_cmake.build:Building ROS package in '/home/leibton/ros2_ws/src/moonbot_gazebo' with build type 'ament_cmake'
[4.511s] INFO:colcon.colcon_cmake.task.cmake.build:Building CMake package in '/home/leibton/ros2_ws/src/moonbot_gazebo'
[4.512s] INFO:colcon.colcon_core.shell:Skip shell extension 'powershell' for command environment: Not usable outside of PowerShell
[4.513s] DEBUG:colcon.colcon_core.shell:Skip shell extension 'dsv' for command environment
[4.520s] DEBUG:colcon.colcon_core.event_handler.log_command:Invoking command in '/home/leibton/ros2_ws/src/build/moonbot_gazebo': AMENT_PREFIX_PATH=/home/leibton/ros2_ws/src/install/moonbot_control:/home/leibton/ros2_ws/src/install/moonbot_description:${AMENT_PREFIX_PATH} CMAKE_PREFIX_PATH=/home/leibton/ros2_ws/src/install/moonbot_control:/home/leibton/ros2_ws/src/install/moonbot_description:/opt/ros/foxy /usr/bin/cmake /home/leibton/ros2_ws/src/moonbot_gazebo -DCMAKE_INSTALL_PREFIX=/home/leibton/ros2_ws/src/install/moonbot_gazebo
[4.548s] Level 1:colcon.colcon_core.environment:checking '/home/leibton/ros2_ws/src/install/trial' for CMake module files
[4.549s] DEBUG:colcon.colcon_core.event_handler.log_command:Invoked command in '/home/leibton/ros2_ws/src/trial' returned '0': AMENT_PREFIX_PATH=/home/leibton/ros2_ws/src/install/dynamixel_custom_interfaces:${AMENT_PREFIX_PATH} CMAKE_PREFIX_PATH=/home/leibton/ros2_ws/src/install/dynamixel_custom_interfaces LD_LIBRARY_PATH=/home/leibton/ros2_ws/src/install/dynamixel_custom_interfaces/lib:${LD_LIBRARY_PATH} PYTHONPATH=/home/leibton/ros2_ws/src/build/trial/prefix_override:/home/leibton/ros2_ws/src/install/trial/lib/python3.8/site-packages:/home/leibton/ros2_ws/src/install/dynamixel_custom_interfaces/lib/python3.8/site-packages:${PYTHONPATH} /usr/bin/python3 setup.py egg_info --egg-base ../build/trial build --build-base /home/leibton/ros2_ws/src/build/trial/build install --record /home/leibton/ros2_ws/src/build/trial/install.log --single-version-externally-managed
[4.550s] Level 1:colcon.colcon_core.environment:checking '/home/leibton/ros2_ws/src/install/trial' for CMake config files
[4.551s] Level 1:colcon.colcon_core.environment:checking '/home/leibton/ros2_ws/src/install/trial/lib'
[4.551s] Level 1:colcon.colcon_core.environment:checking '/home/leibton/ros2_ws/src/install/trial/bin'
[4.551s] Level 1:colcon.colcon_core.environment:checking '/home/leibton/ros2_ws/src/install/trial/lib/pkgconfig/trial.pc'
[4.551s] Level 1:colcon.colcon_core.environment:checking '/home/leibton/ros2_ws/src/install/trial/lib/python3.8/site-packages'
[4.552s] Level 1:colcon.colcon_core.shell:create_environment_hook('trial', 'pythonpath')
[4.554s] INFO:colcon.colcon_core.shell:Creating environment hook '/home/leibton/ros2_ws/src/install/trial/share/trial/hook/pythonpath.ps1'
[4.554s] INFO:colcon.colcon_core.shell:Creating environment descriptor '/home/leibton/ros2_ws/src/install/trial/share/trial/hook/pythonpath.dsv'
[4.554s] INFO:colcon.colcon_core.shell:Creating environment hook '/home/leibton/ros2_ws/src/install/trial/share/trial/hook/pythonpath.sh'
[4.554s] Level 1:colcon.colcon_core.environment:checking '/home/leibton/ros2_ws/src/install/trial/bin'
[4.555s] Level 1:colcon.colcon_core.environment:create_environment_scripts_only(trial)
[4.555s] INFO:colcon.colcon_core.shell:Creating package script '/home/leibton/ros2_ws/src/install/trial/share/trial/package.ps1'
[4.556s] INFO:colcon.colcon_core.shell:Creating package descriptor '/home/leibton/ros2_ws/src/install/trial/share/trial/package.dsv'
[4.556s] INFO:colcon.colcon_core.shell:Creating package script '/home/leibton/ros2_ws/src/install/trial/share/trial/package.sh'
[4.556s] INFO:colcon.colcon_core.shell:Creating package script '/home/leibton/ros2_ws/src/install/trial/share/trial/package.bash'
[4.556s] INFO:colcon.colcon_core.shell:Creating package script '/home/leibton/ros2_ws/src/install/trial/share/trial/package.zsh'
[4.557s] Level 1:colcon.colcon_core.environment:create_file_with_runtime_dependencies(/home/leibton/ros2_ws/src/install/trial/share/colcon-core/packages/trial)
[7.045s] DEBUG:colcon.colcon_core.event_handler.log_command:Invoked command in '/home/leibton/ros2_ws/src/build/moonbot_gazebo' returned '0': AMENT_PREFIX_PATH=/home/leibton/ros2_ws/src/install/moonbot_control:/home/leibton/ros2_ws/src/install/moonbot_description:${AMENT_PREFIX_PATH} CMAKE_PREFIX_PATH=/home/leibton/ros2_ws/src/install/moonbot_control:/home/leibton/ros2_ws/src/install/moonbot_description:/opt/ros/foxy /usr/bin/cmake /home/leibton/ros2_ws/src/moonbot_gazebo -DCMAKE_INSTALL_PREFIX=/home/leibton/ros2_ws/src/install/moonbot_gazebo
[7.047s] DEBUG:colcon.colcon_core.event_handler.log_command:Invoking command in '/home/leibton/ros2_ws/src/build/moonbot_gazebo': AMENT_PREFIX_PATH=/home/leibton/ros2_ws/src/install/moonbot_control:/home/leibton/ros2_ws/src/install/moonbot_description:${AMENT_PREFIX_PATH} CMAKE_PREFIX_PATH=/home/leibton/ros2_ws/src/install/moonbot_control:/home/leibton/ros2_ws/src/install/moonbot_description:/opt/ros/foxy /usr/bin/cmake --build /home/leibton/ros2_ws/src/build/moonbot_gazebo -- -j12 -l12
[7.082s] DEBUG:colcon.colcon_core.event_handler.log_command:Invoked command in '/home/leibton/ros2_ws/src/build/moonbot_gazebo' returned '0': AMENT_PREFIX_PATH=/home/leibton/ros2_ws/src/install/moonbot_control:/home/leibton/ros2_ws/src/install/moonbot_description:${AMENT_PREFIX_PATH} CMAKE_PREFIX_PATH=/home/leibton/ros2_ws/src/install/moonbot_control:/home/leibton/ros2_ws/src/install/moonbot_description:/opt/ros/foxy /usr/bin/cmake --build /home/leibton/ros2_ws/src/build/moonbot_gazebo -- -j12 -l12
[7.107s] DEBUG:colcon.colcon_core.event_handler.log_command:Invoking command in '/home/leibton/ros2_ws/src/build/moonbot_gazebo': AMENT_PREFIX_PATH=/home/leibton/ros2_ws/src/install/moonbot_control:/home/leibton/ros2_ws/src/install/moonbot_description:${AMENT_PREFIX_PATH} CMAKE_PREFIX_PATH=/home/leibton/ros2_ws/src/install/moonbot_control:/home/leibton/ros2_ws/src/install/moonbot_description:/opt/ros/foxy /usr/bin/cmake --install /home/leibton/ros2_ws/src/build/moonbot_gazebo
[7.118s] Level 1:colcon.colcon_core.environment:create_environment_scripts_only(moonbot_gazebo)
[7.120s] Level 1:colcon.colcon_core.environment:checking '/home/leibton/ros2_ws/src/install/moonbot_gazebo' for CMake module files
[7.121s] DEBUG:colcon.colcon_core.event_handler.log_command:Invoked command in '/home/leibton/ros2_ws/src/build/moonbot_gazebo' returned '0': AMENT_PREFIX_PATH=/home/leibton/ros2_ws/src/install/moonbot_control:/home/leibton/ros2_ws/src/install/moonbot_description:${AMENT_PREFIX_PATH} CMAKE_PREFIX_PATH=/home/leibton/ros2_ws/src/install/moonbot_control:/home/leibton/ros2_ws/src/install/moonbot_description:/opt/ros/foxy /usr/bin/cmake --install /home/leibton/ros2_ws/src/build/moonbot_gazebo
[7.122s] Level 1:colcon.colcon_core.environment:checking '/home/leibton/ros2_ws/src/install/moonbot_gazebo' for CMake config files
[7.122s] Level 1:colcon.colcon_core.shell:create_environment_hook('moonbot_gazebo', 'cmake_prefix_path')
[7.124s] INFO:colcon.colcon_core.shell:Creating environment hook '/home/leibton/ros2_ws/src/install/moonbot_gazebo/share/moonbot_gazebo/hook/cmake_prefix_path.ps1'
[7.125s] INFO:colcon.colcon_core.shell:Creating environment descriptor '/home/leibton/ros2_ws/src/install/moonbot_gazebo/share/moonbot_gazebo/hook/cmake_prefix_path.dsv'
[7.126s] INFO:colcon.colcon_core.shell:Creating environment hook '/home/leibton/ros2_ws/src/install/moonbot_gazebo/share/moonbot_gazebo/hook/cmake_prefix_path.sh'
[7.126s] Level 1:colcon.colcon_core.environment:checking '/home/leibton/ros2_ws/src/install/moonbot_gazebo/lib'
[7.126s] Level 1:colcon.colcon_core.environment:checking '/home/leibton/ros2_ws/src/install/moonbot_gazebo/bin'
[7.126s] Level 1:colcon.colcon_core.environment:checking '/home/leibton/ros2_ws/src/install/moonbot_gazebo/lib/pkgconfig/moonbot_gazebo.pc'
[7.126s] Level 1:colcon.colcon_core.environment:checking '/home/leibton/ros2_ws/src/install/moonbot_gazebo/lib/python3.8/site-packages'
[7.126s] Level 1:colcon.colcon_core.environment:checking '/home/leibton/ros2_ws/src/install/moonbot_gazebo/bin'
[7.127s] INFO:colcon.colcon_core.shell:Creating package script '/home/leibton/ros2_ws/src/install/moonbot_gazebo/share/moonbot_gazebo/package.ps1'
[7.128s] INFO:colcon.colcon_core.shell:Creating package descriptor '/home/leibton/ros2_ws/src/install/moonbot_gazebo/share/moonbot_gazebo/package.dsv'
[7.128s] INFO:colcon.colcon_core.shell:Creating package script '/home/leibton/ros2_ws/src/install/moonbot_gazebo/share/moonbot_gazebo/package.sh'
[7.128s] INFO:colcon.colcon_core.shell:Creating package script '/home/leibton/ros2_ws/src/install/moonbot_gazebo/share/moonbot_gazebo/package.bash'
[7.128s] INFO:colcon.colcon_core.shell:Creating package script '/home/leibton/ros2_ws/src/install/moonbot_gazebo/share/moonbot_gazebo/package.zsh'
[7.128s] Level 1:colcon.colcon_core.environment:create_file_with_runtime_dependencies(/home/leibton/ros2_ws/src/install/moonbot_gazebo/share/colcon-core/packages/moonbot_gazebo)
[7.154s] Level 1:colcon.colcon_core.environment:create_environment_scripts_only(moonbot_gazebo)
[7.156s] Level 1:colcon.colcon_core.environment:checking '/home/leibton/ros2_ws/src/install/moonbot_gazebo' for CMake module files
[7.157s] Level 1:colcon.colcon_core.environment:checking '/home/leibton/ros2_ws/src/install/moonbot_gazebo' for CMake config files
[7.157s] Level 1:colcon.colcon_core.shell:create_environment_hook('moonbot_gazebo', 'cmake_prefix_path')
[7.158s] INFO:colcon.colcon_core.shell:Creating environment hook '/home/leibton/ros2_ws/src/install/moonbot_gazebo/share/moonbot_gazebo/hook/cmake_prefix_path.ps1'
[7.158s] INFO:colcon.colcon_core.shell:Creating environment descriptor '/home/leibton/ros2_ws/src/install/moonbot_gazebo/share/moonbot_gazebo/hook/cmake_prefix_path.dsv'
[7.158s] INFO:colcon.colcon_core.shell:Creating environment hook '/home/leibton/ros2_ws/src/install/moonbot_gazebo/share/moonbot_gazebo/hook/cmake_prefix_path.sh'
[7.159s] Level 1:colcon.colcon_core.environment:checking '/home/leibton/ros2_ws/src/install/moonbot_gazebo/lib'
[7.159s] Level 1:colcon.colcon_core.environment:checking '/home/leibton/ros2_ws/src/install/moonbot_gazebo/bin'
[7.159s] Level 1:colcon.colcon_core.environment:checking '/home/leibton/ros2_ws/src/install/moonbot_gazebo/lib/pkgconfig/moonbot_gazebo.pc'
[7.159s] Level 1:colcon.colcon_core.environment:checking '/home/leibton/ros2_ws/src/install/moonbot_gazebo/lib/python3.8/site-packages'
[7.159s] Level 1:colcon.colcon_core.environment:checking '/home/leibton/ros2_ws/src/install/moonbot_gazebo/bin'
[7.160s] INFO:colcon.colcon_core.shell:Creating package script '/home/leibton/ros2_ws/src/install/moonbot_gazebo/share/moonbot_gazebo/package.ps1'
[7.160s] INFO:colcon.colcon_core.shell:Creating package descriptor '/home/leibton/ros2_ws/src/install/moonbot_gazebo/share/moonbot_gazebo/package.dsv'
[7.161s] INFO:colcon.colcon_core.shell:Creating package script '/home/leibton/ros2_ws/src/install/moonbot_gazebo/share/moonbot_gazebo/package.sh'
[7.161s] INFO:colcon.colcon_core.shell:Creating package script '/home/leibton/ros2_ws/src/install/moonbot_gazebo/share/moonbot_gazebo/package.bash'
[7.161s] INFO:colcon.colcon_core.shell:Creating package script '/home/leibton/ros2_ws/src/install/moonbot_gazebo/share/moonbot_gazebo/package.zsh'
[7.162s] Level 1:colcon.colcon_core.environment:create_file_with_runtime_dependencies(/home/leibton/ros2_ws/src/install/moonbot_gazebo/share/colcon-core/packages/moonbot_gazebo)
[7.162s] DEBUG:colcon.colcon_parallel_executor.executor.parallel:closing loop
[7.162s] DEBUG:colcon.colcon_parallel_executor.executor.parallel:loop closed
[7.162s] DEBUG:colcon.colcon_parallel_executor.executor.parallel:run_until_complete finished with '0'
[7.162s] DEBUG:colcon.colcon_core.event_reactor:joining thread
[7.168s] INFO:colcon.colcon_core.plugin_system:Skipping extension 'colcon_notification.desktop_notification.terminal_notifier': Not used on non-Darwin systems
[7.169s] INFO:colcon.colcon_core.plugin_system:Skipping extension 'colcon_notification.desktop_notification.win32': Not used on non-Windows systems
[7.169s] INFO:colcon.colcon_notification.desktop_notification:Sending desktop notification using 'notify2'
[7.182s] DEBUG:colcon.colcon_core.event_reactor:joined thread
[7.184s] INFO:colcon.colcon_core.shell:Creating prefix script '/home/leibton/ros2_ws/src/install/local_setup.ps1'
[7.184s] INFO:colcon.colcon_core.shell:Creating prefix util module '/home/leibton/ros2_ws/src/install/_local_setup_util_ps1.py'
[7.186s] INFO:colcon.colcon_core.shell:Creating prefix chain script '/home/leibton/ros2_ws/src/install/setup.ps1'
[7.188s] INFO:colcon.colcon_core.shell:Creating prefix script '/home/leibton/ros2_ws/src/install/local_setup.sh'
[7.188s] INFO:colcon.colcon_core.shell:Creating prefix util module '/home/leibton/ros2_ws/src/install/_local_setup_util_sh.py'
[7.189s] INFO:colcon.colcon_core.shell:Creating prefix chain script '/home/leibton/ros2_ws/src/install/setup.sh'
[7.189s] INFO:colcon.colcon_core.shell:Creating prefix script '/home/leibton/ros2_ws/src/install/local_setup.bash'
[7.190s] INFO:colcon.colcon_core.shell:Creating prefix chain script '/home/leibton/ros2_ws/src/install/setup.bash'
[7.190s] INFO:colcon.colcon_core.shell:Creating prefix script '/home/leibton/ros2_ws/src/install/local_setup.zsh'
[7.191s] INFO:colcon.colcon_core.shell:Creating prefix chain script '/home/leibton/ros2_ws/src/install/setup.zsh'
