-- The C compiler identification is GNU 9.4.0
-- The CXX compiler identification is GNU 9.4.0
-- Check for working C compiler: /usr/bin/cc
-- Check for working C compiler: /usr/bin/cc -- works
-- Detecting C compiler ABI info
-- Detecting C compiler ABI info - done
-- Detecting C compile features
-- Detecting C compile features - done
-- Check for working CXX compiler: /usr/bin/c++
-- Check for working CXX compiler: /usr/bin/c++ -- works
-- Detecting CXX compiler ABI info
-- Detecting CXX compiler ABI info - done
-- Detecting CXX compile features
-- Detecting CXX compile features - done
-- Found ament_cmake: 0.9.12 (/opt/ros/foxy/share/ament_cmake/cmake)
-- Found PythonInterp: /usr/bin/python3 (found suitable version "3.8.10", minimum required is "3") 
-- Using PYTHON_EXECUTABLE: /usr/bin/python3
-- Found rclcpp: 2.4.3 (/opt/ros/foxy/share/rclcpp/cmake)
-- Using all available rosidl_typesupport_c: rosidl_typesupport_fastrtps_c;rosidl_typesupport_introspection_c
-- Found rosidl_adapter: 1.3.1 (/opt/ros/foxy/share/rosidl_adapter/cmake)
-- Found OpenSSL: /usr/lib/x86_64-linux-gnu/libcrypto.so (found version "1.1.1f")  
-- Found FastRTPS: /opt/ros/foxy/include  
-- Using all available rosidl_typesupport_cpp: rosidl_typesupport_fastrtps_cpp;rosidl_typesupport_introspection_cpp
-- Found rmw_implementation_cmake: 1.0.4 (/opt/ros/foxy/share/rmw_implementation_cmake/cmake)
-- Using RMW implementation 'rmw_fastrtps_cpp' as default
-- Looking for pthread.h
-- Looking for pthread.h - found
-- Performing Test CMAKE_HAVE_LIBC_PTHREAD
-- Performing Test CMAKE_HAVE_LIBC_PTHREAD - Failed
-- Looking for pthread_create in pthreads
-- Looking for pthread_create in pthreads - not found
-- Looking for pthread_create in pthread
-- Looking for pthread_create in pthread - found
-- Found Threads: TRUE  
-- Found rosidl_default_generators: 1.0.1 (/opt/ros/foxy/share/rosidl_default_generators/cmake)
-- Found ament_lint_auto: 0.9.8 (/opt/ros/foxy/share/ament_lint_auto/cmake)
-- Found PythonInterp: /usr/bin/python3 (found version "3.8.10") 
-- Found ament_cmake_ros: 0.9.2 (/opt/ros/foxy/share/ament_cmake_ros/cmake)
-- Using all available rosidl_typesupport_c: rosidl_typesupport_fastrtps_c;rosidl_typesupport_introspection_c
-- Using all available rosidl_typesupport_cpp: rosidl_typesupport_fastrtps_cpp;rosidl_typesupport_introspection_cpp
-- Found PythonInterp: /usr/bin/python3 (found suitable version "3.8.10", minimum required is "3.5") 
-- Found python_cmake_module: 0.8.1 (/opt/ros/foxy/share/python_cmake_module/cmake)
-- Found PythonLibs: /usr/lib/x86_64-linux-gnu/libpython3.8.so (found suitable version "3.8.10", minimum required is "3.5") 
-- Using PYTHON_EXECUTABLE: /usr/bin/python3
-- Using PYTHON_INCLUDE_DIRS: /usr/include/python3.8
-- Using PYTHON_LIBRARIES: /usr/lib/x86_64-linux-gnu/libpython3.8.so
-- Found PythonExtra: .so  
-- Added test 'copyright' to check source files copyright and LICENSE
-- Added test 'lint_cmake' to check CMake code style
-- Added test 'xmllint' to check XML markup files
-- Configuring done
-- Generating done
-- Build files have been written to: /home/leibton/ros2_ws/src/build/moonbot_custom_interfaces
[35m[1mScanning dependencies of target moonbot_custom_interfaces__cpp[0m
[  2%] [34m[1mGenerating C code for ROS interfaces[0m
[  4%] [34m[1mGenerating C++ code for ROS interfaces[0m
[  4%] Built target moonbot_custom_interfaces__cpp
[ 10%] [34m[1mGenerating C++ type support dispatch for ROS interfaces[0m
[ 10%] [34m[1mGenerating C++ type support for eProsima Fast-RTPS[0m
[ 10%] [34m[1mGenerating C++ introspection for ROS interfaces[0m
[35m[1mScanning dependencies of target moonbot_custom_interfaces__rosidl_generator_c[0m
[ 12%] [32mBuilding C object CMakeFiles/moonbot_custom_interfaces__rosidl_generator_c.dir/rosidl_generator_c/moonbot_custom_interfaces/srv/detail/get_position__functions.c.o[0m
[ 14%] [32mBuilding C object CMakeFiles/moonbot_custom_interfaces__rosidl_generator_c.dir/rosidl_generator_c/moonbot_custom_interfaces/msg/detail/joint_angles__functions.c.o[0m
[ 17%] [32mBuilding C object CMakeFiles/moonbot_custom_interfaces__rosidl_generator_c.dir/rosidl_generator_c/moonbot_custom_interfaces/msg/detail/set_position__functions.c.o[0m
[ 19%] [32m[1mLinking C shared library libmoonbot_custom_interfaces__rosidl_generator_c.so[0m
[ 19%] Built target moonbot_custom_interfaces__rosidl_generator_c
[ 23%] [34m[1mGenerating C type support dispatch for ROS interfaces[0m
[ 23%] [34m[1mGenerating C introspection for ROS interfaces[0m
[35m[1mScanning dependencies of target moonbot_custom_interfaces__rosidl_typesupport_cpp[0m
[35m[1mScanning dependencies of target moonbot_custom_interfaces__rosidl_typesupport_fastrtps_cpp[0m
[ 25%] [32mBuilding CXX object CMakeFiles/moonbot_custom_interfaces__rosidl_typesupport_cpp.dir/rosidl_typesupport_cpp/moonbot_custom_interfaces/msg/joint_angles__type_support.cpp.o[0m
[ 27%] [32mBuilding CXX object CMakeFiles/moonbot_custom_interfaces__rosidl_typesupport_cpp.dir/rosidl_typesupport_cpp/moonbot_custom_interfaces/msg/set_position__type_support.cpp.o[0m
[ 29%] [32mBuilding CXX object CMakeFiles/moonbot_custom_interfaces__rosidl_typesupport_cpp.dir/rosidl_typesupport_cpp/moonbot_custom_interfaces/srv/get_position__type_support.cpp.o[0m
[ 31%] [32mBuilding CXX object CMakeFiles/moonbot_custom_interfaces__rosidl_typesupport_fastrtps_cpp.dir/rosidl_typesupport_fastrtps_cpp/moonbot_custom_interfaces/msg/detail/dds_fastrtps/set_position__type_support.cpp.o[0m
[35m[1mScanning dependencies of target moonbot_custom_interfaces__rosidl_typesupport_introspection_cpp[0m
[ 34%] [32mBuilding CXX object CMakeFiles/moonbot_custom_interfaces__rosidl_typesupport_fastrtps_cpp.dir/rosidl_typesupport_fastrtps_cpp/moonbot_custom_interfaces/srv/detail/dds_fastrtps/get_position__type_support.cpp.o[0m
[ 36%] [32mBuilding CXX object CMakeFiles/moonbot_custom_interfaces__rosidl_typesupport_fastrtps_cpp.dir/rosidl_typesupport_fastrtps_cpp/moonbot_custom_interfaces/msg/detail/dds_fastrtps/joint_angles__type_support.cpp.o[0m
[ 38%] [32mBuilding CXX object CMakeFiles/moonbot_custom_interfaces__rosidl_typesupport_introspection_cpp.dir/rosidl_typesupport_introspection_cpp/moonbot_custom_interfaces/srv/detail/get_position__type_support.cpp.o[0m
[ 40%] [32mBuilding CXX object CMakeFiles/moonbot_custom_interfaces__rosidl_typesupport_introspection_cpp.dir/rosidl_typesupport_introspection_cpp/moonbot_custom_interfaces/msg/detail/joint_angles__type_support.cpp.o[0m
[ 42%] [32mBuilding CXX object CMakeFiles/moonbot_custom_interfaces__rosidl_typesupport_introspection_cpp.dir/rosidl_typesupport_introspection_cpp/moonbot_custom_interfaces/msg/detail/set_position__type_support.cpp.o[0m
[35m[1mScanning dependencies of target moonbot_custom_interfaces__rosidl_typesupport_c[0m
[ 44%] [32mBuilding CXX object CMakeFiles/moonbot_custom_interfaces__rosidl_typesupport_c.dir/rosidl_typesupport_c/moonbot_custom_interfaces/msg/set_position__type_support.cpp.o[0m
[ 46%] [32mBuilding CXX object CMakeFiles/moonbot_custom_interfaces__rosidl_typesupport_c.dir/rosidl_typesupport_c/moonbot_custom_interfaces/msg/joint_angles__type_support.cpp.o[0m
[ 48%] [32mBuilding CXX object CMakeFiles/moonbot_custom_interfaces__rosidl_typesupport_c.dir/rosidl_typesupport_c/moonbot_custom_interfaces/srv/get_position__type_support.cpp.o[0m
[ 51%] [32m[1mLinking CXX shared library libmoonbot_custom_interfaces__rosidl_typesupport_c.so[0m
[ 51%] Built target moonbot_custom_interfaces__rosidl_typesupport_c
[ 55%] [32m[1mLinking CXX shared library libmoonbot_custom_interfaces__rosidl_typesupport_cpp.so[0m
[ 55%] [32m[1mLinking CXX shared library libmoonbot_custom_interfaces__rosidl_typesupport_introspection_cpp.so[0m
[35m[1mScanning dependencies of target moonbot_custom_interfaces__rosidl_typesupport_introspection_c[0m
[ 57%] [32mBuilding C object CMakeFiles/moonbot_custom_interfaces__rosidl_typesupport_introspection_c.dir/rosidl_typesupport_introspection_c/moonbot_custom_interfaces/msg/detail/set_position__type_support.c.o[0m
[ 59%] [32mBuilding C object CMakeFiles/moonbot_custom_interfaces__rosidl_typesupport_introspection_c.dir/rosidl_typesupport_introspection_c/moonbot_custom_interfaces/srv/detail/get_position__type_support.c.o[0m
[ 61%] [32mBuilding C object CMakeFiles/moonbot_custom_interfaces__rosidl_typesupport_introspection_c.dir/rosidl_typesupport_introspection_c/moonbot_custom_interfaces/msg/detail/joint_angles__type_support.c.o[0m
[ 61%] Built target moonbot_custom_interfaces__rosidl_typesupport_cpp
[ 61%] Built target moonbot_custom_interfaces__rosidl_typesupport_introspection_cpp
[ 63%] [32m[1mLinking C shared library libmoonbot_custom_interfaces__rosidl_typesupport_introspection_c.so[0m
[ 63%] Built target moonbot_custom_interfaces__rosidl_typesupport_introspection_c
[ 65%] [32m[1mLinking CXX shared library libmoonbot_custom_interfaces__rosidl_typesupport_fastrtps_cpp.so[0m
[ 65%] Built target moonbot_custom_interfaces__rosidl_typesupport_fastrtps_cpp
[ 68%] [34m[1mGenerating C type support for eProsima Fast-RTPS[0m
[35m[1mScanning dependencies of target moonbot_custom_interfaces__rosidl_typesupport_fastrtps_c[0m
[ 72%] [32mBuilding CXX object CMakeFiles/moonbot_custom_interfaces__rosidl_typesupport_fastrtps_c.dir/rosidl_typesupport_fastrtps_c/moonbot_custom_interfaces/srv/detail/get_position__type_support_c.cpp.o[0m
[ 72%] [32mBuilding CXX object CMakeFiles/moonbot_custom_interfaces__rosidl_typesupport_fastrtps_c.dir/rosidl_typesupport_fastrtps_c/moonbot_custom_interfaces/msg/detail/joint_angles__type_support_c.cpp.o[0m
[ 74%] [32mBuilding CXX object CMakeFiles/moonbot_custom_interfaces__rosidl_typesupport_fastrtps_c.dir/rosidl_typesupport_fastrtps_c/moonbot_custom_interfaces/msg/detail/set_position__type_support_c.cpp.o[0m
[ 76%] [32m[1mLinking CXX shared library libmoonbot_custom_interfaces__rosidl_typesupport_fastrtps_c.so[0m
[ 76%] Built target moonbot_custom_interfaces__rosidl_typesupport_fastrtps_c
[35m[1mScanning dependencies of target moonbot_custom_interfaces[0m
[ 76%] Built target moonbot_custom_interfaces
[35m[1mScanning dependencies of target moonbot_custom_interfaces__py[0m
[ 78%] [34m[1mGenerating Python code for ROS interfaces[0m
[ 78%] Built target moonbot_custom_interfaces__py
[35m[1mScanning dependencies of target moonbot_custom_interfaces__python[0m
[ 85%] [32mBuilding C object CMakeFiles/moonbot_custom_interfaces__python.dir/rosidl_generator_py/moonbot_custom_interfaces/msg/_set_position_s.c.o[0m
[ 85%] [32mBuilding C object CMakeFiles/moonbot_custom_interfaces__python.dir/rosidl_generator_py/moonbot_custom_interfaces/msg/_joint_angles_s.c.o[0m
[ 85%] [32mBuilding C object CMakeFiles/moonbot_custom_interfaces__python.dir/rosidl_generator_py/moonbot_custom_interfaces/srv/_get_position_s.c.o[0m
[ 87%] [32m[1mLinking C shared library rosidl_generator_py/moonbot_custom_interfaces/libmoonbot_custom_interfaces__python.so[0m
[ 87%] Built target moonbot_custom_interfaces__python
[35m[1mScanning dependencies of target moonbot_custom_interfaces__rosidl_typesupport_c__pyext[0m
[35m[1mScanning dependencies of target moonbot_custom_interfaces__rosidl_typesupport_introspection_c__pyext[0m
[35m[1mScanning dependencies of target moonbot_custom_interfaces__rosidl_typesupport_fastrtps_c__pyext[0m
[ 91%] [32mBuilding C object CMakeFiles/moonbot_custom_interfaces__rosidl_typesupport_c__pyext.dir/rosidl_generator_py/moonbot_custom_interfaces/_moonbot_custom_interfaces_s.ep.rosidl_typesupport_c.c.o[0m
[ 93%] [32mBuilding C object CMakeFiles/moonbot_custom_interfaces__rosidl_typesupport_fastrtps_c__pyext.dir/rosidl_generator_py/moonbot_custom_interfaces/_moonbot_custom_interfaces_s.ep.rosidl_typesupport_fastrtps_c.c.o[0m
[ 93%] [32mBuilding C object CMakeFiles/moonbot_custom_interfaces__rosidl_typesupport_introspection_c__pyext.dir/rosidl_generator_py/moonbot_custom_interfaces/_moonbot_custom_interfaces_s.ep.rosidl_typesupport_introspection_c.c.o[0m
[ 95%] [32m[1mLinking C shared library rosidl_generator_py/moonbot_custom_interfaces/moonbot_custom_interfaces_s__rosidl_typesupport_c.cpython-38-x86_64-linux-gnu.so[0m
[ 97%] [32m[1mLinking C shared library rosidl_generator_py/moonbot_custom_interfaces/moonbot_custom_interfaces_s__rosidl_typesupport_introspection_c.cpython-38-x86_64-linux-gnu.so[0m
[100%] [32m[1mLinking CXX shared library rosidl_generator_py/moonbot_custom_interfaces/moonbot_custom_interfaces_s__rosidl_typesupport_fastrtps_c.cpython-38-x86_64-linux-gnu.so[0m
[100%] Built target moonbot_custom_interfaces__rosidl_typesupport_c__pyext
[100%] Built target moonbot_custom_interfaces__rosidl_typesupport_introspection_c__pyext
[100%] Built target moonbot_custom_interfaces__rosidl_typesupport_fastrtps_c__pyext
-- Install configuration: ""
-- Installing: /home/leibton/ros2_ws/src/install/moonbot_custom_interfaces/share/ament_index/resource_index/rosidl_interfaces/moonbot_custom_interfaces
-- Installing: /home/leibton/ros2_ws/src/install/moonbot_custom_interfaces/include/moonbot_custom_interfaces
-- Installing: /home/leibton/ros2_ws/src/install/moonbot_custom_interfaces/include/moonbot_custom_interfaces/msg
-- Installing: /home/leibton/ros2_ws/src/install/moonbot_custom_interfaces/include/moonbot_custom_interfaces/msg/joint_angles.h
-- Installing: /home/leibton/ros2_ws/src/install/moonbot_custom_interfaces/include/moonbot_custom_interfaces/msg/set_position.h
-- Installing: /home/leibton/ros2_ws/src/install/moonbot_custom_interfaces/include/moonbot_custom_interfaces/msg/detail
-- Installing: /home/leibton/ros2_ws/src/install/moonbot_custom_interfaces/include/moonbot_custom_interfaces/msg/detail/set_position__functions.c
-- Installing: /home/leibton/ros2_ws/src/install/moonbot_custom_interfaces/include/moonbot_custom_interfaces/msg/detail/joint_angles__functions.h
-- Installing: /home/leibton/ros2_ws/src/install/moonbot_custom_interfaces/include/moonbot_custom_interfaces/msg/detail/joint_angles__functions.c
-- Installing: /home/leibton/ros2_ws/src/install/moonbot_custom_interfaces/include/moonbot_custom_interfaces/msg/detail/joint_angles__struct.h
-- Installing: /home/leibton/ros2_ws/src/install/moonbot_custom_interfaces/include/moonbot_custom_interfaces/msg/detail/set_position__struct.h
-- Installing: /home/leibton/ros2_ws/src/install/moonbot_custom_interfaces/include/moonbot_custom_interfaces/msg/detail/set_position__type_support.h
-- Installing: /home/leibton/ros2_ws/src/install/moonbot_custom_interfaces/include/moonbot_custom_interfaces/msg/detail/set_position__functions.h
-- Installing: /home/leibton/ros2_ws/src/install/moonbot_custom_interfaces/include/moonbot_custom_interfaces/msg/detail/joint_angles__type_support.h
-- Installing: /home/leibton/ros2_ws/src/install/moonbot_custom_interfaces/include/moonbot_custom_interfaces/msg/rosidl_generator_c__visibility_control.h
-- Installing: /home/leibton/ros2_ws/src/install/moonbot_custom_interfaces/include/moonbot_custom_interfaces/srv
-- Installing: /home/leibton/ros2_ws/src/install/moonbot_custom_interfaces/include/moonbot_custom_interfaces/srv/get_position.h
-- Installing: /home/leibton/ros2_ws/src/install/moonbot_custom_interfaces/include/moonbot_custom_interfaces/srv/detail
-- Installing: /home/leibton/ros2_ws/src/install/moonbot_custom_interfaces/include/moonbot_custom_interfaces/srv/detail/get_position__type_support.h
-- Installing: /home/leibton/ros2_ws/src/install/moonbot_custom_interfaces/include/moonbot_custom_interfaces/srv/detail/get_position__functions.c
-- Installing: /home/leibton/ros2_ws/src/install/moonbot_custom_interfaces/include/moonbot_custom_interfaces/srv/detail/get_position__functions.h
-- Installing: /home/leibton/ros2_ws/src/install/moonbot_custom_interfaces/include/moonbot_custom_interfaces/srv/detail/get_position__struct.h
-- Installing: /home/leibton/ros2_ws/src/install/moonbot_custom_interfaces/share/moonbot_custom_interfaces/environment/library_path.sh
-- Installing: /home/leibton/ros2_ws/src/install/moonbot_custom_interfaces/share/moonbot_custom_interfaces/environment/library_path.dsv
-- Installing: /home/leibton/ros2_ws/src/install/moonbot_custom_interfaces/lib/libmoonbot_custom_interfaces__rosidl_generator_c.so
-- Set runtime path of "/home/leibton/ros2_ws/src/install/moonbot_custom_interfaces/lib/libmoonbot_custom_interfaces__rosidl_generator_c.so" to ""
-- Up-to-date: /home/leibton/ros2_ws/src/install/moonbot_custom_interfaces/include/moonbot_custom_interfaces
-- Up-to-date: /home/leibton/ros2_ws/src/install/moonbot_custom_interfaces/include/moonbot_custom_interfaces/msg
-- Up-to-date: /home/leibton/ros2_ws/src/install/moonbot_custom_interfaces/include/moonbot_custom_interfaces/msg/detail
-- Installing: /home/leibton/ros2_ws/src/install/moonbot_custom_interfaces/include/moonbot_custom_interfaces/msg/detail/set_position__rosidl_typesupport_fastrtps_c.h
-- Installing: /home/leibton/ros2_ws/src/install/moonbot_custom_interfaces/include/moonbot_custom_interfaces/msg/detail/joint_angles__rosidl_typesupport_fastrtps_c.h
-- Installing: /home/leibton/ros2_ws/src/install/moonbot_custom_interfaces/include/moonbot_custom_interfaces/msg/rosidl_typesupport_fastrtps_c__visibility_control.h
-- Up-to-date: /home/leibton/ros2_ws/src/install/moonbot_custom_interfaces/include/moonbot_custom_interfaces/srv
-- Up-to-date: /home/leibton/ros2_ws/src/install/moonbot_custom_interfaces/include/moonbot_custom_interfaces/srv/detail
-- Installing: /home/leibton/ros2_ws/src/install/moonbot_custom_interfaces/include/moonbot_custom_interfaces/srv/detail/get_position__rosidl_typesupport_fastrtps_c.h
-- Installing: /home/leibton/ros2_ws/src/install/moonbot_custom_interfaces/lib/libmoonbot_custom_interfaces__rosidl_typesupport_fastrtps_c.so
-- Set runtime path of "/home/leibton/ros2_ws/src/install/moonbot_custom_interfaces/lib/libmoonbot_custom_interfaces__rosidl_typesupport_fastrtps_c.so" to ""
-- Up-to-date: /home/leibton/ros2_ws/src/install/moonbot_custom_interfaces/include/moonbot_custom_interfaces
-- Up-to-date: /home/leibton/ros2_ws/src/install/moonbot_custom_interfaces/include/moonbot_custom_interfaces/msg
-- Installing: /home/leibton/ros2_ws/src/install/moonbot_custom_interfaces/include/moonbot_custom_interfaces/msg/rosidl_typesupport_fastrtps_cpp__visibility_control.h
-- Up-to-date: /home/leibton/ros2_ws/src/install/moonbot_custom_interfaces/include/moonbot_custom_interfaces/msg/detail
-- Installing: /home/leibton/ros2_ws/src/install/moonbot_custom_interfaces/include/moonbot_custom_interfaces/msg/detail/joint_angles__rosidl_typesupport_fastrtps_cpp.hpp
-- Installing: /home/leibton/ros2_ws/src/install/moonbot_custom_interfaces/include/moonbot_custom_interfaces/msg/detail/set_position__rosidl_typesupport_fastrtps_cpp.hpp
-- Installing: /home/leibton/ros2_ws/src/install/moonbot_custom_interfaces/include/moonbot_custom_interfaces/msg/detail/dds_fastrtps
-- Up-to-date: /home/leibton/ros2_ws/src/install/moonbot_custom_interfaces/include/moonbot_custom_interfaces/srv
-- Up-to-date: /home/leibton/ros2_ws/src/install/moonbot_custom_interfaces/include/moonbot_custom_interfaces/srv/detail
-- Installing: /home/leibton/ros2_ws/src/install/moonbot_custom_interfaces/include/moonbot_custom_interfaces/srv/detail/get_position__rosidl_typesupport_fastrtps_cpp.hpp
-- Installing: /home/leibton/ros2_ws/src/install/moonbot_custom_interfaces/include/moonbot_custom_interfaces/srv/detail/dds_fastrtps
-- Installing: /home/leibton/ros2_ws/src/install/moonbot_custom_interfaces/lib/libmoonbot_custom_interfaces__rosidl_typesupport_fastrtps_cpp.so
-- Set runtime path of "/home/leibton/ros2_ws/src/install/moonbot_custom_interfaces/lib/libmoonbot_custom_interfaces__rosidl_typesupport_fastrtps_cpp.so" to ""
-- Up-to-date: /home/leibton/ros2_ws/src/install/moonbot_custom_interfaces/include/moonbot_custom_interfaces
-- Up-to-date: /home/leibton/ros2_ws/src/install/moonbot_custom_interfaces/include/moonbot_custom_interfaces/msg
-- Installing: /home/leibton/ros2_ws/src/install/moonbot_custom_interfaces/include/moonbot_custom_interfaces/msg/rosidl_typesupport_introspection_c__visibility_control.h
-- Up-to-date: /home/leibton/ros2_ws/src/install/moonbot_custom_interfaces/include/moonbot_custom_interfaces/msg/detail
-- Installing: /home/leibton/ros2_ws/src/install/moonbot_custom_interfaces/include/moonbot_custom_interfaces/msg/detail/set_position__rosidl_typesupport_introspection_c.h
-- Installing: /home/leibton/ros2_ws/src/install/moonbot_custom_interfaces/include/moonbot_custom_interfaces/msg/detail/joint_angles__rosidl_typesupport_introspection_c.h
-- Installing: /home/leibton/ros2_ws/src/install/moonbot_custom_interfaces/include/moonbot_custom_interfaces/msg/detail/set_position__type_support.c
-- Installing: /home/leibton/ros2_ws/src/install/moonbot_custom_interfaces/include/moonbot_custom_interfaces/msg/detail/joint_angles__type_support.c
-- Up-to-date: /home/leibton/ros2_ws/src/install/moonbot_custom_interfaces/include/moonbot_custom_interfaces/srv
-- Up-to-date: /home/leibton/ros2_ws/src/install/moonbot_custom_interfaces/include/moonbot_custom_interfaces/srv/detail
-- Installing: /home/leibton/ros2_ws/src/install/moonbot_custom_interfaces/include/moonbot_custom_interfaces/srv/detail/get_position__rosidl_typesupport_introspection_c.h
-- Installing: /home/leibton/ros2_ws/src/install/moonbot_custom_interfaces/include/moonbot_custom_interfaces/srv/detail/get_position__type_support.c
-- Installing: /home/leibton/ros2_ws/src/install/moonbot_custom_interfaces/lib/libmoonbot_custom_interfaces__rosidl_typesupport_introspection_c.so
-- Set runtime path of "/home/leibton/ros2_ws/src/install/moonbot_custom_interfaces/lib/libmoonbot_custom_interfaces__rosidl_typesupport_introspection_c.so" to ""
-- Installing: /home/leibton/ros2_ws/src/install/moonbot_custom_interfaces/lib/libmoonbot_custom_interfaces__rosidl_typesupport_c.so
-- Set runtime path of "/home/leibton/ros2_ws/src/install/moonbot_custom_interfaces/lib/libmoonbot_custom_interfaces__rosidl_typesupport_c.so" to ""
-- Up-to-date: /home/leibton/ros2_ws/src/install/moonbot_custom_interfaces/include/moonbot_custom_interfaces
-- Up-to-date: /home/leibton/ros2_ws/src/install/moonbot_custom_interfaces/include/moonbot_custom_interfaces/msg
-- Installing: /home/leibton/ros2_ws/src/install/moonbot_custom_interfaces/include/moonbot_custom_interfaces/msg/joint_angles.hpp
-- Installing: /home/leibton/ros2_ws/src/install/moonbot_custom_interfaces/include/moonbot_custom_interfaces/msg/set_position.hpp
-- Up-to-date: /home/leibton/ros2_ws/src/install/moonbot_custom_interfaces/include/moonbot_custom_interfaces/msg/detail
-- Installing: /home/leibton/ros2_ws/src/install/moonbot_custom_interfaces/include/moonbot_custom_interfaces/msg/detail/set_position__type_support.hpp
-- Installing: /home/leibton/ros2_ws/src/install/moonbot_custom_interfaces/include/moonbot_custom_interfaces/msg/detail/set_position__traits.hpp
-- Installing: /home/leibton/ros2_ws/src/install/moonbot_custom_interfaces/include/moonbot_custom_interfaces/msg/detail/set_position__struct.hpp
-- Installing: /home/leibton/ros2_ws/src/install/moonbot_custom_interfaces/include/moonbot_custom_interfaces/msg/detail/joint_angles__traits.hpp
-- Installing: /home/leibton/ros2_ws/src/install/moonbot_custom_interfaces/include/moonbot_custom_interfaces/msg/detail/joint_angles__builder.hpp
-- Installing: /home/leibton/ros2_ws/src/install/moonbot_custom_interfaces/include/moonbot_custom_interfaces/msg/detail/set_position__builder.hpp
-- Installing: /home/leibton/ros2_ws/src/install/moonbot_custom_interfaces/include/moonbot_custom_interfaces/msg/detail/joint_angles__struct.hpp
-- Installing: /home/leibton/ros2_ws/src/install/moonbot_custom_interfaces/include/moonbot_custom_interfaces/msg/detail/joint_angles__type_support.hpp
-- Installing: /home/leibton/ros2_ws/src/install/moonbot_custom_interfaces/include/moonbot_custom_interfaces/msg/rosidl_generator_cpp__visibility_control.hpp
-- Up-to-date: /home/leibton/ros2_ws/src/install/moonbot_custom_interfaces/include/moonbot_custom_interfaces/srv
-- Installing: /home/leibton/ros2_ws/src/install/moonbot_custom_interfaces/include/moonbot_custom_interfaces/srv/get_position.hpp
-- Up-to-date: /home/leibton/ros2_ws/src/install/moonbot_custom_interfaces/include/moonbot_custom_interfaces/srv/detail
-- Installing: /home/leibton/ros2_ws/src/install/moonbot_custom_interfaces/include/moonbot_custom_interfaces/srv/detail/get_position__builder.hpp
-- Installing: /home/leibton/ros2_ws/src/install/moonbot_custom_interfaces/include/moonbot_custom_interfaces/srv/detail/get_position__struct.hpp
-- Installing: /home/leibton/ros2_ws/src/install/moonbot_custom_interfaces/include/moonbot_custom_interfaces/srv/detail/get_position__type_support.hpp
-- Installing: /home/leibton/ros2_ws/src/install/moonbot_custom_interfaces/include/moonbot_custom_interfaces/srv/detail/get_position__traits.hpp
-- Up-to-date: /home/leibton/ros2_ws/src/install/moonbot_custom_interfaces/include/moonbot_custom_interfaces
-- Up-to-date: /home/leibton/ros2_ws/src/install/moonbot_custom_interfaces/include/moonbot_custom_interfaces/msg
-- Up-to-date: /home/leibton/ros2_ws/src/install/moonbot_custom_interfaces/include/moonbot_custom_interfaces/msg/detail
-- Installing: /home/leibton/ros2_ws/src/install/moonbot_custom_interfaces/include/moonbot_custom_interfaces/msg/detail/joint_angles__rosidl_typesupport_introspection_cpp.hpp
-- Installing: /home/leibton/ros2_ws/src/install/moonbot_custom_interfaces/include/moonbot_custom_interfaces/msg/detail/joint_angles__type_support.cpp
-- Installing: /home/leibton/ros2_ws/src/install/moonbot_custom_interfaces/include/moonbot_custom_interfaces/msg/detail/set_position__rosidl_typesupport_introspection_cpp.hpp
-- Installing: /home/leibton/ros2_ws/src/install/moonbot_custom_interfaces/include/moonbot_custom_interfaces/msg/detail/set_position__type_support.cpp
-- Up-to-date: /home/leibton/ros2_ws/src/install/moonbot_custom_interfaces/include/moonbot_custom_interfaces/srv
-- Up-to-date: /home/leibton/ros2_ws/src/install/moonbot_custom_interfaces/include/moonbot_custom_interfaces/srv/detail
-- Installing: /home/leibton/ros2_ws/src/install/moonbot_custom_interfaces/include/moonbot_custom_interfaces/srv/detail/get_position__rosidl_typesupport_introspection_cpp.hpp
-- Installing: /home/leibton/ros2_ws/src/install/moonbot_custom_interfaces/include/moonbot_custom_interfaces/srv/detail/get_position__type_support.cpp
-- Installing: /home/leibton/ros2_ws/src/install/moonbot_custom_interfaces/lib/libmoonbot_custom_interfaces__rosidl_typesupport_introspection_cpp.so
-- Set runtime path of "/home/leibton/ros2_ws/src/install/moonbot_custom_interfaces/lib/libmoonbot_custom_interfaces__rosidl_typesupport_introspection_cpp.so" to ""
-- Installing: /home/leibton/ros2_ws/src/install/moonbot_custom_interfaces/lib/libmoonbot_custom_interfaces__rosidl_typesupport_cpp.so
-- Set runtime path of "/home/leibton/ros2_ws/src/install/moonbot_custom_interfaces/lib/libmoonbot_custom_interfaces__rosidl_typesupport_cpp.so" to ""
-- Installing: /home/leibton/ros2_ws/src/install/moonbot_custom_interfaces/share/moonbot_custom_interfaces/environment/pythonpath.sh
-- Installing: /home/leibton/ros2_ws/src/install/moonbot_custom_interfaces/share/moonbot_custom_interfaces/environment/pythonpath.dsv
-- Installing: /home/leibton/ros2_ws/src/install/moonbot_custom_interfaces/lib/python3.8/site-packages/moonbot_custom_interfaces/__init__.py
Compiling '/home/leibton/ros2_ws/src/install/moonbot_custom_interfaces/lib/python3.8/site-packages/moonbot_custom_interfaces/__init__.py'...
-- Installing: /home/leibton/ros2_ws/src/install/moonbot_custom_interfaces/lib/python3.8/site-packages/moonbot_custom_interfaces/msg
-- Installing: /home/leibton/ros2_ws/src/install/moonbot_custom_interfaces/lib/python3.8/site-packages/moonbot_custom_interfaces/msg/_set_position_s.c
-- Installing: /home/leibton/ros2_ws/src/install/moonbot_custom_interfaces/lib/python3.8/site-packages/moonbot_custom_interfaces/msg/__init__.py
-- Installing: /home/leibton/ros2_ws/src/install/moonbot_custom_interfaces/lib/python3.8/site-packages/moonbot_custom_interfaces/msg/_set_position.py
-- Installing: /home/leibton/ros2_ws/src/install/moonbot_custom_interfaces/lib/python3.8/site-packages/moonbot_custom_interfaces/msg/_joint_angles.py
-- Installing: /home/leibton/ros2_ws/src/install/moonbot_custom_interfaces/lib/python3.8/site-packages/moonbot_custom_interfaces/msg/_joint_angles_s.c
-- Installing: /home/leibton/ros2_ws/src/install/moonbot_custom_interfaces/lib/python3.8/site-packages/moonbot_custom_interfaces/srv
-- Installing: /home/leibton/ros2_ws/src/install/moonbot_custom_interfaces/lib/python3.8/site-packages/moonbot_custom_interfaces/srv/__init__.py
-- Installing: /home/leibton/ros2_ws/src/install/moonbot_custom_interfaces/lib/python3.8/site-packages/moonbot_custom_interfaces/srv/_get_position_s.c
-- Installing: /home/leibton/ros2_ws/src/install/moonbot_custom_interfaces/lib/python3.8/site-packages/moonbot_custom_interfaces/srv/_get_position.py
-- Installing: /home/leibton/ros2_ws/src/install/moonbot_custom_interfaces/lib/python3.8/site-packages/moonbot_custom_interfaces/moonbot_custom_interfaces_s__rosidl_typesupport_fastrtps_c.cpython-38-x86_64-linux-gnu.so
-- Set runtime path of "/home/leibton/ros2_ws/src/install/moonbot_custom_interfaces/lib/python3.8/site-packages/moonbot_custom_interfaces/moonbot_custom_interfaces_s__rosidl_typesupport_fastrtps_c.cpython-38-x86_64-linux-gnu.so" to ""
-- Installing: /home/leibton/ros2_ws/src/install/moonbot_custom_interfaces/lib/python3.8/site-packages/moonbot_custom_interfaces/moonbot_custom_interfaces_s__rosidl_typesupport_introspection_c.cpython-38-x86_64-linux-gnu.so
-- Set runtime path of "/home/leibton/ros2_ws/src/install/moonbot_custom_interfaces/lib/python3.8/site-packages/moonbot_custom_interfaces/moonbot_custom_interfaces_s__rosidl_typesupport_introspection_c.cpython-38-x86_64-linux-gnu.so" to ""
-- Installing: /home/leibton/ros2_ws/src/install/moonbot_custom_interfaces/lib/python3.8/site-packages/moonbot_custom_interfaces/moonbot_custom_interfaces_s__rosidl_typesupport_c.cpython-38-x86_64-linux-gnu.so
-- Set runtime path of "/home/leibton/ros2_ws/src/install/moonbot_custom_interfaces/lib/python3.8/site-packages/moonbot_custom_interfaces/moonbot_custom_interfaces_s__rosidl_typesupport_c.cpython-38-x86_64-linux-gnu.so" to ""
-- Installing: /home/leibton/ros2_ws/src/install/moonbot_custom_interfaces/lib/libmoonbot_custom_interfaces__python.so
-- Set runtime path of "/home/leibton/ros2_ws/src/install/moonbot_custom_interfaces/lib/libmoonbot_custom_interfaces__python.so" to ""
-- Installing: /home/leibton/ros2_ws/src/install/moonbot_custom_interfaces/share/moonbot_custom_interfaces/msg/SetPosition.idl
-- Installing: /home/leibton/ros2_ws/src/install/moonbot_custom_interfaces/share/moonbot_custom_interfaces/msg/JointAngles.idl
-- Installing: /home/leibton/ros2_ws/src/install/moonbot_custom_interfaces/share/moonbot_custom_interfaces/srv/GetPosition.idl
-- Installing: /home/leibton/ros2_ws/src/install/moonbot_custom_interfaces/share/moonbot_custom_interfaces/msg/SetPosition.msg
-- Installing: /home/leibton/ros2_ws/src/install/moonbot_custom_interfaces/share/moonbot_custom_interfaces/msg/JointAngles.msg
-- Installing: /home/leibton/ros2_ws/src/install/moonbot_custom_interfaces/share/moonbot_custom_interfaces/srv/GetPosition.srv
-- Installing: /home/leibton/ros2_ws/src/install/moonbot_custom_interfaces/share/moonbot_custom_interfaces/srv/GetPosition_Request.msg
-- Installing: /home/leibton/ros2_ws/src/install/moonbot_custom_interfaces/share/moonbot_custom_interfaces/srv/GetPosition_Response.msg
-- Installing: /home/leibton/ros2_ws/src/install/moonbot_custom_interfaces/share/ament_index/resource_index/package_run_dependencies/moonbot_custom_interfaces
-- Installing: /home/leibton/ros2_ws/src/install/moonbot_custom_interfaces/share/ament_index/resource_index/parent_prefix_path/moonbot_custom_interfaces
-- Installing: /home/leibton/ros2_ws/src/install/moonbot_custom_interfaces/share/moonbot_custom_interfaces/environment/ament_prefix_path.sh
-- Installing: /home/leibton/ros2_ws/src/install/moonbot_custom_interfaces/share/moonbot_custom_interfaces/environment/ament_prefix_path.dsv
-- Installing: /home/leibton/ros2_ws/src/install/moonbot_custom_interfaces/share/moonbot_custom_interfaces/environment/path.sh
-- Installing: /home/leibton/ros2_ws/src/install/moonbot_custom_interfaces/share/moonbot_custom_interfaces/environment/path.dsv
-- Installing: /home/leibton/ros2_ws/src/install/moonbot_custom_interfaces/share/moonbot_custom_interfaces/local_setup.bash
-- Installing: /home/leibton/ros2_ws/src/install/moonbot_custom_interfaces/share/moonbot_custom_interfaces/local_setup.sh
-- Installing: /home/leibton/ros2_ws/src/install/moonbot_custom_interfaces/share/moonbot_custom_interfaces/local_setup.zsh
-- Installing: /home/leibton/ros2_ws/src/install/moonbot_custom_interfaces/share/moonbot_custom_interfaces/local_setup.dsv
-- Installing: /home/leibton/ros2_ws/src/install/moonbot_custom_interfaces/share/moonbot_custom_interfaces/package.dsv
-- Installing: /home/leibton/ros2_ws/src/install/moonbot_custom_interfaces/share/ament_index/resource_index/packages/moonbot_custom_interfaces
-- Installing: /home/leibton/ros2_ws/src/install/moonbot_custom_interfaces/share/moonbot_custom_interfaces/cmake/moonbot_custom_interfaces__rosidl_generator_cExport.cmake
-- Installing: /home/leibton/ros2_ws/src/install/moonbot_custom_interfaces/share/moonbot_custom_interfaces/cmake/moonbot_custom_interfaces__rosidl_generator_cExport-noconfig.cmake
-- Installing: /home/leibton/ros2_ws/src/install/moonbot_custom_interfaces/share/moonbot_custom_interfaces/cmake/moonbot_custom_interfaces__rosidl_typesupport_introspection_cExport.cmake
-- Installing: /home/leibton/ros2_ws/src/install/moonbot_custom_interfaces/share/moonbot_custom_interfaces/cmake/moonbot_custom_interfaces__rosidl_typesupport_introspection_cExport-noconfig.cmake
-- Installing: /home/leibton/ros2_ws/src/install/moonbot_custom_interfaces/share/moonbot_custom_interfaces/cmake/moonbot_custom_interfaces__rosidl_typesupport_cExport.cmake
-- Installing: /home/leibton/ros2_ws/src/install/moonbot_custom_interfaces/share/moonbot_custom_interfaces/cmake/moonbot_custom_interfaces__rosidl_typesupport_cExport-noconfig.cmake
-- Installing: /home/leibton/ros2_ws/src/install/moonbot_custom_interfaces/share/moonbot_custom_interfaces/cmake/moonbot_custom_interfaces__rosidl_generator_cppExport.cmake
-- Installing: /home/leibton/ros2_ws/src/install/moonbot_custom_interfaces/share/moonbot_custom_interfaces/cmake/moonbot_custom_interfaces__rosidl_typesupport_introspection_cppExport.cmake
-- Installing: /home/leibton/ros2_ws/src/install/moonbot_custom_interfaces/share/moonbot_custom_interfaces/cmake/moonbot_custom_interfaces__rosidl_typesupport_introspection_cppExport-noconfig.cmake
-- Installing: /home/leibton/ros2_ws/src/install/moonbot_custom_interfaces/share/moonbot_custom_interfaces/cmake/moonbot_custom_interfaces__rosidl_typesupport_cppExport.cmake
-- Installing: /home/leibton/ros2_ws/src/install/moonbot_custom_interfaces/share/moonbot_custom_interfaces/cmake/moonbot_custom_interfaces__rosidl_typesupport_cppExport-noconfig.cmake
-- Installing: /home/leibton/ros2_ws/src/install/moonbot_custom_interfaces/share/moonbot_custom_interfaces/cmake/rosidl_cmake-extras.cmake
-- Installing: /home/leibton/ros2_ws/src/install/moonbot_custom_interfaces/share/moonbot_custom_interfaces/cmake/ament_cmake_export_dependencies-extras.cmake
-- Installing: /home/leibton/ros2_ws/src/install/moonbot_custom_interfaces/share/moonbot_custom_interfaces/cmake/ament_cmake_export_libraries-extras.cmake
-- Installing: /home/leibton/ros2_ws/src/install/moonbot_custom_interfaces/share/moonbot_custom_interfaces/cmake/ament_cmake_export_targets-extras.cmake
-- Installing: /home/leibton/ros2_ws/src/install/moonbot_custom_interfaces/share/moonbot_custom_interfaces/cmake/ament_cmake_export_include_directories-extras.cmake
-- Installing: /home/leibton/ros2_ws/src/install/moonbot_custom_interfaces/share/moonbot_custom_interfaces/cmake/rosidl_cmake_export_typesupport_libraries-extras.cmake
-- Installing: /home/leibton/ros2_ws/src/install/moonbot_custom_interfaces/share/moonbot_custom_interfaces/cmake/rosidl_cmake_export_typesupport_targets-extras.cmake
-- Installing: /home/leibton/ros2_ws/src/install/moonbot_custom_interfaces/share/moonbot_custom_interfaces/cmake/moonbot_custom_interfacesConfig.cmake
-- Installing: /home/leibton/ros2_ws/src/install/moonbot_custom_interfaces/share/moonbot_custom_interfaces/cmake/moonbot_custom_interfacesConfig-version.cmake
-- Installing: /home/leibton/ros2_ws/src/install/moonbot_custom_interfaces/share/moonbot_custom_interfaces/package.xml
