[0.031s] Invoking command in '/home/leibton/ros2_ws/src/build/moonbot_custom_interfaces': CMAKE_PREFIX_PATH=${CMAKE_PREFIX_PATH}:/home/leibton/ros2_ws/src/install/trial:/home/leibton/ros2_ws/src/install/moonbot:/opt/ros/foxy /usr/bin/cmake /home/leibton/ros2_ws/src/moonbot_custom_interfaces -DCMAKE_INSTALL_PREFIX=/home/leibton/ros2_ws/src/install/moonbot_custom_interfaces
[0.099s] -- The C compiler identification is GNU 9.4.0
[0.155s] -- The CXX compiler identification is GNU 9.4.0
[0.160s] -- Check for working C compiler: /usr/bin/cc
[0.216s] -- Check for working C compiler: /usr/bin/cc -- works
[0.217s] -- Detecting C compiler ABI info
[0.280s] -- Detecting C compiler ABI info - done
[0.293s] -- Detecting C compile features
[0.293s] -- Detecting C compile features - done
[0.296s] -- Check for working CXX compiler: /usr/bin/c++
[0.358s] -- Check for working CXX compiler: /usr/bin/c++ -- works
[0.358s] -- Detecting CXX compiler ABI info
[0.421s] -- Detecting CXX compiler ABI info - done
[0.429s] -- Detecting CXX compile features
[0.430s] -- Detecting CXX compile features - done
[0.432s] -- Found ament_cmake: 0.9.12 (/opt/ros/foxy/share/ament_cmake/cmake)
[0.457s] -- Found PythonInterp: /usr/bin/python3 (found suitable version "3.8.10", minimum required is "3") 
[0.457s] -- Using PYTHON_EXECUTABLE: /usr/bin/python3
[0.671s] -- Found rclcpp: 2.4.3 (/opt/ros/foxy/share/rclcpp/cmake)
[0.704s] -- Using all available rosidl_typesupport_c: rosidl_typesupport_fastrtps_c;rosidl_typesupport_introspection_c
[0.709s] -- Found rosidl_adapter: 1.3.1 (/opt/ros/foxy/share/rosidl_adapter/cmake)
[0.762s] -- Found OpenSSL: /usr/lib/x86_64-linux-gnu/libcrypto.so (found version "1.1.1f")  
[0.785s] -- Found FastRTPS: /opt/ros/foxy/include  
[0.846s] -- Using all available rosidl_typesupport_cpp: rosidl_typesupport_fastrtps_cpp;rosidl_typesupport_introspection_cpp
[0.900s] -- Found rmw_implementation_cmake: 1.0.4 (/opt/ros/foxy/share/rmw_implementation_cmake/cmake)
[0.901s] -- Using RMW implementation 'rmw_fastrtps_cpp' as default
[0.902s] -- Looking for pthread.h
[0.958s] -- Looking for pthread.h - found
[0.958s] -- Performing Test CMAKE_HAVE_LIBC_PTHREAD
[1.019s] -- Performing Test CMAKE_HAVE_LIBC_PTHREAD - Failed
[1.020s] -- Looking for pthread_create in pthreads
[1.092s] -- Looking for pthread_create in pthreads - not found
[1.093s] -- Looking for pthread_create in pthread
[1.195s] -- Looking for pthread_create in pthread - found
[1.196s] -- Found Threads: TRUE  
[1.343s] -- Found rosidl_default_generators: 1.0.1 (/opt/ros/foxy/share/rosidl_default_generators/cmake)
[1.353s] -- Found ament_lint_auto: 0.9.8 (/opt/ros/foxy/share/ament_lint_auto/cmake)
[1.475s] -- Found PythonInterp: /usr/bin/python3 (found version "3.8.10") 
[1.566s] -- Found ament_cmake_ros: 0.9.2 (/opt/ros/foxy/share/ament_cmake_ros/cmake)
[1.686s] -- Using all available rosidl_typesupport_c: rosidl_typesupport_fastrtps_c;rosidl_typesupport_introspection_c
[1.695s] -- Using all available rosidl_typesupport_cpp: rosidl_typesupport_fastrtps_cpp;rosidl_typesupport_introspection_cpp
[1.728s] -- Found PythonInterp: /usr/bin/python3 (found suitable version "3.8.10", minimum required is "3.5") 
[1.729s] -- Found python_cmake_module: 0.8.1 (/opt/ros/foxy/share/python_cmake_module/cmake)
[1.760s] -- Found PythonLibs: /usr/lib/x86_64-linux-gnu/libpython3.8.so (found suitable version "3.8.10", minimum required is "3.5") 
[1.760s] -- Using PYTHON_EXECUTABLE: /usr/bin/python3
[1.760s] -- Using PYTHON_INCLUDE_DIRS: /usr/include/python3.8
[1.761s] -- Using PYTHON_LIBRARIES: /usr/lib/x86_64-linux-gnu/libpython3.8.so
[1.789s] -- Found PythonExtra: .so  
[1.836s] -- Added test 'copyright' to check source files copyright and LICENSE
[1.845s] -- Added test 'lint_cmake' to check CMake code style
[1.845s] -- Added test 'xmllint' to check XML markup files
[1.853s] -- Configuring done
[1.875s] -- Generating done
[1.877s] -- Build files have been written to: /home/leibton/ros2_ws/src/build/moonbot_custom_interfaces
[1.893s] Invoked command in '/home/leibton/ros2_ws/src/build/moonbot_custom_interfaces' returned '0': CMAKE_PREFIX_PATH=${CMAKE_PREFIX_PATH}:/home/leibton/ros2_ws/src/install/trial:/home/leibton/ros2_ws/src/install/moonbot:/opt/ros/foxy /usr/bin/cmake /home/leibton/ros2_ws/src/moonbot_custom_interfaces -DCMAKE_INSTALL_PREFIX=/home/leibton/ros2_ws/src/install/moonbot_custom_interfaces
[1.895s] Invoking command in '/home/leibton/ros2_ws/src/build/moonbot_custom_interfaces': CMAKE_PREFIX_PATH=${CMAKE_PREFIX_PATH}:/home/leibton/ros2_ws/src/install/trial:/home/leibton/ros2_ws/src/install/moonbot:/opt/ros/foxy /usr/bin/cmake --build /home/leibton/ros2_ws/src/build/moonbot_custom_interfaces -- -j12 -l12
[1.924s] [35m[1mScanning dependencies of target moonbot_custom_interfaces__cpp[0m
[1.926s] [  2%] [34m[1mGenerating C code for ROS interfaces[0m
[1.931s] [  4%] [34m[1mGenerating C++ code for ROS interfaces[0m
[2.247s] [  4%] Built target moonbot_custom_interfaces__cpp
[2.258s] [ 10%] [34m[1mGenerating C++ type support dispatch for ROS interfaces[0m
[2.258s] [ 10%] [34m[1mGenerating C++ type support for eProsima Fast-RTPS[0m
[2.258s] [ 10%] [34m[1mGenerating C++ introspection for ROS interfaces[0m
[2.405s] [35m[1mScanning dependencies of target moonbot_custom_interfaces__rosidl_generator_c[0m
[2.426s] [ 12%] [32mBuilding C object CMakeFiles/moonbot_custom_interfaces__rosidl_generator_c.dir/rosidl_generator_c/moonbot_custom_interfaces/srv/detail/get_position__functions.c.o[0m
[2.430s] [ 14%] [32mBuilding C object CMakeFiles/moonbot_custom_interfaces__rosidl_generator_c.dir/rosidl_generator_c/moonbot_custom_interfaces/msg/detail/joint_angles__functions.c.o[0m
[2.431s] [ 17%] [32mBuilding C object CMakeFiles/moonbot_custom_interfaces__rosidl_generator_c.dir/rosidl_generator_c/moonbot_custom_interfaces/msg/detail/set_position__functions.c.o[0m
[2.504s] [ 19%] [32m[1mLinking C shared library libmoonbot_custom_interfaces__rosidl_generator_c.so[0m
[2.556s] [ 19%] Built target moonbot_custom_interfaces__rosidl_generator_c
[2.569s] [ 23%] [34m[1mGenerating C type support dispatch for ROS interfaces[0m
[2.569s] [ 23%] [34m[1mGenerating C introspection for ROS interfaces[0m
[2.682s] [35m[1mScanning dependencies of target moonbot_custom_interfaces__rosidl_typesupport_cpp[0m
[2.697s] [35m[1mScanning dependencies of target moonbot_custom_interfaces__rosidl_typesupport_fastrtps_cpp[0m
[2.723s] [ 25%] [32mBuilding CXX object CMakeFiles/moonbot_custom_interfaces__rosidl_typesupport_cpp.dir/rosidl_typesupport_cpp/moonbot_custom_interfaces/msg/joint_angles__type_support.cpp.o[0m
[2.735s] [ 27%] [32mBuilding CXX object CMakeFiles/moonbot_custom_interfaces__rosidl_typesupport_cpp.dir/rosidl_typesupport_cpp/moonbot_custom_interfaces/msg/set_position__type_support.cpp.o[0m
[2.735s] [ 29%] [32mBuilding CXX object CMakeFiles/moonbot_custom_interfaces__rosidl_typesupport_cpp.dir/rosidl_typesupport_cpp/moonbot_custom_interfaces/srv/get_position__type_support.cpp.o[0m
[2.765s] [ 31%] [32mBuilding CXX object CMakeFiles/moonbot_custom_interfaces__rosidl_typesupport_fastrtps_cpp.dir/rosidl_typesupport_fastrtps_cpp/moonbot_custom_interfaces/msg/detail/dds_fastrtps/set_position__type_support.cpp.o[0m
[2.783s] [35m[1mScanning dependencies of target moonbot_custom_interfaces__rosidl_typesupport_introspection_cpp[0m
[2.792s] [ 34%] [32mBuilding CXX object CMakeFiles/moonbot_custom_interfaces__rosidl_typesupport_fastrtps_cpp.dir/rosidl_typesupport_fastrtps_cpp/moonbot_custom_interfaces/srv/detail/dds_fastrtps/get_position__type_support.cpp.o[0m
[2.803s] [ 36%] [32mBuilding CXX object CMakeFiles/moonbot_custom_interfaces__rosidl_typesupport_fastrtps_cpp.dir/rosidl_typesupport_fastrtps_cpp/moonbot_custom_interfaces/msg/detail/dds_fastrtps/joint_angles__type_support.cpp.o[0m
[2.862s] [ 38%] [32mBuilding CXX object CMakeFiles/moonbot_custom_interfaces__rosidl_typesupport_introspection_cpp.dir/rosidl_typesupport_introspection_cpp/moonbot_custom_interfaces/srv/detail/get_position__type_support.cpp.o[0m
[2.873s] [ 40%] [32mBuilding CXX object CMakeFiles/moonbot_custom_interfaces__rosidl_typesupport_introspection_cpp.dir/rosidl_typesupport_introspection_cpp/moonbot_custom_interfaces/msg/detail/joint_angles__type_support.cpp.o[0m
[2.881s] [ 42%] [32mBuilding CXX object CMakeFiles/moonbot_custom_interfaces__rosidl_typesupport_introspection_cpp.dir/rosidl_typesupport_introspection_cpp/moonbot_custom_interfaces/msg/detail/set_position__type_support.cpp.o[0m
[3.087s] [35m[1mScanning dependencies of target moonbot_custom_interfaces__rosidl_typesupport_c[0m
[3.154s] [ 44%] [32mBuilding CXX object CMakeFiles/moonbot_custom_interfaces__rosidl_typesupport_c.dir/rosidl_typesupport_c/moonbot_custom_interfaces/msg/set_position__type_support.cpp.o[0m
[3.175s] [ 46%] [32mBuilding CXX object CMakeFiles/moonbot_custom_interfaces__rosidl_typesupport_c.dir/rosidl_typesupport_c/moonbot_custom_interfaces/msg/joint_angles__type_support.cpp.o[0m
[3.283s] [ 48%] [32mBuilding CXX object CMakeFiles/moonbot_custom_interfaces__rosidl_typesupport_c.dir/rosidl_typesupport_c/moonbot_custom_interfaces/srv/get_position__type_support.cpp.o[0m
[3.416s] [ 51%] [32m[1mLinking CXX shared library libmoonbot_custom_interfaces__rosidl_typesupport_c.so[0m
[3.498s] [ 51%] Built target moonbot_custom_interfaces__rosidl_typesupport_c
[3.518s] [ 55%] [32m[1mLinking CXX shared library libmoonbot_custom_interfaces__rosidl_typesupport_cpp.so[0m
[3.519s] [ 55%] [32m[1mLinking CXX shared library libmoonbot_custom_interfaces__rosidl_typesupport_introspection_cpp.so[0m
[3.535s] [35m[1mScanning dependencies of target moonbot_custom_interfaces__rosidl_typesupport_introspection_c[0m
[3.545s] [ 57%] [32mBuilding C object CMakeFiles/moonbot_custom_interfaces__rosidl_typesupport_introspection_c.dir/rosidl_typesupport_introspection_c/moonbot_custom_interfaces/msg/detail/set_position__type_support.c.o[0m
[3.551s] [ 59%] [32mBuilding C object CMakeFiles/moonbot_custom_interfaces__rosidl_typesupport_introspection_c.dir/rosidl_typesupport_introspection_c/moonbot_custom_interfaces/srv/detail/get_position__type_support.c.o[0m
[3.558s] [ 61%] [32mBuilding C object CMakeFiles/moonbot_custom_interfaces__rosidl_typesupport_introspection_c.dir/rosidl_typesupport_introspection_c/moonbot_custom_interfaces/msg/detail/joint_angles__type_support.c.o[0m
[3.577s] [ 61%] Built target moonbot_custom_interfaces__rosidl_typesupport_cpp
[3.577s] [ 61%] Built target moonbot_custom_interfaces__rosidl_typesupport_introspection_cpp
[3.595s] [ 63%] [32m[1mLinking C shared library libmoonbot_custom_interfaces__rosidl_typesupport_introspection_c.so[0m
[3.623s] [ 63%] Built target moonbot_custom_interfaces__rosidl_typesupport_introspection_c
[3.724s] [ 65%] [32m[1mLinking CXX shared library libmoonbot_custom_interfaces__rosidl_typesupport_fastrtps_cpp.so[0m
[3.786s] [ 65%] Built target moonbot_custom_interfaces__rosidl_typesupport_fastrtps_cpp
[3.792s] [ 68%] [34m[1mGenerating C type support for eProsima Fast-RTPS[0m
[4.036s] [35m[1mScanning dependencies of target moonbot_custom_interfaces__rosidl_typesupport_fastrtps_c[0m
[4.053s] [ 72%] [32mBuilding CXX object CMakeFiles/moonbot_custom_interfaces__rosidl_typesupport_fastrtps_c.dir/rosidl_typesupport_fastrtps_c/moonbot_custom_interfaces/srv/detail/get_position__type_support_c.cpp.o[0m
[4.053s] [ 72%] [32mBuilding CXX object CMakeFiles/moonbot_custom_interfaces__rosidl_typesupport_fastrtps_c.dir/rosidl_typesupport_fastrtps_c/moonbot_custom_interfaces/msg/detail/joint_angles__type_support_c.cpp.o[0m
[4.061s] [ 74%] [32mBuilding CXX object CMakeFiles/moonbot_custom_interfaces__rosidl_typesupport_fastrtps_c.dir/rosidl_typesupport_fastrtps_c/moonbot_custom_interfaces/msg/detail/set_position__type_support_c.cpp.o[0m
[4.431s] [ 76%] [32m[1mLinking CXX shared library libmoonbot_custom_interfaces__rosidl_typesupport_fastrtps_c.so[0m
[4.492s] [ 76%] Built target moonbot_custom_interfaces__rosidl_typesupport_fastrtps_c
[4.499s] [35m[1mScanning dependencies of target moonbot_custom_interfaces[0m
[4.506s] [ 76%] Built target moonbot_custom_interfaces
[4.514s] [35m[1mScanning dependencies of target moonbot_custom_interfaces__py[0m
[4.521s] [ 78%] [34m[1mGenerating Python code for ROS interfaces[0m
[5.016s] [ 78%] Built target moonbot_custom_interfaces__py
[5.025s] [35m[1mScanning dependencies of target moonbot_custom_interfaces__python[0m
[5.046s] [ 85%] [32mBuilding C object CMakeFiles/moonbot_custom_interfaces__python.dir/rosidl_generator_py/moonbot_custom_interfaces/msg/_set_position_s.c.o[0m
[5.047s] [ 85%] [32mBuilding C object CMakeFiles/moonbot_custom_interfaces__python.dir/rosidl_generator_py/moonbot_custom_interfaces/msg/_joint_angles_s.c.o[0m
[5.047s] [ 85%] [32mBuilding C object CMakeFiles/moonbot_custom_interfaces__python.dir/rosidl_generator_py/moonbot_custom_interfaces/srv/_get_position_s.c.o[0m
[5.148s] [ 87%] [32m[1mLinking C shared library rosidl_generator_py/moonbot_custom_interfaces/libmoonbot_custom_interfaces__python.so[0m
[5.175s] [ 87%] Built target moonbot_custom_interfaces__python
[5.190s] [35m[1mScanning dependencies of target moonbot_custom_interfaces__rosidl_typesupport_c__pyext[0m
[5.190s] [35m[1mScanning dependencies of target moonbot_custom_interfaces__rosidl_typesupport_introspection_c__pyext[0m
[5.190s] [35m[1mScanning dependencies of target moonbot_custom_interfaces__rosidl_typesupport_fastrtps_c__pyext[0m
[5.201s] [ 91%] [32mBuilding C object CMakeFiles/moonbot_custom_interfaces__rosidl_typesupport_c__pyext.dir/rosidl_generator_py/moonbot_custom_interfaces/_moonbot_custom_interfaces_s.ep.rosidl_typesupport_c.c.o[0m
[5.201s] [ 93%] [32mBuilding C object CMakeFiles/moonbot_custom_interfaces__rosidl_typesupport_fastrtps_c__pyext.dir/rosidl_generator_py/moonbot_custom_interfaces/_moonbot_custom_interfaces_s.ep.rosidl_typesupport_fastrtps_c.c.o[0m
[5.201s] [ 93%] [32mBuilding C object CMakeFiles/moonbot_custom_interfaces__rosidl_typesupport_introspection_c__pyext.dir/rosidl_generator_py/moonbot_custom_interfaces/_moonbot_custom_interfaces_s.ep.rosidl_typesupport_introspection_c.c.o[0m
[5.276s] [ 95%] [32m[1mLinking C shared library rosidl_generator_py/moonbot_custom_interfaces/moonbot_custom_interfaces_s__rosidl_typesupport_c.cpython-38-x86_64-linux-gnu.so[0m
[5.276s] [ 97%] [32m[1mLinking C shared library rosidl_generator_py/moonbot_custom_interfaces/moonbot_custom_interfaces_s__rosidl_typesupport_introspection_c.cpython-38-x86_64-linux-gnu.so[0m
[5.279s] [100%] [32m[1mLinking CXX shared library rosidl_generator_py/moonbot_custom_interfaces/moonbot_custom_interfaces_s__rosidl_typesupport_fastrtps_c.cpython-38-x86_64-linux-gnu.so[0m
[5.305s] [100%] Built target moonbot_custom_interfaces__rosidl_typesupport_c__pyext
[5.305s] [100%] Built target moonbot_custom_interfaces__rosidl_typesupport_introspection_c__pyext
[5.331s] [100%] Built target moonbot_custom_interfaces__rosidl_typesupport_fastrtps_c__pyext
[5.489s] Invoked command in '/home/leibton/ros2_ws/src/build/moonbot_custom_interfaces' returned '0': CMAKE_PREFIX_PATH=${CMAKE_PREFIX_PATH}:/home/leibton/ros2_ws/src/install/trial:/home/leibton/ros2_ws/src/install/moonbot:/opt/ros/foxy /usr/bin/cmake --build /home/leibton/ros2_ws/src/build/moonbot_custom_interfaces -- -j12 -l12
[5.539s] Invoking command in '/home/leibton/ros2_ws/src/build/moonbot_custom_interfaces': CMAKE_PREFIX_PATH=${CMAKE_PREFIX_PATH}:/home/leibton/ros2_ws/src/install/trial:/home/leibton/ros2_ws/src/install/moonbot:/opt/ros/foxy /usr/bin/cmake --install /home/leibton/ros2_ws/src/build/moonbot_custom_interfaces
[5.545s] -- Install configuration: ""
[5.545s] -- Installing: /home/leibton/ros2_ws/src/install/moonbot_custom_interfaces/share/ament_index/resource_index/rosidl_interfaces/moonbot_custom_interfaces
[5.545s] -- Installing: /home/leibton/ros2_ws/src/install/moonbot_custom_interfaces/include/moonbot_custom_interfaces
[5.545s] -- Installing: /home/leibton/ros2_ws/src/install/moonbot_custom_interfaces/include/moonbot_custom_interfaces/msg
[5.546s] -- Installing: /home/leibton/ros2_ws/src/install/moonbot_custom_interfaces/include/moonbot_custom_interfaces/msg/joint_angles.h
[5.546s] -- Installing: /home/leibton/ros2_ws/src/install/moonbot_custom_interfaces/include/moonbot_custom_interfaces/msg/set_position.h
[5.546s] -- Installing: /home/leibton/ros2_ws/src/install/moonbot_custom_interfaces/include/moonbot_custom_interfaces/msg/detail
[5.546s] -- Installing: /home/leibton/ros2_ws/src/install/moonbot_custom_interfaces/include/moonbot_custom_interfaces/msg/detail/set_position__functions.c
[5.546s] -- Installing: /home/leibton/ros2_ws/src/install/moonbot_custom_interfaces/include/moonbot_custom_interfaces/msg/detail/joint_angles__functions.h
[5.546s] -- Installing: /home/leibton/ros2_ws/src/install/moonbot_custom_interfaces/include/moonbot_custom_interfaces/msg/detail/joint_angles__functions.c
[5.546s] -- Installing: /home/leibton/ros2_ws/src/install/moonbot_custom_interfaces/include/moonbot_custom_interfaces/msg/detail/joint_angles__struct.h
[5.546s] -- Installing: /home/leibton/ros2_ws/src/install/moonbot_custom_interfaces/include/moonbot_custom_interfaces/msg/detail/set_position__struct.h
[5.546s] -- Installing: /home/leibton/ros2_ws/src/install/moonbot_custom_interfaces/include/moonbot_custom_interfaces/msg/detail/set_position__type_support.h
[5.547s] -- Installing: /home/leibton/ros2_ws/src/install/moonbot_custom_interfaces/include/moonbot_custom_interfaces/msg/detail/set_position__functions.h
[5.547s] -- Installing: /home/leibton/ros2_ws/src/install/moonbot_custom_interfaces/include/moonbot_custom_interfaces/msg/detail/joint_angles__type_support.h
[5.547s] -- Installing: /home/leibton/ros2_ws/src/install/moonbot_custom_interfaces/include/moonbot_custom_interfaces/msg/rosidl_generator_c__visibility_control.h
[5.547s] -- Installing: /home/leibton/ros2_ws/src/install/moonbot_custom_interfaces/include/moonbot_custom_interfaces/srv
[5.547s] -- Installing: /home/leibton/ros2_ws/src/install/moonbot_custom_interfaces/include/moonbot_custom_interfaces/srv/get_position.h
[5.547s] -- Installing: /home/leibton/ros2_ws/src/install/moonbot_custom_interfaces/include/moonbot_custom_interfaces/srv/detail
[5.547s] -- Installing: /home/leibton/ros2_ws/src/install/moonbot_custom_interfaces/include/moonbot_custom_interfaces/srv/detail/get_position__type_support.h
[5.547s] -- Installing: /home/leibton/ros2_ws/src/install/moonbot_custom_interfaces/include/moonbot_custom_interfaces/srv/detail/get_position__functions.c
[5.547s] -- Installing: /home/leibton/ros2_ws/src/install/moonbot_custom_interfaces/include/moonbot_custom_interfaces/srv/detail/get_position__functions.h
[5.547s] -- Installing: /home/leibton/ros2_ws/src/install/moonbot_custom_interfaces/include/moonbot_custom_interfaces/srv/detail/get_position__struct.h
[5.547s] -- Installing: /home/leibton/ros2_ws/src/install/moonbot_custom_interfaces/share/moonbot_custom_interfaces/environment/library_path.sh
[5.548s] -- Installing: /home/leibton/ros2_ws/src/install/moonbot_custom_interfaces/share/moonbot_custom_interfaces/environment/library_path.dsv
[5.548s] -- Installing: /home/leibton/ros2_ws/src/install/moonbot_custom_interfaces/lib/libmoonbot_custom_interfaces__rosidl_generator_c.so
[5.548s] -- Set runtime path of "/home/leibton/ros2_ws/src/install/moonbot_custom_interfaces/lib/libmoonbot_custom_interfaces__rosidl_generator_c.so" to ""
[5.548s] -- Up-to-date: /home/leibton/ros2_ws/src/install/moonbot_custom_interfaces/include/moonbot_custom_interfaces
[5.548s] -- Up-to-date: /home/leibton/ros2_ws/src/install/moonbot_custom_interfaces/include/moonbot_custom_interfaces/msg
[5.548s] -- Up-to-date: /home/leibton/ros2_ws/src/install/moonbot_custom_interfaces/include/moonbot_custom_interfaces/msg/detail
[5.548s] -- Installing: /home/leibton/ros2_ws/src/install/moonbot_custom_interfaces/include/moonbot_custom_interfaces/msg/detail/set_position__rosidl_typesupport_fastrtps_c.h
[5.548s] -- Installing: /home/leibton/ros2_ws/src/install/moonbot_custom_interfaces/include/moonbot_custom_interfaces/msg/detail/joint_angles__rosidl_typesupport_fastrtps_c.h
[5.548s] -- Installing: /home/leibton/ros2_ws/src/install/moonbot_custom_interfaces/include/moonbot_custom_interfaces/msg/rosidl_typesupport_fastrtps_c__visibility_control.h
[5.549s] -- Up-to-date: /home/leibton/ros2_ws/src/install/moonbot_custom_interfaces/include/moonbot_custom_interfaces/srv
[5.549s] -- Up-to-date: /home/leibton/ros2_ws/src/install/moonbot_custom_interfaces/include/moonbot_custom_interfaces/srv/detail
[5.549s] -- Installing: /home/leibton/ros2_ws/src/install/moonbot_custom_interfaces/include/moonbot_custom_interfaces/srv/detail/get_position__rosidl_typesupport_fastrtps_c.h
[5.549s] -- Installing: /home/leibton/ros2_ws/src/install/moonbot_custom_interfaces/lib/libmoonbot_custom_interfaces__rosidl_typesupport_fastrtps_c.so
[5.549s] -- Set runtime path of "/home/leibton/ros2_ws/src/install/moonbot_custom_interfaces/lib/libmoonbot_custom_interfaces__rosidl_typesupport_fastrtps_c.so" to ""
[5.549s] -- Up-to-date: /home/leibton/ros2_ws/src/install/moonbot_custom_interfaces/include/moonbot_custom_interfaces
[5.549s] -- Up-to-date: /home/leibton/ros2_ws/src/install/moonbot_custom_interfaces/include/moonbot_custom_interfaces/msg
[5.549s] -- Installing: /home/leibton/ros2_ws/src/install/moonbot_custom_interfaces/include/moonbot_custom_interfaces/msg/rosidl_typesupport_fastrtps_cpp__visibility_control.h
[5.549s] -- Up-to-date: /home/leibton/ros2_ws/src/install/moonbot_custom_interfaces/include/moonbot_custom_interfaces/msg/detail
[5.549s] -- Installing: /home/leibton/ros2_ws/src/install/moonbot_custom_interfaces/include/moonbot_custom_interfaces/msg/detail/joint_angles__rosidl_typesupport_fastrtps_cpp.hpp
[5.549s] -- Installing: /home/leibton/ros2_ws/src/install/moonbot_custom_interfaces/include/moonbot_custom_interfaces/msg/detail/set_position__rosidl_typesupport_fastrtps_cpp.hpp
[5.550s] -- Installing: /home/leibton/ros2_ws/src/install/moonbot_custom_interfaces/include/moonbot_custom_interfaces/msg/detail/dds_fastrtps
[5.550s] -- Up-to-date: /home/leibton/ros2_ws/src/install/moonbot_custom_interfaces/include/moonbot_custom_interfaces/srv
[5.550s] -- Up-to-date: /home/leibton/ros2_ws/src/install/moonbot_custom_interfaces/include/moonbot_custom_interfaces/srv/detail
[5.550s] -- Installing: /home/leibton/ros2_ws/src/install/moonbot_custom_interfaces/include/moonbot_custom_interfaces/srv/detail/get_position__rosidl_typesupport_fastrtps_cpp.hpp
[5.550s] -- Installing: /home/leibton/ros2_ws/src/install/moonbot_custom_interfaces/include/moonbot_custom_interfaces/srv/detail/dds_fastrtps
[5.550s] -- Installing: /home/leibton/ros2_ws/src/install/moonbot_custom_interfaces/lib/libmoonbot_custom_interfaces__rosidl_typesupport_fastrtps_cpp.so
[5.550s] -- Set runtime path of "/home/leibton/ros2_ws/src/install/moonbot_custom_interfaces/lib/libmoonbot_custom_interfaces__rosidl_typesupport_fastrtps_cpp.so" to ""
[5.550s] -- Up-to-date: /home/leibton/ros2_ws/src/install/moonbot_custom_interfaces/include/moonbot_custom_interfaces
[5.550s] -- Up-to-date: /home/leibton/ros2_ws/src/install/moonbot_custom_interfaces/include/moonbot_custom_interfaces/msg
[5.550s] -- Installing: /home/leibton/ros2_ws/src/install/moonbot_custom_interfaces/include/moonbot_custom_interfaces/msg/rosidl_typesupport_introspection_c__visibility_control.h
[5.551s] -- Up-to-date: /home/leibton/ros2_ws/src/install/moonbot_custom_interfaces/include/moonbot_custom_interfaces/msg/detail
[5.551s] -- Installing: /home/leibton/ros2_ws/src/install/moonbot_custom_interfaces/include/moonbot_custom_interfaces/msg/detail/set_position__rosidl_typesupport_introspection_c.h
[5.551s] -- Installing: /home/leibton/ros2_ws/src/install/moonbot_custom_interfaces/include/moonbot_custom_interfaces/msg/detail/joint_angles__rosidl_typesupport_introspection_c.h
[5.551s] -- Installing: /home/leibton/ros2_ws/src/install/moonbot_custom_interfaces/include/moonbot_custom_interfaces/msg/detail/set_position__type_support.c
[5.551s] -- Installing: /home/leibton/ros2_ws/src/install/moonbot_custom_interfaces/include/moonbot_custom_interfaces/msg/detail/joint_angles__type_support.c
[5.551s] -- Up-to-date: /home/leibton/ros2_ws/src/install/moonbot_custom_interfaces/include/moonbot_custom_interfaces/srv
[5.551s] -- Up-to-date: /home/leibton/ros2_ws/src/install/moonbot_custom_interfaces/include/moonbot_custom_interfaces/srv/detail
[5.551s] -- Installing: /home/leibton/ros2_ws/src/install/moonbot_custom_interfaces/include/moonbot_custom_interfaces/srv/detail/get_position__rosidl_typesupport_introspection_c.h
[5.551s] -- Installing: /home/leibton/ros2_ws/src/install/moonbot_custom_interfaces/include/moonbot_custom_interfaces/srv/detail/get_position__type_support.c
[5.552s] -- Installing: /home/leibton/ros2_ws/src/install/moonbot_custom_interfaces/lib/libmoonbot_custom_interfaces__rosidl_typesupport_introspection_c.so
[5.552s] -- Set runtime path of "/home/leibton/ros2_ws/src/install/moonbot_custom_interfaces/lib/libmoonbot_custom_interfaces__rosidl_typesupport_introspection_c.so" to ""
[5.552s] -- Installing: /home/leibton/ros2_ws/src/install/moonbot_custom_interfaces/lib/libmoonbot_custom_interfaces__rosidl_typesupport_c.so
[5.552s] -- Set runtime path of "/home/leibton/ros2_ws/src/install/moonbot_custom_interfaces/lib/libmoonbot_custom_interfaces__rosidl_typesupport_c.so" to ""
[5.552s] -- Up-to-date: /home/leibton/ros2_ws/src/install/moonbot_custom_interfaces/include/moonbot_custom_interfaces
[5.552s] -- Up-to-date: /home/leibton/ros2_ws/src/install/moonbot_custom_interfaces/include/moonbot_custom_interfaces/msg
[5.552s] -- Installing: /home/leibton/ros2_ws/src/install/moonbot_custom_interfaces/include/moonbot_custom_interfaces/msg/joint_angles.hpp
[5.552s] -- Installing: /home/leibton/ros2_ws/src/install/moonbot_custom_interfaces/include/moonbot_custom_interfaces/msg/set_position.hpp
[5.552s] -- Up-to-date: /home/leibton/ros2_ws/src/install/moonbot_custom_interfaces/include/moonbot_custom_interfaces/msg/detail
[5.552s] -- Installing: /home/leibton/ros2_ws/src/install/moonbot_custom_interfaces/include/moonbot_custom_interfaces/msg/detail/set_position__type_support.hpp
[5.552s] -- Installing: /home/leibton/ros2_ws/src/install/moonbot_custom_interfaces/include/moonbot_custom_interfaces/msg/detail/set_position__traits.hpp
[5.553s] -- Installing: /home/leibton/ros2_ws/src/install/moonbot_custom_interfaces/include/moonbot_custom_interfaces/msg/detail/set_position__struct.hpp
[5.553s] -- Installing: /home/leibton/ros2_ws/src/install/moonbot_custom_interfaces/include/moonbot_custom_interfaces/msg/detail/joint_angles__traits.hpp
[5.553s] -- Installing: /home/leibton/ros2_ws/src/install/moonbot_custom_interfaces/include/moonbot_custom_interfaces/msg/detail/joint_angles__builder.hpp
[5.553s] -- Installing: /home/leibton/ros2_ws/src/install/moonbot_custom_interfaces/include/moonbot_custom_interfaces/msg/detail/set_position__builder.hpp
[5.553s] -- Installing: /home/leibton/ros2_ws/src/install/moonbot_custom_interfaces/include/moonbot_custom_interfaces/msg/detail/joint_angles__struct.hpp
[5.553s] -- Installing: /home/leibton/ros2_ws/src/install/moonbot_custom_interfaces/include/moonbot_custom_interfaces/msg/detail/joint_angles__type_support.hpp
[5.553s] -- Installing: /home/leibton/ros2_ws/src/install/moonbot_custom_interfaces/include/moonbot_custom_interfaces/msg/rosidl_generator_cpp__visibility_control.hpp
[5.553s] -- Up-to-date: /home/leibton/ros2_ws/src/install/moonbot_custom_interfaces/include/moonbot_custom_interfaces/srv
[5.553s] -- Installing: /home/leibton/ros2_ws/src/install/moonbot_custom_interfaces/include/moonbot_custom_interfaces/srv/get_position.hpp
[5.553s] -- Up-to-date: /home/leibton/ros2_ws/src/install/moonbot_custom_interfaces/include/moonbot_custom_interfaces/srv/detail
[5.553s] -- Installing: /home/leibton/ros2_ws/src/install/moonbot_custom_interfaces/include/moonbot_custom_interfaces/srv/detail/get_position__builder.hpp
[5.553s] -- Installing: /home/leibton/ros2_ws/src/install/moonbot_custom_interfaces/include/moonbot_custom_interfaces/srv/detail/get_position__struct.hpp
[5.553s] -- Installing: /home/leibton/ros2_ws/src/install/moonbot_custom_interfaces/include/moonbot_custom_interfaces/srv/detail/get_position__type_support.hpp
[5.554s] -- Installing: /home/leibton/ros2_ws/src/install/moonbot_custom_interfaces/include/moonbot_custom_interfaces/srv/detail/get_position__traits.hpp
[5.554s] -- Up-to-date: /home/leibton/ros2_ws/src/install/moonbot_custom_interfaces/include/moonbot_custom_interfaces
[5.554s] -- Up-to-date: /home/leibton/ros2_ws/src/install/moonbot_custom_interfaces/include/moonbot_custom_interfaces/msg
[5.554s] -- Up-to-date: /home/leibton/ros2_ws/src/install/moonbot_custom_interfaces/include/moonbot_custom_interfaces/msg/detail
[5.554s] -- Installing: /home/leibton/ros2_ws/src/install/moonbot_custom_interfaces/include/moonbot_custom_interfaces/msg/detail/joint_angles__rosidl_typesupport_introspection_cpp.hpp
[5.554s] -- Installing: /home/leibton/ros2_ws/src/install/moonbot_custom_interfaces/include/moonbot_custom_interfaces/msg/detail/joint_angles__type_support.cpp
[5.554s] -- Installing: /home/leibton/ros2_ws/src/install/moonbot_custom_interfaces/include/moonbot_custom_interfaces/msg/detail/set_position__rosidl_typesupport_introspection_cpp.hpp
[5.554s] -- Installing: /home/leibton/ros2_ws/src/install/moonbot_custom_interfaces/include/moonbot_custom_interfaces/msg/detail/set_position__type_support.cpp
[5.554s] -- Up-to-date: /home/leibton/ros2_ws/src/install/moonbot_custom_interfaces/include/moonbot_custom_interfaces/srv
[5.554s] -- Up-to-date: /home/leibton/ros2_ws/src/install/moonbot_custom_interfaces/include/moonbot_custom_interfaces/srv/detail
[5.554s] -- Installing: /home/leibton/ros2_ws/src/install/moonbot_custom_interfaces/include/moonbot_custom_interfaces/srv/detail/get_position__rosidl_typesupport_introspection_cpp.hpp
[5.554s] -- Installing: /home/leibton/ros2_ws/src/install/moonbot_custom_interfaces/include/moonbot_custom_interfaces/srv/detail/get_position__type_support.cpp
[5.554s] -- Installing: /home/leibton/ros2_ws/src/install/moonbot_custom_interfaces/lib/libmoonbot_custom_interfaces__rosidl_typesupport_introspection_cpp.so
[5.555s] -- Set runtime path of "/home/leibton/ros2_ws/src/install/moonbot_custom_interfaces/lib/libmoonbot_custom_interfaces__rosidl_typesupport_introspection_cpp.so" to ""
[5.555s] -- Installing: /home/leibton/ros2_ws/src/install/moonbot_custom_interfaces/lib/libmoonbot_custom_interfaces__rosidl_typesupport_cpp.so
[5.555s] -- Set runtime path of "/home/leibton/ros2_ws/src/install/moonbot_custom_interfaces/lib/libmoonbot_custom_interfaces__rosidl_typesupport_cpp.so" to ""
[5.555s] -- Installing: /home/leibton/ros2_ws/src/install/moonbot_custom_interfaces/share/moonbot_custom_interfaces/environment/pythonpath.sh
[5.555s] -- Installing: /home/leibton/ros2_ws/src/install/moonbot_custom_interfaces/share/moonbot_custom_interfaces/environment/pythonpath.dsv
[5.555s] -- Installing: /home/leibton/ros2_ws/src/install/moonbot_custom_interfaces/lib/python3.8/site-packages/moonbot_custom_interfaces/__init__.py
[5.578s] Compiling '/home/leibton/ros2_ws/src/install/moonbot_custom_interfaces/lib/python3.8/site-packages/moonbot_custom_interfaces/__init__.py'...
[5.582s] -- Installing: /home/leibton/ros2_ws/src/install/moonbot_custom_interfaces/lib/python3.8/site-packages/moonbot_custom_interfaces/msg
[5.582s] -- Installing: /home/leibton/ros2_ws/src/install/moonbot_custom_interfaces/lib/python3.8/site-packages/moonbot_custom_interfaces/msg/_set_position_s.c
[5.582s] -- Installing: /home/leibton/ros2_ws/src/install/moonbot_custom_interfaces/lib/python3.8/site-packages/moonbot_custom_interfaces/msg/__init__.py
[5.583s] -- Installing: /home/leibton/ros2_ws/src/install/moonbot_custom_interfaces/lib/python3.8/site-packages/moonbot_custom_interfaces/msg/_set_position.py
[5.583s] -- Installing: /home/leibton/ros2_ws/src/install/moonbot_custom_interfaces/lib/python3.8/site-packages/moonbot_custom_interfaces/msg/_joint_angles.py
[5.583s] -- Installing: /home/leibton/ros2_ws/src/install/moonbot_custom_interfaces/lib/python3.8/site-packages/moonbot_custom_interfaces/msg/_joint_angles_s.c
[5.583s] -- Installing: /home/leibton/ros2_ws/src/install/moonbot_custom_interfaces/lib/python3.8/site-packages/moonbot_custom_interfaces/srv
[5.583s] -- Installing: /home/leibton/ros2_ws/src/install/moonbot_custom_interfaces/lib/python3.8/site-packages/moonbot_custom_interfaces/srv/__init__.py
[5.583s] -- Installing: /home/leibton/ros2_ws/src/install/moonbot_custom_interfaces/lib/python3.8/site-packages/moonbot_custom_interfaces/srv/_get_position_s.c
[5.583s] -- Installing: /home/leibton/ros2_ws/src/install/moonbot_custom_interfaces/lib/python3.8/site-packages/moonbot_custom_interfaces/srv/_get_position.py
[5.583s] -- Installing: /home/leibton/ros2_ws/src/install/moonbot_custom_interfaces/lib/python3.8/site-packages/moonbot_custom_interfaces/moonbot_custom_interfaces_s__rosidl_typesupport_fastrtps_c.cpython-38-x86_64-linux-gnu.so
[5.583s] -- Set runtime path of "/home/leibton/ros2_ws/src/install/moonbot_custom_interfaces/lib/python3.8/site-packages/moonbot_custom_interfaces/moonbot_custom_interfaces_s__rosidl_typesupport_fastrtps_c.cpython-38-x86_64-linux-gnu.so" to ""
[5.584s] -- Installing: /home/leibton/ros2_ws/src/install/moonbot_custom_interfaces/lib/python3.8/site-packages/moonbot_custom_interfaces/moonbot_custom_interfaces_s__rosidl_typesupport_introspection_c.cpython-38-x86_64-linux-gnu.so
[5.584s] -- Set runtime path of "/home/leibton/ros2_ws/src/install/moonbot_custom_interfaces/lib/python3.8/site-packages/moonbot_custom_interfaces/moonbot_custom_interfaces_s__rosidl_typesupport_introspection_c.cpython-38-x86_64-linux-gnu.so" to ""
[5.585s] -- Installing: /home/leibton/ros2_ws/src/install/moonbot_custom_interfaces/lib/python3.8/site-packages/moonbot_custom_interfaces/moonbot_custom_interfaces_s__rosidl_typesupport_c.cpython-38-x86_64-linux-gnu.so
[5.585s] -- Set runtime path of "/home/leibton/ros2_ws/src/install/moonbot_custom_interfaces/lib/python3.8/site-packages/moonbot_custom_interfaces/moonbot_custom_interfaces_s__rosidl_typesupport_c.cpython-38-x86_64-linux-gnu.so" to ""
[5.585s] -- Installing: /home/leibton/ros2_ws/src/install/moonbot_custom_interfaces/lib/libmoonbot_custom_interfaces__python.so
[5.585s] -- Set runtime path of "/home/leibton/ros2_ws/src/install/moonbot_custom_interfaces/lib/libmoonbot_custom_interfaces__python.so" to ""
[5.585s] -- Installing: /home/leibton/ros2_ws/src/install/moonbot_custom_interfaces/share/moonbot_custom_interfaces/msg/SetPosition.idl
[5.585s] -- Installing: /home/leibton/ros2_ws/src/install/moonbot_custom_interfaces/share/moonbot_custom_interfaces/msg/JointAngles.idl
[5.586s] -- Installing: /home/leibton/ros2_ws/src/install/moonbot_custom_interfaces/share/moonbot_custom_interfaces/srv/GetPosition.idl
[5.586s] -- Installing: /home/leibton/ros2_ws/src/install/moonbot_custom_interfaces/share/moonbot_custom_interfaces/msg/SetPosition.msg
[5.586s] -- Installing: /home/leibton/ros2_ws/src/install/moonbot_custom_interfaces/share/moonbot_custom_interfaces/msg/JointAngles.msg
[5.586s] -- Installing: /home/leibton/ros2_ws/src/install/moonbot_custom_interfaces/share/moonbot_custom_interfaces/srv/GetPosition.srv
[5.586s] -- Installing: /home/leibton/ros2_ws/src/install/moonbot_custom_interfaces/share/moonbot_custom_interfaces/srv/GetPosition_Request.msg
[5.586s] -- Installing: /home/leibton/ros2_ws/src/install/moonbot_custom_interfaces/share/moonbot_custom_interfaces/srv/GetPosition_Response.msg
[5.586s] -- Installing: /home/leibton/ros2_ws/src/install/moonbot_custom_interfaces/share/ament_index/resource_index/package_run_dependencies/moonbot_custom_interfaces
[5.586s] -- Installing: /home/leibton/ros2_ws/src/install/moonbot_custom_interfaces/share/ament_index/resource_index/parent_prefix_path/moonbot_custom_interfaces
[5.586s] -- Installing: /home/leibton/ros2_ws/src/install/moonbot_custom_interfaces/share/moonbot_custom_interfaces/environment/ament_prefix_path.sh
[5.587s] -- Installing: /home/leibton/ros2_ws/src/install/moonbot_custom_interfaces/share/moonbot_custom_interfaces/environment/ament_prefix_path.dsv
[5.587s] -- Installing: /home/leibton/ros2_ws/src/install/moonbot_custom_interfaces/share/moonbot_custom_interfaces/environment/path.sh
[5.587s] -- Installing: /home/leibton/ros2_ws/src/install/moonbot_custom_interfaces/share/moonbot_custom_interfaces/environment/path.dsv
[5.587s] -- Installing: /home/leibton/ros2_ws/src/install/moonbot_custom_interfaces/share/moonbot_custom_interfaces/local_setup.bash
[5.587s] -- Installing: /home/leibton/ros2_ws/src/install/moonbot_custom_interfaces/share/moonbot_custom_interfaces/local_setup.sh
[5.587s] -- Installing: /home/leibton/ros2_ws/src/install/moonbot_custom_interfaces/share/moonbot_custom_interfaces/local_setup.zsh
[5.587s] -- Installing: /home/leibton/ros2_ws/src/install/moonbot_custom_interfaces/share/moonbot_custom_interfaces/local_setup.dsv
[5.587s] -- Installing: /home/leibton/ros2_ws/src/install/moonbot_custom_interfaces/share/moonbot_custom_interfaces/package.dsv
[5.587s] -- Installing: /home/leibton/ros2_ws/src/install/moonbot_custom_interfaces/share/ament_index/resource_index/packages/moonbot_custom_interfaces
[5.588s] -- Installing: /home/leibton/ros2_ws/src/install/moonbot_custom_interfaces/share/moonbot_custom_interfaces/cmake/moonbot_custom_interfaces__rosidl_generator_cExport.cmake
[5.588s] -- Installing: /home/leibton/ros2_ws/src/install/moonbot_custom_interfaces/share/moonbot_custom_interfaces/cmake/moonbot_custom_interfaces__rosidl_generator_cExport-noconfig.cmake
[5.588s] -- Installing: /home/leibton/ros2_ws/src/install/moonbot_custom_interfaces/share/moonbot_custom_interfaces/cmake/moonbot_custom_interfaces__rosidl_typesupport_introspection_cExport.cmake
[5.588s] -- Installing: /home/leibton/ros2_ws/src/install/moonbot_custom_interfaces/share/moonbot_custom_interfaces/cmake/moonbot_custom_interfaces__rosidl_typesupport_introspection_cExport-noconfig.cmake
[5.588s] -- Installing: /home/leibton/ros2_ws/src/install/moonbot_custom_interfaces/share/moonbot_custom_interfaces/cmake/moonbot_custom_interfaces__rosidl_typesupport_cExport.cmake
[5.588s] -- Installing: /home/leibton/ros2_ws/src/install/moonbot_custom_interfaces/share/moonbot_custom_interfaces/cmake/moonbot_custom_interfaces__rosidl_typesupport_cExport-noconfig.cmake
[5.588s] -- Installing: /home/leibton/ros2_ws/src/install/moonbot_custom_interfaces/share/moonbot_custom_interfaces/cmake/moonbot_custom_interfaces__rosidl_generator_cppExport.cmake
[5.589s] -- Installing: /home/leibton/ros2_ws/src/install/moonbot_custom_interfaces/share/moonbot_custom_interfaces/cmake/moonbot_custom_interfaces__rosidl_typesupport_introspection_cppExport.cmake
[5.589s] -- Installing: /home/leibton/ros2_ws/src/install/moonbot_custom_interfaces/share/moonbot_custom_interfaces/cmake/moonbot_custom_interfaces__rosidl_typesupport_introspection_cppExport-noconfig.cmake
[5.589s] -- Installing: /home/leibton/ros2_ws/src/install/moonbot_custom_interfaces/share/moonbot_custom_interfaces/cmake/moonbot_custom_interfaces__rosidl_typesupport_cppExport.cmake
[5.589s] -- Installing: /home/leibton/ros2_ws/src/install/moonbot_custom_interfaces/share/moonbot_custom_interfaces/cmake/moonbot_custom_interfaces__rosidl_typesupport_cppExport-noconfig.cmake
[5.589s] -- Installing: /home/leibton/ros2_ws/src/install/moonbot_custom_interfaces/share/moonbot_custom_interfaces/cmake/rosidl_cmake-extras.cmake
[5.589s] -- Installing: /home/leibton/ros2_ws/src/install/moonbot_custom_interfaces/share/moonbot_custom_interfaces/cmake/ament_cmake_export_dependencies-extras.cmake
[5.589s] -- Installing: /home/leibton/ros2_ws/src/install/moonbot_custom_interfaces/share/moonbot_custom_interfaces/cmake/ament_cmake_export_libraries-extras.cmake
[5.589s] -- Installing: /home/leibton/ros2_ws/src/install/moonbot_custom_interfaces/share/moonbot_custom_interfaces/cmake/ament_cmake_export_targets-extras.cmake
[5.589s] -- Installing: /home/leibton/ros2_ws/src/install/moonbot_custom_interfaces/share/moonbot_custom_interfaces/cmake/ament_cmake_export_include_directories-extras.cmake
[5.590s] -- Installing: /home/leibton/ros2_ws/src/install/moonbot_custom_interfaces/share/moonbot_custom_interfaces/cmake/rosidl_cmake_export_typesupport_libraries-extras.cmake
[5.590s] -- Installing: /home/leibton/ros2_ws/src/install/moonbot_custom_interfaces/share/moonbot_custom_interfaces/cmake/rosidl_cmake_export_typesupport_targets-extras.cmake
[5.590s] -- Installing: /home/leibton/ros2_ws/src/install/moonbot_custom_interfaces/share/moonbot_custom_interfaces/cmake/moonbot_custom_interfacesConfig.cmake
[5.590s] -- Installing: /home/leibton/ros2_ws/src/install/moonbot_custom_interfaces/share/moonbot_custom_interfaces/cmake/moonbot_custom_interfacesConfig-version.cmake
[5.590s] -- Installing: /home/leibton/ros2_ws/src/install/moonbot_custom_interfaces/share/moonbot_custom_interfaces/package.xml
[5.594s] Invoked command in '/home/leibton/ros2_ws/src/build/moonbot_custom_interfaces' returned '0': CMAKE_PREFIX_PATH=${CMAKE_PREFIX_PATH}:/home/leibton/ros2_ws/src/install/trial:/home/leibton/ros2_ws/src/install/moonbot:/opt/ros/foxy /usr/bin/cmake --install /home/leibton/ros2_ws/src/build/moonbot_custom_interfaces
