[0.031s] Invoking command in '/home/leibton/ros2_ws/src/build/moonbot_custom_interfaces': CMAKE_PREFIX_PATH=${CMAKE_PREFIX_PATH}:/home/leibton/ros2_ws/src/install/trial:/home/leibton/ros2_ws/src/install/moonbot:/opt/ros/foxy /usr/bin/cmake --build /home/leibton/ros2_ws/src/build/moonbot_custom_interfaces -- -j12 -l12
[0.085s] [  8%] Built target moonbot_custom_interfaces__cpp
[0.085s] [ 12%] Built target moonbot_custom_interfaces__rosidl_generator_c
[0.103s] [ 23%] Built target moonbot_custom_interfaces__rosidl_typesupport_introspection_c
[0.103s] [ 34%] Built target moonbot_custom_interfaces__rosidl_typesupport_c
[0.111s] [ 44%] Built target moonbot_custom_interfaces__rosidl_typesupport_introspection_cpp
[0.127s] [ 55%] Built target moonbot_custom_interfaces__rosidl_typesupport_cpp
[0.132s] [ 65%] Built target moonbot_custom_interfaces__rosidl_typesupport_fastrtps_cpp
[0.146s] [ 76%] Built target moonbot_custom_interfaces__rosidl_typesupport_fastrtps_c
[0.162s] [ 76%] Built target moonbot_custom_interfaces
[0.175s] [ 78%] Built target moonbot_custom_interfaces__py
[0.194s] [ 87%] Built target moonbot_custom_interfaces__python
[0.217s] [ 97%] Built target moonbot_custom_interfaces__rosidl_typesupport_c__pyext
[0.217s] [100%] Built target moonbot_custom_interfaces__rosidl_typesupport_fastrtps_c__pyext
[0.218s] [100%] Built target moonbot_custom_interfaces__rosidl_typesupport_introspection_c__pyext
[0.226s] Invoked command in '/home/leibton/ros2_ws/src/build/moonbot_custom_interfaces' returned '0': CMAKE_PREFIX_PATH=${CMAKE_PREFIX_PATH}:/home/leibton/ros2_ws/src/install/trial:/home/leibton/ros2_ws/src/install/moonbot:/opt/ros/foxy /usr/bin/cmake --build /home/leibton/ros2_ws/src/build/moonbot_custom_interfaces -- -j12 -l12
[0.272s] Invoking command in '/home/leibton/ros2_ws/src/build/moonbot_custom_interfaces': CMAKE_PREFIX_PATH=${CMAKE_PREFIX_PATH}:/home/leibton/ros2_ws/src/install/trial:/home/leibton/ros2_ws/src/install/moonbot:/opt/ros/foxy /usr/bin/cmake --install /home/leibton/ros2_ws/src/build/moonbot_custom_interfaces
[0.290s] -- Install configuration: ""
[0.291s] -- Up-to-date: /home/leibton/ros2_ws/src/install/moonbot_custom_interfaces/share/ament_index/resource_index/rosidl_interfaces/moonbot_custom_interfaces
[0.292s] -- Up-to-date: /home/leibton/ros2_ws/src/install/moonbot_custom_interfaces/include/moonbot_custom_interfaces
[0.292s] -- Up-to-date: /home/leibton/ros2_ws/src/install/moonbot_custom_interfaces/include/moonbot_custom_interfaces/msg
[0.292s] -- Up-to-date: /home/leibton/ros2_ws/src/install/moonbot_custom_interfaces/include/moonbot_custom_interfaces/msg/joint_angles.h
[0.292s] -- Up-to-date: /home/leibton/ros2_ws/src/install/moonbot_custom_interfaces/include/moonbot_custom_interfaces/msg/set_position.h
[0.293s] -- Up-to-date: /home/leibton/ros2_ws/src/install/moonbot_custom_interfaces/include/moonbot_custom_interfaces/msg/detail
[0.293s] -- Up-to-date: /home/leibton/ros2_ws/src/install/moonbot_custom_interfaces/include/moonbot_custom_interfaces/msg/detail/set_position__functions.c
[0.293s] -- Up-to-date: /home/leibton/ros2_ws/src/install/moonbot_custom_interfaces/include/moonbot_custom_interfaces/msg/detail/joint_angles__functions.h
[0.293s] -- Up-to-date: /home/leibton/ros2_ws/src/install/moonbot_custom_interfaces/include/moonbot_custom_interfaces/msg/detail/joint_angles__functions.c
[0.293s] -- Up-to-date: /home/leibton/ros2_ws/src/install/moonbot_custom_interfaces/include/moonbot_custom_interfaces/msg/detail/joint_angles__struct.h
[0.293s] -- Up-to-date: /home/leibton/ros2_ws/src/install/moonbot_custom_interfaces/include/moonbot_custom_interfaces/msg/detail/set_position__struct.h
[0.293s] -- Up-to-date: /home/leibton/ros2_ws/src/install/moonbot_custom_interfaces/include/moonbot_custom_interfaces/msg/detail/set_position__type_support.h
[0.293s] -- Up-to-date: /home/leibton/ros2_ws/src/install/moonbot_custom_interfaces/include/moonbot_custom_interfaces/msg/detail/set_position__functions.h
[0.293s] -- Up-to-date: /home/leibton/ros2_ws/src/install/moonbot_custom_interfaces/include/moonbot_custom_interfaces/msg/detail/joint_angles__type_support.h
[0.293s] -- Up-to-date: /home/leibton/ros2_ws/src/install/moonbot_custom_interfaces/include/moonbot_custom_interfaces/msg/rosidl_generator_c__visibility_control.h
[0.293s] -- Up-to-date: /home/leibton/ros2_ws/src/install/moonbot_custom_interfaces/include/moonbot_custom_interfaces/srv
[0.293s] -- Up-to-date: /home/leibton/ros2_ws/src/install/moonbot_custom_interfaces/include/moonbot_custom_interfaces/srv/get_position.h
[0.293s] -- Up-to-date: /home/leibton/ros2_ws/src/install/moonbot_custom_interfaces/include/moonbot_custom_interfaces/srv/detail
[0.293s] -- Up-to-date: /home/leibton/ros2_ws/src/install/moonbot_custom_interfaces/include/moonbot_custom_interfaces/srv/detail/get_position__type_support.h
[0.293s] -- Up-to-date: /home/leibton/ros2_ws/src/install/moonbot_custom_interfaces/include/moonbot_custom_interfaces/srv/detail/get_position__functions.c
[0.293s] -- Up-to-date: /home/leibton/ros2_ws/src/install/moonbot_custom_interfaces/include/moonbot_custom_interfaces/srv/detail/get_position__functions.h
[0.293s] -- Up-to-date: /home/leibton/ros2_ws/src/install/moonbot_custom_interfaces/include/moonbot_custom_interfaces/srv/detail/get_position__struct.h
[0.294s] -- Up-to-date: /home/leibton/ros2_ws/src/install/moonbot_custom_interfaces/share/moonbot_custom_interfaces/environment/library_path.sh
[0.294s] -- Up-to-date: /home/leibton/ros2_ws/src/install/moonbot_custom_interfaces/share/moonbot_custom_interfaces/environment/library_path.dsv
[0.294s] -- Up-to-date: /home/leibton/ros2_ws/src/install/moonbot_custom_interfaces/lib/libmoonbot_custom_interfaces__rosidl_generator_c.so
[0.294s] -- Up-to-date: /home/leibton/ros2_ws/src/install/moonbot_custom_interfaces/include/moonbot_custom_interfaces
[0.294s] -- Up-to-date: /home/leibton/ros2_ws/src/install/moonbot_custom_interfaces/include/moonbot_custom_interfaces/msg
[0.294s] -- Up-to-date: /home/leibton/ros2_ws/src/install/moonbot_custom_interfaces/include/moonbot_custom_interfaces/msg/detail
[0.294s] -- Up-to-date: /home/leibton/ros2_ws/src/install/moonbot_custom_interfaces/include/moonbot_custom_interfaces/msg/detail/set_position__rosidl_typesupport_fastrtps_c.h
[0.294s] -- Up-to-date: /home/leibton/ros2_ws/src/install/moonbot_custom_interfaces/include/moonbot_custom_interfaces/msg/detail/joint_angles__rosidl_typesupport_fastrtps_c.h
[0.294s] -- Up-to-date: /home/leibton/ros2_ws/src/install/moonbot_custom_interfaces/include/moonbot_custom_interfaces/msg/rosidl_typesupport_fastrtps_c__visibility_control.h
[0.294s] -- Up-to-date: /home/leibton/ros2_ws/src/install/moonbot_custom_interfaces/include/moonbot_custom_interfaces/srv
[0.294s] -- Up-to-date: /home/leibton/ros2_ws/src/install/moonbot_custom_interfaces/include/moonbot_custom_interfaces/srv/detail
[0.294s] -- Up-to-date: /home/leibton/ros2_ws/src/install/moonbot_custom_interfaces/include/moonbot_custom_interfaces/srv/detail/get_position__rosidl_typesupport_fastrtps_c.h
[0.294s] -- Up-to-date: /home/leibton/ros2_ws/src/install/moonbot_custom_interfaces/lib/libmoonbot_custom_interfaces__rosidl_typesupport_fastrtps_c.so
[0.294s] -- Up-to-date: /home/leibton/ros2_ws/src/install/moonbot_custom_interfaces/include/moonbot_custom_interfaces
[0.294s] -- Up-to-date: /home/leibton/ros2_ws/src/install/moonbot_custom_interfaces/include/moonbot_custom_interfaces/msg
[0.294s] -- Up-to-date: /home/leibton/ros2_ws/src/install/moonbot_custom_interfaces/include/moonbot_custom_interfaces/msg/rosidl_typesupport_fastrtps_cpp__visibility_control.h
[0.294s] -- Up-to-date: /home/leibton/ros2_ws/src/install/moonbot_custom_interfaces/include/moonbot_custom_interfaces/msg/detail
[0.294s] -- Up-to-date: /home/leibton/ros2_ws/src/install/moonbot_custom_interfaces/include/moonbot_custom_interfaces/msg/detail/joint_angles__rosidl_typesupport_fastrtps_cpp.hpp
[0.294s] -- Up-to-date: /home/leibton/ros2_ws/src/install/moonbot_custom_interfaces/include/moonbot_custom_interfaces/msg/detail/set_position__rosidl_typesupport_fastrtps_cpp.hpp
[0.294s] -- Up-to-date: /home/leibton/ros2_ws/src/install/moonbot_custom_interfaces/include/moonbot_custom_interfaces/msg/detail/dds_fastrtps
[0.294s] -- Up-to-date: /home/leibton/ros2_ws/src/install/moonbot_custom_interfaces/include/moonbot_custom_interfaces/srv
[0.294s] -- Up-to-date: /home/leibton/ros2_ws/src/install/moonbot_custom_interfaces/include/moonbot_custom_interfaces/srv/detail
[0.295s] -- Up-to-date: /home/leibton/ros2_ws/src/install/moonbot_custom_interfaces/include/moonbot_custom_interfaces/srv/detail/get_position__rosidl_typesupport_fastrtps_cpp.hpp
[0.295s] -- Up-to-date: /home/leibton/ros2_ws/src/install/moonbot_custom_interfaces/include/moonbot_custom_interfaces/srv/detail/dds_fastrtps
[0.295s] -- Up-to-date: /home/leibton/ros2_ws/src/install/moonbot_custom_interfaces/lib/libmoonbot_custom_interfaces__rosidl_typesupport_fastrtps_cpp.so
[0.295s] -- Up-to-date: /home/leibton/ros2_ws/src/install/moonbot_custom_interfaces/include/moonbot_custom_interfaces
[0.295s] -- Up-to-date: /home/leibton/ros2_ws/src/install/moonbot_custom_interfaces/include/moonbot_custom_interfaces/msg
[0.295s] -- Up-to-date: /home/leibton/ros2_ws/src/install/moonbot_custom_interfaces/include/moonbot_custom_interfaces/msg/rosidl_typesupport_introspection_c__visibility_control.h
[0.295s] -- Up-to-date: /home/leibton/ros2_ws/src/install/moonbot_custom_interfaces/include/moonbot_custom_interfaces/msg/detail
[0.295s] -- Up-to-date: /home/leibton/ros2_ws/src/install/moonbot_custom_interfaces/include/moonbot_custom_interfaces/msg/detail/set_position__rosidl_typesupport_introspection_c.h
[0.295s] -- Up-to-date: /home/leibton/ros2_ws/src/install/moonbot_custom_interfaces/include/moonbot_custom_interfaces/msg/detail/joint_angles__rosidl_typesupport_introspection_c.h
[0.295s] -- Up-to-date: /home/leibton/ros2_ws/src/install/moonbot_custom_interfaces/include/moonbot_custom_interfaces/msg/detail/set_position__type_support.c
[0.295s] -- Up-to-date: /home/leibton/ros2_ws/src/install/moonbot_custom_interfaces/include/moonbot_custom_interfaces/msg/detail/joint_angles__type_support.c
[0.295s] -- Up-to-date: /home/leibton/ros2_ws/src/install/moonbot_custom_interfaces/include/moonbot_custom_interfaces/srv
[0.295s] -- Up-to-date: /home/leibton/ros2_ws/src/install/moonbot_custom_interfaces/include/moonbot_custom_interfaces/srv/detail
[0.295s] -- Up-to-date: /home/leibton/ros2_ws/src/install/moonbot_custom_interfaces/include/moonbot_custom_interfaces/srv/detail/get_position__rosidl_typesupport_introspection_c.h
[0.295s] -- Up-to-date: /home/leibton/ros2_ws/src/install/moonbot_custom_interfaces/include/moonbot_custom_interfaces/srv/detail/get_position__type_support.c
[0.295s] -- Up-to-date: /home/leibton/ros2_ws/src/install/moonbot_custom_interfaces/lib/libmoonbot_custom_interfaces__rosidl_typesupport_introspection_c.so
[0.295s] -- Up-to-date: /home/leibton/ros2_ws/src/install/moonbot_custom_interfaces/lib/libmoonbot_custom_interfaces__rosidl_typesupport_c.so
[0.295s] -- Up-to-date: /home/leibton/ros2_ws/src/install/moonbot_custom_interfaces/include/moonbot_custom_interfaces
[0.295s] -- Up-to-date: /home/leibton/ros2_ws/src/install/moonbot_custom_interfaces/include/moonbot_custom_interfaces/msg
[0.295s] -- Up-to-date: /home/leibton/ros2_ws/src/install/moonbot_custom_interfaces/include/moonbot_custom_interfaces/msg/joint_angles.hpp
[0.295s] -- Up-to-date: /home/leibton/ros2_ws/src/install/moonbot_custom_interfaces/include/moonbot_custom_interfaces/msg/set_position.hpp
[0.295s] -- Up-to-date: /home/leibton/ros2_ws/src/install/moonbot_custom_interfaces/include/moonbot_custom_interfaces/msg/detail
[0.295s] -- Up-to-date: /home/leibton/ros2_ws/src/install/moonbot_custom_interfaces/include/moonbot_custom_interfaces/msg/detail/set_position__type_support.hpp
[0.296s] -- Up-to-date: /home/leibton/ros2_ws/src/install/moonbot_custom_interfaces/include/moonbot_custom_interfaces/msg/detail/set_position__traits.hpp
[0.296s] -- Up-to-date: /home/leibton/ros2_ws/src/install/moonbot_custom_interfaces/include/moonbot_custom_interfaces/msg/detail/set_position__struct.hpp
[0.296s] -- Up-to-date: /home/leibton/ros2_ws/src/install/moonbot_custom_interfaces/include/moonbot_custom_interfaces/msg/detail/joint_angles__traits.hpp
[0.296s] -- Up-to-date: /home/leibton/ros2_ws/src/install/moonbot_custom_interfaces/include/moonbot_custom_interfaces/msg/detail/joint_angles__builder.hpp
[0.296s] -- Up-to-date: /home/leibton/ros2_ws/src/install/moonbot_custom_interfaces/include/moonbot_custom_interfaces/msg/detail/set_position__builder.hpp
[0.296s] -- Up-to-date: /home/leibton/ros2_ws/src/install/moonbot_custom_interfaces/include/moonbot_custom_interfaces/msg/detail/joint_angles__struct.hpp
[0.296s] -- Up-to-date: /home/leibton/ros2_ws/src/install/moonbot_custom_interfaces/include/moonbot_custom_interfaces/msg/detail/joint_angles__type_support.hpp
[0.296s] -- Up-to-date: /home/leibton/ros2_ws/src/install/moonbot_custom_interfaces/include/moonbot_custom_interfaces/msg/rosidl_generator_cpp__visibility_control.hpp
[0.296s] -- Up-to-date: /home/leibton/ros2_ws/src/install/moonbot_custom_interfaces/include/moonbot_custom_interfaces/srv
[0.296s] -- Up-to-date: /home/leibton/ros2_ws/src/install/moonbot_custom_interfaces/include/moonbot_custom_interfaces/srv/get_position.hpp
[0.296s] -- Up-to-date: /home/leibton/ros2_ws/src/install/moonbot_custom_interfaces/include/moonbot_custom_interfaces/srv/detail
[0.296s] -- Up-to-date: /home/leibton/ros2_ws/src/install/moonbot_custom_interfaces/include/moonbot_custom_interfaces/srv/detail/get_position__builder.hpp
[0.296s] -- Up-to-date: /home/leibton/ros2_ws/src/install/moonbot_custom_interfaces/include/moonbot_custom_interfaces/srv/detail/get_position__struct.hpp
[0.296s] -- Up-to-date: /home/leibton/ros2_ws/src/install/moonbot_custom_interfaces/include/moonbot_custom_interfaces/srv/detail/get_position__type_support.hpp
[0.296s] -- Up-to-date: /home/leibton/ros2_ws/src/install/moonbot_custom_interfaces/include/moonbot_custom_interfaces/srv/detail/get_position__traits.hpp
[0.296s] -- Up-to-date: /home/leibton/ros2_ws/src/install/moonbot_custom_interfaces/include/moonbot_custom_interfaces
[0.296s] -- Up-to-date: /home/leibton/ros2_ws/src/install/moonbot_custom_interfaces/include/moonbot_custom_interfaces/msg
[0.296s] -- Up-to-date: /home/leibton/ros2_ws/src/install/moonbot_custom_interfaces/include/moonbot_custom_interfaces/msg/detail
[0.296s] -- Up-to-date: /home/leibton/ros2_ws/src/install/moonbot_custom_interfaces/include/moonbot_custom_interfaces/msg/detail/joint_angles__rosidl_typesupport_introspection_cpp.hpp
[0.296s] -- Up-to-date: /home/leibton/ros2_ws/src/install/moonbot_custom_interfaces/include/moonbot_custom_interfaces/msg/detail/joint_angles__type_support.cpp
[0.296s] -- Up-to-date: /home/leibton/ros2_ws/src/install/moonbot_custom_interfaces/include/moonbot_custom_interfaces/msg/detail/set_position__rosidl_typesupport_introspection_cpp.hpp
[0.297s] -- Up-to-date: /home/leibton/ros2_ws/src/install/moonbot_custom_interfaces/include/moonbot_custom_interfaces/msg/detail/set_position__type_support.cpp
[0.297s] -- Up-to-date: /home/leibton/ros2_ws/src/install/moonbot_custom_interfaces/include/moonbot_custom_interfaces/srv
[0.297s] -- Up-to-date: /home/leibton/ros2_ws/src/install/moonbot_custom_interfaces/include/moonbot_custom_interfaces/srv/detail
[0.297s] -- Up-to-date: /home/leibton/ros2_ws/src/install/moonbot_custom_interfaces/include/moonbot_custom_interfaces/srv/detail/get_position__rosidl_typesupport_introspection_cpp.hpp
[0.297s] -- Up-to-date: /home/leibton/ros2_ws/src/install/moonbot_custom_interfaces/include/moonbot_custom_interfaces/srv/detail/get_position__type_support.cpp
[0.297s] -- Up-to-date: /home/leibton/ros2_ws/src/install/moonbot_custom_interfaces/lib/libmoonbot_custom_interfaces__rosidl_typesupport_introspection_cpp.so
[0.297s] -- Up-to-date: /home/leibton/ros2_ws/src/install/moonbot_custom_interfaces/lib/libmoonbot_custom_interfaces__rosidl_typesupport_cpp.so
[0.297s] -- Up-to-date: /home/leibton/ros2_ws/src/install/moonbot_custom_interfaces/share/moonbot_custom_interfaces/environment/pythonpath.sh
[0.297s] -- Up-to-date: /home/leibton/ros2_ws/src/install/moonbot_custom_interfaces/share/moonbot_custom_interfaces/environment/pythonpath.dsv
[0.297s] -- Up-to-date: /home/leibton/ros2_ws/src/install/moonbot_custom_interfaces/lib/python3.8/site-packages/moonbot_custom_interfaces/__init__.py
[0.315s] -- Up-to-date: /home/leibton/ros2_ws/src/install/moonbot_custom_interfaces/lib/python3.8/site-packages/moonbot_custom_interfaces/msg
[0.317s] -- Up-to-date: /home/leibton/ros2_ws/src/install/moonbot_custom_interfaces/lib/python3.8/site-packages/moonbot_custom_interfaces/msg/_set_position_s.c
[0.317s] -- Up-to-date: /home/leibton/ros2_ws/src/install/moonbot_custom_interfaces/lib/python3.8/site-packages/moonbot_custom_interfaces/msg/__init__.py
[0.317s] -- Up-to-date: /home/leibton/ros2_ws/src/install/moonbot_custom_interfaces/lib/python3.8/site-packages/moonbot_custom_interfaces/msg/_set_position.py
[0.318s] -- Up-to-date: /home/leibton/ros2_ws/src/install/moonbot_custom_interfaces/lib/python3.8/site-packages/moonbot_custom_interfaces/msg/_joint_angles.py
[0.318s] -- Up-to-date: /home/leibton/ros2_ws/src/install/moonbot_custom_interfaces/lib/python3.8/site-packages/moonbot_custom_interfaces/msg/_joint_angles_s.c
[0.318s] -- Up-to-date: /home/leibton/ros2_ws/src/install/moonbot_custom_interfaces/lib/python3.8/site-packages/moonbot_custom_interfaces/srv
[0.318s] -- Up-to-date: /home/leibton/ros2_ws/src/install/moonbot_custom_interfaces/lib/python3.8/site-packages/moonbot_custom_interfaces/srv/__init__.py
[0.318s] -- Up-to-date: /home/leibton/ros2_ws/src/install/moonbot_custom_interfaces/lib/python3.8/site-packages/moonbot_custom_interfaces/srv/_get_position_s.c
[0.318s] -- Up-to-date: /home/leibton/ros2_ws/src/install/moonbot_custom_interfaces/lib/python3.8/site-packages/moonbot_custom_interfaces/srv/_get_position.py
[0.318s] -- Up-to-date: /home/leibton/ros2_ws/src/install/moonbot_custom_interfaces/lib/python3.8/site-packages/moonbot_custom_interfaces/moonbot_custom_interfaces_s__rosidl_typesupport_fastrtps_c.cpython-38-x86_64-linux-gnu.so
[0.321s] -- Up-to-date: /home/leibton/ros2_ws/src/install/moonbot_custom_interfaces/lib/python3.8/site-packages/moonbot_custom_interfaces/moonbot_custom_interfaces_s__rosidl_typesupport_introspection_c.cpython-38-x86_64-linux-gnu.so
[0.322s] -- Up-to-date: /home/leibton/ros2_ws/src/install/moonbot_custom_interfaces/lib/python3.8/site-packages/moonbot_custom_interfaces/moonbot_custom_interfaces_s__rosidl_typesupport_c.cpython-38-x86_64-linux-gnu.so
[0.322s] -- Up-to-date: /home/leibton/ros2_ws/src/install/moonbot_custom_interfaces/lib/libmoonbot_custom_interfaces__python.so
[0.322s] -- Up-to-date: /home/leibton/ros2_ws/src/install/moonbot_custom_interfaces/share/moonbot_custom_interfaces/msg/SetPosition.idl
[0.322s] -- Up-to-date: /home/leibton/ros2_ws/src/install/moonbot_custom_interfaces/share/moonbot_custom_interfaces/msg/JointAngles.idl
[0.322s] -- Up-to-date: /home/leibton/ros2_ws/src/install/moonbot_custom_interfaces/share/moonbot_custom_interfaces/srv/GetPosition.idl
[0.323s] -- Up-to-date: /home/leibton/ros2_ws/src/install/moonbot_custom_interfaces/share/moonbot_custom_interfaces/msg/SetPosition.msg
[0.323s] -- Up-to-date: /home/leibton/ros2_ws/src/install/moonbot_custom_interfaces/share/moonbot_custom_interfaces/msg/JointAngles.msg
[0.323s] -- Up-to-date: /home/leibton/ros2_ws/src/install/moonbot_custom_interfaces/share/moonbot_custom_interfaces/srv/GetPosition.srv
[0.323s] -- Up-to-date: /home/leibton/ros2_ws/src/install/moonbot_custom_interfaces/share/moonbot_custom_interfaces/srv/GetPosition_Request.msg
[0.323s] -- Up-to-date: /home/leibton/ros2_ws/src/install/moonbot_custom_interfaces/share/moonbot_custom_interfaces/srv/GetPosition_Response.msg
[0.323s] -- Up-to-date: /home/leibton/ros2_ws/src/install/moonbot_custom_interfaces/share/ament_index/resource_index/package_run_dependencies/moonbot_custom_interfaces
[0.323s] -- Up-to-date: /home/leibton/ros2_ws/src/install/moonbot_custom_interfaces/share/ament_index/resource_index/parent_prefix_path/moonbot_custom_interfaces
[0.323s] -- Up-to-date: /home/leibton/ros2_ws/src/install/moonbot_custom_interfaces/share/moonbot_custom_interfaces/environment/ament_prefix_path.sh
[0.323s] -- Up-to-date: /home/leibton/ros2_ws/src/install/moonbot_custom_interfaces/share/moonbot_custom_interfaces/environment/ament_prefix_path.dsv
[0.324s] -- Up-to-date: /home/leibton/ros2_ws/src/install/moonbot_custom_interfaces/share/moonbot_custom_interfaces/environment/path.sh
[0.324s] -- Up-to-date: /home/leibton/ros2_ws/src/install/moonbot_custom_interfaces/share/moonbot_custom_interfaces/environment/path.dsv
[0.324s] -- Up-to-date: /home/leibton/ros2_ws/src/install/moonbot_custom_interfaces/share/moonbot_custom_interfaces/local_setup.bash
[0.324s] -- Up-to-date: /home/leibton/ros2_ws/src/install/moonbot_custom_interfaces/share/moonbot_custom_interfaces/local_setup.sh
[0.326s] -- Up-to-date: /home/leibton/ros2_ws/src/install/moonbot_custom_interfaces/share/moonbot_custom_interfaces/local_setup.zsh
[0.326s] -- Up-to-date: /home/leibton/ros2_ws/src/install/moonbot_custom_interfaces/share/moonbot_custom_interfaces/local_setup.dsv
[0.327s] -- Installing: /home/leibton/ros2_ws/src/install/moonbot_custom_interfaces/share/moonbot_custom_interfaces/package.dsv
[0.327s] -- Up-to-date: /home/leibton/ros2_ws/src/install/moonbot_custom_interfaces/share/ament_index/resource_index/packages/moonbot_custom_interfaces
[0.327s] -- Up-to-date: /home/leibton/ros2_ws/src/install/moonbot_custom_interfaces/share/moonbot_custom_interfaces/cmake/moonbot_custom_interfaces__rosidl_generator_cExport.cmake
[0.327s] -- Up-to-date: /home/leibton/ros2_ws/src/install/moonbot_custom_interfaces/share/moonbot_custom_interfaces/cmake/moonbot_custom_interfaces__rosidl_generator_cExport-noconfig.cmake
[0.327s] -- Up-to-date: /home/leibton/ros2_ws/src/install/moonbot_custom_interfaces/share/moonbot_custom_interfaces/cmake/moonbot_custom_interfaces__rosidl_typesupport_introspection_cExport.cmake
[0.327s] -- Up-to-date: /home/leibton/ros2_ws/src/install/moonbot_custom_interfaces/share/moonbot_custom_interfaces/cmake/moonbot_custom_interfaces__rosidl_typesupport_introspection_cExport-noconfig.cmake
[0.327s] -- Up-to-date: /home/leibton/ros2_ws/src/install/moonbot_custom_interfaces/share/moonbot_custom_interfaces/cmake/moonbot_custom_interfaces__rosidl_typesupport_cExport.cmake
[0.327s] -- Up-to-date: /home/leibton/ros2_ws/src/install/moonbot_custom_interfaces/share/moonbot_custom_interfaces/cmake/moonbot_custom_interfaces__rosidl_typesupport_cExport-noconfig.cmake
[0.327s] -- Up-to-date: /home/leibton/ros2_ws/src/install/moonbot_custom_interfaces/share/moonbot_custom_interfaces/cmake/moonbot_custom_interfaces__rosidl_generator_cppExport.cmake
[0.327s] -- Up-to-date: /home/leibton/ros2_ws/src/install/moonbot_custom_interfaces/share/moonbot_custom_interfaces/cmake/moonbot_custom_interfaces__rosidl_typesupport_introspection_cppExport.cmake
[0.327s] -- Up-to-date: /home/leibton/ros2_ws/src/install/moonbot_custom_interfaces/share/moonbot_custom_interfaces/cmake/moonbot_custom_interfaces__rosidl_typesupport_introspection_cppExport-noconfig.cmake
[0.327s] -- Up-to-date: /home/leibton/ros2_ws/src/install/moonbot_custom_interfaces/share/moonbot_custom_interfaces/cmake/moonbot_custom_interfaces__rosidl_typesupport_cppExport.cmake
[0.328s] -- Up-to-date: /home/leibton/ros2_ws/src/install/moonbot_custom_interfaces/share/moonbot_custom_interfaces/cmake/moonbot_custom_interfaces__rosidl_typesupport_cppExport-noconfig.cmake
[0.328s] -- Up-to-date: /home/leibton/ros2_ws/src/install/moonbot_custom_interfaces/share/moonbot_custom_interfaces/cmake/rosidl_cmake-extras.cmake
[0.328s] -- Up-to-date: /home/leibton/ros2_ws/src/install/moonbot_custom_interfaces/share/moonbot_custom_interfaces/cmake/ament_cmake_export_dependencies-extras.cmake
[0.328s] -- Up-to-date: /home/leibton/ros2_ws/src/install/moonbot_custom_interfaces/share/moonbot_custom_interfaces/cmake/ament_cmake_export_libraries-extras.cmake
[0.328s] -- Up-to-date: /home/leibton/ros2_ws/src/install/moonbot_custom_interfaces/share/moonbot_custom_interfaces/cmake/ament_cmake_export_targets-extras.cmake
[0.328s] -- Up-to-date: /home/leibton/ros2_ws/src/install/moonbot_custom_interfaces/share/moonbot_custom_interfaces/cmake/ament_cmake_export_include_directories-extras.cmake
[0.328s] -- Up-to-date: /home/leibton/ros2_ws/src/install/moonbot_custom_interfaces/share/moonbot_custom_interfaces/cmake/rosidl_cmake_export_typesupport_libraries-extras.cmake
[0.328s] -- Up-to-date: /home/leibton/ros2_ws/src/install/moonbot_custom_interfaces/share/moonbot_custom_interfaces/cmake/rosidl_cmake_export_typesupport_targets-extras.cmake
[0.328s] -- Up-to-date: /home/leibton/ros2_ws/src/install/moonbot_custom_interfaces/share/moonbot_custom_interfaces/cmake/moonbot_custom_interfacesConfig.cmake
[0.329s] -- Up-to-date: /home/leibton/ros2_ws/src/install/moonbot_custom_interfaces/share/moonbot_custom_interfaces/cmake/moonbot_custom_interfacesConfig-version.cmake
[0.329s] -- Up-to-date: /home/leibton/ros2_ws/src/install/moonbot_custom_interfaces/share/moonbot_custom_interfaces/package.xml
[0.348s] Invoked command in '/home/leibton/ros2_ws/src/build/moonbot_custom_interfaces' returned '0': CMAKE_PREFIX_PATH=${CMAKE_PREFIX_PATH}:/home/leibton/ros2_ws/src/install/trial:/home/leibton/ros2_ws/src/install/moonbot:/opt/ros/foxy /usr/bin/cmake --install /home/leibton/ros2_ws/src/build/moonbot_custom_interfaces
