[0.231s] DEBUG:colcon:Command line arguments: ['/usr/bin/colcon', 'build']
[0.231s] DEBUG:colcon:Parsed command line arguments: Namespace(allow_overriding=[], ament_cmake_args=None, base_paths=['.'], build_base='build', catkin_cmake_args=None, catkin_skip_building_tests=False, cmake_args=None, cmake_clean_cache=False, cmake_clean_first=False, cmake_force_configure=False, cmake_target=None, cmake_target_skip_unavailable=False, continue_on_error=False, event_handlers=None, executor='parallel', ignore_user_meta=False, install_base='install', log_base=None, log_level=None, main=<bound method BuildVerb.main of <colcon_core.verb.build.BuildVerb object at 0x7f98eaced7f0>>, merge_install=False, metas=['./colcon.meta'], packages_above=None, packages_above_and_dependencies=None, packages_above_depth=None, packages_end=None, packages_ignore=None, packages_ignore_regex=None, packages_select=None, packages_select_build_failed=False, packages_select_by_dep=None, packages_select_regex=None, packages_select_test_failures=False, packages_skip=None, packages_skip_build_finished=False, packages_skip_by_dep=None, packages_skip_regex=None, packages_skip_test_passed=False, packages_skip_up_to=None, packages_start=None, packages_up_to=None, packages_up_to_regex=None, parallel_workers=12, paths=None, symlink_install=False, test_result_base=None, verb_extension=<colcon_core.verb.build.BuildVerb object at 0x7f98eaced7f0>, verb_name='build', verb_parser=<colcon_defaults.argument_parser.defaults.DefaultArgumentsDecorator object at 0x7f98eac794f0>)
[0.258s] Level 1:colcon.colcon_core.package_discovery:discover_packages(colcon_meta) check parameters
[0.258s] Level 1:colcon.colcon_core.package_discovery:discover_packages(recursive) check parameters
[0.258s] Level 1:colcon.colcon_core.package_discovery:discover_packages(ignore) check parameters
[0.258s] Level 1:colcon.colcon_core.package_discovery:discover_packages(path) check parameters
[0.258s] Level 1:colcon.colcon_core.package_discovery:discover_packages(colcon_meta) discover
[0.258s] Level 1:colcon.colcon_core.package_discovery:discover_packages(recursive) discover
[0.258s] INFO:colcon.colcon_core.package_discovery:Crawling recursively for packages in '/home/leibton/ros2_ws/src'
[0.258s] Level 1:colcon.colcon_core.package_identification:_identify(.) by extensions ['ignore', 'ignore_ament_install']
[0.258s] Level 1:colcon.colcon_core.package_identification:_identify(.) by extension 'ignore'
[0.258s] Level 1:colcon.colcon_core.package_identification:_identify(.) by extension 'ignore_ament_install'
[0.258s] Level 1:colcon.colcon_core.package_identification:_identify(.) by extensions ['colcon_pkg']
[0.258s] Level 1:colcon.colcon_core.package_identification:_identify(.) by extension 'colcon_pkg'
[0.258s] Level 1:colcon.colcon_core.package_identification:_identify(.) by extensions ['colcon_meta']
[0.258s] Level 1:colcon.colcon_core.package_identification:_identify(.) by extension 'colcon_meta'
[0.258s] Level 1:colcon.colcon_core.package_identification:_identify(.) by extensions ['ros']
[0.258s] Level 1:colcon.colcon_core.package_identification:_identify(.) by extension 'ros'
[0.273s] Level 1:colcon.colcon_core.package_identification:_identify(.) by extensions ['cmake', 'python']
[0.273s] Level 1:colcon.colcon_core.package_identification:_identify(.) by extension 'cmake'
[0.273s] Level 1:colcon.colcon_core.package_identification:_identify(.) by extension 'python'
[0.273s] Level 1:colcon.colcon_core.package_identification:_identify(.) by extensions ['python_setup_py']
[0.273s] Level 1:colcon.colcon_core.package_identification:_identify(.) by extension 'python_setup_py'
[0.273s] Level 1:colcon.colcon_core.package_identification:_identify(DynamixelSDK) by extensions ['ignore', 'ignore_ament_install']
[0.273s] Level 1:colcon.colcon_core.package_identification:_identify(DynamixelSDK) by extension 'ignore'
[0.273s] Level 1:colcon.colcon_core.package_identification:_identify(DynamixelSDK) by extension 'ignore_ament_install'
[0.273s] Level 1:colcon.colcon_core.package_identification:_identify(DynamixelSDK) by extensions ['colcon_pkg']
[0.273s] Level 1:colcon.colcon_core.package_identification:_identify(DynamixelSDK) by extension 'colcon_pkg'
[0.273s] Level 1:colcon.colcon_core.package_identification:_identify(DynamixelSDK) by extensions ['colcon_meta']
[0.273s] Level 1:colcon.colcon_core.package_identification:_identify(DynamixelSDK) by extension 'colcon_meta'
[0.273s] Level 1:colcon.colcon_core.package_identification:_identify(DynamixelSDK) by extensions ['ros']
[0.273s] Level 1:colcon.colcon_core.package_identification:_identify(DynamixelSDK) by extension 'ros'
[0.273s] Level 1:colcon.colcon_core.package_identification:_identify(DynamixelSDK) by extensions ['cmake', 'python']
[0.273s] Level 1:colcon.colcon_core.package_identification:_identify(DynamixelSDK) by extension 'cmake'
[0.273s] Level 1:colcon.colcon_core.package_identification:_identify(DynamixelSDK) by extension 'python'
[0.273s] Level 1:colcon.colcon_core.package_identification:_identify(DynamixelSDK) by extensions ['python_setup_py']
[0.273s] Level 1:colcon.colcon_core.package_identification:_identify(DynamixelSDK) by extension 'python_setup_py'
[0.273s] Level 1:colcon.colcon_core.package_identification:_identify(build) by extensions ['ignore', 'ignore_ament_install']
[0.273s] Level 1:colcon.colcon_core.package_identification:_identify(build) by extension 'ignore'
[0.273s] Level 1:colcon.colcon_core.package_identification:_identify(build) ignored
[0.274s] Level 1:colcon.colcon_core.package_identification:_identify(dynamixel-workbench) by extensions ['ignore', 'ignore_ament_install']
[0.274s] Level 1:colcon.colcon_core.package_identification:_identify(dynamixel-workbench) by extension 'ignore'
[0.274s] Level 1:colcon.colcon_core.package_identification:_identify(dynamixel-workbench) by extension 'ignore_ament_install'
[0.274s] Level 1:colcon.colcon_core.package_identification:_identify(dynamixel-workbench) by extensions ['colcon_pkg']
[0.274s] Level 1:colcon.colcon_core.package_identification:_identify(dynamixel-workbench) by extension 'colcon_pkg'
[0.274s] Level 1:colcon.colcon_core.package_identification:_identify(dynamixel-workbench) by extensions ['colcon_meta']
[0.274s] Level 1:colcon.colcon_core.package_identification:_identify(dynamixel-workbench) by extension 'colcon_meta'
[0.274s] Level 1:colcon.colcon_core.package_identification:_identify(dynamixel-workbench) by extensions ['ros']
[0.274s] Level 1:colcon.colcon_core.package_identification:_identify(dynamixel-workbench) by extension 'ros'
[0.274s] Level 1:colcon.colcon_core.package_identification:_identify(dynamixel-workbench) by extensions ['cmake', 'python']
[0.274s] Level 1:colcon.colcon_core.package_identification:_identify(dynamixel-workbench) by extension 'cmake'
[0.274s] Level 1:colcon.colcon_core.package_identification:_identify(dynamixel-workbench) by extension 'python'
[0.274s] Level 1:colcon.colcon_core.package_identification:_identify(dynamixel-workbench) by extensions ['python_setup_py']
[0.274s] Level 1:colcon.colcon_core.package_identification:_identify(dynamixel-workbench) by extension 'python_setup_py'
[0.274s] Level 1:colcon.colcon_core.package_identification:_identify(dynamixel_custom_interfaces) by extensions ['ignore', 'ignore_ament_install']
[0.274s] Level 1:colcon.colcon_core.package_identification:_identify(dynamixel_custom_interfaces) by extension 'ignore'
[0.274s] Level 1:colcon.colcon_core.package_identification:_identify(dynamixel_custom_interfaces) by extension 'ignore_ament_install'
[0.274s] Level 1:colcon.colcon_core.package_identification:_identify(dynamixel_custom_interfaces) by extensions ['colcon_pkg']
[0.274s] Level 1:colcon.colcon_core.package_identification:_identify(dynamixel_custom_interfaces) by extension 'colcon_pkg'
[0.274s] Level 1:colcon.colcon_core.package_identification:_identify(dynamixel_custom_interfaces) by extensions ['colcon_meta']
[0.274s] Level 1:colcon.colcon_core.package_identification:_identify(dynamixel_custom_interfaces) by extension 'colcon_meta'
[0.274s] Level 1:colcon.colcon_core.package_identification:_identify(dynamixel_custom_interfaces) by extensions ['ros']
[0.274s] Level 1:colcon.colcon_core.package_identification:_identify(dynamixel_custom_interfaces) by extension 'ros'
[0.276s] DEBUG:colcon.colcon_core.package_identification:Package 'dynamixel_custom_interfaces' with type 'ros.ament_cmake' and name 'dynamixel_custom_interfaces'
[0.276s] Level 1:colcon.colcon_core.package_identification:_identify(dynamixel_hardware_interface) by extensions ['ignore', 'ignore_ament_install']
[0.276s] Level 1:colcon.colcon_core.package_identification:_identify(dynamixel_hardware_interface) by extension 'ignore'
[0.277s] Level 1:colcon.colcon_core.package_identification:_identify(dynamixel_hardware_interface) by extension 'ignore_ament_install'
[0.277s] Level 1:colcon.colcon_core.package_identification:_identify(dynamixel_hardware_interface) by extensions ['colcon_pkg']
[0.277s] Level 1:colcon.colcon_core.package_identification:_identify(dynamixel_hardware_interface) by extension 'colcon_pkg'
[0.277s] Level 1:colcon.colcon_core.package_identification:_identify(dynamixel_hardware_interface) by extensions ['colcon_meta']
[0.277s] Level 1:colcon.colcon_core.package_identification:_identify(dynamixel_hardware_interface) by extension 'colcon_meta'
[0.277s] Level 1:colcon.colcon_core.package_identification:_identify(dynamixel_hardware_interface) by extensions ['ros']
[0.277s] Level 1:colcon.colcon_core.package_identification:_identify(dynamixel_hardware_interface) by extension 'ros'
[0.277s] DEBUG:colcon.colcon_core.package_identification:Package 'dynamixel_hardware_interface' with type 'ros.ament_cmake' and name 'dynamixel_hardware_interface'
[0.277s] Level 1:colcon.colcon_core.package_identification:_identify(install) by extensions ['ignore', 'ignore_ament_install']
[0.277s] Level 1:colcon.colcon_core.package_identification:_identify(install) by extension 'ignore'
[0.277s] Level 1:colcon.colcon_core.package_identification:_identify(install) ignored
[0.278s] Level 1:colcon.colcon_core.package_identification:_identify(log) by extensions ['ignore', 'ignore_ament_install']
[0.278s] Level 1:colcon.colcon_core.package_identification:_identify(log) by extension 'ignore'
[0.278s] Level 1:colcon.colcon_core.package_identification:_identify(log) ignored
[0.278s] Level 1:colcon.colcon_core.package_identification:_identify(moonbot_control) by extensions ['ignore', 'ignore_ament_install']
[0.278s] Level 1:colcon.colcon_core.package_identification:_identify(moonbot_control) by extension 'ignore'
[0.278s] Level 1:colcon.colcon_core.package_identification:_identify(moonbot_control) by extension 'ignore_ament_install'
[0.278s] Level 1:colcon.colcon_core.package_identification:_identify(moonbot_control) by extensions ['colcon_pkg']
[0.278s] Level 1:colcon.colcon_core.package_identification:_identify(moonbot_control) by extension 'colcon_pkg'
[0.278s] Level 1:colcon.colcon_core.package_identification:_identify(moonbot_control) by extensions ['colcon_meta']
[0.278s] Level 1:colcon.colcon_core.package_identification:_identify(moonbot_control) by extension 'colcon_meta'
[0.278s] Level 1:colcon.colcon_core.package_identification:_identify(moonbot_control) by extensions ['ros']
[0.278s] Level 1:colcon.colcon_core.package_identification:_identify(moonbot_control) by extension 'ros'
[0.279s] DEBUG:colcon.colcon_core.package_identification:Package 'moonbot_control' with type 'ros.ament_cmake' and name 'moonbot_control'
[0.279s] Level 1:colcon.colcon_core.package_identification:_identify(moonbot_description) by extensions ['ignore', 'ignore_ament_install']
[0.279s] Level 1:colcon.colcon_core.package_identification:_identify(moonbot_description) by extension 'ignore'
[0.279s] Level 1:colcon.colcon_core.package_identification:_identify(moonbot_description) by extension 'ignore_ament_install'
[0.279s] Level 1:colcon.colcon_core.package_identification:_identify(moonbot_description) by extensions ['colcon_pkg']
[0.279s] Level 1:colcon.colcon_core.package_identification:_identify(moonbot_description) by extension 'colcon_pkg'
[0.279s] Level 1:colcon.colcon_core.package_identification:_identify(moonbot_description) by extensions ['colcon_meta']
[0.279s] Level 1:colcon.colcon_core.package_identification:_identify(moonbot_description) by extension 'colcon_meta'
[0.279s] Level 1:colcon.colcon_core.package_identification:_identify(moonbot_description) by extensions ['ros']
[0.279s] Level 1:colcon.colcon_core.package_identification:_identify(moonbot_description) by extension 'ros'
[0.280s] DEBUG:colcon.colcon_core.package_identification:Package 'moonbot_description' with type 'ros.ament_cmake' and name 'moonbot_description'
[0.280s] Level 1:colcon.colcon_core.package_identification:_identify(moonbot_gazebo) by extensions ['ignore', 'ignore_ament_install']
[0.280s] Level 1:colcon.colcon_core.package_identification:_identify(moonbot_gazebo) by extension 'ignore'
[0.280s] Level 1:colcon.colcon_core.package_identification:_identify(moonbot_gazebo) by extension 'ignore_ament_install'
[0.280s] Level 1:colcon.colcon_core.package_identification:_identify(moonbot_gazebo) by extensions ['colcon_pkg']
[0.280s] Level 1:colcon.colcon_core.package_identification:_identify(moonbot_gazebo) by extension 'colcon_pkg'
[0.280s] Level 1:colcon.colcon_core.package_identification:_identify(moonbot_gazebo) by extensions ['colcon_meta']
[0.280s] Level 1:colcon.colcon_core.package_identification:_identify(moonbot_gazebo) by extension 'colcon_meta'
[0.280s] Level 1:colcon.colcon_core.package_identification:_identify(moonbot_gazebo) by extensions ['ros']
[0.280s] Level 1:colcon.colcon_core.package_identification:_identify(moonbot_gazebo) by extension 'ros'
[0.281s] DEBUG:colcon.colcon_core.package_identification:Package 'moonbot_gazebo' with type 'ros.ament_cmake' and name 'moonbot_gazebo'
[0.281s] Level 1:colcon.colcon_core.package_identification:_identify(my_robot_hardware_interface) by extensions ['ignore', 'ignore_ament_install']
[0.281s] Level 1:colcon.colcon_core.package_identification:_identify(my_robot_hardware_interface) by extension 'ignore'
[0.281s] Level 1:colcon.colcon_core.package_identification:_identify(my_robot_hardware_interface) by extension 'ignore_ament_install'
[0.281s] Level 1:colcon.colcon_core.package_identification:_identify(my_robot_hardware_interface) by extensions ['colcon_pkg']
[0.281s] Level 1:colcon.colcon_core.package_identification:_identify(my_robot_hardware_interface) by extension 'colcon_pkg'
[0.281s] Level 1:colcon.colcon_core.package_identification:_identify(my_robot_hardware_interface) by extensions ['colcon_meta']
[0.281s] Level 1:colcon.colcon_core.package_identification:_identify(my_robot_hardware_interface) by extension 'colcon_meta'
[0.281s] Level 1:colcon.colcon_core.package_identification:_identify(my_robot_hardware_interface) by extensions ['ros']
[0.281s] Level 1:colcon.colcon_core.package_identification:_identify(my_robot_hardware_interface) by extension 'ros'
[0.282s] DEBUG:colcon.colcon_core.package_identification:Package 'my_robot_hardware_interface' with type 'ros.ament_cmake' and name 'my_robot_hardware_interface'
[0.282s] Level 1:colcon.colcon_core.package_identification:_identify(trial) by extensions ['ignore', 'ignore_ament_install']
[0.282s] Level 1:colcon.colcon_core.package_identification:_identify(trial) by extension 'ignore'
[0.282s] Level 1:colcon.colcon_core.package_identification:_identify(trial) by extension 'ignore_ament_install'
[0.282s] Level 1:colcon.colcon_core.package_identification:_identify(trial) by extensions ['colcon_pkg']
[0.282s] Level 1:colcon.colcon_core.package_identification:_identify(trial) by extension 'colcon_pkg'
[0.282s] Level 1:colcon.colcon_core.package_identification:_identify(trial) by extensions ['colcon_meta']
[0.282s] Level 1:colcon.colcon_core.package_identification:_identify(trial) by extension 'colcon_meta'
[0.282s] Level 1:colcon.colcon_core.package_identification:_identify(trial) by extensions ['ros']
[0.282s] Level 1:colcon.colcon_core.package_identification:_identify(trial) by extension 'ros'
[0.282s] DEBUG:colcon.colcon_core.package_identification:Package 'trial' with type 'ros.ament_python' and name 'trial'
[0.282s] Level 1:colcon.colcon_core.package_discovery:discover_packages(recursive) using defaults
[0.282s] Level 1:colcon.colcon_core.package_discovery:discover_packages(ignore) discover
[0.282s] Level 1:colcon.colcon_core.package_discovery:discover_packages(ignore) using defaults
[0.283s] Level 1:colcon.colcon_core.package_discovery:discover_packages(path) discover
[0.283s] Level 1:colcon.colcon_core.package_discovery:discover_packages(path) using defaults
[0.299s] Level 1:colcon.colcon_core.package_discovery:discover_packages(prefix_path) check parameters
[0.299s] Level 1:colcon.colcon_core.package_discovery:discover_packages(prefix_path) discover
[0.302s] DEBUG:colcon.colcon_installed_package_information.package_discovery:Found 275 installed packages in /opt/ros/foxy
[0.303s] Level 1:colcon.colcon_core.package_discovery:discover_packages(prefix_path) using defaults
[0.356s] Level 5:colcon.colcon_core.verb:set package 'dynamixel_custom_interfaces' build argument 'cmake_args' from command line to 'None'
[0.356s] Level 5:colcon.colcon_core.verb:set package 'dynamixel_custom_interfaces' build argument 'cmake_target' from command line to 'None'
[0.356s] Level 5:colcon.colcon_core.verb:set package 'dynamixel_custom_interfaces' build argument 'cmake_target_skip_unavailable' from command line to 'False'
[0.356s] Level 5:colcon.colcon_core.verb:set package 'dynamixel_custom_interfaces' build argument 'cmake_clean_cache' from command line to 'False'
[0.356s] Level 5:colcon.colcon_core.verb:set package 'dynamixel_custom_interfaces' build argument 'cmake_clean_first' from command line to 'False'
[0.356s] Level 5:colcon.colcon_core.verb:set package 'dynamixel_custom_interfaces' build argument 'cmake_force_configure' from command line to 'False'
[0.356s] Level 5:colcon.colcon_core.verb:set package 'dynamixel_custom_interfaces' build argument 'ament_cmake_args' from command line to 'None'
[0.356s] Level 5:colcon.colcon_core.verb:set package 'dynamixel_custom_interfaces' build argument 'catkin_cmake_args' from command line to 'None'
[0.356s] Level 5:colcon.colcon_core.verb:set package 'dynamixel_custom_interfaces' build argument 'catkin_skip_building_tests' from command line to 'False'
[0.356s] DEBUG:colcon.colcon_core.verb:Building package 'dynamixel_custom_interfaces' with the following arguments: {'ament_cmake_args': None, 'build_base': '/home/leibton/ros2_ws/src/build/dynamixel_custom_interfaces', 'catkin_cmake_args': None, 'catkin_skip_building_tests': False, 'cmake_args': None, 'cmake_clean_cache': False, 'cmake_clean_first': False, 'cmake_force_configure': False, 'cmake_target': None, 'cmake_target_skip_unavailable': False, 'install_base': '/home/leibton/ros2_ws/src/install/dynamixel_custom_interfaces', 'merge_install': False, 'path': '/home/leibton/ros2_ws/src/dynamixel_custom_interfaces', 'symlink_install': False, 'test_result_base': None}
[0.357s] Level 5:colcon.colcon_core.verb:set package 'dynamixel_hardware_interface' build argument 'cmake_args' from command line to 'None'
[0.357s] Level 5:colcon.colcon_core.verb:set package 'dynamixel_hardware_interface' build argument 'cmake_target' from command line to 'None'
[0.357s] Level 5:colcon.colcon_core.verb:set package 'dynamixel_hardware_interface' build argument 'cmake_target_skip_unavailable' from command line to 'False'
[0.357s] Level 5:colcon.colcon_core.verb:set package 'dynamixel_hardware_interface' build argument 'cmake_clean_cache' from command line to 'False'
[0.357s] Level 5:colcon.colcon_core.verb:set package 'dynamixel_hardware_interface' build argument 'cmake_clean_first' from command line to 'False'
[0.357s] Level 5:colcon.colcon_core.verb:set package 'dynamixel_hardware_interface' build argument 'cmake_force_configure' from command line to 'False'
[0.357s] Level 5:colcon.colcon_core.verb:set package 'dynamixel_hardware_interface' build argument 'ament_cmake_args' from command line to 'None'
[0.357s] Level 5:colcon.colcon_core.verb:set package 'dynamixel_hardware_interface' build argument 'catkin_cmake_args' from command line to 'None'
[0.357s] Level 5:colcon.colcon_core.verb:set package 'dynamixel_hardware_interface' build argument 'catkin_skip_building_tests' from command line to 'False'
[0.357s] DEBUG:colcon.colcon_core.verb:Building package 'dynamixel_hardware_interface' with the following arguments: {'ament_cmake_args': None, 'build_base': '/home/leibton/ros2_ws/src/build/dynamixel_hardware_interface', 'catkin_cmake_args': None, 'catkin_skip_building_tests': False, 'cmake_args': None, 'cmake_clean_cache': False, 'cmake_clean_first': False, 'cmake_force_configure': False, 'cmake_target': None, 'cmake_target_skip_unavailable': False, 'install_base': '/home/leibton/ros2_ws/src/install/dynamixel_hardware_interface', 'merge_install': False, 'path': '/home/leibton/ros2_ws/src/dynamixel_hardware_interface', 'symlink_install': False, 'test_result_base': None}
[0.358s] Level 5:colcon.colcon_core.verb:set package 'moonbot_description' build argument 'cmake_args' from command line to 'None'
[0.358s] Level 5:colcon.colcon_core.verb:set package 'moonbot_description' build argument 'cmake_target' from command line to 'None'
[0.358s] Level 5:colcon.colcon_core.verb:set package 'moonbot_description' build argument 'cmake_target_skip_unavailable' from command line to 'False'
[0.358s] Level 5:colcon.colcon_core.verb:set package 'moonbot_description' build argument 'cmake_clean_cache' from command line to 'False'
[0.358s] Level 5:colcon.colcon_core.verb:set package 'moonbot_description' build argument 'cmake_clean_first' from command line to 'False'
[0.358s] Level 5:colcon.colcon_core.verb:set package 'moonbot_description' build argument 'cmake_force_configure' from command line to 'False'
[0.358s] Level 5:colcon.colcon_core.verb:set package 'moonbot_description' build argument 'ament_cmake_args' from command line to 'None'
[0.358s] Level 5:colcon.colcon_core.verb:set package 'moonbot_description' build argument 'catkin_cmake_args' from command line to 'None'
[0.358s] Level 5:colcon.colcon_core.verb:set package 'moonbot_description' build argument 'catkin_skip_building_tests' from command line to 'False'
[0.358s] DEBUG:colcon.colcon_core.verb:Building package 'moonbot_description' with the following arguments: {'ament_cmake_args': None, 'build_base': '/home/leibton/ros2_ws/src/build/moonbot_description', 'catkin_cmake_args': None, 'catkin_skip_building_tests': False, 'cmake_args': None, 'cmake_clean_cache': False, 'cmake_clean_first': False, 'cmake_force_configure': False, 'cmake_target': None, 'cmake_target_skip_unavailable': False, 'install_base': '/home/leibton/ros2_ws/src/install/moonbot_description', 'merge_install': False, 'path': '/home/leibton/ros2_ws/src/moonbot_description', 'symlink_install': False, 'test_result_base': None}
[0.359s] Level 5:colcon.colcon_core.verb:set package 'my_robot_hardware_interface' build argument 'cmake_args' from command line to 'None'
[0.359s] Level 5:colcon.colcon_core.verb:set package 'my_robot_hardware_interface' build argument 'cmake_target' from command line to 'None'
[0.359s] Level 5:colcon.colcon_core.verb:set package 'my_robot_hardware_interface' build argument 'cmake_target_skip_unavailable' from command line to 'False'
[0.359s] Level 5:colcon.colcon_core.verb:set package 'my_robot_hardware_interface' build argument 'cmake_clean_cache' from command line to 'False'
[0.359s] Level 5:colcon.colcon_core.verb:set package 'my_robot_hardware_interface' build argument 'cmake_clean_first' from command line to 'False'
[0.359s] Level 5:colcon.colcon_core.verb:set package 'my_robot_hardware_interface' build argument 'cmake_force_configure' from command line to 'False'
[0.359s] Level 5:colcon.colcon_core.verb:set package 'my_robot_hardware_interface' build argument 'ament_cmake_args' from command line to 'None'
[0.359s] Level 5:colcon.colcon_core.verb:set package 'my_robot_hardware_interface' build argument 'catkin_cmake_args' from command line to 'None'
[0.359s] Level 5:colcon.colcon_core.verb:set package 'my_robot_hardware_interface' build argument 'catkin_skip_building_tests' from command line to 'False'
[0.359s] DEBUG:colcon.colcon_core.verb:Building package 'my_robot_hardware_interface' with the following arguments: {'ament_cmake_args': None, 'build_base': '/home/leibton/ros2_ws/src/build/my_robot_hardware_interface', 'catkin_cmake_args': None, 'catkin_skip_building_tests': False, 'cmake_args': None, 'cmake_clean_cache': False, 'cmake_clean_first': False, 'cmake_force_configure': False, 'cmake_target': None, 'cmake_target_skip_unavailable': False, 'install_base': '/home/leibton/ros2_ws/src/install/my_robot_hardware_interface', 'merge_install': False, 'path': '/home/leibton/ros2_ws/src/my_robot_hardware_interface', 'symlink_install': False, 'test_result_base': None}
[0.360s] Level 5:colcon.colcon_core.verb:set package 'moonbot_control' build argument 'cmake_args' from command line to 'None'
[0.360s] Level 5:colcon.colcon_core.verb:set package 'moonbot_control' build argument 'cmake_target' from command line to 'None'
[0.360s] Level 5:colcon.colcon_core.verb:set package 'moonbot_control' build argument 'cmake_target_skip_unavailable' from command line to 'False'
[0.360s] Level 5:colcon.colcon_core.verb:set package 'moonbot_control' build argument 'cmake_clean_cache' from command line to 'False'
[0.360s] Level 5:colcon.colcon_core.verb:set package 'moonbot_control' build argument 'cmake_clean_first' from command line to 'False'
[0.360s] Level 5:colcon.colcon_core.verb:set package 'moonbot_control' build argument 'cmake_force_configure' from command line to 'False'
[0.360s] Level 5:colcon.colcon_core.verb:set package 'moonbot_control' build argument 'ament_cmake_args' from command line to 'None'
[0.360s] Level 5:colcon.colcon_core.verb:set package 'moonbot_control' build argument 'catkin_cmake_args' from command line to 'None'
[0.360s] Level 5:colcon.colcon_core.verb:set package 'moonbot_control' build argument 'catkin_skip_building_tests' from command line to 'False'
[0.360s] DEBUG:colcon.colcon_core.verb:Building package 'moonbot_control' with the following arguments: {'ament_cmake_args': None, 'build_base': '/home/leibton/ros2_ws/src/build/moonbot_control', 'catkin_cmake_args': None, 'catkin_skip_building_tests': False, 'cmake_args': None, 'cmake_clean_cache': False, 'cmake_clean_first': False, 'cmake_force_configure': False, 'cmake_target': None, 'cmake_target_skip_unavailable': False, 'install_base': '/home/leibton/ros2_ws/src/install/moonbot_control', 'merge_install': False, 'path': '/home/leibton/ros2_ws/src/moonbot_control', 'symlink_install': False, 'test_result_base': None}
[0.360s] Level 5:colcon.colcon_core.verb:set package 'trial' build argument 'cmake_args' from command line to 'None'
[0.360s] Level 5:colcon.colcon_core.verb:set package 'trial' build argument 'cmake_target' from command line to 'None'
[0.360s] Level 5:colcon.colcon_core.verb:set package 'trial' build argument 'cmake_target_skip_unavailable' from command line to 'False'
[0.360s] Level 5:colcon.colcon_core.verb:set package 'trial' build argument 'cmake_clean_cache' from command line to 'False'
[0.360s] Level 5:colcon.colcon_core.verb:set package 'trial' build argument 'cmake_clean_first' from command line to 'False'
[0.361s] Level 5:colcon.colcon_core.verb:set package 'trial' build argument 'cmake_force_configure' from command line to 'False'
[0.361s] Level 5:colcon.colcon_core.verb:set package 'trial' build argument 'ament_cmake_args' from command line to 'None'
[0.361s] Level 5:colcon.colcon_core.verb:set package 'trial' build argument 'catkin_cmake_args' from command line to 'None'
[0.361s] Level 5:colcon.colcon_core.verb:set package 'trial' build argument 'catkin_skip_building_tests' from command line to 'False'
[0.361s] DEBUG:colcon.colcon_core.verb:Building package 'trial' with the following arguments: {'ament_cmake_args': None, 'build_base': '/home/leibton/ros2_ws/src/build/trial', 'catkin_cmake_args': None, 'catkin_skip_building_tests': False, 'cmake_args': None, 'cmake_clean_cache': False, 'cmake_clean_first': False, 'cmake_force_configure': False, 'cmake_target': None, 'cmake_target_skip_unavailable': False, 'install_base': '/home/leibton/ros2_ws/src/install/trial', 'merge_install': False, 'path': '/home/leibton/ros2_ws/src/trial', 'symlink_install': False, 'test_result_base': None}
[0.361s] Level 5:colcon.colcon_core.verb:set package 'moonbot_gazebo' build argument 'cmake_args' from command line to 'None'
[0.361s] Level 5:colcon.colcon_core.verb:set package 'moonbot_gazebo' build argument 'cmake_target' from command line to 'None'
[0.361s] Level 5:colcon.colcon_core.verb:set package 'moonbot_gazebo' build argument 'cmake_target_skip_unavailable' from command line to 'False'
[0.361s] Level 5:colcon.colcon_core.verb:set package 'moonbot_gazebo' build argument 'cmake_clean_cache' from command line to 'False'
[0.361s] Level 5:colcon.colcon_core.verb:set package 'moonbot_gazebo' build argument 'cmake_clean_first' from command line to 'False'
[0.361s] Level 5:colcon.colcon_core.verb:set package 'moonbot_gazebo' build argument 'cmake_force_configure' from command line to 'False'
[0.361s] Level 5:colcon.colcon_core.verb:set package 'moonbot_gazebo' build argument 'ament_cmake_args' from command line to 'None'
[0.361s] Level 5:colcon.colcon_core.verb:set package 'moonbot_gazebo' build argument 'catkin_cmake_args' from command line to 'None'
[0.361s] Level 5:colcon.colcon_core.verb:set package 'moonbot_gazebo' build argument 'catkin_skip_building_tests' from command line to 'False'
[0.361s] DEBUG:colcon.colcon_core.verb:Building package 'moonbot_gazebo' with the following arguments: {'ament_cmake_args': None, 'build_base': '/home/leibton/ros2_ws/src/build/moonbot_gazebo', 'catkin_cmake_args': None, 'catkin_skip_building_tests': False, 'cmake_args': None, 'cmake_clean_cache': False, 'cmake_clean_first': False, 'cmake_force_configure': False, 'cmake_target': None, 'cmake_target_skip_unavailable': False, 'install_base': '/home/leibton/ros2_ws/src/install/moonbot_gazebo', 'merge_install': False, 'path': '/home/leibton/ros2_ws/src/moonbot_gazebo', 'symlink_install': False, 'test_result_base': None}
[0.362s] INFO:colcon.colcon_core.executor:Executing jobs using 'parallel' executor
[0.364s] DEBUG:colcon.colcon_parallel_executor.executor.parallel:run_until_complete
[0.364s] INFO:colcon.colcon_ros.task.ament_cmake.build:Building ROS package in '/home/leibton/ros2_ws/src/moonbot_description' with build type 'ament_cmake'
[0.364s] INFO:colcon.colcon_cmake.task.cmake.build:Building CMake package in '/home/leibton/ros2_ws/src/moonbot_description'
[0.369s] INFO:colcon.colcon_core.plugin_system:Skipping extension 'colcon_core.shell.bat': Not used on non-Windows systems
[0.369s] INFO:colcon.colcon_core.shell:Skip shell extension 'powershell' for command environment: Not usable outside of PowerShell
[0.369s] DEBUG:colcon.colcon_core.shell:Skip shell extension 'dsv' for command environment
[0.372s] INFO:colcon.colcon_ros.task.ament_cmake.build:Building ROS package in '/home/leibton/ros2_ws/src/dynamixel_custom_interfaces' with build type 'ament_cmake'
[0.373s] INFO:colcon.colcon_cmake.task.cmake.build:Building CMake package in '/home/leibton/ros2_ws/src/dynamixel_custom_interfaces'
[0.374s] INFO:colcon.colcon_core.shell:Skip shell extension 'powershell' for command environment: Not usable outside of PowerShell
[0.374s] DEBUG:colcon.colcon_core.shell:Skip shell extension 'dsv' for command environment
[0.377s] INFO:colcon.colcon_ros.task.ament_cmake.build:Building ROS package in '/home/leibton/ros2_ws/src/dynamixel_hardware_interface' with build type 'ament_cmake'
[0.377s] INFO:colcon.colcon_cmake.task.cmake.build:Building CMake package in '/home/leibton/ros2_ws/src/dynamixel_hardware_interface'
[0.378s] INFO:colcon.colcon_core.shell:Skip shell extension 'powershell' for command environment: Not usable outside of PowerShell
[0.378s] DEBUG:colcon.colcon_core.shell:Skip shell extension 'dsv' for command environment
[0.381s] INFO:colcon.colcon_ros.task.ament_cmake.build:Building ROS package in '/home/leibton/ros2_ws/src/my_robot_hardware_interface' with build type 'ament_cmake'
[0.382s] INFO:colcon.colcon_cmake.task.cmake.build:Building CMake package in '/home/leibton/ros2_ws/src/my_robot_hardware_interface'
[0.383s] INFO:colcon.colcon_core.shell:Skip shell extension 'powershell' for command environment: Not usable outside of PowerShell
[0.383s] DEBUG:colcon.colcon_core.shell:Skip shell extension 'dsv' for command environment
[0.389s] DEBUG:colcon.colcon_core.event_handler.log_command:Invoking command in '/home/leibton/ros2_ws/src/build/moonbot_description': CMAKE_PREFIX_PATH=/opt/ros/foxy /usr/bin/cmake /home/leibton/ros2_ws/src/moonbot_description -DCMAKE_INSTALL_PREFIX=/home/leibton/ros2_ws/src/install/moonbot_description
[0.393s] DEBUG:colcon.colcon_core.event_handler.log_command:Invoking command in '/home/leibton/ros2_ws/src/build/dynamixel_custom_interfaces': CMAKE_PREFIX_PATH=/opt/ros/foxy /usr/bin/cmake /home/leibton/ros2_ws/src/dynamixel_custom_interfaces -DCMAKE_INSTALL_PREFIX=/home/leibton/ros2_ws/src/install/dynamixel_custom_interfaces
[0.395s] DEBUG:colcon.colcon_core.event_handler.log_command:Invoking command in '/home/leibton/ros2_ws/src/build/dynamixel_hardware_interface': CMAKE_PREFIX_PATH=/opt/ros/foxy /usr/bin/cmake /home/leibton/ros2_ws/src/dynamixel_hardware_interface -DCMAKE_INSTALL_PREFIX=/home/leibton/ros2_ws/src/install/dynamixel_hardware_interface
[0.400s] DEBUG:colcon.colcon_core.event_handler.log_command:Invoking command in '/home/leibton/ros2_ws/src/build/my_robot_hardware_interface': CMAKE_PREFIX_PATH=/opt/ros/foxy /usr/bin/cmake /home/leibton/ros2_ws/src/my_robot_hardware_interface -DCMAKE_INSTALL_PREFIX=/home/leibton/ros2_ws/src/install/my_robot_hardware_interface
[1.838s] DEBUG:colcon.colcon_core.event_handler.log_command:Invoked command in '/home/leibton/ros2_ws/src/build/dynamixel_custom_interfaces' returned '0': CMAKE_PREFIX_PATH=/opt/ros/foxy /usr/bin/cmake /home/leibton/ros2_ws/src/dynamixel_custom_interfaces -DCMAKE_INSTALL_PREFIX=/home/leibton/ros2_ws/src/install/dynamixel_custom_interfaces
[1.840s] DEBUG:colcon.colcon_core.event_handler.log_command:Invoking command in '/home/leibton/ros2_ws/src/build/dynamixel_custom_interfaces': CMAKE_PREFIX_PATH=/opt/ros/foxy /usr/bin/cmake --build /home/leibton/ros2_ws/src/build/dynamixel_custom_interfaces -- -j12 -l12
[1.924s] DEBUG:colcon.colcon_core.event_handler.log_command:Invoked command in '/home/leibton/ros2_ws/src/build/dynamixel_hardware_interface' returned '0': CMAKE_PREFIX_PATH=/opt/ros/foxy /usr/bin/cmake /home/leibton/ros2_ws/src/dynamixel_hardware_interface -DCMAKE_INSTALL_PREFIX=/home/leibton/ros2_ws/src/install/dynamixel_hardware_interface
[1.926s] DEBUG:colcon.colcon_core.event_handler.log_command:Invoking command in '/home/leibton/ros2_ws/src/build/dynamixel_hardware_interface': CMAKE_PREFIX_PATH=/opt/ros/foxy /usr/bin/cmake --build /home/leibton/ros2_ws/src/build/dynamixel_hardware_interface -- -j12 -l12
[1.951s] DEBUG:colcon.colcon_core.event_handler.log_command:Invoked command in '/home/leibton/ros2_ws/src/build/my_robot_hardware_interface' returned '0': CMAKE_PREFIX_PATH=/opt/ros/foxy /usr/bin/cmake /home/leibton/ros2_ws/src/my_robot_hardware_interface -DCMAKE_INSTALL_PREFIX=/home/leibton/ros2_ws/src/install/my_robot_hardware_interface
[1.953s] DEBUG:colcon.colcon_core.event_handler.log_command:Invoking command in '/home/leibton/ros2_ws/src/build/my_robot_hardware_interface': CMAKE_PREFIX_PATH=/opt/ros/foxy /usr/bin/cmake --build /home/leibton/ros2_ws/src/build/my_robot_hardware_interface -- -j12 -l12
[1.959s] DEBUG:colcon.colcon_core.event_handler.log_command:Invoked command in '/home/leibton/ros2_ws/src/build/dynamixel_hardware_interface' returned '0': CMAKE_PREFIX_PATH=/opt/ros/foxy /usr/bin/cmake --build /home/leibton/ros2_ws/src/build/dynamixel_hardware_interface -- -j12 -l12
[1.973s] DEBUG:colcon.colcon_core.event_handler.log_command:Invoked command in '/home/leibton/ros2_ws/src/build/moonbot_description' returned '0': CMAKE_PREFIX_PATH=/opt/ros/foxy /usr/bin/cmake /home/leibton/ros2_ws/src/moonbot_description -DCMAKE_INSTALL_PREFIX=/home/leibton/ros2_ws/src/install/moonbot_description
[1.975s] DEBUG:colcon.colcon_core.event_handler.log_command:Invoking command in '/home/leibton/ros2_ws/src/build/moonbot_description': CMAKE_PREFIX_PATH=/opt/ros/foxy /usr/bin/cmake --build /home/leibton/ros2_ws/src/build/moonbot_description -- -j12 -l12
[1.984s] DEBUG:colcon.colcon_core.event_handler.log_command:Invoking command in '/home/leibton/ros2_ws/src/build/dynamixel_hardware_interface': CMAKE_PREFIX_PATH=/opt/ros/foxy /usr/bin/cmake --install /home/leibton/ros2_ws/src/build/dynamixel_hardware_interface
[1.985s] DEBUG:colcon.colcon_core.event_handler.log_command:Invoked command in '/home/leibton/ros2_ws/src/build/my_robot_hardware_interface' returned '0': CMAKE_PREFIX_PATH=/opt/ros/foxy /usr/bin/cmake --build /home/leibton/ros2_ws/src/build/my_robot_hardware_interface -- -j12 -l12
[1.991s] Level 1:colcon.colcon_core.environment:create_environment_scripts_only(dynamixel_hardware_interface)
[1.992s] DEBUG:colcon.colcon_core.event_handler.log_command:Invoked command in '/home/leibton/ros2_ws/src/build/dynamixel_hardware_interface' returned '0': CMAKE_PREFIX_PATH=/opt/ros/foxy /usr/bin/cmake --install /home/leibton/ros2_ws/src/build/dynamixel_hardware_interface
[1.999s] Level 1:colcon.colcon_core.environment:checking '/home/leibton/ros2_ws/src/install/dynamixel_hardware_interface' for CMake module files
[2.000s] Level 1:colcon.colcon_core.environment:checking '/home/leibton/ros2_ws/src/install/dynamixel_hardware_interface' for CMake config files
[2.000s] Level 1:colcon.colcon_core.shell:create_environment_hook('dynamixel_hardware_interface', 'cmake_prefix_path')
[2.001s] INFO:colcon.colcon_core.shell:Creating environment hook '/home/leibton/ros2_ws/src/install/dynamixel_hardware_interface/share/dynamixel_hardware_interface/hook/cmake_prefix_path.ps1'
[2.002s] INFO:colcon.colcon_core.shell:Creating environment descriptor '/home/leibton/ros2_ws/src/install/dynamixel_hardware_interface/share/dynamixel_hardware_interface/hook/cmake_prefix_path.dsv'
[2.002s] INFO:colcon.colcon_core.shell:Creating environment hook '/home/leibton/ros2_ws/src/install/dynamixel_hardware_interface/share/dynamixel_hardware_interface/hook/cmake_prefix_path.sh'
[2.003s] Level 1:colcon.colcon_core.environment:checking '/home/leibton/ros2_ws/src/install/dynamixel_hardware_interface/bin'
[2.003s] Level 1:colcon.colcon_core.environment:checking '/home/leibton/ros2_ws/src/install/dynamixel_hardware_interface/lib/pkgconfig/dynamixel_hardware_interface.pc'
[2.003s] Level 1:colcon.colcon_core.environment:checking '/home/leibton/ros2_ws/src/install/dynamixel_hardware_interface/lib/python3.8/site-packages'
[2.003s] Level 1:colcon.colcon_core.environment:checking '/home/leibton/ros2_ws/src/install/dynamixel_hardware_interface/bin'
[2.005s] INFO:colcon.colcon_core.shell:Creating package script '/home/leibton/ros2_ws/src/install/dynamixel_hardware_interface/share/dynamixel_hardware_interface/package.ps1'
[2.005s] INFO:colcon.colcon_core.shell:Creating package descriptor '/home/leibton/ros2_ws/src/install/dynamixel_hardware_interface/share/dynamixel_hardware_interface/package.dsv'
[2.006s] INFO:colcon.colcon_core.shell:Creating package script '/home/leibton/ros2_ws/src/install/dynamixel_hardware_interface/share/dynamixel_hardware_interface/package.sh'
[2.006s] INFO:colcon.colcon_core.shell:Creating package script '/home/leibton/ros2_ws/src/install/dynamixel_hardware_interface/share/dynamixel_hardware_interface/package.bash'
[2.007s] INFO:colcon.colcon_core.shell:Creating package script '/home/leibton/ros2_ws/src/install/dynamixel_hardware_interface/share/dynamixel_hardware_interface/package.zsh'
[2.007s] Level 1:colcon.colcon_core.environment:create_file_with_runtime_dependencies(/home/leibton/ros2_ws/src/install/dynamixel_hardware_interface/share/colcon-core/packages/dynamixel_hardware_interface)
[2.011s] DEBUG:colcon.colcon_core.event_handler.log_command:Invoking command in '/home/leibton/ros2_ws/src/build/my_robot_hardware_interface': CMAKE_PREFIX_PATH=/opt/ros/foxy /usr/bin/cmake --install /home/leibton/ros2_ws/src/build/my_robot_hardware_interface
[2.012s] DEBUG:colcon.colcon_core.event_handler.log_command:Invoked command in '/home/leibton/ros2_ws/src/build/moonbot_description' returned '0': CMAKE_PREFIX_PATH=/opt/ros/foxy /usr/bin/cmake --build /home/leibton/ros2_ws/src/build/moonbot_description -- -j12 -l12
[2.019s] Level 1:colcon.colcon_core.environment:create_environment_scripts_only(my_robot_hardware_interface)
[2.021s] Level 1:colcon.colcon_core.environment:checking '/home/leibton/ros2_ws/src/install/my_robot_hardware_interface' for CMake module files
[2.021s] DEBUG:colcon.colcon_core.event_handler.log_command:Invoked command in '/home/leibton/ros2_ws/src/build/my_robot_hardware_interface' returned '0': CMAKE_PREFIX_PATH=/opt/ros/foxy /usr/bin/cmake --install /home/leibton/ros2_ws/src/build/my_robot_hardware_interface
[2.022s] Level 1:colcon.colcon_core.environment:checking '/home/leibton/ros2_ws/src/install/my_robot_hardware_interface' for CMake config files
[2.022s] Level 1:colcon.colcon_core.shell:create_environment_hook('my_robot_hardware_interface', 'cmake_prefix_path')
[2.023s] INFO:colcon.colcon_core.shell:Creating environment hook '/home/leibton/ros2_ws/src/install/my_robot_hardware_interface/share/my_robot_hardware_interface/hook/cmake_prefix_path.ps1'
[2.023s] INFO:colcon.colcon_core.shell:Creating environment descriptor '/home/leibton/ros2_ws/src/install/my_robot_hardware_interface/share/my_robot_hardware_interface/hook/cmake_prefix_path.dsv'
[2.024s] INFO:colcon.colcon_core.shell:Creating environment hook '/home/leibton/ros2_ws/src/install/my_robot_hardware_interface/share/my_robot_hardware_interface/hook/cmake_prefix_path.sh'
[2.024s] Level 1:colcon.colcon_core.environment:checking '/home/leibton/ros2_ws/src/install/my_robot_hardware_interface/bin'
[2.024s] Level 1:colcon.colcon_core.environment:checking '/home/leibton/ros2_ws/src/install/my_robot_hardware_interface/lib/pkgconfig/my_robot_hardware_interface.pc'
[2.024s] Level 1:colcon.colcon_core.environment:checking '/home/leibton/ros2_ws/src/install/my_robot_hardware_interface/lib/python3.8/site-packages'
[2.025s] Level 1:colcon.colcon_core.environment:checking '/home/leibton/ros2_ws/src/install/my_robot_hardware_interface/bin'
[2.026s] INFO:colcon.colcon_core.shell:Creating package script '/home/leibton/ros2_ws/src/install/my_robot_hardware_interface/share/my_robot_hardware_interface/package.ps1'
[2.026s] INFO:colcon.colcon_core.shell:Creating package descriptor '/home/leibton/ros2_ws/src/install/my_robot_hardware_interface/share/my_robot_hardware_interface/package.dsv'
[2.026s] INFO:colcon.colcon_core.shell:Creating package script '/home/leibton/ros2_ws/src/install/my_robot_hardware_interface/share/my_robot_hardware_interface/package.sh'
[2.027s] INFO:colcon.colcon_core.shell:Creating package script '/home/leibton/ros2_ws/src/install/my_robot_hardware_interface/share/my_robot_hardware_interface/package.bash'
[2.027s] INFO:colcon.colcon_core.shell:Creating package script '/home/leibton/ros2_ws/src/install/my_robot_hardware_interface/share/my_robot_hardware_interface/package.zsh'
[2.027s] Level 1:colcon.colcon_core.environment:create_file_with_runtime_dependencies(/home/leibton/ros2_ws/src/install/my_robot_hardware_interface/share/colcon-core/packages/my_robot_hardware_interface)
[2.030s] Level 1:colcon.colcon_core.environment:create_environment_scripts_only(dynamixel_hardware_interface)
[2.032s] Level 1:colcon.colcon_core.environment:checking '/home/leibton/ros2_ws/src/install/dynamixel_hardware_interface' for CMake module files
[2.032s] Level 1:colcon.colcon_core.environment:checking '/home/leibton/ros2_ws/src/install/dynamixel_hardware_interface' for CMake config files
[2.032s] Level 1:colcon.colcon_core.shell:create_environment_hook('dynamixel_hardware_interface', 'cmake_prefix_path')
[2.033s] INFO:colcon.colcon_core.shell:Creating environment hook '/home/leibton/ros2_ws/src/install/dynamixel_hardware_interface/share/dynamixel_hardware_interface/hook/cmake_prefix_path.ps1'
[2.033s] INFO:colcon.colcon_core.shell:Creating environment descriptor '/home/leibton/ros2_ws/src/install/dynamixel_hardware_interface/share/dynamixel_hardware_interface/hook/cmake_prefix_path.dsv'
[2.033s] INFO:colcon.colcon_core.shell:Creating environment hook '/home/leibton/ros2_ws/src/install/dynamixel_hardware_interface/share/dynamixel_hardware_interface/hook/cmake_prefix_path.sh'
[2.034s] Level 1:colcon.colcon_core.environment:checking '/home/leibton/ros2_ws/src/install/dynamixel_hardware_interface/bin'
[2.034s] Level 1:colcon.colcon_core.environment:checking '/home/leibton/ros2_ws/src/install/dynamixel_hardware_interface/lib/pkgconfig/dynamixel_hardware_interface.pc'
[2.034s] Level 1:colcon.colcon_core.environment:checking '/home/leibton/ros2_ws/src/install/dynamixel_hardware_interface/lib/python3.8/site-packages'
[2.034s] Level 1:colcon.colcon_core.environment:checking '/home/leibton/ros2_ws/src/install/dynamixel_hardware_interface/bin'
[2.035s] INFO:colcon.colcon_core.shell:Creating package script '/home/leibton/ros2_ws/src/install/dynamixel_hardware_interface/share/dynamixel_hardware_interface/package.ps1'
[2.035s] INFO:colcon.colcon_core.shell:Creating package descriptor '/home/leibton/ros2_ws/src/install/dynamixel_hardware_interface/share/dynamixel_hardware_interface/package.dsv'
[2.036s] INFO:colcon.colcon_core.shell:Creating package script '/home/leibton/ros2_ws/src/install/dynamixel_hardware_interface/share/dynamixel_hardware_interface/package.sh'
[2.036s] INFO:colcon.colcon_core.shell:Creating package script '/home/leibton/ros2_ws/src/install/dynamixel_hardware_interface/share/dynamixel_hardware_interface/package.bash'
[2.036s] INFO:colcon.colcon_core.shell:Creating package script '/home/leibton/ros2_ws/src/install/dynamixel_hardware_interface/share/dynamixel_hardware_interface/package.zsh'
[2.037s] Level 1:colcon.colcon_core.environment:create_file_with_runtime_dependencies(/home/leibton/ros2_ws/src/install/dynamixel_hardware_interface/share/colcon-core/packages/dynamixel_hardware_interface)
[2.040s] DEBUG:colcon.colcon_core.event_handler.log_command:Invoking command in '/home/leibton/ros2_ws/src/build/moonbot_description': CMAKE_PREFIX_PATH=/opt/ros/foxy /usr/bin/cmake --install /home/leibton/ros2_ws/src/build/moonbot_description
[2.043s] Level 1:colcon.colcon_core.environment:create_environment_scripts_only(my_robot_hardware_interface)
[2.044s] Level 1:colcon.colcon_core.environment:checking '/home/leibton/ros2_ws/src/install/my_robot_hardware_interface' for CMake module files
[2.046s] Level 1:colcon.colcon_core.environment:checking '/home/leibton/ros2_ws/src/install/my_robot_hardware_interface' for CMake config files
[2.046s] Level 1:colcon.colcon_core.shell:create_environment_hook('my_robot_hardware_interface', 'cmake_prefix_path')
[2.047s] INFO:colcon.colcon_core.shell:Creating environment hook '/home/leibton/ros2_ws/src/install/my_robot_hardware_interface/share/my_robot_hardware_interface/hook/cmake_prefix_path.ps1'
[2.047s] INFO:colcon.colcon_core.shell:Creating environment descriptor '/home/leibton/ros2_ws/src/install/my_robot_hardware_interface/share/my_robot_hardware_interface/hook/cmake_prefix_path.dsv'
[2.048s] INFO:colcon.colcon_core.shell:Creating environment hook '/home/leibton/ros2_ws/src/install/my_robot_hardware_interface/share/my_robot_hardware_interface/hook/cmake_prefix_path.sh'
[2.049s] Level 1:colcon.colcon_core.environment:checking '/home/leibton/ros2_ws/src/install/my_robot_hardware_interface/bin'
[2.049s] Level 1:colcon.colcon_core.environment:checking '/home/leibton/ros2_ws/src/install/my_robot_hardware_interface/lib/pkgconfig/my_robot_hardware_interface.pc'
[2.049s] Level 1:colcon.colcon_core.environment:checking '/home/leibton/ros2_ws/src/install/my_robot_hardware_interface/lib/python3.8/site-packages'
[2.049s] Level 1:colcon.colcon_core.environment:checking '/home/leibton/ros2_ws/src/install/my_robot_hardware_interface/bin'
[2.050s] INFO:colcon.colcon_core.shell:Creating package script '/home/leibton/ros2_ws/src/install/my_robot_hardware_interface/share/my_robot_hardware_interface/package.ps1'
[2.050s] INFO:colcon.colcon_core.shell:Creating package descriptor '/home/leibton/ros2_ws/src/install/my_robot_hardware_interface/share/my_robot_hardware_interface/package.dsv'
[2.051s] INFO:colcon.colcon_core.shell:Creating package script '/home/leibton/ros2_ws/src/install/my_robot_hardware_interface/share/my_robot_hardware_interface/package.sh'
[2.051s] INFO:colcon.colcon_core.shell:Creating package script '/home/leibton/ros2_ws/src/install/my_robot_hardware_interface/share/my_robot_hardware_interface/package.bash'
[2.051s] INFO:colcon.colcon_core.shell:Creating package script '/home/leibton/ros2_ws/src/install/my_robot_hardware_interface/share/my_robot_hardware_interface/package.zsh'
[2.051s] Level 1:colcon.colcon_core.environment:create_file_with_runtime_dependencies(/home/leibton/ros2_ws/src/install/my_robot_hardware_interface/share/colcon-core/packages/my_robot_hardware_interface)
[2.099s] Level 1:colcon.colcon_core.environment:create_environment_scripts_only(moonbot_description)
[2.101s] Level 1:colcon.colcon_core.environment:checking '/home/leibton/ros2_ws/src/install/moonbot_description' for CMake module files
[2.101s] DEBUG:colcon.colcon_core.event_handler.log_command:Invoked command in '/home/leibton/ros2_ws/src/build/moonbot_description' returned '0': CMAKE_PREFIX_PATH=/opt/ros/foxy /usr/bin/cmake --install /home/leibton/ros2_ws/src/build/moonbot_description
[2.101s] Level 1:colcon.colcon_core.environment:checking '/home/leibton/ros2_ws/src/install/moonbot_description' for CMake config files
[2.102s] Level 1:colcon.colcon_core.shell:create_environment_hook('moonbot_description', 'cmake_prefix_path')
[2.103s] INFO:colcon.colcon_core.shell:Creating environment hook '/home/leibton/ros2_ws/src/install/moonbot_description/share/moonbot_description/hook/cmake_prefix_path.ps1'
[2.103s] INFO:colcon.colcon_core.shell:Creating environment descriptor '/home/leibton/ros2_ws/src/install/moonbot_description/share/moonbot_description/hook/cmake_prefix_path.dsv'
[2.103s] INFO:colcon.colcon_core.shell:Creating environment hook '/home/leibton/ros2_ws/src/install/moonbot_description/share/moonbot_description/hook/cmake_prefix_path.sh'
[2.104s] Level 1:colcon.colcon_core.environment:checking '/home/leibton/ros2_ws/src/install/moonbot_description/bin'
[2.104s] Level 1:colcon.colcon_core.environment:checking '/home/leibton/ros2_ws/src/install/moonbot_description/lib/pkgconfig/moonbot_description.pc'
[2.104s] Level 1:colcon.colcon_core.environment:checking '/home/leibton/ros2_ws/src/install/moonbot_description/lib/python3.8/site-packages'
[2.104s] Level 1:colcon.colcon_core.environment:checking '/home/leibton/ros2_ws/src/install/moonbot_description/bin'
[2.106s] INFO:colcon.colcon_core.shell:Creating package script '/home/leibton/ros2_ws/src/install/moonbot_description/share/moonbot_description/package.ps1'
[2.106s] INFO:colcon.colcon_core.shell:Creating package descriptor '/home/leibton/ros2_ws/src/install/moonbot_description/share/moonbot_description/package.dsv'
[2.107s] INFO:colcon.colcon_core.shell:Creating package script '/home/leibton/ros2_ws/src/install/moonbot_description/share/moonbot_description/package.sh'
[2.107s] INFO:colcon.colcon_core.shell:Creating package script '/home/leibton/ros2_ws/src/install/moonbot_description/share/moonbot_description/package.bash'
[2.107s] INFO:colcon.colcon_core.shell:Creating package script '/home/leibton/ros2_ws/src/install/moonbot_description/share/moonbot_description/package.zsh'
[2.107s] Level 1:colcon.colcon_core.environment:create_file_with_runtime_dependencies(/home/leibton/ros2_ws/src/install/moonbot_description/share/colcon-core/packages/moonbot_description)
[2.131s] Level 1:colcon.colcon_core.environment:create_environment_scripts_only(moonbot_description)
[2.133s] Level 1:colcon.colcon_core.environment:checking '/home/leibton/ros2_ws/src/install/moonbot_description' for CMake module files
[2.133s] Level 1:colcon.colcon_core.environment:checking '/home/leibton/ros2_ws/src/install/moonbot_description' for CMake config files
[2.133s] Level 1:colcon.colcon_core.shell:create_environment_hook('moonbot_description', 'cmake_prefix_path')
[2.134s] INFO:colcon.colcon_core.shell:Creating environment hook '/home/leibton/ros2_ws/src/install/moonbot_description/share/moonbot_description/hook/cmake_prefix_path.ps1'
[2.135s] INFO:colcon.colcon_core.shell:Creating environment descriptor '/home/leibton/ros2_ws/src/install/moonbot_description/share/moonbot_description/hook/cmake_prefix_path.dsv'
[2.135s] INFO:colcon.colcon_core.shell:Creating environment hook '/home/leibton/ros2_ws/src/install/moonbot_description/share/moonbot_description/hook/cmake_prefix_path.sh'
[2.135s] Level 1:colcon.colcon_core.environment:checking '/home/leibton/ros2_ws/src/install/moonbot_description/bin'
[2.135s] Level 1:colcon.colcon_core.environment:checking '/home/leibton/ros2_ws/src/install/moonbot_description/lib/pkgconfig/moonbot_description.pc'
[2.136s] Level 1:colcon.colcon_core.environment:checking '/home/leibton/ros2_ws/src/install/moonbot_description/lib/python3.8/site-packages'
[2.136s] Level 1:colcon.colcon_core.environment:checking '/home/leibton/ros2_ws/src/install/moonbot_description/bin'
[2.137s] INFO:colcon.colcon_core.shell:Creating package script '/home/leibton/ros2_ws/src/install/moonbot_description/share/moonbot_description/package.ps1'
[2.137s] INFO:colcon.colcon_core.shell:Creating package descriptor '/home/leibton/ros2_ws/src/install/moonbot_description/share/moonbot_description/package.dsv'
[2.137s] INFO:colcon.colcon_core.shell:Creating package script '/home/leibton/ros2_ws/src/install/moonbot_description/share/moonbot_description/package.sh'
[2.138s] INFO:colcon.colcon_core.shell:Creating package script '/home/leibton/ros2_ws/src/install/moonbot_description/share/moonbot_description/package.bash'
[2.138s] INFO:colcon.colcon_core.shell:Creating package script '/home/leibton/ros2_ws/src/install/moonbot_description/share/moonbot_description/package.zsh'
[2.138s] Level 1:colcon.colcon_core.environment:create_file_with_runtime_dependencies(/home/leibton/ros2_ws/src/install/moonbot_description/share/colcon-core/packages/moonbot_description)
[2.138s] INFO:colcon.colcon_ros.task.ament_cmake.build:Building ROS package in '/home/leibton/ros2_ws/src/moonbot_control' with build type 'ament_cmake'
[2.139s] INFO:colcon.colcon_cmake.task.cmake.build:Building CMake package in '/home/leibton/ros2_ws/src/moonbot_control'
[2.140s] INFO:colcon.colcon_core.shell:Skip shell extension 'powershell' for command environment: Not usable outside of PowerShell
[2.140s] DEBUG:colcon.colcon_core.shell:Skip shell extension 'dsv' for command environment
[2.149s] DEBUG:colcon.colcon_core.event_handler.log_command:Invoking command in '/home/leibton/ros2_ws/src/build/moonbot_control': AMENT_PREFIX_PATH=/home/leibton/ros2_ws/src/install/moonbot_description:${AMENT_PREFIX_PATH} CMAKE_PREFIX_PATH=/home/leibton/ros2_ws/src/install/moonbot_description:/opt/ros/foxy /usr/bin/cmake /home/leibton/ros2_ws/src/moonbot_control -DCMAKE_INSTALL_PREFIX=/home/leibton/ros2_ws/src/install/moonbot_control
[4.042s] DEBUG:colcon.colcon_core.event_handler.log_command:Invoked command in '/home/leibton/ros2_ws/src/build/dynamixel_custom_interfaces' returned '0': CMAKE_PREFIX_PATH=/opt/ros/foxy /usr/bin/cmake --build /home/leibton/ros2_ws/src/build/dynamixel_custom_interfaces -- -j12 -l12
[4.090s] DEBUG:colcon.colcon_core.event_handler.log_command:Invoking command in '/home/leibton/ros2_ws/src/build/dynamixel_custom_interfaces': CMAKE_PREFIX_PATH=/opt/ros/foxy /usr/bin/cmake --install /home/leibton/ros2_ws/src/build/dynamixel_custom_interfaces
[4.135s] Level 1:colcon.colcon_core.environment:create_environment_scripts_only(dynamixel_custom_interfaces)
[4.137s] Level 1:colcon.colcon_core.environment:checking '/home/leibton/ros2_ws/src/install/dynamixel_custom_interfaces' for CMake module files
[4.138s] DEBUG:colcon.colcon_core.event_handler.log_command:Invoked command in '/home/leibton/ros2_ws/src/build/dynamixel_custom_interfaces' returned '0': CMAKE_PREFIX_PATH=/opt/ros/foxy /usr/bin/cmake --install /home/leibton/ros2_ws/src/build/dynamixel_custom_interfaces
[4.138s] Level 1:colcon.colcon_core.environment:checking '/home/leibton/ros2_ws/src/install/dynamixel_custom_interfaces' for CMake config files
[4.139s] Level 1:colcon.colcon_core.shell:create_environment_hook('dynamixel_custom_interfaces', 'cmake_prefix_path')
[4.140s] INFO:colcon.colcon_core.shell:Creating environment hook '/home/leibton/ros2_ws/src/install/dynamixel_custom_interfaces/share/dynamixel_custom_interfaces/hook/cmake_prefix_path.ps1'
[4.141s] INFO:colcon.colcon_core.shell:Creating environment descriptor '/home/leibton/ros2_ws/src/install/dynamixel_custom_interfaces/share/dynamixel_custom_interfaces/hook/cmake_prefix_path.dsv'
[4.141s] INFO:colcon.colcon_core.shell:Creating environment hook '/home/leibton/ros2_ws/src/install/dynamixel_custom_interfaces/share/dynamixel_custom_interfaces/hook/cmake_prefix_path.sh'
[4.141s] Level 1:colcon.colcon_core.environment:checking '/home/leibton/ros2_ws/src/install/dynamixel_custom_interfaces/lib'
[4.141s] Level 1:colcon.colcon_core.shell:create_environment_hook('dynamixel_custom_interfaces', 'ld_library_path_lib')
[4.142s] INFO:colcon.colcon_core.shell:Creating environment hook '/home/leibton/ros2_ws/src/install/dynamixel_custom_interfaces/share/dynamixel_custom_interfaces/hook/ld_library_path_lib.ps1'
[4.143s] INFO:colcon.colcon_core.shell:Creating environment descriptor '/home/leibton/ros2_ws/src/install/dynamixel_custom_interfaces/share/dynamixel_custom_interfaces/hook/ld_library_path_lib.dsv'
[4.143s] INFO:colcon.colcon_core.shell:Creating environment hook '/home/leibton/ros2_ws/src/install/dynamixel_custom_interfaces/share/dynamixel_custom_interfaces/hook/ld_library_path_lib.sh'
[4.143s] Level 1:colcon.colcon_core.environment:checking '/home/leibton/ros2_ws/src/install/dynamixel_custom_interfaces/bin'
[4.143s] Level 1:colcon.colcon_core.environment:checking '/home/leibton/ros2_ws/src/install/dynamixel_custom_interfaces/lib/pkgconfig/dynamixel_custom_interfaces.pc'
[4.144s] Level 1:colcon.colcon_core.environment:checking '/home/leibton/ros2_ws/src/install/dynamixel_custom_interfaces/lib/python3.8/site-packages'
[4.144s] Level 1:colcon.colcon_core.shell:create_environment_hook('dynamixel_custom_interfaces', 'pythonpath')
[4.145s] INFO:colcon.colcon_core.shell:Creating environment hook '/home/leibton/ros2_ws/src/install/dynamixel_custom_interfaces/share/dynamixel_custom_interfaces/hook/pythonpath.ps1'
[4.145s] INFO:colcon.colcon_core.shell:Creating environment descriptor '/home/leibton/ros2_ws/src/install/dynamixel_custom_interfaces/share/dynamixel_custom_interfaces/hook/pythonpath.dsv'
[4.145s] INFO:colcon.colcon_core.shell:Creating environment hook '/home/leibton/ros2_ws/src/install/dynamixel_custom_interfaces/share/dynamixel_custom_interfaces/hook/pythonpath.sh'
[4.146s] Level 1:colcon.colcon_core.environment:checking '/home/leibton/ros2_ws/src/install/dynamixel_custom_interfaces/bin'
[4.147s] INFO:colcon.colcon_core.shell:Creating package script '/home/leibton/ros2_ws/src/install/dynamixel_custom_interfaces/share/dynamixel_custom_interfaces/package.ps1'
[4.147s] INFO:colcon.colcon_core.shell:Creating package descriptor '/home/leibton/ros2_ws/src/install/dynamixel_custom_interfaces/share/dynamixel_custom_interfaces/package.dsv'
[4.147s] INFO:colcon.colcon_core.shell:Creating package script '/home/leibton/ros2_ws/src/install/dynamixel_custom_interfaces/share/dynamixel_custom_interfaces/package.sh'
[4.148s] INFO:colcon.colcon_core.shell:Creating package script '/home/leibton/ros2_ws/src/install/dynamixel_custom_interfaces/share/dynamixel_custom_interfaces/package.bash'
[4.148s] INFO:colcon.colcon_core.shell:Creating package script '/home/leibton/ros2_ws/src/install/dynamixel_custom_interfaces/share/dynamixel_custom_interfaces/package.zsh'
[4.148s] Level 1:colcon.colcon_core.environment:create_file_with_runtime_dependencies(/home/leibton/ros2_ws/src/install/dynamixel_custom_interfaces/share/colcon-core/packages/dynamixel_custom_interfaces)
[4.191s] Level 1:colcon.colcon_core.environment:create_environment_scripts_only(dynamixel_custom_interfaces)
[4.193s] Level 1:colcon.colcon_core.environment:checking '/home/leibton/ros2_ws/src/install/dynamixel_custom_interfaces' for CMake module files
[4.195s] Level 1:colcon.colcon_core.environment:checking '/home/leibton/ros2_ws/src/install/dynamixel_custom_interfaces' for CMake config files
[4.196s] Level 1:colcon.colcon_core.shell:create_environment_hook('dynamixel_custom_interfaces', 'cmake_prefix_path')
[4.197s] INFO:colcon.colcon_core.shell:Creating environment hook '/home/leibton/ros2_ws/src/install/dynamixel_custom_interfaces/share/dynamixel_custom_interfaces/hook/cmake_prefix_path.ps1'
[4.198s] INFO:colcon.colcon_core.shell:Creating environment descriptor '/home/leibton/ros2_ws/src/install/dynamixel_custom_interfaces/share/dynamixel_custom_interfaces/hook/cmake_prefix_path.dsv'
[4.198s] INFO:colcon.colcon_core.shell:Creating environment hook '/home/leibton/ros2_ws/src/install/dynamixel_custom_interfaces/share/dynamixel_custom_interfaces/hook/cmake_prefix_path.sh'
[4.199s] Level 1:colcon.colcon_core.environment:checking '/home/leibton/ros2_ws/src/install/dynamixel_custom_interfaces/lib'
[4.199s] Level 1:colcon.colcon_core.shell:create_environment_hook('dynamixel_custom_interfaces', 'ld_library_path_lib')
[4.200s] INFO:colcon.colcon_core.shell:Creating environment hook '/home/leibton/ros2_ws/src/install/dynamixel_custom_interfaces/share/dynamixel_custom_interfaces/hook/ld_library_path_lib.ps1'
[4.200s] INFO:colcon.colcon_core.shell:Creating environment descriptor '/home/leibton/ros2_ws/src/install/dynamixel_custom_interfaces/share/dynamixel_custom_interfaces/hook/ld_library_path_lib.dsv'
[4.200s] INFO:colcon.colcon_core.shell:Creating environment hook '/home/leibton/ros2_ws/src/install/dynamixel_custom_interfaces/share/dynamixel_custom_interfaces/hook/ld_library_path_lib.sh'
[4.200s] Level 1:colcon.colcon_core.environment:checking '/home/leibton/ros2_ws/src/install/dynamixel_custom_interfaces/bin'
[4.200s] Level 1:colcon.colcon_core.environment:checking '/home/leibton/ros2_ws/src/install/dynamixel_custom_interfaces/lib/pkgconfig/dynamixel_custom_interfaces.pc'
[4.200s] Level 1:colcon.colcon_core.environment:checking '/home/leibton/ros2_ws/src/install/dynamixel_custom_interfaces/lib/python3.8/site-packages'
[4.200s] Level 1:colcon.colcon_core.shell:create_environment_hook('dynamixel_custom_interfaces', 'pythonpath')
[4.201s] INFO:colcon.colcon_core.shell:Creating environment hook '/home/leibton/ros2_ws/src/install/dynamixel_custom_interfaces/share/dynamixel_custom_interfaces/hook/pythonpath.ps1'
[4.202s] INFO:colcon.colcon_core.shell:Creating environment descriptor '/home/leibton/ros2_ws/src/install/dynamixel_custom_interfaces/share/dynamixel_custom_interfaces/hook/pythonpath.dsv'
[4.202s] INFO:colcon.colcon_core.shell:Creating environment hook '/home/leibton/ros2_ws/src/install/dynamixel_custom_interfaces/share/dynamixel_custom_interfaces/hook/pythonpath.sh'
[4.202s] Level 1:colcon.colcon_core.environment:checking '/home/leibton/ros2_ws/src/install/dynamixel_custom_interfaces/bin'
[4.203s] INFO:colcon.colcon_core.shell:Creating package script '/home/leibton/ros2_ws/src/install/dynamixel_custom_interfaces/share/dynamixel_custom_interfaces/package.ps1'
[4.203s] INFO:colcon.colcon_core.shell:Creating package descriptor '/home/leibton/ros2_ws/src/install/dynamixel_custom_interfaces/share/dynamixel_custom_interfaces/package.dsv'
[4.204s] INFO:colcon.colcon_core.shell:Creating package script '/home/leibton/ros2_ws/src/install/dynamixel_custom_interfaces/share/dynamixel_custom_interfaces/package.sh'
[4.204s] INFO:colcon.colcon_core.shell:Creating package script '/home/leibton/ros2_ws/src/install/dynamixel_custom_interfaces/share/dynamixel_custom_interfaces/package.bash'
[4.205s] INFO:colcon.colcon_core.shell:Creating package script '/home/leibton/ros2_ws/src/install/dynamixel_custom_interfaces/share/dynamixel_custom_interfaces/package.zsh'
[4.205s] Level 1:colcon.colcon_core.environment:create_file_with_runtime_dependencies(/home/leibton/ros2_ws/src/install/dynamixel_custom_interfaces/share/colcon-core/packages/dynamixel_custom_interfaces)
[4.205s] INFO:colcon.colcon_ros.task.ament_python.build:Building ROS package in '/home/leibton/ros2_ws/src/trial' with build type 'ament_python'
[4.205s] Level 1:colcon.colcon_core.shell:create_environment_hook('trial', 'ament_prefix_path')
[4.206s] INFO:colcon.colcon_core.shell:Creating environment hook '/home/leibton/ros2_ws/src/install/trial/share/trial/hook/ament_prefix_path.ps1'
[4.207s] INFO:colcon.colcon_core.shell:Creating environment descriptor '/home/leibton/ros2_ws/src/install/trial/share/trial/hook/ament_prefix_path.dsv'
[4.207s] INFO:colcon.colcon_core.shell:Creating environment hook '/home/leibton/ros2_ws/src/install/trial/share/trial/hook/ament_prefix_path.sh'
[4.208s] INFO:colcon.colcon_core.shell:Skip shell extension 'powershell' for command environment: Not usable outside of PowerShell
[4.208s] DEBUG:colcon.colcon_core.shell:Skip shell extension 'dsv' for command environment
[4.362s] INFO:colcon.colcon_core.task.python.build:Building Python package in '/home/leibton/ros2_ws/src/trial'
[4.363s] INFO:colcon.colcon_core.shell:Skip shell extension 'powershell' for command environment: Not usable outside of PowerShell
[4.363s] DEBUG:colcon.colcon_core.shell:Skip shell extension 'dsv' for command environment
[4.684s] DEBUG:colcon.colcon_core.event_handler.log_command:Invoking command in '/home/leibton/ros2_ws/src/trial': AMENT_PREFIX_PATH=/home/leibton/ros2_ws/src/install/dynamixel_custom_interfaces:${AMENT_PREFIX_PATH} CMAKE_PREFIX_PATH=/home/leibton/ros2_ws/src/install/dynamixel_custom_interfaces LD_LIBRARY_PATH=/home/leibton/ros2_ws/src/install/dynamixel_custom_interfaces/lib:${LD_LIBRARY_PATH} PYTHONPATH=/home/leibton/ros2_ws/src/build/trial/prefix_override:/home/leibton/ros2_ws/src/install/trial/lib/python3.8/site-packages:/home/leibton/ros2_ws/src/install/dynamixel_custom_interfaces/lib/python3.8/site-packages:${PYTHONPATH} /usr/bin/python3 setup.py egg_info --egg-base ../build/trial build --build-base /home/leibton/ros2_ws/src/build/trial/build install --record /home/leibton/ros2_ws/src/build/trial/install.log --single-version-externally-managed
[4.725s] DEBUG:colcon.colcon_core.event_handler.log_command:Invoked command in '/home/leibton/ros2_ws/src/build/moonbot_control' returned '0': AMENT_PREFIX_PATH=/home/leibton/ros2_ws/src/install/moonbot_description:${AMENT_PREFIX_PATH} CMAKE_PREFIX_PATH=/home/leibton/ros2_ws/src/install/moonbot_description:/opt/ros/foxy /usr/bin/cmake /home/leibton/ros2_ws/src/moonbot_control -DCMAKE_INSTALL_PREFIX=/home/leibton/ros2_ws/src/install/moonbot_control
[4.727s] DEBUG:colcon.colcon_core.event_handler.log_command:Invoking command in '/home/leibton/ros2_ws/src/build/moonbot_control': AMENT_PREFIX_PATH=/home/leibton/ros2_ws/src/install/moonbot_description:${AMENT_PREFIX_PATH} CMAKE_PREFIX_PATH=/home/leibton/ros2_ws/src/install/moonbot_description:/opt/ros/foxy /usr/bin/cmake --build /home/leibton/ros2_ws/src/build/moonbot_control -- -j12 -l12
[4.763s] DEBUG:colcon.colcon_core.event_handler.log_command:Invoked command in '/home/leibton/ros2_ws/src/build/moonbot_control' returned '0': AMENT_PREFIX_PATH=/home/leibton/ros2_ws/src/install/moonbot_description:${AMENT_PREFIX_PATH} CMAKE_PREFIX_PATH=/home/leibton/ros2_ws/src/install/moonbot_description:/opt/ros/foxy /usr/bin/cmake --build /home/leibton/ros2_ws/src/build/moonbot_control -- -j12 -l12
[4.779s] DEBUG:colcon.colcon_core.event_handler.log_command:Invoking command in '/home/leibton/ros2_ws/src/build/moonbot_control': AMENT_PREFIX_PATH=/home/leibton/ros2_ws/src/install/moonbot_description:${AMENT_PREFIX_PATH} CMAKE_PREFIX_PATH=/home/leibton/ros2_ws/src/install/moonbot_description:/opt/ros/foxy /usr/bin/cmake --install /home/leibton/ros2_ws/src/build/moonbot_control
[4.788s] Level 1:colcon.colcon_core.environment:create_environment_scripts_only(moonbot_control)
[4.790s] Level 1:colcon.colcon_core.environment:checking '/home/leibton/ros2_ws/src/install/moonbot_control' for CMake module files
[4.791s] DEBUG:colcon.colcon_core.event_handler.log_command:Invoked command in '/home/leibton/ros2_ws/src/build/moonbot_control' returned '0': AMENT_PREFIX_PATH=/home/leibton/ros2_ws/src/install/moonbot_description:${AMENT_PREFIX_PATH} CMAKE_PREFIX_PATH=/home/leibton/ros2_ws/src/install/moonbot_description:/opt/ros/foxy /usr/bin/cmake --install /home/leibton/ros2_ws/src/build/moonbot_control
[4.791s] Level 1:colcon.colcon_core.environment:checking '/home/leibton/ros2_ws/src/install/moonbot_control' for CMake config files
[4.791s] Level 1:colcon.colcon_core.shell:create_environment_hook('moonbot_control', 'cmake_prefix_path')
[4.792s] INFO:colcon.colcon_core.shell:Creating environment hook '/home/leibton/ros2_ws/src/install/moonbot_control/share/moonbot_control/hook/cmake_prefix_path.ps1'
[4.793s] INFO:colcon.colcon_core.shell:Creating environment descriptor '/home/leibton/ros2_ws/src/install/moonbot_control/share/moonbot_control/hook/cmake_prefix_path.dsv'
[4.793s] INFO:colcon.colcon_core.shell:Creating environment hook '/home/leibton/ros2_ws/src/install/moonbot_control/share/moonbot_control/hook/cmake_prefix_path.sh'
[4.794s] Level 1:colcon.colcon_core.environment:checking '/home/leibton/ros2_ws/src/install/moonbot_control/bin'
[4.794s] Level 1:colcon.colcon_core.environment:checking '/home/leibton/ros2_ws/src/install/moonbot_control/lib/pkgconfig/moonbot_control.pc'
[4.794s] Level 1:colcon.colcon_core.environment:checking '/home/leibton/ros2_ws/src/install/moonbot_control/lib/python3.8/site-packages'
[4.794s] Level 1:colcon.colcon_core.environment:checking '/home/leibton/ros2_ws/src/install/moonbot_control/bin'
[4.795s] INFO:colcon.colcon_core.shell:Creating package script '/home/leibton/ros2_ws/src/install/moonbot_control/share/moonbot_control/package.ps1'
[4.795s] INFO:colcon.colcon_core.shell:Creating package descriptor '/home/leibton/ros2_ws/src/install/moonbot_control/share/moonbot_control/package.dsv'
[4.796s] INFO:colcon.colcon_core.shell:Creating package script '/home/leibton/ros2_ws/src/install/moonbot_control/share/moonbot_control/package.sh'
[4.796s] INFO:colcon.colcon_core.shell:Creating package script '/home/leibton/ros2_ws/src/install/moonbot_control/share/moonbot_control/package.bash'
[4.796s] INFO:colcon.colcon_core.shell:Creating package script '/home/leibton/ros2_ws/src/install/moonbot_control/share/moonbot_control/package.zsh'
[4.796s] Level 1:colcon.colcon_core.environment:create_file_with_runtime_dependencies(/home/leibton/ros2_ws/src/install/moonbot_control/share/colcon-core/packages/moonbot_control)
[4.813s] Level 1:colcon.colcon_core.environment:create_environment_scripts_only(moonbot_control)
[4.815s] Level 1:colcon.colcon_core.environment:checking '/home/leibton/ros2_ws/src/install/moonbot_control' for CMake module files
[4.816s] Level 1:colcon.colcon_core.environment:checking '/home/leibton/ros2_ws/src/install/moonbot_control' for CMake config files
[4.816s] Level 1:colcon.colcon_core.shell:create_environment_hook('moonbot_control', 'cmake_prefix_path')
[4.818s] INFO:colcon.colcon_core.shell:Creating environment hook '/home/leibton/ros2_ws/src/install/moonbot_control/share/moonbot_control/hook/cmake_prefix_path.ps1'
[4.819s] INFO:colcon.colcon_core.shell:Creating environment descriptor '/home/leibton/ros2_ws/src/install/moonbot_control/share/moonbot_control/hook/cmake_prefix_path.dsv'
[4.820s] INFO:colcon.colcon_core.shell:Creating environment hook '/home/leibton/ros2_ws/src/install/moonbot_control/share/moonbot_control/hook/cmake_prefix_path.sh'
[4.820s] Level 1:colcon.colcon_core.environment:checking '/home/leibton/ros2_ws/src/install/moonbot_control/bin'
[4.820s] Level 1:colcon.colcon_core.environment:checking '/home/leibton/ros2_ws/src/install/moonbot_control/lib/pkgconfig/moonbot_control.pc'
[4.821s] Level 1:colcon.colcon_core.environment:checking '/home/leibton/ros2_ws/src/install/moonbot_control/lib/python3.8/site-packages'
[4.821s] Level 1:colcon.colcon_core.environment:checking '/home/leibton/ros2_ws/src/install/moonbot_control/bin'
[4.822s] INFO:colcon.colcon_core.shell:Creating package script '/home/leibton/ros2_ws/src/install/moonbot_control/share/moonbot_control/package.ps1'
[4.822s] INFO:colcon.colcon_core.shell:Creating package descriptor '/home/leibton/ros2_ws/src/install/moonbot_control/share/moonbot_control/package.dsv'
[4.822s] INFO:colcon.colcon_core.shell:Creating package script '/home/leibton/ros2_ws/src/install/moonbot_control/share/moonbot_control/package.sh'
[4.822s] INFO:colcon.colcon_core.shell:Creating package script '/home/leibton/ros2_ws/src/install/moonbot_control/share/moonbot_control/package.bash'
[4.823s] INFO:colcon.colcon_core.shell:Creating package script '/home/leibton/ros2_ws/src/install/moonbot_control/share/moonbot_control/package.zsh'
[4.823s] Level 1:colcon.colcon_core.environment:create_file_with_runtime_dependencies(/home/leibton/ros2_ws/src/install/moonbot_control/share/colcon-core/packages/moonbot_control)
[4.823s] INFO:colcon.colcon_ros.task.ament_cmake.build:Building ROS package in '/home/leibton/ros2_ws/src/moonbot_gazebo' with build type 'ament_cmake'
[4.823s] INFO:colcon.colcon_cmake.task.cmake.build:Building CMake package in '/home/leibton/ros2_ws/src/moonbot_gazebo'
[4.824s] INFO:colcon.colcon_core.shell:Skip shell extension 'powershell' for command environment: Not usable outside of PowerShell
[4.824s] DEBUG:colcon.colcon_core.shell:Skip shell extension 'dsv' for command environment
[4.835s] DEBUG:colcon.colcon_core.event_handler.log_command:Invoking command in '/home/leibton/ros2_ws/src/build/moonbot_gazebo': AMENT_PREFIX_PATH=/home/leibton/ros2_ws/src/install/moonbot_control:/home/leibton/ros2_ws/src/install/moonbot_description:${AMENT_PREFIX_PATH} CMAKE_PREFIX_PATH=/home/leibton/ros2_ws/src/install/moonbot_control:/home/leibton/ros2_ws/src/install/moonbot_description:/opt/ros/foxy /usr/bin/cmake /home/leibton/ros2_ws/src/moonbot_gazebo -DCMAKE_INSTALL_PREFIX=/home/leibton/ros2_ws/src/install/moonbot_gazebo
[4.899s] Level 1:colcon.colcon_core.environment:checking '/home/leibton/ros2_ws/src/install/trial' for CMake module files
[4.900s] DEBUG:colcon.colcon_core.event_handler.log_command:Invoked command in '/home/leibton/ros2_ws/src/trial' returned '0': AMENT_PREFIX_PATH=/home/leibton/ros2_ws/src/install/dynamixel_custom_interfaces:${AMENT_PREFIX_PATH} CMAKE_PREFIX_PATH=/home/leibton/ros2_ws/src/install/dynamixel_custom_interfaces LD_LIBRARY_PATH=/home/leibton/ros2_ws/src/install/dynamixel_custom_interfaces/lib:${LD_LIBRARY_PATH} PYTHONPATH=/home/leibton/ros2_ws/src/build/trial/prefix_override:/home/leibton/ros2_ws/src/install/trial/lib/python3.8/site-packages:/home/leibton/ros2_ws/src/install/dynamixel_custom_interfaces/lib/python3.8/site-packages:${PYTHONPATH} /usr/bin/python3 setup.py egg_info --egg-base ../build/trial build --build-base /home/leibton/ros2_ws/src/build/trial/build install --record /home/leibton/ros2_ws/src/build/trial/install.log --single-version-externally-managed
[4.900s] Level 1:colcon.colcon_core.environment:checking '/home/leibton/ros2_ws/src/install/trial' for CMake config files
[4.901s] Level 1:colcon.colcon_core.environment:checking '/home/leibton/ros2_ws/src/install/trial/lib'
[4.901s] Level 1:colcon.colcon_core.environment:checking '/home/leibton/ros2_ws/src/install/trial/bin'
[4.901s] Level 1:colcon.colcon_core.environment:checking '/home/leibton/ros2_ws/src/install/trial/lib/pkgconfig/trial.pc'
[4.901s] Level 1:colcon.colcon_core.environment:checking '/home/leibton/ros2_ws/src/install/trial/lib/python3.8/site-packages'
[4.901s] Level 1:colcon.colcon_core.shell:create_environment_hook('trial', 'pythonpath')
[4.902s] INFO:colcon.colcon_core.shell:Creating environment hook '/home/leibton/ros2_ws/src/install/trial/share/trial/hook/pythonpath.ps1'
[4.902s] INFO:colcon.colcon_core.shell:Creating environment descriptor '/home/leibton/ros2_ws/src/install/trial/share/trial/hook/pythonpath.dsv'
[4.903s] INFO:colcon.colcon_core.shell:Creating environment hook '/home/leibton/ros2_ws/src/install/trial/share/trial/hook/pythonpath.sh'
[4.903s] Level 1:colcon.colcon_core.environment:checking '/home/leibton/ros2_ws/src/install/trial/bin'
[4.903s] Level 1:colcon.colcon_core.environment:create_environment_scripts_only(trial)
[4.904s] INFO:colcon.colcon_core.shell:Creating package script '/home/leibton/ros2_ws/src/install/trial/share/trial/package.ps1'
[4.905s] INFO:colcon.colcon_core.shell:Creating package descriptor '/home/leibton/ros2_ws/src/install/trial/share/trial/package.dsv'
[4.905s] INFO:colcon.colcon_core.shell:Creating package script '/home/leibton/ros2_ws/src/install/trial/share/trial/package.sh'
[4.905s] INFO:colcon.colcon_core.shell:Creating package script '/home/leibton/ros2_ws/src/install/trial/share/trial/package.bash'
[4.905s] INFO:colcon.colcon_core.shell:Creating package script '/home/leibton/ros2_ws/src/install/trial/share/trial/package.zsh'
[4.905s] Level 1:colcon.colcon_core.environment:create_file_with_runtime_dependencies(/home/leibton/ros2_ws/src/install/trial/share/colcon-core/packages/trial)
[7.385s] DEBUG:colcon.colcon_core.event_handler.log_command:Invoked command in '/home/leibton/ros2_ws/src/build/moonbot_gazebo' returned '0': AMENT_PREFIX_PATH=/home/leibton/ros2_ws/src/install/moonbot_control:/home/leibton/ros2_ws/src/install/moonbot_description:${AMENT_PREFIX_PATH} CMAKE_PREFIX_PATH=/home/leibton/ros2_ws/src/install/moonbot_control:/home/leibton/ros2_ws/src/install/moonbot_description:/opt/ros/foxy /usr/bin/cmake /home/leibton/ros2_ws/src/moonbot_gazebo -DCMAKE_INSTALL_PREFIX=/home/leibton/ros2_ws/src/install/moonbot_gazebo
[7.388s] DEBUG:colcon.colcon_core.event_handler.log_command:Invoking command in '/home/leibton/ros2_ws/src/build/moonbot_gazebo': AMENT_PREFIX_PATH=/home/leibton/ros2_ws/src/install/moonbot_control:/home/leibton/ros2_ws/src/install/moonbot_description:${AMENT_PREFIX_PATH} CMAKE_PREFIX_PATH=/home/leibton/ros2_ws/src/install/moonbot_control:/home/leibton/ros2_ws/src/install/moonbot_description:/opt/ros/foxy /usr/bin/cmake --build /home/leibton/ros2_ws/src/build/moonbot_gazebo -- -j12 -l12
[7.427s] DEBUG:colcon.colcon_core.event_handler.log_command:Invoked command in '/home/leibton/ros2_ws/src/build/moonbot_gazebo' returned '0': AMENT_PREFIX_PATH=/home/leibton/ros2_ws/src/install/moonbot_control:/home/leibton/ros2_ws/src/install/moonbot_description:${AMENT_PREFIX_PATH} CMAKE_PREFIX_PATH=/home/leibton/ros2_ws/src/install/moonbot_control:/home/leibton/ros2_ws/src/install/moonbot_description:/opt/ros/foxy /usr/bin/cmake --build /home/leibton/ros2_ws/src/build/moonbot_gazebo -- -j12 -l12
[7.454s] DEBUG:colcon.colcon_core.event_handler.log_command:Invoking command in '/home/leibton/ros2_ws/src/build/moonbot_gazebo': AMENT_PREFIX_PATH=/home/leibton/ros2_ws/src/install/moonbot_control:/home/leibton/ros2_ws/src/install/moonbot_description:${AMENT_PREFIX_PATH} CMAKE_PREFIX_PATH=/home/leibton/ros2_ws/src/install/moonbot_control:/home/leibton/ros2_ws/src/install/moonbot_description:/opt/ros/foxy /usr/bin/cmake --install /home/leibton/ros2_ws/src/build/moonbot_gazebo
[7.469s] Level 1:colcon.colcon_core.environment:create_environment_scripts_only(moonbot_gazebo)
[7.470s] DEBUG:colcon.colcon_core.event_handler.log_command:Invoked command in '/home/leibton/ros2_ws/src/build/moonbot_gazebo' returned '0': AMENT_PREFIX_PATH=/home/leibton/ros2_ws/src/install/moonbot_control:/home/leibton/ros2_ws/src/install/moonbot_description:${AMENT_PREFIX_PATH} CMAKE_PREFIX_PATH=/home/leibton/ros2_ws/src/install/moonbot_control:/home/leibton/ros2_ws/src/install/moonbot_description:/opt/ros/foxy /usr/bin/cmake --install /home/leibton/ros2_ws/src/build/moonbot_gazebo
[7.472s] Level 1:colcon.colcon_core.environment:checking '/home/leibton/ros2_ws/src/install/moonbot_gazebo' for CMake module files
[7.474s] Level 1:colcon.colcon_core.environment:checking '/home/leibton/ros2_ws/src/install/moonbot_gazebo' for CMake config files
[7.475s] Level 1:colcon.colcon_core.shell:create_environment_hook('moonbot_gazebo', 'cmake_prefix_path')
[7.478s] INFO:colcon.colcon_core.shell:Creating environment hook '/home/leibton/ros2_ws/src/install/moonbot_gazebo/share/moonbot_gazebo/hook/cmake_prefix_path.ps1'
[7.479s] INFO:colcon.colcon_core.shell:Creating environment descriptor '/home/leibton/ros2_ws/src/install/moonbot_gazebo/share/moonbot_gazebo/hook/cmake_prefix_path.dsv'
[7.480s] INFO:colcon.colcon_core.shell:Creating environment hook '/home/leibton/ros2_ws/src/install/moonbot_gazebo/share/moonbot_gazebo/hook/cmake_prefix_path.sh'
[7.480s] Level 1:colcon.colcon_core.environment:checking '/home/leibton/ros2_ws/src/install/moonbot_gazebo/lib'
[7.480s] Level 1:colcon.colcon_core.environment:checking '/home/leibton/ros2_ws/src/install/moonbot_gazebo/bin'
[7.480s] Level 1:colcon.colcon_core.environment:checking '/home/leibton/ros2_ws/src/install/moonbot_gazebo/lib/pkgconfig/moonbot_gazebo.pc'
[7.481s] Level 1:colcon.colcon_core.environment:checking '/home/leibton/ros2_ws/src/install/moonbot_gazebo/lib/python3.8/site-packages'
[7.481s] Level 1:colcon.colcon_core.environment:checking '/home/leibton/ros2_ws/src/install/moonbot_gazebo/bin'
[7.482s] INFO:colcon.colcon_core.shell:Creating package script '/home/leibton/ros2_ws/src/install/moonbot_gazebo/share/moonbot_gazebo/package.ps1'
[7.482s] INFO:colcon.colcon_core.shell:Creating package descriptor '/home/leibton/ros2_ws/src/install/moonbot_gazebo/share/moonbot_gazebo/package.dsv'
[7.482s] INFO:colcon.colcon_core.shell:Creating package script '/home/leibton/ros2_ws/src/install/moonbot_gazebo/share/moonbot_gazebo/package.sh'
[7.482s] INFO:colcon.colcon_core.shell:Creating package script '/home/leibton/ros2_ws/src/install/moonbot_gazebo/share/moonbot_gazebo/package.bash'
[7.482s] INFO:colcon.colcon_core.shell:Creating package script '/home/leibton/ros2_ws/src/install/moonbot_gazebo/share/moonbot_gazebo/package.zsh'
[7.483s] Level 1:colcon.colcon_core.environment:create_file_with_runtime_dependencies(/home/leibton/ros2_ws/src/install/moonbot_gazebo/share/colcon-core/packages/moonbot_gazebo)
[7.510s] Level 1:colcon.colcon_core.environment:create_environment_scripts_only(moonbot_gazebo)
[7.514s] Level 1:colcon.colcon_core.environment:checking '/home/leibton/ros2_ws/src/install/moonbot_gazebo' for CMake module files
[7.515s] Level 1:colcon.colcon_core.environment:checking '/home/leibton/ros2_ws/src/install/moonbot_gazebo' for CMake config files
[7.516s] Level 1:colcon.colcon_core.shell:create_environment_hook('moonbot_gazebo', 'cmake_prefix_path')
[7.517s] INFO:colcon.colcon_core.shell:Creating environment hook '/home/leibton/ros2_ws/src/install/moonbot_gazebo/share/moonbot_gazebo/hook/cmake_prefix_path.ps1'
[7.517s] INFO:colcon.colcon_core.shell:Creating environment descriptor '/home/leibton/ros2_ws/src/install/moonbot_gazebo/share/moonbot_gazebo/hook/cmake_prefix_path.dsv'
[7.518s] INFO:colcon.colcon_core.shell:Creating environment hook '/home/leibton/ros2_ws/src/install/moonbot_gazebo/share/moonbot_gazebo/hook/cmake_prefix_path.sh'
[7.518s] Level 1:colcon.colcon_core.environment:checking '/home/leibton/ros2_ws/src/install/moonbot_gazebo/lib'
[7.518s] Level 1:colcon.colcon_core.environment:checking '/home/leibton/ros2_ws/src/install/moonbot_gazebo/bin'
[7.518s] Level 1:colcon.colcon_core.environment:checking '/home/leibton/ros2_ws/src/install/moonbot_gazebo/lib/pkgconfig/moonbot_gazebo.pc'
[7.518s] Level 1:colcon.colcon_core.environment:checking '/home/leibton/ros2_ws/src/install/moonbot_gazebo/lib/python3.8/site-packages'
[7.518s] Level 1:colcon.colcon_core.environment:checking '/home/leibton/ros2_ws/src/install/moonbot_gazebo/bin'
[7.519s] INFO:colcon.colcon_core.shell:Creating package script '/home/leibton/ros2_ws/src/install/moonbot_gazebo/share/moonbot_gazebo/package.ps1'
[7.519s] INFO:colcon.colcon_core.shell:Creating package descriptor '/home/leibton/ros2_ws/src/install/moonbot_gazebo/share/moonbot_gazebo/package.dsv'
[7.520s] INFO:colcon.colcon_core.shell:Creating package script '/home/leibton/ros2_ws/src/install/moonbot_gazebo/share/moonbot_gazebo/package.sh'
[7.520s] INFO:colcon.colcon_core.shell:Creating package script '/home/leibton/ros2_ws/src/install/moonbot_gazebo/share/moonbot_gazebo/package.bash'
[7.520s] INFO:colcon.colcon_core.shell:Creating package script '/home/leibton/ros2_ws/src/install/moonbot_gazebo/share/moonbot_gazebo/package.zsh'
[7.521s] Level 1:colcon.colcon_core.environment:create_file_with_runtime_dependencies(/home/leibton/ros2_ws/src/install/moonbot_gazebo/share/colcon-core/packages/moonbot_gazebo)
[7.521s] DEBUG:colcon.colcon_parallel_executor.executor.parallel:closing loop
[7.521s] DEBUG:colcon.colcon_parallel_executor.executor.parallel:loop closed
[7.521s] DEBUG:colcon.colcon_parallel_executor.executor.parallel:run_until_complete finished with '0'
[7.521s] DEBUG:colcon.colcon_core.event_reactor:joining thread
[7.532s] INFO:colcon.colcon_core.plugin_system:Skipping extension 'colcon_notification.desktop_notification.terminal_notifier': Not used on non-Darwin systems
[7.533s] INFO:colcon.colcon_core.plugin_system:Skipping extension 'colcon_notification.desktop_notification.win32': Not used on non-Windows systems
[7.533s] INFO:colcon.colcon_notification.desktop_notification:Sending desktop notification using 'notify2'
[7.553s] DEBUG:colcon.colcon_core.event_reactor:joined thread
[7.555s] INFO:colcon.colcon_core.shell:Creating prefix script '/home/leibton/ros2_ws/src/install/local_setup.ps1'
[7.556s] INFO:colcon.colcon_core.shell:Creating prefix util module '/home/leibton/ros2_ws/src/install/_local_setup_util_ps1.py'
[7.557s] INFO:colcon.colcon_core.shell:Creating prefix chain script '/home/leibton/ros2_ws/src/install/setup.ps1'
[7.560s] INFO:colcon.colcon_core.shell:Creating prefix script '/home/leibton/ros2_ws/src/install/local_setup.sh'
[7.562s] INFO:colcon.colcon_core.shell:Creating prefix util module '/home/leibton/ros2_ws/src/install/_local_setup_util_sh.py'
[7.562s] INFO:colcon.colcon_core.shell:Creating prefix chain script '/home/leibton/ros2_ws/src/install/setup.sh'
[7.565s] INFO:colcon.colcon_core.shell:Creating prefix script '/home/leibton/ros2_ws/src/install/local_setup.bash'
[7.565s] INFO:colcon.colcon_core.shell:Creating prefix chain script '/home/leibton/ros2_ws/src/install/setup.bash'
[7.566s] INFO:colcon.colcon_core.shell:Creating prefix script '/home/leibton/ros2_ws/src/install/local_setup.zsh'
[7.566s] INFO:colcon.colcon_core.shell:Creating prefix chain script '/home/leibton/ros2_ws/src/install/setup.zsh'
