[0.030s] Invoking command in '/home/leibton/ros2_ws/src/build/moonbot_gazebo': AMENT_PREFIX_PATH=/home/leibton/ros2_ws/src/install/moonbot_control:/home/leibton/ros2_ws/src/install/moonbot_description:${AMENT_PREFIX_PATH} CMAKE_PREFIX_PATH=/home/leibton/ros2_ws/src/install/moonbot_control:/home/leibton/ros2_ws/src/install/moonbot_description:/opt/ros/foxy /usr/bin/cmake --build /home/leibton/ros2_ws/src/build/moonbot_gazebo -- -j12 -l12
[0.102s] Invoked command in '/home/leibton/ros2_ws/src/build/moonbot_gazebo' returned '0': AMENT_PREFIX_PATH=/home/leibton/ros2_ws/src/install/moonbot_control:/home/leibton/ros2_ws/src/install/moonbot_description:${AMENT_PREFIX_PATH} CMAKE_PREFIX_PATH=/home/leibton/ros2_ws/src/install/moonbot_control:/home/leibton/ros2_ws/src/install/moonbot_description:/opt/ros/foxy /usr/bin/cmake --build /home/leibton/ros2_ws/src/build/moonbot_gazebo -- -j12 -l12
[0.319s] Invoking command in '/home/leibton/ros2_ws/src/build/moonbot_gazebo': AMENT_PREFIX_PATH=/home/leibton/ros2_ws/src/install/moonbot_control:/home/leibton/ros2_ws/src/install/moonbot_description:${AMENT_PREFIX_PATH} CMAKE_PREFIX_PATH=/home/leibton/ros2_ws/src/install/moonbot_control:/home/leibton/ros2_ws/src/install/moonbot_description:/opt/ros/foxy /usr/bin/cmake --install /home/leibton/ros2_ws/src/build/moonbot_gazebo
[0.324s] -- Install configuration: ""
[0.324s] -- Up-to-date: /home/leibton/ros2_ws/src/install/moonbot_gazebo/share/moonbot_gazebo//launch
[0.325s] -- Up-to-date: /home/leibton/ros2_ws/src/install/moonbot_gazebo/share/moonbot_gazebo//launch/start_world.launch.py
[0.325s] -- Up-to-date: /home/leibton/ros2_ws/src/install/moonbot_gazebo/share/moonbot_gazebo//launch/phantom_launch.launch.py
[0.325s] -- Up-to-date: /home/leibton/ros2_ws/src/install/moonbot_gazebo/share/moonbot_gazebo//launch/spawn_robot_description.launch.py
[0.325s] -- Up-to-date: /home/leibton/ros2_ws/src/install/moonbot_gazebo/share/moonbot_gazebo//launch/spawn_robot_ros2.launch.xml
[0.325s] -- Up-to-date: /home/leibton/ros2_ws/src/install/moonbot_gazebo/share/moonbot_gazebo//worlds
[0.325s] -- Up-to-date: /home/leibton/ros2_ws/src/install/moonbot_gazebo/share/moonbot_gazebo//worlds/box_bot_empty.world
[0.325s] -- Up-to-date: /home/leibton/ros2_ws/src/install/moonbot_gazebo/share/moonbot_gazebo//models
[0.325s] -- Up-to-date: /home/leibton/ros2_ws/src/install/moonbot_gazebo/share/moonbot_gazebo//models/box_room
[0.325s] -- Up-to-date: /home/leibton/ros2_ws/src/install/moonbot_gazebo/share/moonbot_gazebo//models/box_room/meshes
[0.325s] -- Up-to-date: /home/leibton/ros2_ws/src/install/moonbot_gazebo/share/moonbot_gazebo//models/box_room/meshes/chambre.png
[0.325s] -- Up-to-date: /home/leibton/ros2_ws/src/install/moonbot_gazebo/share/moonbot_gazebo//models/box_room/meshes/box_room.dae
[0.325s] -- Up-to-date: /home/leibton/ros2_ws/src/install/moonbot_gazebo/share/moonbot_gazebo//models/box_room/model.config
[0.325s] -- Up-to-date: /home/leibton/ros2_ws/src/install/moonbot_gazebo/share/moonbot_gazebo//models/box_room/model.sdf
[0.325s] -- Up-to-date: /home/leibton/ros2_ws/src/install/moonbot_gazebo/lib/moonbot_gazebo/walk_demo.py
[0.325s] -- Up-to-date: /home/leibton/ros2_ws/src/install/moonbot_gazebo/lib/moonbot_gazebo/walker.py
[0.325s] -- Up-to-date: /home/leibton/ros2_ws/src/install/moonbot_gazebo/share/ament_index/resource_index/package_run_dependencies/moonbot_gazebo
[0.325s] -- Up-to-date: /home/leibton/ros2_ws/src/install/moonbot_gazebo/share/ament_index/resource_index/parent_prefix_path/moonbot_gazebo
[0.326s] -- Up-to-date: /home/leibton/ros2_ws/src/install/moonbot_gazebo/share/moonbot_gazebo/environment/ament_prefix_path.sh
[0.326s] -- Up-to-date: /home/leibton/ros2_ws/src/install/moonbot_gazebo/share/moonbot_gazebo/environment/ament_prefix_path.dsv
[0.326s] -- Up-to-date: /home/leibton/ros2_ws/src/install/moonbot_gazebo/share/moonbot_gazebo/environment/path.sh
[0.326s] -- Up-to-date: /home/leibton/ros2_ws/src/install/moonbot_gazebo/share/moonbot_gazebo/environment/path.dsv
[0.326s] -- Up-to-date: /home/leibton/ros2_ws/src/install/moonbot_gazebo/share/moonbot_gazebo/local_setup.bash
[0.326s] -- Up-to-date: /home/leibton/ros2_ws/src/install/moonbot_gazebo/share/moonbot_gazebo/local_setup.sh
[0.326s] -- Up-to-date: /home/leibton/ros2_ws/src/install/moonbot_gazebo/share/moonbot_gazebo/local_setup.zsh
[0.326s] -- Up-to-date: /home/leibton/ros2_ws/src/install/moonbot_gazebo/share/moonbot_gazebo/local_setup.dsv
[0.326s] -- Installing: /home/leibton/ros2_ws/src/install/moonbot_gazebo/share/moonbot_gazebo/package.dsv
[0.326s] -- Up-to-date: /home/leibton/ros2_ws/src/install/moonbot_gazebo/share/ament_index/resource_index/packages/moonbot_gazebo
[0.326s] -- Up-to-date: /home/leibton/ros2_ws/src/install/moonbot_gazebo/share/moonbot_gazebo/cmake/moonbot_gazeboConfig.cmake
[0.326s] -- Up-to-date: /home/leibton/ros2_ws/src/install/moonbot_gazebo/share/moonbot_gazebo/cmake/moonbot_gazeboConfig-version.cmake
[0.329s] -- Up-to-date: /home/leibton/ros2_ws/src/install/moonbot_gazebo/share/moonbot_gazebo/package.xml
[0.329s] Invoked command in '/home/leibton/ros2_ws/src/build/moonbot_gazebo' returned '0': AMENT_PREFIX_PATH=/home/leibton/ros2_ws/src/install/moonbot_control:/home/leibton/ros2_ws/src/install/moonbot_description:${AMENT_PREFIX_PATH} CMAKE_PREFIX_PATH=/home/leibton/ros2_ws/src/install/moonbot_control:/home/leibton/ros2_ws/src/install/moonbot_description:/opt/ros/foxy /usr/bin/cmake --install /home/leibton/ros2_ws/src/build/moonbot_gazebo
