[0.032s] Invoking command in '/home/leibton/ros2_ws/src/build/dynamixel_custom_interfaces': CMAKE_PREFIX_PATH=${CMAKE_PREFIX_PATH}:/home/leibton/ros2_ws/src/install/trial:/home/leibton/ros2_ws/src/install/moonbot:/opt/ros/foxy /usr/bin/cmake /home/leibton/ros2_ws/src/dynamixel_custom_interfaces -DCMAKE_INSTALL_PREFIX=/home/leibton/ros2_ws/src/install/dynamixel_custom_interfaces
[0.105s] -- The C compiler identification is GNU 9.4.0
[0.159s] -- The CXX compiler identification is GNU 9.4.0
[0.164s] -- Check for working C compiler: /usr/bin/cc
[0.220s] -- Check for working C compiler: /usr/bin/cc -- works
[0.220s] -- Detecting C compiler ABI info
[0.284s] -- Detecting C compiler ABI info - done
[0.297s] -- Detecting C compile features
[0.297s] -- Detecting C compile features - done
[0.300s] -- Check for working CXX compiler: /usr/bin/c++
[0.361s] -- Check for working CXX compiler: /usr/bin/c++ -- works
[0.362s] -- Detecting CXX compiler ABI info
[0.425s] -- Detecting CXX compiler ABI info - done
[0.434s] -- Detecting CXX compile features
[0.434s] -- Detecting CXX compile features - done
[0.436s] -- Found ament_cmake: 0.9.12 (/opt/ros/foxy/share/ament_cmake/cmake)
[0.460s] -- Found PythonInterp: /usr/bin/python3 (found suitable version "3.8.10", minimum required is "3") 
[0.461s] -- Using PYTHON_EXECUTABLE: /usr/bin/python3
[0.668s] -- Found rclcpp: 2.4.3 (/opt/ros/foxy/share/rclcpp/cmake)
[0.705s] -- Using all available rosidl_typesupport_c: rosidl_typesupport_fastrtps_c;rosidl_typesupport_introspection_c
[0.710s] -- Found rosidl_adapter: 1.3.1 (/opt/ros/foxy/share/rosidl_adapter/cmake)
[0.767s] -- Found OpenSSL: /usr/lib/x86_64-linux-gnu/libcrypto.so (found version "1.1.1f")  
[0.789s] -- Found FastRTPS: /opt/ros/foxy/include  
[0.851s] -- Using all available rosidl_typesupport_cpp: rosidl_typesupport_fastrtps_cpp;rosidl_typesupport_introspection_cpp
[0.899s] -- Found rmw_implementation_cmake: 1.0.4 (/opt/ros/foxy/share/rmw_implementation_cmake/cmake)
[0.901s] -- Using RMW implementation 'rmw_fastrtps_cpp' as default
[0.903s] -- Looking for pthread.h
[0.962s] -- Looking for pthread.h - found
[0.962s] -- Performing Test CMAKE_HAVE_LIBC_PTHREAD
[1.025s] -- Performing Test CMAKE_HAVE_LIBC_PTHREAD - Failed
[1.025s] -- Looking for pthread_create in pthreads
[1.099s] -- Looking for pthread_create in pthreads - not found
[1.099s] -- Looking for pthread_create in pthread
[1.194s] -- Looking for pthread_create in pthread - found
[1.195s] -- Found Threads: TRUE  
[1.368s] -- Found rosidl_default_generators: 1.0.1 (/opt/ros/foxy/share/rosidl_default_generators/cmake)
[1.378s] -- Found ament_lint_auto: 0.9.8 (/opt/ros/foxy/share/ament_lint_auto/cmake)
[1.479s] -- Found PythonInterp: /usr/bin/python3 (found version "3.8.10") 
[1.548s] -- Found ament_cmake_ros: 0.9.2 (/opt/ros/foxy/share/ament_cmake_ros/cmake)
[1.666s] -- Using all available rosidl_typesupport_c: rosidl_typesupport_fastrtps_c;rosidl_typesupport_introspection_c
[1.690s] -- Using all available rosidl_typesupport_cpp: rosidl_typesupport_fastrtps_cpp;rosidl_typesupport_introspection_cpp
[1.721s] -- Found PythonInterp: /usr/bin/python3 (found suitable version "3.8.10", minimum required is "3.5") 
[1.724s] -- Found python_cmake_module: 0.8.1 (/opt/ros/foxy/share/python_cmake_module/cmake)
[1.764s] -- Found PythonLibs: /usr/lib/x86_64-linux-gnu/libpython3.8.so (found suitable version "3.8.10", minimum required is "3.5") 
[1.764s] -- Using PYTHON_EXECUTABLE: /usr/bin/python3
[1.764s] -- Using PYTHON_INCLUDE_DIRS: /usr/include/python3.8
[1.764s] -- Using PYTHON_LIBRARIES: /usr/lib/x86_64-linux-gnu/libpython3.8.so
[1.791s] -- Found PythonExtra: .so  
[1.848s] -- Added test 'copyright' to check source files copyright and LICENSE
[1.848s] -- Added test 'lint_cmake' to check CMake code style
[1.850s] -- Added test 'xmllint' to check XML markup files
[1.857s] -- Configuring done
[1.878s] -- Generating done
[1.880s] -- Build files have been written to: /home/leibton/ros2_ws/src/build/dynamixel_custom_interfaces
[1.892s] Invoked command in '/home/leibton/ros2_ws/src/build/dynamixel_custom_interfaces' returned '0': CMAKE_PREFIX_PATH=${CMAKE_PREFIX_PATH}:/home/leibton/ros2_ws/src/install/trial:/home/leibton/ros2_ws/src/install/moonbot:/opt/ros/foxy /usr/bin/cmake /home/leibton/ros2_ws/src/dynamixel_custom_interfaces -DCMAKE_INSTALL_PREFIX=/home/leibton/ros2_ws/src/install/dynamixel_custom_interfaces
[1.896s] Invoking command in '/home/leibton/ros2_ws/src/build/dynamixel_custom_interfaces': CMAKE_PREFIX_PATH=${CMAKE_PREFIX_PATH}:/home/leibton/ros2_ws/src/install/trial:/home/leibton/ros2_ws/src/install/moonbot:/opt/ros/foxy /usr/bin/cmake --build /home/leibton/ros2_ws/src/build/dynamixel_custom_interfaces -- -j12 -l12
[1.926s] [  2%] [34m[1mGenerating C code for ROS interfaces[0m
[1.927s] [35m[1mScanning dependencies of target dynamixel_custom_interfaces__cpp[0m
[1.935s] [  5%] [34m[1mGenerating C++ code for ROS interfaces[0m
[2.242s] [  5%] Built target dynamixel_custom_interfaces__cpp
[2.250s] [ 10%] [34m[1mGenerating C++ introspection for ROS interfaces[0m
[2.251s] [ 10%] [34m[1mGenerating C++ type support dispatch for ROS interfaces[0m
[2.251s] [ 12%] [34m[1mGenerating C++ type support for eProsima Fast-RTPS[0m
[2.356s] [35m[1mScanning dependencies of target dynamixel_custom_interfaces__rosidl_generator_c[0m
[2.390s] [ 15%] [32mBuilding C object CMakeFiles/dynamixel_custom_interfaces__rosidl_generator_c.dir/rosidl_generator_c/dynamixel_custom_interfaces/msg/detail/set_position__functions.c.o[0m
[2.409s] [ 17%] [32mBuilding C object CMakeFiles/dynamixel_custom_interfaces__rosidl_generator_c.dir/rosidl_generator_c/dynamixel_custom_interfaces/srv/detail/get_position__functions.c.o[0m
[2.477s] [ 20%] [32m[1mLinking C shared library libdynamixel_custom_interfaces__rosidl_generator_c.so[0m
[2.516s] [ 20%] Built target dynamixel_custom_interfaces__rosidl_generator_c
[2.528s] [ 25%] [34m[1mGenerating C introspection for ROS interfaces[0m
[2.529s] [ 25%] [34m[1mGenerating C type support dispatch for ROS interfaces[0m
[2.573s] [35m[1mScanning dependencies of target dynamixel_custom_interfaces__rosidl_typesupport_cpp[0m
[2.618s] [35m[1mScanning dependencies of target dynamixel_custom_interfaces__rosidl_typesupport_fastrtps_cpp[0m
[2.619s] [ 28%] [32mBuilding CXX object CMakeFiles/dynamixel_custom_interfaces__rosidl_typesupport_cpp.dir/rosidl_typesupport_cpp/dynamixel_custom_interfaces/msg/set_position__type_support.cpp.o[0m
[2.623s] [35m[1mScanning dependencies of target dynamixel_custom_interfaces__rosidl_typesupport_introspection_cpp[0m
[2.639s] [ 30%] [32mBuilding CXX object CMakeFiles/dynamixel_custom_interfaces__rosidl_typesupport_cpp.dir/rosidl_typesupport_cpp/dynamixel_custom_interfaces/srv/get_position__type_support.cpp.o[0m
[2.666s] [ 33%] [32mBuilding CXX object CMakeFiles/dynamixel_custom_interfaces__rosidl_typesupport_introspection_cpp.dir/rosidl_typesupport_introspection_cpp/dynamixel_custom_interfaces/msg/detail/set_position__type_support.cpp.o[0m
[2.669s] [ 35%] [32mBuilding CXX object CMakeFiles/dynamixel_custom_interfaces__rosidl_typesupport_fastrtps_cpp.dir/rosidl_typesupport_fastrtps_cpp/dynamixel_custom_interfaces/msg/detail/dds_fastrtps/set_position__type_support.cpp.o[0m
[2.669s] [ 38%] [32mBuilding CXX object CMakeFiles/dynamixel_custom_interfaces__rosidl_typesupport_introspection_cpp.dir/rosidl_typesupport_introspection_cpp/dynamixel_custom_interfaces/srv/detail/get_position__type_support.cpp.o[0m
[2.684s] [ 41%] [32mBuilding CXX object CMakeFiles/dynamixel_custom_interfaces__rosidl_typesupport_fastrtps_cpp.dir/rosidl_typesupport_fastrtps_cpp/dynamixel_custom_interfaces/srv/detail/dds_fastrtps/get_position__type_support.cpp.o[0m
[3.018s] [35m[1mScanning dependencies of target dynamixel_custom_interfaces__rosidl_typesupport_introspection_c[0m
[3.072s] [35m[1mScanning dependencies of target dynamixel_custom_interfaces__rosidl_typesupport_c[0m
[3.084s] [ 43%] [32mBuilding C object CMakeFiles/dynamixel_custom_interfaces__rosidl_typesupport_introspection_c.dir/rosidl_typesupport_introspection_c/dynamixel_custom_interfaces/msg/detail/set_position__type_support.c.o[0m
[3.108s] [ 46%] [32mBuilding C object CMakeFiles/dynamixel_custom_interfaces__rosidl_typesupport_introspection_c.dir/rosidl_typesupport_introspection_c/dynamixel_custom_interfaces/srv/detail/get_position__type_support.c.o[0m
[3.152s] [ 48%] [32mBuilding CXX object CMakeFiles/dynamixel_custom_interfaces__rosidl_typesupport_c.dir/rosidl_typesupport_c/dynamixel_custom_interfaces/srv/get_position__type_support.cpp.o[0m
[3.155s] [ 51%] [32mBuilding CXX object CMakeFiles/dynamixel_custom_interfaces__rosidl_typesupport_c.dir/rosidl_typesupport_c/dynamixel_custom_interfaces/msg/set_position__type_support.cpp.o[0m
[3.279s] [ 53%] [32m[1mLinking CXX shared library libdynamixel_custom_interfaces__rosidl_typesupport_cpp.so[0m
[3.286s] [ 56%] [32m[1mLinking CXX shared library libdynamixel_custom_interfaces__rosidl_typesupport_c.so[0m
[3.340s] [ 58%] [32m[1mLinking C shared library libdynamixel_custom_interfaces__rosidl_typesupport_introspection_c.so[0m
[3.451s] [ 58%] Built target dynamixel_custom_interfaces__rosidl_typesupport_cpp
[3.470s] [ 58%] Built target dynamixel_custom_interfaces__rosidl_typesupport_c
[3.488s] [ 61%] [32m[1mLinking CXX shared library libdynamixel_custom_interfaces__rosidl_typesupport_introspection_cpp.so[0m
[3.501s] [ 61%] Built target dynamixel_custom_interfaces__rosidl_typesupport_introspection_c
[3.549s] [ 61%] Built target dynamixel_custom_interfaces__rosidl_typesupport_introspection_cpp
[3.626s] [ 64%] [32m[1mLinking CXX shared library libdynamixel_custom_interfaces__rosidl_typesupport_fastrtps_cpp.so[0m
[3.707s] [ 64%] Built target dynamixel_custom_interfaces__rosidl_typesupport_fastrtps_cpp
[3.716s] [ 66%] [34m[1mGenerating C type support for eProsima Fast-RTPS[0m
[3.918s] [35m[1mScanning dependencies of target dynamixel_custom_interfaces__rosidl_typesupport_fastrtps_c[0m
[3.930s] [ 69%] [32mBuilding CXX object CMakeFiles/dynamixel_custom_interfaces__rosidl_typesupport_fastrtps_c.dir/rosidl_typesupport_fastrtps_c/dynamixel_custom_interfaces/msg/detail/set_position__type_support_c.cpp.o[0m
[3.933s] [ 71%] [32mBuilding CXX object CMakeFiles/dynamixel_custom_interfaces__rosidl_typesupport_fastrtps_c.dir/rosidl_typesupport_fastrtps_c/dynamixel_custom_interfaces/srv/detail/get_position__type_support_c.cpp.o[0m
[4.281s] [ 74%] [32m[1mLinking CXX shared library libdynamixel_custom_interfaces__rosidl_typesupport_fastrtps_c.so[0m
[4.370s] [ 74%] Built target dynamixel_custom_interfaces__rosidl_typesupport_fastrtps_c
[4.377s] [35m[1mScanning dependencies of target dynamixel_custom_interfaces[0m
[4.386s] [ 74%] Built target dynamixel_custom_interfaces
[4.393s] [35m[1mScanning dependencies of target dynamixel_custom_interfaces__py[0m
[4.401s] [ 76%] [34m[1mGenerating Python code for ROS interfaces[0m
[4.805s] [ 76%] Built target dynamixel_custom_interfaces__py
[4.812s] [35m[1mScanning dependencies of target dynamixel_custom_interfaces__python[0m
[4.837s] [ 79%] [32mBuilding C object CMakeFiles/dynamixel_custom_interfaces__python.dir/rosidl_generator_py/dynamixel_custom_interfaces/msg/_set_position_s.c.o[0m
[4.838s] [ 82%] [32mBuilding C object CMakeFiles/dynamixel_custom_interfaces__python.dir/rosidl_generator_py/dynamixel_custom_interfaces/srv/_get_position_s.c.o[0m
[4.908s] [ 84%] [32m[1mLinking C shared library rosidl_generator_py/dynamixel_custom_interfaces/libdynamixel_custom_interfaces__python.so[0m
[4.937s] [ 84%] Built target dynamixel_custom_interfaces__python
[4.944s] [35m[1mScanning dependencies of target dynamixel_custom_interfaces__rosidl_typesupport_fastrtps_c__pyext[0m
[4.944s] [35m[1mScanning dependencies of target dynamixel_custom_interfaces__rosidl_typesupport_introspection_c__pyext[0m
[4.944s] [35m[1mScanning dependencies of target dynamixel_custom_interfaces__rosidl_typesupport_c__pyext[0m
[4.957s] [ 87%] [32mBuilding C object CMakeFiles/dynamixel_custom_interfaces__rosidl_typesupport_introspection_c__pyext.dir/rosidl_generator_py/dynamixel_custom_interfaces/_dynamixel_custom_interfaces_s.ep.rosidl_typesupport_introspection_c.c.o[0m
[4.958s] [ 92%] [32mBuilding C object CMakeFiles/dynamixel_custom_interfaces__rosidl_typesupport_fastrtps_c__pyext.dir/rosidl_generator_py/dynamixel_custom_interfaces/_dynamixel_custom_interfaces_s.ep.rosidl_typesupport_fastrtps_c.c.o[0m
[4.958s] [ 92%] [32mBuilding C object CMakeFiles/dynamixel_custom_interfaces__rosidl_typesupport_c__pyext.dir/rosidl_generator_py/dynamixel_custom_interfaces/_dynamixel_custom_interfaces_s.ep.rosidl_typesupport_c.c.o[0m
[5.029s] [ 94%] [32m[1mLinking CXX shared library rosidl_generator_py/dynamixel_custom_interfaces/dynamixel_custom_interfaces_s__rosidl_typesupport_fastrtps_c.cpython-38-x86_64-linux-gnu.so[0m
[5.029s] [ 97%] [32m[1mLinking C shared library rosidl_generator_py/dynamixel_custom_interfaces/dynamixel_custom_interfaces_s__rosidl_typesupport_introspection_c.cpython-38-x86_64-linux-gnu.so[0m
[5.029s] [100%] [32m[1mLinking C shared library rosidl_generator_py/dynamixel_custom_interfaces/dynamixel_custom_interfaces_s__rosidl_typesupport_c.cpython-38-x86_64-linux-gnu.so[0m
[5.059s] [100%] Built target dynamixel_custom_interfaces__rosidl_typesupport_introspection_c__pyext
[5.062s] [100%] Built target dynamixel_custom_interfaces__rosidl_typesupport_c__pyext
[5.094s] [100%] Built target dynamixel_custom_interfaces__rosidl_typesupport_fastrtps_c__pyext
[5.102s] Invoked command in '/home/leibton/ros2_ws/src/build/dynamixel_custom_interfaces' returned '0': CMAKE_PREFIX_PATH=${CMAKE_PREFIX_PATH}:/home/leibton/ros2_ws/src/install/trial:/home/leibton/ros2_ws/src/install/moonbot:/opt/ros/foxy /usr/bin/cmake --build /home/leibton/ros2_ws/src/build/dynamixel_custom_interfaces -- -j12 -l12
[5.143s] Invoking command in '/home/leibton/ros2_ws/src/build/dynamixel_custom_interfaces': CMAKE_PREFIX_PATH=${CMAKE_PREFIX_PATH}:/home/leibton/ros2_ws/src/install/trial:/home/leibton/ros2_ws/src/install/moonbot:/opt/ros/foxy /usr/bin/cmake --install /home/leibton/ros2_ws/src/build/dynamixel_custom_interfaces
[5.151s] -- Install configuration: ""
[5.152s] -- Installing: /home/leibton/ros2_ws/src/install/dynamixel_custom_interfaces/share/ament_index/resource_index/rosidl_interfaces/dynamixel_custom_interfaces
[5.152s] -- Installing: /home/leibton/ros2_ws/src/install/dynamixel_custom_interfaces/include/dynamixel_custom_interfaces
[5.152s] -- Installing: /home/leibton/ros2_ws/src/install/dynamixel_custom_interfaces/include/dynamixel_custom_interfaces/msg
[5.152s] -- Installing: /home/leibton/ros2_ws/src/install/dynamixel_custom_interfaces/include/dynamixel_custom_interfaces/msg/set_position.h
[5.152s] -- Installing: /home/leibton/ros2_ws/src/install/dynamixel_custom_interfaces/include/dynamixel_custom_interfaces/msg/detail
[5.152s] -- Installing: /home/leibton/ros2_ws/src/install/dynamixel_custom_interfaces/include/dynamixel_custom_interfaces/msg/detail/set_position__functions.c
[5.152s] -- Installing: /home/leibton/ros2_ws/src/install/dynamixel_custom_interfaces/include/dynamixel_custom_interfaces/msg/detail/set_position__struct.h
[5.152s] -- Installing: /home/leibton/ros2_ws/src/install/dynamixel_custom_interfaces/include/dynamixel_custom_interfaces/msg/detail/set_position__type_support.h
[5.152s] -- Installing: /home/leibton/ros2_ws/src/install/dynamixel_custom_interfaces/include/dynamixel_custom_interfaces/msg/detail/set_position__functions.h
[5.153s] -- Installing: /home/leibton/ros2_ws/src/install/dynamixel_custom_interfaces/include/dynamixel_custom_interfaces/msg/rosidl_generator_c__visibility_control.h
[5.153s] -- Installing: /home/leibton/ros2_ws/src/install/dynamixel_custom_interfaces/include/dynamixel_custom_interfaces/srv
[5.153s] -- Installing: /home/leibton/ros2_ws/src/install/dynamixel_custom_interfaces/include/dynamixel_custom_interfaces/srv/get_position.h
[5.153s] -- Installing: /home/leibton/ros2_ws/src/install/dynamixel_custom_interfaces/include/dynamixel_custom_interfaces/srv/detail
[5.153s] -- Installing: /home/leibton/ros2_ws/src/install/dynamixel_custom_interfaces/include/dynamixel_custom_interfaces/srv/detail/get_position__type_support.h
[5.153s] -- Installing: /home/leibton/ros2_ws/src/install/dynamixel_custom_interfaces/include/dynamixel_custom_interfaces/srv/detail/get_position__functions.c
[5.153s] -- Installing: /home/leibton/ros2_ws/src/install/dynamixel_custom_interfaces/include/dynamixel_custom_interfaces/srv/detail/get_position__functions.h
[5.153s] -- Installing: /home/leibton/ros2_ws/src/install/dynamixel_custom_interfaces/include/dynamixel_custom_interfaces/srv/detail/get_position__struct.h
[5.153s] -- Installing: /home/leibton/ros2_ws/src/install/dynamixel_custom_interfaces/share/dynamixel_custom_interfaces/environment/library_path.sh
[5.153s] -- Installing: /home/leibton/ros2_ws/src/install/dynamixel_custom_interfaces/share/dynamixel_custom_interfaces/environment/library_path.dsv
[5.153s] -- Installing: /home/leibton/ros2_ws/src/install/dynamixel_custom_interfaces/lib/libdynamixel_custom_interfaces__rosidl_generator_c.so
[5.153s] -- Set runtime path of "/home/leibton/ros2_ws/src/install/dynamixel_custom_interfaces/lib/libdynamixel_custom_interfaces__rosidl_generator_c.so" to ""
[5.153s] -- Up-to-date: /home/leibton/ros2_ws/src/install/dynamixel_custom_interfaces/include/dynamixel_custom_interfaces
[5.154s] -- Up-to-date: /home/leibton/ros2_ws/src/install/dynamixel_custom_interfaces/include/dynamixel_custom_interfaces/msg
[5.154s] -- Up-to-date: /home/leibton/ros2_ws/src/install/dynamixel_custom_interfaces/include/dynamixel_custom_interfaces/msg/detail
[5.154s] -- Installing: /home/leibton/ros2_ws/src/install/dynamixel_custom_interfaces/include/dynamixel_custom_interfaces/msg/detail/set_position__rosidl_typesupport_fastrtps_c.h
[5.154s] -- Installing: /home/leibton/ros2_ws/src/install/dynamixel_custom_interfaces/include/dynamixel_custom_interfaces/msg/rosidl_typesupport_fastrtps_c__visibility_control.h
[5.154s] -- Up-to-date: /home/leibton/ros2_ws/src/install/dynamixel_custom_interfaces/include/dynamixel_custom_interfaces/srv
[5.154s] -- Up-to-date: /home/leibton/ros2_ws/src/install/dynamixel_custom_interfaces/include/dynamixel_custom_interfaces/srv/detail
[5.154s] -- Installing: /home/leibton/ros2_ws/src/install/dynamixel_custom_interfaces/include/dynamixel_custom_interfaces/srv/detail/get_position__rosidl_typesupport_fastrtps_c.h
[5.154s] -- Installing: /home/leibton/ros2_ws/src/install/dynamixel_custom_interfaces/lib/libdynamixel_custom_interfaces__rosidl_typesupport_fastrtps_c.so
[5.154s] -- Set runtime path of "/home/leibton/ros2_ws/src/install/dynamixel_custom_interfaces/lib/libdynamixel_custom_interfaces__rosidl_typesupport_fastrtps_c.so" to ""
[5.154s] -- Up-to-date: /home/leibton/ros2_ws/src/install/dynamixel_custom_interfaces/include/dynamixel_custom_interfaces
[5.154s] -- Up-to-date: /home/leibton/ros2_ws/src/install/dynamixel_custom_interfaces/include/dynamixel_custom_interfaces/msg
[5.155s] -- Installing: /home/leibton/ros2_ws/src/install/dynamixel_custom_interfaces/include/dynamixel_custom_interfaces/msg/rosidl_typesupport_fastrtps_cpp__visibility_control.h
[5.155s] -- Up-to-date: /home/leibton/ros2_ws/src/install/dynamixel_custom_interfaces/include/dynamixel_custom_interfaces/msg/detail
[5.155s] -- Installing: /home/leibton/ros2_ws/src/install/dynamixel_custom_interfaces/include/dynamixel_custom_interfaces/msg/detail/set_position__rosidl_typesupport_fastrtps_cpp.hpp
[5.155s] -- Installing: /home/leibton/ros2_ws/src/install/dynamixel_custom_interfaces/include/dynamixel_custom_interfaces/msg/detail/dds_fastrtps
[5.155s] -- Up-to-date: /home/leibton/ros2_ws/src/install/dynamixel_custom_interfaces/include/dynamixel_custom_interfaces/srv
[5.155s] -- Up-to-date: /home/leibton/ros2_ws/src/install/dynamixel_custom_interfaces/include/dynamixel_custom_interfaces/srv/detail
[5.155s] -- Installing: /home/leibton/ros2_ws/src/install/dynamixel_custom_interfaces/include/dynamixel_custom_interfaces/srv/detail/get_position__rosidl_typesupport_fastrtps_cpp.hpp
[5.155s] -- Installing: /home/leibton/ros2_ws/src/install/dynamixel_custom_interfaces/include/dynamixel_custom_interfaces/srv/detail/dds_fastrtps
[5.155s] -- Installing: /home/leibton/ros2_ws/src/install/dynamixel_custom_interfaces/lib/libdynamixel_custom_interfaces__rosidl_typesupport_fastrtps_cpp.so
[5.155s] -- Set runtime path of "/home/leibton/ros2_ws/src/install/dynamixel_custom_interfaces/lib/libdynamixel_custom_interfaces__rosidl_typesupport_fastrtps_cpp.so" to ""
[5.155s] -- Up-to-date: /home/leibton/ros2_ws/src/install/dynamixel_custom_interfaces/include/dynamixel_custom_interfaces
[5.155s] -- Up-to-date: /home/leibton/ros2_ws/src/install/dynamixel_custom_interfaces/include/dynamixel_custom_interfaces/msg
[5.156s] -- Installing: /home/leibton/ros2_ws/src/install/dynamixel_custom_interfaces/include/dynamixel_custom_interfaces/msg/rosidl_typesupport_introspection_c__visibility_control.h
[5.156s] -- Up-to-date: /home/leibton/ros2_ws/src/install/dynamixel_custom_interfaces/include/dynamixel_custom_interfaces/msg/detail
[5.156s] -- Installing: /home/leibton/ros2_ws/src/install/dynamixel_custom_interfaces/include/dynamixel_custom_interfaces/msg/detail/set_position__rosidl_typesupport_introspection_c.h
[5.156s] -- Installing: /home/leibton/ros2_ws/src/install/dynamixel_custom_interfaces/include/dynamixel_custom_interfaces/msg/detail/set_position__type_support.c
[5.156s] -- Up-to-date: /home/leibton/ros2_ws/src/install/dynamixel_custom_interfaces/include/dynamixel_custom_interfaces/srv
[5.156s] -- Up-to-date: /home/leibton/ros2_ws/src/install/dynamixel_custom_interfaces/include/dynamixel_custom_interfaces/srv/detail
[5.156s] -- Installing: /home/leibton/ros2_ws/src/install/dynamixel_custom_interfaces/include/dynamixel_custom_interfaces/srv/detail/get_position__rosidl_typesupport_introspection_c.h
[5.156s] -- Installing: /home/leibton/ros2_ws/src/install/dynamixel_custom_interfaces/include/dynamixel_custom_interfaces/srv/detail/get_position__type_support.c
[5.156s] -- Installing: /home/leibton/ros2_ws/src/install/dynamixel_custom_interfaces/lib/libdynamixel_custom_interfaces__rosidl_typesupport_introspection_c.so
[5.156s] -- Set runtime path of "/home/leibton/ros2_ws/src/install/dynamixel_custom_interfaces/lib/libdynamixel_custom_interfaces__rosidl_typesupport_introspection_c.so" to ""
[5.157s] -- Installing: /home/leibton/ros2_ws/src/install/dynamixel_custom_interfaces/lib/libdynamixel_custom_interfaces__rosidl_typesupport_c.so
[5.157s] -- Set runtime path of "/home/leibton/ros2_ws/src/install/dynamixel_custom_interfaces/lib/libdynamixel_custom_interfaces__rosidl_typesupport_c.so" to ""
[5.157s] -- Up-to-date: /home/leibton/ros2_ws/src/install/dynamixel_custom_interfaces/include/dynamixel_custom_interfaces
[5.157s] -- Up-to-date: /home/leibton/ros2_ws/src/install/dynamixel_custom_interfaces/include/dynamixel_custom_interfaces/msg
[5.157s] -- Installing: /home/leibton/ros2_ws/src/install/dynamixel_custom_interfaces/include/dynamixel_custom_interfaces/msg/set_position.hpp
[5.157s] -- Up-to-date: /home/leibton/ros2_ws/src/install/dynamixel_custom_interfaces/include/dynamixel_custom_interfaces/msg/detail
[5.157s] -- Installing: /home/leibton/ros2_ws/src/install/dynamixel_custom_interfaces/include/dynamixel_custom_interfaces/msg/detail/set_position__type_support.hpp
[5.157s] -- Installing: /home/leibton/ros2_ws/src/install/dynamixel_custom_interfaces/include/dynamixel_custom_interfaces/msg/detail/set_position__traits.hpp
[5.157s] -- Installing: /home/leibton/ros2_ws/src/install/dynamixel_custom_interfaces/include/dynamixel_custom_interfaces/msg/detail/set_position__struct.hpp
[5.157s] -- Installing: /home/leibton/ros2_ws/src/install/dynamixel_custom_interfaces/include/dynamixel_custom_interfaces/msg/detail/set_position__builder.hpp
[5.157s] -- Installing: /home/leibton/ros2_ws/src/install/dynamixel_custom_interfaces/include/dynamixel_custom_interfaces/msg/rosidl_generator_cpp__visibility_control.hpp
[5.157s] -- Up-to-date: /home/leibton/ros2_ws/src/install/dynamixel_custom_interfaces/include/dynamixel_custom_interfaces/srv
[5.157s] -- Installing: /home/leibton/ros2_ws/src/install/dynamixel_custom_interfaces/include/dynamixel_custom_interfaces/srv/get_position.hpp
[5.158s] -- Up-to-date: /home/leibton/ros2_ws/src/install/dynamixel_custom_interfaces/include/dynamixel_custom_interfaces/srv/detail
[5.158s] -- Installing: /home/leibton/ros2_ws/src/install/dynamixel_custom_interfaces/include/dynamixel_custom_interfaces/srv/detail/get_position__builder.hpp
[5.158s] -- Installing: /home/leibton/ros2_ws/src/install/dynamixel_custom_interfaces/include/dynamixel_custom_interfaces/srv/detail/get_position__struct.hpp
[5.158s] -- Installing: /home/leibton/ros2_ws/src/install/dynamixel_custom_interfaces/include/dynamixel_custom_interfaces/srv/detail/get_position__type_support.hpp
[5.158s] -- Installing: /home/leibton/ros2_ws/src/install/dynamixel_custom_interfaces/include/dynamixel_custom_interfaces/srv/detail/get_position__traits.hpp
[5.158s] -- Up-to-date: /home/leibton/ros2_ws/src/install/dynamixel_custom_interfaces/include/dynamixel_custom_interfaces
[5.158s] -- Up-to-date: /home/leibton/ros2_ws/src/install/dynamixel_custom_interfaces/include/dynamixel_custom_interfaces/msg
[5.158s] -- Up-to-date: /home/leibton/ros2_ws/src/install/dynamixel_custom_interfaces/include/dynamixel_custom_interfaces/msg/detail
[5.158s] -- Installing: /home/leibton/ros2_ws/src/install/dynamixel_custom_interfaces/include/dynamixel_custom_interfaces/msg/detail/set_position__rosidl_typesupport_introspection_cpp.hpp
[5.158s] -- Installing: /home/leibton/ros2_ws/src/install/dynamixel_custom_interfaces/include/dynamixel_custom_interfaces/msg/detail/set_position__type_support.cpp
[5.158s] -- Up-to-date: /home/leibton/ros2_ws/src/install/dynamixel_custom_interfaces/include/dynamixel_custom_interfaces/srv
[5.158s] -- Up-to-date: /home/leibton/ros2_ws/src/install/dynamixel_custom_interfaces/include/dynamixel_custom_interfaces/srv/detail
[5.158s] -- Installing: /home/leibton/ros2_ws/src/install/dynamixel_custom_interfaces/include/dynamixel_custom_interfaces/srv/detail/get_position__rosidl_typesupport_introspection_cpp.hpp
[5.158s] -- Installing: /home/leibton/ros2_ws/src/install/dynamixel_custom_interfaces/include/dynamixel_custom_interfaces/srv/detail/get_position__type_support.cpp
[5.158s] -- Installing: /home/leibton/ros2_ws/src/install/dynamixel_custom_interfaces/lib/libdynamixel_custom_interfaces__rosidl_typesupport_introspection_cpp.so
[5.159s] -- Set runtime path of "/home/leibton/ros2_ws/src/install/dynamixel_custom_interfaces/lib/libdynamixel_custom_interfaces__rosidl_typesupport_introspection_cpp.so" to ""
[5.159s] -- Installing: /home/leibton/ros2_ws/src/install/dynamixel_custom_interfaces/lib/libdynamixel_custom_interfaces__rosidl_typesupport_cpp.so
[5.159s] -- Set runtime path of "/home/leibton/ros2_ws/src/install/dynamixel_custom_interfaces/lib/libdynamixel_custom_interfaces__rosidl_typesupport_cpp.so" to ""
[5.159s] -- Installing: /home/leibton/ros2_ws/src/install/dynamixel_custom_interfaces/share/dynamixel_custom_interfaces/environment/pythonpath.sh
[5.159s] -- Installing: /home/leibton/ros2_ws/src/install/dynamixel_custom_interfaces/share/dynamixel_custom_interfaces/environment/pythonpath.dsv
[5.159s] -- Installing: /home/leibton/ros2_ws/src/install/dynamixel_custom_interfaces/lib/python3.8/site-packages/dynamixel_custom_interfaces/__init__.py
[5.181s] Compiling '/home/leibton/ros2_ws/src/install/dynamixel_custom_interfaces/lib/python3.8/site-packages/dynamixel_custom_interfaces/__init__.py'...
[5.193s] -- Installing: /home/leibton/ros2_ws/src/install/dynamixel_custom_interfaces/lib/python3.8/site-packages/dynamixel_custom_interfaces/msg
[5.194s] -- Installing: /home/leibton/ros2_ws/src/install/dynamixel_custom_interfaces/lib/python3.8/site-packages/dynamixel_custom_interfaces/msg/_set_position_s.c
[5.194s] -- Installing: /home/leibton/ros2_ws/src/install/dynamixel_custom_interfaces/lib/python3.8/site-packages/dynamixel_custom_interfaces/msg/__init__.py
[5.194s] -- Installing: /home/leibton/ros2_ws/src/install/dynamixel_custom_interfaces/lib/python3.8/site-packages/dynamixel_custom_interfaces/msg/_set_position.py
[5.194s] -- Installing: /home/leibton/ros2_ws/src/install/dynamixel_custom_interfaces/lib/python3.8/site-packages/dynamixel_custom_interfaces/srv
[5.194s] -- Installing: /home/leibton/ros2_ws/src/install/dynamixel_custom_interfaces/lib/python3.8/site-packages/dynamixel_custom_interfaces/srv/__init__.py
[5.194s] -- Installing: /home/leibton/ros2_ws/src/install/dynamixel_custom_interfaces/lib/python3.8/site-packages/dynamixel_custom_interfaces/srv/_get_position_s.c
[5.194s] -- Installing: /home/leibton/ros2_ws/src/install/dynamixel_custom_interfaces/lib/python3.8/site-packages/dynamixel_custom_interfaces/srv/_get_position.py
[5.194s] -- Installing: /home/leibton/ros2_ws/src/install/dynamixel_custom_interfaces/lib/python3.8/site-packages/dynamixel_custom_interfaces/dynamixel_custom_interfaces_s__rosidl_typesupport_fastrtps_c.cpython-38-x86_64-linux-gnu.so
[5.195s] -- Set runtime path of "/home/leibton/ros2_ws/src/install/dynamixel_custom_interfaces/lib/python3.8/site-packages/dynamixel_custom_interfaces/dynamixel_custom_interfaces_s__rosidl_typesupport_fastrtps_c.cpython-38-x86_64-linux-gnu.so" to ""
[5.195s] -- Installing: /home/leibton/ros2_ws/src/install/dynamixel_custom_interfaces/lib/python3.8/site-packages/dynamixel_custom_interfaces/dynamixel_custom_interfaces_s__rosidl_typesupport_introspection_c.cpython-38-x86_64-linux-gnu.so
[5.195s] -- Set runtime path of "/home/leibton/ros2_ws/src/install/dynamixel_custom_interfaces/lib/python3.8/site-packages/dynamixel_custom_interfaces/dynamixel_custom_interfaces_s__rosidl_typesupport_introspection_c.cpython-38-x86_64-linux-gnu.so" to ""
[5.195s] -- Installing: /home/leibton/ros2_ws/src/install/dynamixel_custom_interfaces/lib/python3.8/site-packages/dynamixel_custom_interfaces/dynamixel_custom_interfaces_s__rosidl_typesupport_c.cpython-38-x86_64-linux-gnu.so
[5.195s] -- Set runtime path of "/home/leibton/ros2_ws/src/install/dynamixel_custom_interfaces/lib/python3.8/site-packages/dynamixel_custom_interfaces/dynamixel_custom_interfaces_s__rosidl_typesupport_c.cpython-38-x86_64-linux-gnu.so" to ""
[5.195s] -- Installing: /home/leibton/ros2_ws/src/install/dynamixel_custom_interfaces/lib/libdynamixel_custom_interfaces__python.so
[5.195s] -- Set runtime path of "/home/leibton/ros2_ws/src/install/dynamixel_custom_interfaces/lib/libdynamixel_custom_interfaces__python.so" to ""
[5.195s] -- Installing: /home/leibton/ros2_ws/src/install/dynamixel_custom_interfaces/share/dynamixel_custom_interfaces/msg/SetPosition.idl
[5.195s] -- Installing: /home/leibton/ros2_ws/src/install/dynamixel_custom_interfaces/share/dynamixel_custom_interfaces/srv/GetPosition.idl
[5.195s] -- Installing: /home/leibton/ros2_ws/src/install/dynamixel_custom_interfaces/share/dynamixel_custom_interfaces/msg/SetPosition.msg
[5.195s] -- Installing: /home/leibton/ros2_ws/src/install/dynamixel_custom_interfaces/share/dynamixel_custom_interfaces/srv/GetPosition.srv
[5.195s] -- Installing: /home/leibton/ros2_ws/src/install/dynamixel_custom_interfaces/share/dynamixel_custom_interfaces/srv/GetPosition_Request.msg
[5.195s] -- Installing: /home/leibton/ros2_ws/src/install/dynamixel_custom_interfaces/share/dynamixel_custom_interfaces/srv/GetPosition_Response.msg
[5.195s] -- Installing: /home/leibton/ros2_ws/src/install/dynamixel_custom_interfaces/share/ament_index/resource_index/package_run_dependencies/dynamixel_custom_interfaces
[5.195s] -- Installing: /home/leibton/ros2_ws/src/install/dynamixel_custom_interfaces/share/ament_index/resource_index/parent_prefix_path/dynamixel_custom_interfaces
[5.195s] -- Installing: /home/leibton/ros2_ws/src/install/dynamixel_custom_interfaces/share/dynamixel_custom_interfaces/environment/ament_prefix_path.sh
[5.195s] -- Installing: /home/leibton/ros2_ws/src/install/dynamixel_custom_interfaces/share/dynamixel_custom_interfaces/environment/ament_prefix_path.dsv
[5.195s] -- Installing: /home/leibton/ros2_ws/src/install/dynamixel_custom_interfaces/share/dynamixel_custom_interfaces/environment/path.sh
[5.195s] -- Installing: /home/leibton/ros2_ws/src/install/dynamixel_custom_interfaces/share/dynamixel_custom_interfaces/environment/path.dsv
[5.196s] -- Installing: /home/leibton/ros2_ws/src/install/dynamixel_custom_interfaces/share/dynamixel_custom_interfaces/local_setup.bash
[5.196s] -- Installing: /home/leibton/ros2_ws/src/install/dynamixel_custom_interfaces/share/dynamixel_custom_interfaces/local_setup.sh
[5.196s] -- Installing: /home/leibton/ros2_ws/src/install/dynamixel_custom_interfaces/share/dynamixel_custom_interfaces/local_setup.zsh
[5.196s] -- Installing: /home/leibton/ros2_ws/src/install/dynamixel_custom_interfaces/share/dynamixel_custom_interfaces/local_setup.dsv
[5.196s] -- Installing: /home/leibton/ros2_ws/src/install/dynamixel_custom_interfaces/share/dynamixel_custom_interfaces/package.dsv
[5.196s] -- Installing: /home/leibton/ros2_ws/src/install/dynamixel_custom_interfaces/share/ament_index/resource_index/packages/dynamixel_custom_interfaces
[5.196s] -- Installing: /home/leibton/ros2_ws/src/install/dynamixel_custom_interfaces/share/dynamixel_custom_interfaces/cmake/dynamixel_custom_interfaces__rosidl_generator_cExport.cmake
[5.196s] -- Installing: /home/leibton/ros2_ws/src/install/dynamixel_custom_interfaces/share/dynamixel_custom_interfaces/cmake/dynamixel_custom_interfaces__rosidl_generator_cExport-noconfig.cmake
[5.196s] -- Installing: /home/leibton/ros2_ws/src/install/dynamixel_custom_interfaces/share/dynamixel_custom_interfaces/cmake/dynamixel_custom_interfaces__rosidl_typesupport_introspection_cExport.cmake
[5.196s] -- Installing: /home/leibton/ros2_ws/src/install/dynamixel_custom_interfaces/share/dynamixel_custom_interfaces/cmake/dynamixel_custom_interfaces__rosidl_typesupport_introspection_cExport-noconfig.cmake
[5.196s] -- Installing: /home/leibton/ros2_ws/src/install/dynamixel_custom_interfaces/share/dynamixel_custom_interfaces/cmake/dynamixel_custom_interfaces__rosidl_typesupport_cExport.cmake
[5.196s] -- Installing: /home/leibton/ros2_ws/src/install/dynamixel_custom_interfaces/share/dynamixel_custom_interfaces/cmake/dynamixel_custom_interfaces__rosidl_typesupport_cExport-noconfig.cmake
[5.196s] -- Installing: /home/leibton/ros2_ws/src/install/dynamixel_custom_interfaces/share/dynamixel_custom_interfaces/cmake/dynamixel_custom_interfaces__rosidl_generator_cppExport.cmake
[5.196s] -- Installing: /home/leibton/ros2_ws/src/install/dynamixel_custom_interfaces/share/dynamixel_custom_interfaces/cmake/dynamixel_custom_interfaces__rosidl_typesupport_introspection_cppExport.cmake
[5.196s] -- Installing: /home/leibton/ros2_ws/src/install/dynamixel_custom_interfaces/share/dynamixel_custom_interfaces/cmake/dynamixel_custom_interfaces__rosidl_typesupport_introspection_cppExport-noconfig.cmake
[5.196s] -- Installing: /home/leibton/ros2_ws/src/install/dynamixel_custom_interfaces/share/dynamixel_custom_interfaces/cmake/dynamixel_custom_interfaces__rosidl_typesupport_cppExport.cmake
[5.197s] -- Installing: /home/leibton/ros2_ws/src/install/dynamixel_custom_interfaces/share/dynamixel_custom_interfaces/cmake/dynamixel_custom_interfaces__rosidl_typesupport_cppExport-noconfig.cmake
[5.197s] -- Installing: /home/leibton/ros2_ws/src/install/dynamixel_custom_interfaces/share/dynamixel_custom_interfaces/cmake/rosidl_cmake-extras.cmake
[5.197s] -- Installing: /home/leibton/ros2_ws/src/install/dynamixel_custom_interfaces/share/dynamixel_custom_interfaces/cmake/ament_cmake_export_dependencies-extras.cmake
[5.197s] -- Installing: /home/leibton/ros2_ws/src/install/dynamixel_custom_interfaces/share/dynamixel_custom_interfaces/cmake/ament_cmake_export_libraries-extras.cmake
[5.197s] -- Installing: /home/leibton/ros2_ws/src/install/dynamixel_custom_interfaces/share/dynamixel_custom_interfaces/cmake/ament_cmake_export_targets-extras.cmake
[5.197s] -- Installing: /home/leibton/ros2_ws/src/install/dynamixel_custom_interfaces/share/dynamixel_custom_interfaces/cmake/ament_cmake_export_include_directories-extras.cmake
[5.201s] -- Installing: /home/leibton/ros2_ws/src/install/dynamixel_custom_interfaces/share/dynamixel_custom_interfaces/cmake/rosidl_cmake_export_typesupport_libraries-extras.cmake
[5.202s] -- Installing: /home/leibton/ros2_ws/src/install/dynamixel_custom_interfaces/share/dynamixel_custom_interfaces/cmake/rosidl_cmake_export_typesupport_targets-extras.cmake
[5.202s] -- Installing: /home/leibton/ros2_ws/src/install/dynamixel_custom_interfaces/share/dynamixel_custom_interfaces/cmake/dynamixel_custom_interfacesConfig.cmake
[5.202s] -- Installing: /home/leibton/ros2_ws/src/install/dynamixel_custom_interfaces/share/dynamixel_custom_interfaces/cmake/dynamixel_custom_interfacesConfig-version.cmake
[5.202s] -- Installing: /home/leibton/ros2_ws/src/install/dynamixel_custom_interfaces/share/dynamixel_custom_interfaces/package.xml
[5.202s] Invoked command in '/home/leibton/ros2_ws/src/build/dynamixel_custom_interfaces' returned '0': CMAKE_PREFIX_PATH=${CMAKE_PREFIX_PATH}:/home/leibton/ros2_ws/src/install/trial:/home/leibton/ros2_ws/src/install/moonbot:/opt/ros/foxy /usr/bin/cmake --install /home/leibton/ros2_ws/src/build/dynamixel_custom_interfaces
