[0.027s] Invoking command in '/home/leibton/ros2_ws/src/build/my_robot_hardware_interface': CMAKE_PREFIX_PATH=${CMAKE_PREFIX_PATH}:/home/leibton/ros2_ws/src/install/trial:/home/leibton/ros2_ws/src/install/moonbot:/opt/ros/foxy /usr/bin/cmake /home/leibton/ros2_ws/src/my_robot_hardware_interface -DCMAKE_INSTALL_PREFIX=/home/leibton/ros2_ws/src/install/my_robot_hardware_interface
[0.088s] -- The C compiler identification is GNU 9.4.0
[0.145s] -- The CXX compiler identification is GNU 9.4.0
[0.151s] -- Check for working C compiler: /usr/bin/cc
[0.206s] -- Check for working C compiler: /usr/bin/cc -- works
[0.207s] -- Detecting C compiler ABI info
[0.272s] -- Detecting C compiler ABI info - done
[0.279s] -- Detecting C compile features
[0.279s] -- Detecting C compile features - done
[0.281s] -- Check for working CXX compiler: /usr/bin/c++
[0.346s] -- Check for working CXX compiler: /usr/bin/c++ -- works
[0.347s] -- Detecting CXX compiler ABI info
[0.415s] -- Detecting CXX compiler ABI info - done
[0.426s] -- Detecting CXX compile features
[0.426s] -- Detecting CXX compile features - done
[0.428s] -- Found ament_cmake: 0.9.12 (/opt/ros/foxy/share/ament_cmake/cmake)
[0.451s] -- Found PythonInterp: /usr/bin/python3 (found suitable version "3.8.10", minimum required is "3") 
[0.452s] -- Using PYTHON_EXECUTABLE: /usr/bin/python3
[0.654s] -- Found hardware_interface: 0.11.0 (/opt/ros/foxy/share/hardware_interface/cmake)
[0.691s] -- Using all available rosidl_typesupport_c: rosidl_typesupport_fastrtps_c;rosidl_typesupport_introspection_c
[0.697s] -- Found rosidl_adapter: 1.3.1 (/opt/ros/foxy/share/rosidl_adapter/cmake)
[0.756s] -- Found OpenSSL: /usr/lib/x86_64-linux-gnu/libcrypto.so (found version "1.1.1f")  
[0.778s] -- Found FastRTPS: /opt/ros/foxy/include  
[0.836s] -- Using all available rosidl_typesupport_cpp: rosidl_typesupport_fastrtps_cpp;rosidl_typesupport_introspection_cpp
[1.371s] -- Found rclcpp: 2.4.3 (/opt/ros/foxy/share/rclcpp/cmake)
[1.415s] -- Found rmw_implementation_cmake: 1.0.4 (/opt/ros/foxy/share/rmw_implementation_cmake/cmake)
[1.416s] -- Using RMW implementation 'rmw_fastrtps_cpp' as default
[1.417s] -- Looking for pthread.h
[1.514s] -- Looking for pthread.h - found
[1.514s] -- Performing Test CMAKE_HAVE_LIBC_PTHREAD
[1.606s] -- Performing Test CMAKE_HAVE_LIBC_PTHREAD - Failed
[1.606s] -- Looking for pthread_create in pthreads
[1.720s] -- Looking for pthread_create in pthreads - not found
[1.721s] -- Looking for pthread_create in pthread
[1.825s] -- Looking for pthread_create in pthread - found
[1.826s] -- Found Threads: TRUE  
[1.950s] -- Found rclcpp_lifecycle: 2.4.3 (/opt/ros/foxy/share/rclcpp_lifecycle/cmake)
[1.981s] -- Found ament_lint_auto: 0.9.8 (/opt/ros/foxy/share/ament_lint_auto/cmake)
[2.057s] -- Added test 'copyright' to check source files copyright and LICENSE
[2.058s] -- Added test 'cppcheck' to perform static code analysis on C / C++ code
[2.058s] -- Configured cppcheck include dirs: 
[2.058s] -- Configured cppcheck exclude dirs and/or files: 
[2.059s] -- Added test 'cpplint' to check C / C++ code against the Google style
[2.059s] -- Configured cpplint exclude dirs and/or files: 
[2.059s] -- Added test 'lint_cmake' to check CMake code style
[2.060s] -- Added test 'uncrustify' to check C / C++ code style
[2.060s] -- Configured uncrustify additional arguments: 
[2.061s] -- Added test 'xmllint' to check XML markup files
[2.067s] -- Configuring done
[2.067s] -- Generating done
[2.070s] -- Build files have been written to: /home/leibton/ros2_ws/src/build/my_robot_hardware_interface
[2.094s] Invoked command in '/home/leibton/ros2_ws/src/build/my_robot_hardware_interface' returned '0': CMAKE_PREFIX_PATH=${CMAKE_PREFIX_PATH}:/home/leibton/ros2_ws/src/install/trial:/home/leibton/ros2_ws/src/install/moonbot:/opt/ros/foxy /usr/bin/cmake /home/leibton/ros2_ws/src/my_robot_hardware_interface -DCMAKE_INSTALL_PREFIX=/home/leibton/ros2_ws/src/install/my_robot_hardware_interface
[2.097s] Invoking command in '/home/leibton/ros2_ws/src/build/my_robot_hardware_interface': CMAKE_PREFIX_PATH=${CMAKE_PREFIX_PATH}:/home/leibton/ros2_ws/src/install/trial:/home/leibton/ros2_ws/src/install/moonbot:/opt/ros/foxy /usr/bin/cmake --build /home/leibton/ros2_ws/src/build/my_robot_hardware_interface -- -j12 -l12
[2.140s] Invoked command in '/home/leibton/ros2_ws/src/build/my_robot_hardware_interface' returned '0': CMAKE_PREFIX_PATH=${CMAKE_PREFIX_PATH}:/home/leibton/ros2_ws/src/install/trial:/home/leibton/ros2_ws/src/install/moonbot:/opt/ros/foxy /usr/bin/cmake --build /home/leibton/ros2_ws/src/build/my_robot_hardware_interface -- -j12 -l12
[2.176s] Invoking command in '/home/leibton/ros2_ws/src/build/my_robot_hardware_interface': CMAKE_PREFIX_PATH=${CMAKE_PREFIX_PATH}:/home/leibton/ros2_ws/src/install/trial:/home/leibton/ros2_ws/src/install/moonbot:/opt/ros/foxy /usr/bin/cmake --install /home/leibton/ros2_ws/src/build/my_robot_hardware_interface
[2.189s] -- Install configuration: ""
[2.190s] -- Installing: /home/leibton/ros2_ws/src/install/my_robot_hardware_interface/share/ament_index/resource_index/package_run_dependencies/my_robot_hardware_interface
[2.190s] -- Installing: /home/leibton/ros2_ws/src/install/my_robot_hardware_interface/share/ament_index/resource_index/parent_prefix_path/my_robot_hardware_interface
[2.190s] -- Installing: /home/leibton/ros2_ws/src/install/my_robot_hardware_interface/share/my_robot_hardware_interface/environment/ament_prefix_path.sh
[2.190s] -- Installing: /home/leibton/ros2_ws/src/install/my_robot_hardware_interface/share/my_robot_hardware_interface/environment/ament_prefix_path.dsv
[2.191s] -- Installing: /home/leibton/ros2_ws/src/install/my_robot_hardware_interface/share/my_robot_hardware_interface/environment/path.sh
[2.191s] -- Installing: /home/leibton/ros2_ws/src/install/my_robot_hardware_interface/share/my_robot_hardware_interface/environment/path.dsv
[2.191s] -- Installing: /home/leibton/ros2_ws/src/install/my_robot_hardware_interface/share/my_robot_hardware_interface/local_setup.bash
[2.191s] -- Installing: /home/leibton/ros2_ws/src/install/my_robot_hardware_interface/share/my_robot_hardware_interface/local_setup.sh
[2.191s] -- Installing: /home/leibton/ros2_ws/src/install/my_robot_hardware_interface/share/my_robot_hardware_interface/local_setup.zsh
[2.191s] -- Installing: /home/leibton/ros2_ws/src/install/my_robot_hardware_interface/share/my_robot_hardware_interface/local_setup.dsv
[2.191s] -- Installing: /home/leibton/ros2_ws/src/install/my_robot_hardware_interface/share/my_robot_hardware_interface/package.dsv
[2.191s] -- Installing: /home/leibton/ros2_ws/src/install/my_robot_hardware_interface/share/ament_index/resource_index/packages/my_robot_hardware_interface
[2.191s] -- Installing: /home/leibton/ros2_ws/src/install/my_robot_hardware_interface/share/my_robot_hardware_interface/cmake/my_robot_hardware_interfaceConfig.cmake
[2.192s] -- Installing: /home/leibton/ros2_ws/src/install/my_robot_hardware_interface/share/my_robot_hardware_interface/cmake/my_robot_hardware_interfaceConfig-version.cmake
[2.192s] -- Installing: /home/leibton/ros2_ws/src/install/my_robot_hardware_interface/share/my_robot_hardware_interface/package.xml
[2.201s] Invoked command in '/home/leibton/ros2_ws/src/build/my_robot_hardware_interface' returned '0': CMAKE_PREFIX_PATH=${CMAKE_PREFIX_PATH}:/home/leibton/ros2_ws/src/install/trial:/home/leibton/ros2_ws/src/install/moonbot:/opt/ros/foxy /usr/bin/cmake --install /home/leibton/ros2_ws/src/build/my_robot_hardware_interface
