[0.538s] Invoking command in '/home/leibton/ros2_ws/src/moonbot': CMAKE_PREFIX_PATH=/home/leibton/ros2_ws/src/install/moonbot_custom_interfaces:/home/leibton/ros2_ws/src/install/my_robot_hardware_interface:/home/leibton/ros2_ws/src/install/moonbot_gazebo:/home/leibton/ros2_ws/src/install/moonbot_control:/home/leibton/ros2_ws/src/install/moonbot_description:/home/leibton/ros2_ws/src/install/dynamixel_hardware_interface:/home/leibton/ros2_ws/src/install/dynamixel_custom_interfaces PYTHONPATH=/home/leibton/ros2_ws/src/build/moonbot/prefix_override:/home/leibton/ros2_ws/src/install/moonbot/lib/python3.8/site-packages:/home/leibton/ros2_ws/src/install/moonbot_custom_interfaces/lib/python3.8/site-packages:/home/leibton/ros2_ws/src/install/trial/lib/python3.8/site-packages:/home/leibton/ros2_ws/src/install/moonbot/lib/python3.8/site-packages:/home/leibton/ros2_ws/src/install/dynamixel_custom_interfaces/lib/python3.8/site-packages:/opt/ros/foxy/lib/python3.8/site-packages /usr/bin/python3 setup.py egg_info --egg-base ../build/moonbot build --build-base /home/leibton/ros2_ws/src/build/moonbot/build install --record /home/leibton/ros2_ws/src/build/moonbot/install.log --install-scripts $base/lib/moonbot --single-version-externally-managed
[0.696s] running egg_info
[0.697s] creating ../build/moonbot/moonbot.egg-info
[0.697s] writing ../build/moonbot/moonbot.egg-info/PKG-INFO
[0.697s] writing dependency_links to ../build/moonbot/moonbot.egg-info/dependency_links.txt
[0.697s] writing entry points to ../build/moonbot/moonbot.egg-info/entry_points.txt
[0.697s] writing requirements to ../build/moonbot/moonbot.egg-info/requires.txt
[0.697s] writing top-level names to ../build/moonbot/moonbot.egg-info/top_level.txt
[0.698s] writing manifest file '../build/moonbot/moonbot.egg-info/SOURCES.txt'
[0.722s] reading manifest file '../build/moonbot/moonbot.egg-info/SOURCES.txt'
[0.722s] writing manifest file '../build/moonbot/moonbot.egg-info/SOURCES.txt'
[0.722s] running build
[0.723s] running build_py
[0.723s] creating /home/leibton/ros2_ws/src/build/moonbot/build
[0.723s] creating /home/leibton/ros2_ws/src/build/moonbot/build/lib
[0.723s] creating /home/leibton/ros2_ws/src/build/moonbot/build/lib/moonbot
[0.723s] copying moonbot/body_controller.py -> /home/leibton/ros2_ws/src/build/moonbot/build/lib/moonbot
[0.723s] copying moonbot/__init__.py -> /home/leibton/ros2_ws/src/build/moonbot/build/lib/moonbot
[0.723s] copying moonbot/dynamixel_control.py -> /home/leibton/ros2_ws/src/build/moonbot/build/lib/moonbot
[0.723s] copying moonbot/joint_interface.py -> /home/leibton/ros2_ws/src/build/moonbot/build/lib/moonbot
[0.723s] copying moonbot/joint_controller.py -> /home/leibton/ros2_ws/src/build/moonbot/build/lib/moonbot
[0.723s] creating /home/leibton/ros2_ws/src/build/moonbot/build/lib/moonbot/utilities
[0.723s] copying moonbot/utilities/params.py -> /home/leibton/ros2_ws/src/build/moonbot/build/lib/moonbot/utilities
[0.724s] copying moonbot/utilities/__init__.py -> /home/leibton/ros2_ws/src/build/moonbot/build/lib/moonbot/utilities
[0.724s] copying moonbot/utilities/limb_kinematics.py -> /home/leibton/ros2_ws/src/build/moonbot/build/lib/moonbot/utilities
[0.724s] copying moonbot/utilities/test_kinematics.py -> /home/leibton/ros2_ws/src/build/moonbot/build/lib/moonbot/utilities
[0.724s] running install
[0.724s] running install_lib
[0.727s] creating /home/leibton/ros2_ws/src/install/moonbot/lib/python3.8/site-packages/moonbot
[0.727s] copying /home/leibton/ros2_ws/src/build/moonbot/build/lib/moonbot/body_controller.py -> /home/leibton/ros2_ws/src/install/moonbot/lib/python3.8/site-packages/moonbot
[0.727s] copying /home/leibton/ros2_ws/src/build/moonbot/build/lib/moonbot/__init__.py -> /home/leibton/ros2_ws/src/install/moonbot/lib/python3.8/site-packages/moonbot
[0.728s] copying /home/leibton/ros2_ws/src/build/moonbot/build/lib/moonbot/dynamixel_control.py -> /home/leibton/ros2_ws/src/install/moonbot/lib/python3.8/site-packages/moonbot
[0.728s] copying /home/leibton/ros2_ws/src/build/moonbot/build/lib/moonbot/joint_interface.py -> /home/leibton/ros2_ws/src/install/moonbot/lib/python3.8/site-packages/moonbot
[0.728s] copying /home/leibton/ros2_ws/src/build/moonbot/build/lib/moonbot/joint_controller.py -> /home/leibton/ros2_ws/src/install/moonbot/lib/python3.8/site-packages/moonbot
[0.728s] creating /home/leibton/ros2_ws/src/install/moonbot/lib/python3.8/site-packages/moonbot/utilities
[0.728s] copying /home/leibton/ros2_ws/src/build/moonbot/build/lib/moonbot/utilities/params.py -> /home/leibton/ros2_ws/src/install/moonbot/lib/python3.8/site-packages/moonbot/utilities
[0.728s] copying /home/leibton/ros2_ws/src/build/moonbot/build/lib/moonbot/utilities/__init__.py -> /home/leibton/ros2_ws/src/install/moonbot/lib/python3.8/site-packages/moonbot/utilities
[0.728s] copying /home/leibton/ros2_ws/src/build/moonbot/build/lib/moonbot/utilities/limb_kinematics.py -> /home/leibton/ros2_ws/src/install/moonbot/lib/python3.8/site-packages/moonbot/utilities
[0.728s] copying /home/leibton/ros2_ws/src/build/moonbot/build/lib/moonbot/utilities/test_kinematics.py -> /home/leibton/ros2_ws/src/install/moonbot/lib/python3.8/site-packages/moonbot/utilities
[0.728s] byte-compiling /home/leibton/ros2_ws/src/install/moonbot/lib/python3.8/site-packages/moonbot/body_controller.py to body_controller.cpython-38.pyc
[0.728s] byte-compiling /home/leibton/ros2_ws/src/install/moonbot/lib/python3.8/site-packages/moonbot/__init__.py to __init__.cpython-38.pyc
[0.728s] byte-compiling /home/leibton/ros2_ws/src/install/moonbot/lib/python3.8/site-packages/moonbot/dynamixel_control.py to dynamixel_control.cpython-38.pyc
[0.728s] byte-compiling /home/leibton/ros2_ws/src/install/moonbot/lib/python3.8/site-packages/moonbot/joint_interface.py to joint_interface.cpython-38.pyc
[0.728s] byte-compiling /home/leibton/ros2_ws/src/install/moonbot/lib/python3.8/site-packages/moonbot/joint_controller.py to joint_controller.cpython-38.pyc
[0.728s] byte-compiling /home/leibton/ros2_ws/src/install/moonbot/lib/python3.8/site-packages/moonbot/utilities/params.py to params.cpython-38.pyc
[0.729s] byte-compiling /home/leibton/ros2_ws/src/install/moonbot/lib/python3.8/site-packages/moonbot/utilities/__init__.py to __init__.cpython-38.pyc
[0.729s] byte-compiling /home/leibton/ros2_ws/src/install/moonbot/lib/python3.8/site-packages/moonbot/utilities/limb_kinematics.py to limb_kinematics.cpython-38.pyc
[0.729s] byte-compiling /home/leibton/ros2_ws/src/install/moonbot/lib/python3.8/site-packages/moonbot/utilities/test_kinematics.py to test_kinematics.cpython-38.pyc
[0.729s] running install_data
[0.730s] creating /home/leibton/ros2_ws/src/install/moonbot/share/ament_index
[0.730s] creating /home/leibton/ros2_ws/src/install/moonbot/share/ament_index/resource_index
[0.730s] creating /home/leibton/ros2_ws/src/install/moonbot/share/ament_index/resource_index/packages
[0.730s] copying resource/moonbot -> /home/leibton/ros2_ws/src/install/moonbot/share/ament_index/resource_index/packages
[0.730s] copying package.xml -> /home/leibton/ros2_ws/src/install/moonbot/share/moonbot
[0.730s] creating /home/leibton/ros2_ws/src/install/moonbot/share/moonbot/launch
[0.730s] copying launch/moonbot_launch.py -> /home/leibton/ros2_ws/src/install/moonbot/share/moonbot/launch
[0.730s] running install_egg_info
[0.731s] Copying ../build/moonbot/moonbot.egg-info to /home/leibton/ros2_ws/src/install/moonbot/lib/python3.8/site-packages/moonbot-0.0.0-py3.8.egg-info
[0.732s] running install_scripts
[0.745s] Installing body_controller script to /home/leibton/ros2_ws/src/install/moonbot/lib/moonbot
[0.745s] Installing dynamixel_control script to /home/leibton/ros2_ws/src/install/moonbot/lib/moonbot
[0.745s] Installing joint_controller script to /home/leibton/ros2_ws/src/install/moonbot/lib/moonbot
[0.745s] Installing joint_interface script to /home/leibton/ros2_ws/src/install/moonbot/lib/moonbot
[0.745s] writing list of installed files to '/home/leibton/ros2_ws/src/build/moonbot/install.log'
[0.781s] Invoked command in '/home/leibton/ros2_ws/src/moonbot' returned '0': CMAKE_PREFIX_PATH=/home/leibton/ros2_ws/src/install/moonbot_custom_interfaces:/home/leibton/ros2_ws/src/install/my_robot_hardware_interface:/home/leibton/ros2_ws/src/install/moonbot_gazebo:/home/leibton/ros2_ws/src/install/moonbot_control:/home/leibton/ros2_ws/src/install/moonbot_description:/home/leibton/ros2_ws/src/install/dynamixel_hardware_interface:/home/leibton/ros2_ws/src/install/dynamixel_custom_interfaces PYTHONPATH=/home/leibton/ros2_ws/src/build/moonbot/prefix_override:/home/leibton/ros2_ws/src/install/moonbot/lib/python3.8/site-packages:/home/leibton/ros2_ws/src/install/moonbot_custom_interfaces/lib/python3.8/site-packages:/home/leibton/ros2_ws/src/install/trial/lib/python3.8/site-packages:/home/leibton/ros2_ws/src/install/moonbot/lib/python3.8/site-packages:/home/leibton/ros2_ws/src/install/dynamixel_custom_interfaces/lib/python3.8/site-packages:/opt/ros/foxy/lib/python3.8/site-packages /usr/bin/python3 setup.py egg_info --egg-base ../build/moonbot build --build-base /home/leibton/ros2_ws/src/build/moonbot/build install --record /home/leibton/ros2_ws/src/build/moonbot/install.log --install-scripts $base/lib/moonbot --single-version-externally-managed
