-- Install configuration: ""
-- Up-to-date: /home/leibton/ros2_ws/src/install/moonbot_description/share/moonbot_description//urdf
-- Up-to-date: /home/leibton/ros2_ws/src/install/moonbot_description/share/moonbot_description//urdf/moonbot.urdf
-- Up-to-date: /home/leibton/ros2_ws/src/install/moonbot_description/share/moonbot_description//urdf/phantom.urdf
-- Up-to-date: /home/leibton/ros2_ws/src/install/moonbot_description/share/moonbot_description//urdf/Hexapod.urdf
-- Up-to-date: /home/leibton/ros2_ws/src/install/moonbot_description/share/moonbot_description//urdf/simple.urdf
-- Up-to-date: /home/leibton/ros2_ws/src/install/moonbot_description/share/moonbot_description//urdf/moonbot2.urdf
-- Up-to-date: /home/leibton/ros2_ws/src/install/moonbot_description/share/moonbot_description//urdf/quadruped.urdf
-- Up-to-date: /home/leibton/ros2_ws/src/install/moonbot_description/share/moonbot_description//urdf/phantom_urdf.xacro
-- Up-to-date: /home/leibton/ros2_ws/src/install/moonbot_description/share/moonbot_description//rviz
-- Up-to-date: /home/leibton/ros2_ws/src/install/moonbot_description/share/moonbot_description//rviz/urdf_vis.rviz
-- Up-to-date: /home/leibton/ros2_ws/src/install/moonbot_description/share/moonbot_description//launch
-- Up-to-date: /home/leibton/ros2_ws/src/install/moonbot_description/share/moonbot_description//launch/urdf_visualize.launch.py
-- Up-to-date: /home/leibton/ros2_ws/src/install/moonbot_description/share/moonbot_description//meshes
-- Up-to-date: /home/leibton/ros2_ws/src/install/moonbot_description/share/moonbot_description//meshes/Leg4_Link3.STL
-- Up-to-date: /home/leibton/ros2_ws/src/install/moonbot_description/share/moonbot_description//meshes/base_link.STL
-- Up-to-date: /home/leibton/ros2_ws/src/install/moonbot_description/share/moonbot_description//meshes/Leg2_Link3.STL
-- Up-to-date: /home/leibton/ros2_ws/src/install/moonbot_description/share/moonbot_description//meshes/Leg3_Link3.STL
-- Up-to-date: /home/leibton/ros2_ws/src/install/moonbot_description/share/moonbot_description//meshes/Leg3_Link2.STL
-- Up-to-date: /home/leibton/ros2_ws/src/install/moonbot_description/share/moonbot_description//meshes/Leg2_Link1.STL
-- Up-to-date: /home/leibton/ros2_ws/src/install/moonbot_description/share/moonbot_description//meshes/Leg1_Link1.STL
-- Up-to-date: /home/leibton/ros2_ws/src/install/moonbot_description/share/moonbot_description//meshes/Leg4_Link1.STL
-- Up-to-date: /home/leibton/ros2_ws/src/install/moonbot_description/share/moonbot_description//meshes/Leg1_Link3.STL
-- Up-to-date: /home/leibton/ros2_ws/src/install/moonbot_description/share/moonbot_description//meshes/Leg2_Link2.STL
-- Up-to-date: /home/leibton/ros2_ws/src/install/moonbot_description/share/moonbot_description//meshes/Leg1_Link2.STL
-- Up-to-date: /home/leibton/ros2_ws/src/install/moonbot_description/share/moonbot_description//meshes/Leg4_Link2.STL
-- Up-to-date: /home/leibton/ros2_ws/src/install/moonbot_description/share/moonbot_description//meshes/Leg3_Link1.STL
-- Up-to-date: /home/leibton/ros2_ws/src/install/moonbot_description/share/moonbot_description//meshes_phantom
-- Up-to-date: /home/leibton/ros2_ws/src/install/moonbot_description/share/moonbot_description//meshes_phantom/tibia_l.STL
-- Up-to-date: /home/leibton/ros2_ws/src/install/moonbot_description/share/moonbot_description//meshes_phantom/tibia_l_coll.STL
-- Up-to-date: /home/leibton/ros2_ws/src/install/moonbot_description/share/moonbot_description//meshes_phantom/thigh_r.STL
-- Up-to-date: /home/leibton/ros2_ws/src/install/moonbot_description/share/moonbot_description//meshes_phantom/connect.STL
-- Up-to-date: /home/leibton/ros2_ws/src/install/moonbot_description/share/moonbot_description//meshes_phantom/body.STL
-- Up-to-date: /home/leibton/ros2_ws/src/install/moonbot_description/share/moonbot_description//meshes_phantom/tibia_r.STL
-- Up-to-date: /home/leibton/ros2_ws/src/install/moonbot_description/share/moonbot_description//meshes_phantom/thigh_l.STL
-- Up-to-date: /home/leibton/ros2_ws/src/install/moonbot_description/share/moonbot_description//meshes_phantom/connect_coll.STL
-- Up-to-date: /home/leibton/ros2_ws/src/install/moonbot_description/share/moonbot_description//meshes_phantom/thigh_l_coll.STL
-- Up-to-date: /home/leibton/ros2_ws/src/install/moonbot_description/share/moonbot_description//meshes_phantom/body_coll.STL
-- Up-to-date: /home/leibton/ros2_ws/src/install/moonbot_description/share/moonbot_description//meshes2
-- Up-to-date: /home/leibton/ros2_ws/src/install/moonbot_description/share/moonbot_description//meshes2/tibia_l.STL
-- Up-to-date: /home/leibton/ros2_ws/src/install/moonbot_description/share/moonbot_description//meshes2/femur_r.STL
-- Up-to-date: /home/leibton/ros2_ws/src/install/moonbot_description/share/moonbot_description//meshes2/tibia_r.STL
-- Up-to-date: /home/leibton/ros2_ws/src/install/moonbot_description/share/moonbot_description//meshes2/coxa_l.STL
-- Up-to-date: /home/leibton/ros2_ws/src/install/moonbot_description/share/moonbot_description//meshes2/coxa_r.STL
-- Up-to-date: /home/leibton/ros2_ws/src/install/moonbot_description/share/moonbot_description//meshes2/Tibia_foot_new.STL
-- Up-to-date: /home/leibton/ros2_ws/src/install/moonbot_description/share/moonbot_description//meshes2/femur_l.STL
-- Up-to-date: /home/leibton/ros2_ws/src/install/moonbot_description/share/moonbot_description//meshes2/thorax.STL
-- Up-to-date: /home/leibton/ros2_ws/src/install/moonbot_description/share/moonbot_description//meshes2/tibia_foot.STL
-- Up-to-date: /home/leibton/ros2_ws/src/install/moonbot_description/share/ament_index/resource_index/package_run_dependencies/moonbot_description
-- Up-to-date: /home/leibton/ros2_ws/src/install/moonbot_description/share/ament_index/resource_index/parent_prefix_path/moonbot_description
-- Up-to-date: /home/leibton/ros2_ws/src/install/moonbot_description/share/moonbot_description/environment/ament_prefix_path.sh
-- Up-to-date: /home/leibton/ros2_ws/src/install/moonbot_description/share/moonbot_description/environment/ament_prefix_path.dsv
-- Up-to-date: /home/leibton/ros2_ws/src/install/moonbot_description/share/moonbot_description/environment/path.sh
-- Up-to-date: /home/leibton/ros2_ws/src/install/moonbot_description/share/moonbot_description/environment/path.dsv
-- Up-to-date: /home/leibton/ros2_ws/src/install/moonbot_description/share/moonbot_description/local_setup.bash
-- Up-to-date: /home/leibton/ros2_ws/src/install/moonbot_description/share/moonbot_description/local_setup.sh
-- Up-to-date: /home/leibton/ros2_ws/src/install/moonbot_description/share/moonbot_description/local_setup.zsh
-- Up-to-date: /home/leibton/ros2_ws/src/install/moonbot_description/share/moonbot_description/local_setup.dsv
-- Installing: /home/leibton/ros2_ws/src/install/moonbot_description/share/moonbot_description/package.dsv
-- Up-to-date: /home/leibton/ros2_ws/src/install/moonbot_description/share/ament_index/resource_index/packages/moonbot_description
-- Up-to-date: /home/leibton/ros2_ws/src/install/moonbot_description/share/moonbot_description/cmake/moonbot_descriptionConfig.cmake
-- Up-to-date: /home/leibton/ros2_ws/src/install/moonbot_description/share/moonbot_description/cmake/moonbot_descriptionConfig-version.cmake
-- Up-to-date: /home/leibton/ros2_ws/src/install/moonbot_description/share/moonbot_description/package.xml
