running egg_info
creating ../build/moonbot/moonbot.egg-info
writing ../build/moonbot/moonbot.egg-info/PKG-INFO
writing dependency_links to ../build/moonbot/moonbot.egg-info/dependency_links.txt
writing entry points to ../build/moonbot/moonbot.egg-info/entry_points.txt
writing requirements to ../build/moonbot/moonbot.egg-info/requires.txt
writing top-level names to ../build/moonbot/moonbot.egg-info/top_level.txt
writing manifest file '../build/moonbot/moonbot.egg-info/SOURCES.txt'
reading manifest file '../build/moonbot/moonbot.egg-info/SOURCES.txt'
writing manifest file '../build/moonbot/moonbot.egg-info/SOURCES.txt'
running build
running build_py
creating /home/leibton/ros2_ws/src/build/moonbot/build
creating /home/leibton/ros2_ws/src/build/moonbot/build/lib
creating /home/leibton/ros2_ws/src/build/moonbot/build/lib/moonbot
copying moonbot/body_controller.py -> /home/leibton/ros2_ws/src/build/moonbot/build/lib/moonbot
copying moonbot/__init__.py -> /home/leibton/ros2_ws/src/build/moonbot/build/lib/moonbot
copying moonbot/dynamixel_control.py -> /home/leibton/ros2_ws/src/build/moonbot/build/lib/moonbot
copying moonbot/joint_interface.py -> /home/leibton/ros2_ws/src/build/moonbot/build/lib/moonbot
copying moonbot/joint_controller.py -> /home/leibton/ros2_ws/src/build/moonbot/build/lib/moonbot
creating /home/leibton/ros2_ws/src/build/moonbot/build/lib/moonbot/utilities
copying moonbot/utilities/params.py -> /home/leibton/ros2_ws/src/build/moonbot/build/lib/moonbot/utilities
copying moonbot/utilities/__init__.py -> /home/leibton/ros2_ws/src/build/moonbot/build/lib/moonbot/utilities
copying moonbot/utilities/limb_kinematics.py -> /home/leibton/ros2_ws/src/build/moonbot/build/lib/moonbot/utilities
copying moonbot/utilities/test_kinematics.py -> /home/leibton/ros2_ws/src/build/moonbot/build/lib/moonbot/utilities
running install
running install_lib
creating /home/leibton/ros2_ws/src/install/moonbot/lib/python3.8/site-packages/moonbot
copying /home/leibton/ros2_ws/src/build/moonbot/build/lib/moonbot/body_controller.py -> /home/leibton/ros2_ws/src/install/moonbot/lib/python3.8/site-packages/moonbot
copying /home/leibton/ros2_ws/src/build/moonbot/build/lib/moonbot/__init__.py -> /home/leibton/ros2_ws/src/install/moonbot/lib/python3.8/site-packages/moonbot
copying /home/leibton/ros2_ws/src/build/moonbot/build/lib/moonbot/dynamixel_control.py -> /home/leibton/ros2_ws/src/install/moonbot/lib/python3.8/site-packages/moonbot
copying /home/leibton/ros2_ws/src/build/moonbot/build/lib/moonbot/joint_interface.py -> /home/leibton/ros2_ws/src/install/moonbot/lib/python3.8/site-packages/moonbot
copying /home/leibton/ros2_ws/src/build/moonbot/build/lib/moonbot/joint_controller.py -> /home/leibton/ros2_ws/src/install/moonbot/lib/python3.8/site-packages/moonbot
creating /home/leibton/ros2_ws/src/install/moonbot/lib/python3.8/site-packages/moonbot/utilities
copying /home/leibton/ros2_ws/src/build/moonbot/build/lib/moonbot/utilities/params.py -> /home/leibton/ros2_ws/src/install/moonbot/lib/python3.8/site-packages/moonbot/utilities
copying /home/leibton/ros2_ws/src/build/moonbot/build/lib/moonbot/utilities/__init__.py -> /home/leibton/ros2_ws/src/install/moonbot/lib/python3.8/site-packages/moonbot/utilities
copying /home/leibton/ros2_ws/src/build/moonbot/build/lib/moonbot/utilities/limb_kinematics.py -> /home/leibton/ros2_ws/src/install/moonbot/lib/python3.8/site-packages/moonbot/utilities
copying /home/leibton/ros2_ws/src/build/moonbot/build/lib/moonbot/utilities/test_kinematics.py -> /home/leibton/ros2_ws/src/install/moonbot/lib/python3.8/site-packages/moonbot/utilities
byte-compiling /home/leibton/ros2_ws/src/install/moonbot/lib/python3.8/site-packages/moonbot/body_controller.py to body_controller.cpython-38.pyc
byte-compiling /home/leibton/ros2_ws/src/install/moonbot/lib/python3.8/site-packages/moonbot/__init__.py to __init__.cpython-38.pyc
byte-compiling /home/leibton/ros2_ws/src/install/moonbot/lib/python3.8/site-packages/moonbot/dynamixel_control.py to dynamixel_control.cpython-38.pyc
byte-compiling /home/leibton/ros2_ws/src/install/moonbot/lib/python3.8/site-packages/moonbot/joint_interface.py to joint_interface.cpython-38.pyc
byte-compiling /home/leibton/ros2_ws/src/install/moonbot/lib/python3.8/site-packages/moonbot/joint_controller.py to joint_controller.cpython-38.pyc
byte-compiling /home/leibton/ros2_ws/src/install/moonbot/lib/python3.8/site-packages/moonbot/utilities/params.py to params.cpython-38.pyc
byte-compiling /home/leibton/ros2_ws/src/install/moonbot/lib/python3.8/site-packages/moonbot/utilities/__init__.py to __init__.cpython-38.pyc
byte-compiling /home/leibton/ros2_ws/src/install/moonbot/lib/python3.8/site-packages/moonbot/utilities/limb_kinematics.py to limb_kinematics.cpython-38.pyc
byte-compiling /home/leibton/ros2_ws/src/install/moonbot/lib/python3.8/site-packages/moonbot/utilities/test_kinematics.py to test_kinematics.cpython-38.pyc
running install_data
creating /home/leibton/ros2_ws/src/install/moonbot/share/ament_index
creating /home/leibton/ros2_ws/src/install/moonbot/share/ament_index/resource_index
creating /home/leibton/ros2_ws/src/install/moonbot/share/ament_index/resource_index/packages
copying resource/moonbot -> /home/leibton/ros2_ws/src/install/moonbot/share/ament_index/resource_index/packages
copying package.xml -> /home/leibton/ros2_ws/src/install/moonbot/share/moonbot
running install_egg_info
Copying ../build/moonbot/moonbot.egg-info to /home/leibton/ros2_ws/src/install/moonbot/lib/python3.8/site-packages/moonbot-0.0.0-py3.8.egg-info
running install_scripts
Installing dynamixel_control script to /home/leibton/ros2_ws/src/install/moonbot/lib/moonbot
Installing joint_controller script to /home/leibton/ros2_ws/src/install/moonbot/lib/moonbot
writing list of installed files to '/home/leibton/ros2_ws/src/build/moonbot/install.log'
