[0.471s] Invoking command in '/home/leibton/ros2_ws/src/moonbot': AMENT_PREFIX_PATH=/home/leibton/ros2_ws/src/install/moonbot_custom_interfaces:${AMENT_PREFIX_PATH} CMAKE_PREFIX_PATH=/home/leibton/ros2_ws/src/install/moonbot_custom_interfaces LD_LIBRARY_PATH=/home/leibton/ros2_ws/src/install/moonbot_custom_interfaces/lib:${LD_LIBRARY_PATH} PYTHONPATH=/home/leibton/ros2_ws/src/build/moonbot/prefix_override:/home/leibton/ros2_ws/src/install/moonbot/lib/python3.8/site-packages:/home/leibton/ros2_ws/src/install/moonbot_custom_interfaces/lib/python3.8/site-packages:${PYTHONPATH} /usr/bin/python3 setup.py egg_info --egg-base ../build/moonbot build --build-base /home/leibton/ros2_ws/src/build/moonbot/build install --record /home/leibton/ros2_ws/src/build/moonbot/install.log --install-scripts $base/lib/moonbot --single-version-externally-managed
[0.610s] running egg_info
[0.610s] creating ../build/moonbot/moonbot.egg-info
[0.610s] writing ../build/moonbot/moonbot.egg-info/PKG-INFO
[0.610s] writing dependency_links to ../build/moonbot/moonbot.egg-info/dependency_links.txt
[0.611s] writing entry points to ../build/moonbot/moonbot.egg-info/entry_points.txt
[0.611s] writing requirements to ../build/moonbot/moonbot.egg-info/requires.txt
[0.611s] writing top-level names to ../build/moonbot/moonbot.egg-info/top_level.txt
[0.611s] writing manifest file '../build/moonbot/moonbot.egg-info/SOURCES.txt'
[0.635s] reading manifest file '../build/moonbot/moonbot.egg-info/SOURCES.txt'
[0.635s] writing manifest file '../build/moonbot/moonbot.egg-info/SOURCES.txt'
[0.635s] running build
[0.635s] running build_py
[0.635s] creating /home/leibton/ros2_ws/src/build/moonbot/build
[0.635s] creating /home/leibton/ros2_ws/src/build/moonbot/build/lib
[0.635s] creating /home/leibton/ros2_ws/src/build/moonbot/build/lib/moonbot
[0.635s] copying moonbot/body_controller.py -> /home/leibton/ros2_ws/src/build/moonbot/build/lib/moonbot
[0.635s] copying moonbot/__init__.py -> /home/leibton/ros2_ws/src/build/moonbot/build/lib/moonbot
[0.635s] copying moonbot/dynamixel_control.py -> /home/leibton/ros2_ws/src/build/moonbot/build/lib/moonbot
[0.635s] copying moonbot/joint_interface.py -> /home/leibton/ros2_ws/src/build/moonbot/build/lib/moonbot
[0.635s] copying moonbot/joint_controller.py -> /home/leibton/ros2_ws/src/build/moonbot/build/lib/moonbot
[0.636s] creating /home/leibton/ros2_ws/src/build/moonbot/build/lib/moonbot/utilities
[0.636s] copying moonbot/utilities/params.py -> /home/leibton/ros2_ws/src/build/moonbot/build/lib/moonbot/utilities
[0.636s] copying moonbot/utilities/__init__.py -> /home/leibton/ros2_ws/src/build/moonbot/build/lib/moonbot/utilities
[0.636s] copying moonbot/utilities/limb_kinematics.py -> /home/leibton/ros2_ws/src/build/moonbot/build/lib/moonbot/utilities
[0.636s] copying moonbot/utilities/test_kinematics.py -> /home/leibton/ros2_ws/src/build/moonbot/build/lib/moonbot/utilities
[0.636s] running install
[0.636s] running install_lib
[0.637s] creating /home/leibton/ros2_ws/src/install/moonbot/lib/python3.8/site-packages/moonbot
[0.637s] copying /home/leibton/ros2_ws/src/build/moonbot/build/lib/moonbot/body_controller.py -> /home/leibton/ros2_ws/src/install/moonbot/lib/python3.8/site-packages/moonbot
[0.637s] copying /home/leibton/ros2_ws/src/build/moonbot/build/lib/moonbot/__init__.py -> /home/leibton/ros2_ws/src/install/moonbot/lib/python3.8/site-packages/moonbot
[0.637s] copying /home/leibton/ros2_ws/src/build/moonbot/build/lib/moonbot/dynamixel_control.py -> /home/leibton/ros2_ws/src/install/moonbot/lib/python3.8/site-packages/moonbot
[0.637s] copying /home/leibton/ros2_ws/src/build/moonbot/build/lib/moonbot/joint_interface.py -> /home/leibton/ros2_ws/src/install/moonbot/lib/python3.8/site-packages/moonbot
[0.637s] copying /home/leibton/ros2_ws/src/build/moonbot/build/lib/moonbot/joint_controller.py -> /home/leibton/ros2_ws/src/install/moonbot/lib/python3.8/site-packages/moonbot
[0.637s] creating /home/leibton/ros2_ws/src/install/moonbot/lib/python3.8/site-packages/moonbot/utilities
[0.637s] copying /home/leibton/ros2_ws/src/build/moonbot/build/lib/moonbot/utilities/params.py -> /home/leibton/ros2_ws/src/install/moonbot/lib/python3.8/site-packages/moonbot/utilities
[0.638s] copying /home/leibton/ros2_ws/src/build/moonbot/build/lib/moonbot/utilities/__init__.py -> /home/leibton/ros2_ws/src/install/moonbot/lib/python3.8/site-packages/moonbot/utilities
[0.638s] copying /home/leibton/ros2_ws/src/build/moonbot/build/lib/moonbot/utilities/limb_kinematics.py -> /home/leibton/ros2_ws/src/install/moonbot/lib/python3.8/site-packages/moonbot/utilities
[0.638s] copying /home/leibton/ros2_ws/src/build/moonbot/build/lib/moonbot/utilities/test_kinematics.py -> /home/leibton/ros2_ws/src/install/moonbot/lib/python3.8/site-packages/moonbot/utilities
[0.638s] byte-compiling /home/leibton/ros2_ws/src/install/moonbot/lib/python3.8/site-packages/moonbot/body_controller.py to body_controller.cpython-38.pyc
[0.639s] byte-compiling /home/leibton/ros2_ws/src/install/moonbot/lib/python3.8/site-packages/moonbot/__init__.py to __init__.cpython-38.pyc
[0.639s] byte-compiling /home/leibton/ros2_ws/src/install/moonbot/lib/python3.8/site-packages/moonbot/dynamixel_control.py to dynamixel_control.cpython-38.pyc
[0.640s] byte-compiling /home/leibton/ros2_ws/src/install/moonbot/lib/python3.8/site-packages/moonbot/joint_interface.py to joint_interface.cpython-38.pyc
[0.640s] byte-compiling /home/leibton/ros2_ws/src/install/moonbot/lib/python3.8/site-packages/moonbot/joint_controller.py to joint_controller.cpython-38.pyc
[0.640s] byte-compiling /home/leibton/ros2_ws/src/install/moonbot/lib/python3.8/site-packages/moonbot/utilities/params.py to params.cpython-38.pyc
[0.641s] byte-compiling /home/leibton/ros2_ws/src/install/moonbot/lib/python3.8/site-packages/moonbot/utilities/__init__.py to __init__.cpython-38.pyc
[0.641s] byte-compiling /home/leibton/ros2_ws/src/install/moonbot/lib/python3.8/site-packages/moonbot/utilities/limb_kinematics.py to limb_kinematics.cpython-38.pyc
[0.641s] byte-compiling /home/leibton/ros2_ws/src/install/moonbot/lib/python3.8/site-packages/moonbot/utilities/test_kinematics.py to test_kinematics.cpython-38.pyc
[0.641s] running install_data
[0.642s] creating /home/leibton/ros2_ws/src/install/moonbot/share/ament_index
[0.642s] creating /home/leibton/ros2_ws/src/install/moonbot/share/ament_index/resource_index
[0.642s] creating /home/leibton/ros2_ws/src/install/moonbot/share/ament_index/resource_index/packages
[0.642s] copying resource/moonbot -> /home/leibton/ros2_ws/src/install/moonbot/share/ament_index/resource_index/packages
[0.642s] copying package.xml -> /home/leibton/ros2_ws/src/install/moonbot/share/moonbot
[0.642s] running install_egg_info
[0.643s] Copying ../build/moonbot/moonbot.egg-info to /home/leibton/ros2_ws/src/install/moonbot/lib/python3.8/site-packages/moonbot-0.0.0-py3.8.egg-info
[0.644s] running install_scripts
[0.657s] Installing dynamixel_control script to /home/leibton/ros2_ws/src/install/moonbot/lib/moonbot
[0.657s] Installing joint_controller script to /home/leibton/ros2_ws/src/install/moonbot/lib/moonbot
[0.657s] writing list of installed files to '/home/leibton/ros2_ws/src/build/moonbot/install.log'
[0.679s] Invoked command in '/home/leibton/ros2_ws/src/moonbot' returned '0': AMENT_PREFIX_PATH=/home/leibton/ros2_ws/src/install/moonbot_custom_interfaces:${AMENT_PREFIX_PATH} CMAKE_PREFIX_PATH=/home/leibton/ros2_ws/src/install/moonbot_custom_interfaces LD_LIBRARY_PATH=/home/leibton/ros2_ws/src/install/moonbot_custom_interfaces/lib:${LD_LIBRARY_PATH} PYTHONPATH=/home/leibton/ros2_ws/src/build/moonbot/prefix_override:/home/leibton/ros2_ws/src/install/moonbot/lib/python3.8/site-packages:/home/leibton/ros2_ws/src/install/moonbot_custom_interfaces/lib/python3.8/site-packages:${PYTHONPATH} /usr/bin/python3 setup.py egg_info --egg-base ../build/moonbot build --build-base /home/leibton/ros2_ws/src/build/moonbot/build install --record /home/leibton/ros2_ws/src/build/moonbot/install.log --install-scripts $base/lib/moonbot --single-version-externally-managed
