[0.014s] Invoking command in '/home/leibton/ros2_ws/src/build/moonbot_gazebo': CMAKE_PREFIX_PATH=/home/leibton/ros2_ws/src/install/moonbot_control:/home/leibton/ros2_ws/src/install/moonbot_description:/home/leibton/ros2_ws/src/install/my_robot_hardware_interface:/home/leibton/ros2_ws/src/install/moonbot_gazebo:/home/leibton/ros2_ws/src/install/moonbot_custom_interfaces:/home/leibton/ros2_ws/src/install/dynamixel_hardware_interface:/home/leibton/ros2_ws/src/install/dynamixel_custom_interfaces:/home/leibton/ros2_ws/src/install/trial:/home/leibton/ros2_ws/src/install/moonbot:/opt/ros/foxy /usr/bin/cmake /home/leibton/ros2_ws/src/moonbot_gazebo -DCMAKE_INSTALL_PREFIX=/home/leibton/ros2_ws/src/install/moonbot_gazebo
[0.063s] -- The C compiler identification is GNU 9.4.0
[0.107s] -- The CXX compiler identification is GNU 9.4.0
[0.112s] -- Check for working C compiler: /usr/bin/cc
[0.162s] -- Check for working C compiler: /usr/bin/cc -- works
[0.162s] -- Detecting C compiler ABI info
[0.211s] -- Detecting C compiler ABI info - done
[0.220s] -- Detecting C compile features
[0.220s] -- Detecting C compile features - done
[0.222s] -- Check for working CXX compiler: /usr/bin/c++
[0.290s] -- Check for working CXX compiler: /usr/bin/c++ -- works
[0.291s] -- Detecting CXX compiler ABI info
[0.365s] -- Detecting CXX compiler ABI info - done
[0.376s] -- Detecting CXX compile features
[0.376s] -- Detecting CXX compile features - done
[0.378s] -- Found ament_cmake: 0.9.12 (/opt/ros/foxy/share/ament_cmake/cmake)
[0.403s] -- Found PythonInterp: /usr/bin/python3 (found suitable version "3.8.10", minimum required is "3") 
[0.403s] -- Using PYTHON_EXECUTABLE: /usr/bin/python3
[0.557s] -- Found rclpy: 1.0.13 (/opt/ros/foxy/share/rclpy/cmake)
[0.559s] -- Found gazebo_ros: 3.5.3 (/opt/ros/foxy/share/gazebo_ros/cmake)
[0.601s] -- Using all available rosidl_typesupport_c: rosidl_typesupport_fastrtps_c;rosidl_typesupport_introspection_c
[0.605s] -- Found rosidl_adapter: 1.3.1 (/opt/ros/foxy/share/rosidl_adapter/cmake)
[0.681s] -- Found OpenSSL: /usr/lib/x86_64-linux-gnu/libcrypto.so (found version "1.1.1f")  
[0.706s] -- Found FastRTPS: /opt/ros/foxy/include  
[0.764s] -- Using all available rosidl_typesupport_cpp: rosidl_typesupport_fastrtps_cpp;rosidl_typesupport_introspection_cpp
[0.809s] -- Found rmw_implementation_cmake: 1.0.4 (/opt/ros/foxy/share/rmw_implementation_cmake/cmake)
[0.810s] -- Using RMW implementation 'rmw_fastrtps_cpp' as default
[0.810s] -- Looking for pthread.h
[0.883s] -- Looking for pthread.h - found
[0.883s] -- Performing Test CMAKE_HAVE_LIBC_PTHREAD
[0.955s] -- Performing Test CMAKE_HAVE_LIBC_PTHREAD - Failed
[0.956s] -- Looking for pthread_create in pthreads
[1.015s] -- Looking for pthread_create in pthreads - not found
[1.015s] -- Looking for pthread_create in pthread
[1.092s] -- Looking for pthread_create in pthread - found
[1.092s] -- Found Threads: TRUE  
[1.216s] -- Found PkgConfig: /usr/bin/pkg-config (found version "0.29.1") 
[1.217s] -- Checking for module 'bullet>=2.82'
[1.228s] --   Found bullet, version 2.88
[1.322s] -- Found ccd: /usr/include (found suitable version "2.0", minimum required is "2.0") 
[1.359s] -- Found fcl: /usr/include (found suitable version "0.5.0", minimum required is "0.3.2") 
[1.402s] -- Found assimp: /usr/include (found version "5.0.0") 
[1.421s] -- Found DART: /usr/include (Required is at least version "6.6") found components: dart 
[1.441s] -- Found Boost: /usr/lib/x86_64-linux-gnu/cmake/Boost-1.71.0/BoostConfig.cmake (found suitable version "1.71.0", minimum required is "1.40.0") found components: thread system filesystem program_options regex iostreams date_time 
[1.454s] -- Found Protobuf: /usr/lib/x86_64-linux-gnu/libprotobuf.so;-lpthread (found version "3.6.1") 
[1.457s] -- Looking for ignition-math6 -- found version 6.13.0
[1.462s] -- Searching for dependencies of ignition-math6
[1.463s] -- Looking for OGRE...
[1.463s] -- OGRE_PREFIX_WATCH changed.
[1.466s] -- Checking for module 'OGRE'
[1.479s] --   Found OGRE, version 1.9.0
[1.511s] -- Found Ogre Ghadamon (1.9.0)
[1.518s] -- Found OGRE: optimized;/usr/lib/x86_64-linux-gnu/libOgreMain.so;debug;/usr/lib/x86_64-linux-gnu/libOgreMain.so
[1.529s] -- Looking for OGRE_Paging...
[1.533s] -- Found OGRE_Paging: optimized;/usr/lib/x86_64-linux-gnu/libOgrePaging.so;debug;/usr/lib/x86_64-linux-gnu/libOgrePaging.so
[1.533s] -- Looking for OGRE_Terrain...
[1.537s] -- Found OGRE_Terrain: optimized;/usr/lib/x86_64-linux-gnu/libOgreTerrain.so;debug;/usr/lib/x86_64-linux-gnu/libOgreTerrain.so
[1.537s] -- Looking for OGRE_Property...
[1.542s] -- Found OGRE_Property: optimized;/usr/lib/x86_64-linux-gnu/libOgreProperty.so;debug;/usr/lib/x86_64-linux-gnu/libOgreProperty.so
[1.542s] -- Looking for OGRE_RTShaderSystem...
[1.546s] -- Found OGRE_RTShaderSystem: optimized;/usr/lib/x86_64-linux-gnu/libOgreRTShaderSystem.so;debug;/usr/lib/x86_64-linux-gnu/libOgreRTShaderSystem.so
[1.546s] -- Looking for OGRE_Volume...
[1.550s] -- Found OGRE_Volume: optimized;/usr/lib/x86_64-linux-gnu/libOgreVolume.so;debug;/usr/lib/x86_64-linux-gnu/libOgreVolume.so
[1.550s] -- Looking for OGRE_Overlay...
[1.555s] -- Found OGRE_Overlay: optimized;/usr/lib/x86_64-linux-gnu/libOgreOverlay.so;debug;/usr/lib/x86_64-linux-gnu/libOgreOverlay.so
[1.642s] -- Looking for ignition-math6 -- found version 6.13.0
[1.643s] -- Looking for ignition-transport8 -- found version 8.3.0
[1.644s] -- Searching for dependencies of ignition-transport8
[1.658s] -- Found Protobuf: /usr/lib/x86_64-linux-gnu/libprotobuf.so;-lpthread (found suitable version "3.6.1", minimum required is "3") 
[1.665s] -- Config-file not installed for ZeroMQ -- checking for pkg-config
[1.669s] -- Checking for module 'libzmq >= 4'
[1.682s] --   Found libzmq , version 4.3.2
[1.713s] -- Found ZeroMQ: TRUE (Required is at least version "4") 
[1.718s] -- Checking for module 'uuid'
[1.730s] --   Found uuid, version 2.34.0
[1.758s] -- Found UUID: TRUE  
[1.760s] -- Looking for ignition-msgs5 -- found version 5.10.0
[1.760s] -- Searching for dependencies of ignition-msgs5
[1.774s] -- Looking for ignition-math6 -- found version 6.13.0
[1.778s] -- Checking for module 'tinyxml2'
[1.790s] --   Found tinyxml2, version 6.2.0
[1.823s] -- Looking for ignition-msgs5 -- found version 5.10.0
[1.824s] -- Looking for ignition-common3 -- found version 3.14.2
[1.824s] -- Searching for dependencies of ignition-common3
[1.825s] -- Looking for dlfcn.h - found
[1.825s] -- Looking for libdl - found
[1.826s] -- Found DL: TRUE  
[1.832s] -- Searching for <ignition-common3> component [graphics]
[1.833s] -- Looking for ignition-common3-graphics -- found version 3.14.2
[1.833s] -- Searching for dependencies of ignition-common3-graphics
[1.833s] -- Looking for ignition-math6 -- found version 6.13.0
[1.835s] -- Looking for ignition-fuel_tools4 -- found version 4.6.0
[1.836s] -- Searching for dependencies of ignition-fuel_tools4
[1.900s] -- Found CURL: /usr/lib/x86_64-linux-gnu/libcurl.so (found version "7.68.0")  
[1.906s] -- Checking for module 'jsoncpp'
[1.915s] --   Found jsoncpp, version 1.7.4
[1.936s] -- Found JSONCPP: TRUE  
[1.940s] -- Checking for module 'libzip'
[1.953s] --   Found libzip, version 1.5.1
[1.984s] -- Found ZIP: TRUE  
[1.985s] -- Looking for ignition-common3 -- found version 3.14.2
[1.986s] -- Looking for ignition-math6 -- found version 6.13.0
[1.987s] -- Looking for ignition-msgs5 -- found version 5.10.0
[1.990s] -- Gazebo version: 11.11
[1.997s] -- Found controller_manager: 0.11.0 (/opt/ros/foxy/share/controller_manager/cmake)
[2.504s] -- Found moonbot_description: 0.0.0 (/home/leibton/ros2_ws/src/install/moonbot_description/share/moonbot_description/cmake)
[2.504s] -- Found moonbot_control: 0.0.0 (/home/leibton/ros2_ws/src/install/moonbot_control/share/moonbot_control/cmake)
[2.505s] -- Found gazebo_ros2_control: 0.1.1 (/opt/ros/foxy/share/gazebo_ros2_control/cmake)
[2.512s] -- Found rosidl_default_generators: 1.0.1 (/opt/ros/foxy/share/rosidl_default_generators/cmake)
[2.524s] -- Found ament_lint_auto: 0.9.8 (/opt/ros/foxy/share/ament_lint_auto/cmake)
[2.591s] -- Added test 'copyright' to check source files copyright and LICENSE
[2.592s] -- Added test 'flake8' to check Python code syntax and style conventions
[2.593s] -- Added test 'lint_cmake' to check CMake code style
[2.593s] -- Added test 'pep257' to check Python code against some of the style conventions in PEP 257
[2.594s] -- Added test 'xmllint' to check XML markup files
[2.597s] -- Configuring done
[2.599s] -- Generating done
[2.600s] -- Build files have been written to: /home/leibton/ros2_ws/src/build/moonbot_gazebo
[2.613s] Invoked command in '/home/leibton/ros2_ws/src/build/moonbot_gazebo' returned '0': CMAKE_PREFIX_PATH=/home/leibton/ros2_ws/src/install/moonbot_control:/home/leibton/ros2_ws/src/install/moonbot_description:/home/leibton/ros2_ws/src/install/my_robot_hardware_interface:/home/leibton/ros2_ws/src/install/moonbot_gazebo:/home/leibton/ros2_ws/src/install/moonbot_custom_interfaces:/home/leibton/ros2_ws/src/install/dynamixel_hardware_interface:/home/leibton/ros2_ws/src/install/dynamixel_custom_interfaces:/home/leibton/ros2_ws/src/install/trial:/home/leibton/ros2_ws/src/install/moonbot:/opt/ros/foxy /usr/bin/cmake /home/leibton/ros2_ws/src/moonbot_gazebo -DCMAKE_INSTALL_PREFIX=/home/leibton/ros2_ws/src/install/moonbot_gazebo
[2.617s] Invoking command in '/home/leibton/ros2_ws/src/build/moonbot_gazebo': CMAKE_PREFIX_PATH=/home/leibton/ros2_ws/src/install/moonbot_control:/home/leibton/ros2_ws/src/install/moonbot_description:/home/leibton/ros2_ws/src/install/my_robot_hardware_interface:/home/leibton/ros2_ws/src/install/moonbot_gazebo:/home/leibton/ros2_ws/src/install/moonbot_custom_interfaces:/home/leibton/ros2_ws/src/install/dynamixel_hardware_interface:/home/leibton/ros2_ws/src/install/dynamixel_custom_interfaces:/home/leibton/ros2_ws/src/install/trial:/home/leibton/ros2_ws/src/install/moonbot:/opt/ros/foxy /usr/bin/cmake --build /home/leibton/ros2_ws/src/build/moonbot_gazebo -- -j12 -l12
[2.670s] Invoked command in '/home/leibton/ros2_ws/src/build/moonbot_gazebo' returned '0': CMAKE_PREFIX_PATH=/home/leibton/ros2_ws/src/install/moonbot_control:/home/leibton/ros2_ws/src/install/moonbot_description:/home/leibton/ros2_ws/src/install/my_robot_hardware_interface:/home/leibton/ros2_ws/src/install/moonbot_gazebo:/home/leibton/ros2_ws/src/install/moonbot_custom_interfaces:/home/leibton/ros2_ws/src/install/dynamixel_hardware_interface:/home/leibton/ros2_ws/src/install/dynamixel_custom_interfaces:/home/leibton/ros2_ws/src/install/trial:/home/leibton/ros2_ws/src/install/moonbot:/opt/ros/foxy /usr/bin/cmake --build /home/leibton/ros2_ws/src/build/moonbot_gazebo -- -j12 -l12
[2.702s] Invoking command in '/home/leibton/ros2_ws/src/build/moonbot_gazebo': CMAKE_PREFIX_PATH=/home/leibton/ros2_ws/src/install/moonbot_control:/home/leibton/ros2_ws/src/install/moonbot_description:/home/leibton/ros2_ws/src/install/my_robot_hardware_interface:/home/leibton/ros2_ws/src/install/moonbot_gazebo:/home/leibton/ros2_ws/src/install/moonbot_custom_interfaces:/home/leibton/ros2_ws/src/install/dynamixel_hardware_interface:/home/leibton/ros2_ws/src/install/dynamixel_custom_interfaces:/home/leibton/ros2_ws/src/install/trial:/home/leibton/ros2_ws/src/install/moonbot:/opt/ros/foxy /usr/bin/cmake --install /home/leibton/ros2_ws/src/build/moonbot_gazebo
[2.712s] -- Install configuration: ""
[2.712s] -- Installing: /home/leibton/ros2_ws/src/install/moonbot_gazebo/share/moonbot_gazebo//launch
[2.712s] -- Installing: /home/leibton/ros2_ws/src/install/moonbot_gazebo/share/moonbot_gazebo//launch/start_world.launch.py
[2.712s] -- Installing: /home/leibton/ros2_ws/src/install/moonbot_gazebo/share/moonbot_gazebo//launch/phantom_launch.launch.py
[2.713s] -- Installing: /home/leibton/ros2_ws/src/install/moonbot_gazebo/share/moonbot_gazebo//launch/spawn_robot_description.launch.py
[2.713s] -- Installing: /home/leibton/ros2_ws/src/install/moonbot_gazebo/share/moonbot_gazebo//launch/spawn_robot_ros2.launch.xml
[2.720s] -- Installing: /home/leibton/ros2_ws/src/install/moonbot_gazebo/share/moonbot_gazebo//worlds
[2.720s] -- Installing: /home/leibton/ros2_ws/src/install/moonbot_gazebo/share/moonbot_gazebo//worlds/box_bot_empty.world
[2.720s] -- Installing: /home/leibton/ros2_ws/src/install/moonbot_gazebo/share/moonbot_gazebo//models
[2.720s] -- Installing: /home/leibton/ros2_ws/src/install/moonbot_gazebo/share/moonbot_gazebo//models/box_room
[2.720s] -- Installing: /home/leibton/ros2_ws/src/install/moonbot_gazebo/share/moonbot_gazebo//models/box_room/meshes
[2.721s] -- Installing: /home/leibton/ros2_ws/src/install/moonbot_gazebo/share/moonbot_gazebo//models/box_room/meshes/chambre.png
[2.721s] -- Installing: /home/leibton/ros2_ws/src/install/moonbot_gazebo/share/moonbot_gazebo//models/box_room/meshes/box_room.dae
[2.722s] -- Installing: /home/leibton/ros2_ws/src/install/moonbot_gazebo/share/moonbot_gazebo//models/box_room/model.config
[2.722s] -- Installing: /home/leibton/ros2_ws/src/install/moonbot_gazebo/share/moonbot_gazebo//models/box_room/model.sdf
[2.722s] -- Installing: /home/leibton/ros2_ws/src/install/moonbot_gazebo/lib/moonbot_gazebo/walk_demo.py
[2.722s] -- Installing: /home/leibton/ros2_ws/src/install/moonbot_gazebo/lib/moonbot_gazebo/walker.py
[2.722s] -- Installing: /home/leibton/ros2_ws/src/install/moonbot_gazebo/share/ament_index/resource_index/package_run_dependencies/moonbot_gazebo
[2.722s] -- Installing: /home/leibton/ros2_ws/src/install/moonbot_gazebo/share/ament_index/resource_index/parent_prefix_path/moonbot_gazebo
[2.722s] -- Installing: /home/leibton/ros2_ws/src/install/moonbot_gazebo/share/moonbot_gazebo/environment/ament_prefix_path.sh
[2.723s] -- Installing: /home/leibton/ros2_ws/src/install/moonbot_gazebo/share/moonbot_gazebo/environment/ament_prefix_path.dsv
[2.723s] -- Installing: /home/leibton/ros2_ws/src/install/moonbot_gazebo/share/moonbot_gazebo/environment/path.sh
[2.723s] -- Installing: /home/leibton/ros2_ws/src/install/moonbot_gazebo/share/moonbot_gazebo/environment/path.dsv
[2.723s] -- Installing: /home/leibton/ros2_ws/src/install/moonbot_gazebo/share/moonbot_gazebo/local_setup.bash
[2.723s] -- Installing: /home/leibton/ros2_ws/src/install/moonbot_gazebo/share/moonbot_gazebo/local_setup.sh
[2.723s] -- Installing: /home/leibton/ros2_ws/src/install/moonbot_gazebo/share/moonbot_gazebo/local_setup.zsh
[2.723s] -- Installing: /home/leibton/ros2_ws/src/install/moonbot_gazebo/share/moonbot_gazebo/local_setup.dsv
[2.723s] -- Installing: /home/leibton/ros2_ws/src/install/moonbot_gazebo/share/moonbot_gazebo/package.dsv
[2.723s] -- Installing: /home/leibton/ros2_ws/src/install/moonbot_gazebo/share/ament_index/resource_index/packages/moonbot_gazebo
[2.723s] -- Installing: /home/leibton/ros2_ws/src/install/moonbot_gazebo/share/moonbot_gazebo/cmake/moonbot_gazeboConfig.cmake
[2.723s] -- Installing: /home/leibton/ros2_ws/src/install/moonbot_gazebo/share/moonbot_gazebo/cmake/moonbot_gazeboConfig-version.cmake
[2.723s] -- Installing: /home/leibton/ros2_ws/src/install/moonbot_gazebo/share/moonbot_gazebo/package.xml
[2.729s] Invoked command in '/home/leibton/ros2_ws/src/build/moonbot_gazebo' returned '0': CMAKE_PREFIX_PATH=/home/leibton/ros2_ws/src/install/moonbot_control:/home/leibton/ros2_ws/src/install/moonbot_description:/home/leibton/ros2_ws/src/install/my_robot_hardware_interface:/home/leibton/ros2_ws/src/install/moonbot_gazebo:/home/leibton/ros2_ws/src/install/moonbot_custom_interfaces:/home/leibton/ros2_ws/src/install/dynamixel_hardware_interface:/home/leibton/ros2_ws/src/install/dynamixel_custom_interfaces:/home/leibton/ros2_ws/src/install/trial:/home/leibton/ros2_ws/src/install/moonbot:/opt/ros/foxy /usr/bin/cmake --install /home/leibton/ros2_ws/src/build/moonbot_gazebo
