-- Install configuration: ""
-- Up-to-date: /home/leibton/ros2_ws/src/install/moonbot_gazebo/share/moonbot_gazebo//launch
-- Up-to-date: /home/leibton/ros2_ws/src/install/moonbot_gazebo/share/moonbot_gazebo//launch/start_world.launch.py
-- Up-to-date: /home/leibton/ros2_ws/src/install/moonbot_gazebo/share/moonbot_gazebo//launch/phantom_launch.launch.py
-- Up-to-date: /home/leibton/ros2_ws/src/install/moonbot_gazebo/share/moonbot_gazebo//launch/spawn_robot_description.launch.py
-- Up-to-date: /home/leibton/ros2_ws/src/install/moonbot_gazebo/share/moonbot_gazebo//launch/spawn_robot_ros2.launch.xml
-- Up-to-date: /home/leibton/ros2_ws/src/install/moonbot_gazebo/share/moonbot_gazebo//worlds
-- Up-to-date: /home/leibton/ros2_ws/src/install/moonbot_gazebo/share/moonbot_gazebo//worlds/box_bot_empty.world
-- Up-to-date: /home/leibton/ros2_ws/src/install/moonbot_gazebo/share/moonbot_gazebo//models
-- Up-to-date: /home/leibton/ros2_ws/src/install/moonbot_gazebo/share/moonbot_gazebo//models/box_room
-- Up-to-date: /home/leibton/ros2_ws/src/install/moonbot_gazebo/share/moonbot_gazebo//models/box_room/meshes
-- Up-to-date: /home/leibton/ros2_ws/src/install/moonbot_gazebo/share/moonbot_gazebo//models/box_room/meshes/chambre.png
-- Up-to-date: /home/leibton/ros2_ws/src/install/moonbot_gazebo/share/moonbot_gazebo//models/box_room/meshes/box_room.dae
-- Up-to-date: /home/leibton/ros2_ws/src/install/moonbot_gazebo/share/moonbot_gazebo//models/box_room/model.config
-- Up-to-date: /home/leibton/ros2_ws/src/install/moonbot_gazebo/share/moonbot_gazebo//models/box_room/model.sdf
-- Up-to-date: /home/leibton/ros2_ws/src/install/moonbot_gazebo/lib/moonbot_gazebo/walk_demo.py
-- Up-to-date: /home/leibton/ros2_ws/src/install/moonbot_gazebo/lib/moonbot_gazebo/walker.py
-- Up-to-date: /home/leibton/ros2_ws/src/install/moonbot_gazebo/share/ament_index/resource_index/package_run_dependencies/moonbot_gazebo
-- Up-to-date: /home/leibton/ros2_ws/src/install/moonbot_gazebo/share/ament_index/resource_index/parent_prefix_path/moonbot_gazebo
-- Up-to-date: /home/leibton/ros2_ws/src/install/moonbot_gazebo/share/moonbot_gazebo/environment/ament_prefix_path.sh
-- Up-to-date: /home/leibton/ros2_ws/src/install/moonbot_gazebo/share/moonbot_gazebo/environment/ament_prefix_path.dsv
-- Up-to-date: /home/leibton/ros2_ws/src/install/moonbot_gazebo/share/moonbot_gazebo/environment/path.sh
-- Up-to-date: /home/leibton/ros2_ws/src/install/moonbot_gazebo/share/moonbot_gazebo/environment/path.dsv
-- Up-to-date: /home/leibton/ros2_ws/src/install/moonbot_gazebo/share/moonbot_gazebo/local_setup.bash
-- Up-to-date: /home/leibton/ros2_ws/src/install/moonbot_gazebo/share/moonbot_gazebo/local_setup.sh
-- Up-to-date: /home/leibton/ros2_ws/src/install/moonbot_gazebo/share/moonbot_gazebo/local_setup.zsh
-- Up-to-date: /home/leibton/ros2_ws/src/install/moonbot_gazebo/share/moonbot_gazebo/local_setup.dsv
-- Up-to-date: /home/leibton/ros2_ws/src/install/moonbot_gazebo/share/moonbot_gazebo/package.dsv
-- Up-to-date: /home/leibton/ros2_ws/src/install/moonbot_gazebo/share/ament_index/resource_index/packages/moonbot_gazebo
-- Up-to-date: /home/leibton/ros2_ws/src/install/moonbot_gazebo/share/moonbot_gazebo/cmake/moonbot_gazeboConfig.cmake
-- Up-to-date: /home/leibton/ros2_ws/src/install/moonbot_gazebo/share/moonbot_gazebo/cmake/moonbot_gazeboConfig-version.cmake
-- Up-to-date: /home/leibton/ros2_ws/src/install/moonbot_gazebo/share/moonbot_gazebo/package.xml
