[0.033s] Invoking command in '/home/leibton/ros2_ws/src/build/moonbot_description': CMAKE_PREFIX_PATH=${CMAKE_PREFIX_PATH}:/home/leibton/ros2_ws/src/install/trial:/home/leibton/ros2_ws/src/install/moonbot:/opt/ros/foxy /usr/bin/cmake --build /home/leibton/ros2_ws/src/build/moonbot_description -- -j12 -l12
[0.069s] Invoked command in '/home/leibton/ros2_ws/src/build/moonbot_description' returned '0': CMAKE_PREFIX_PATH=${CMAKE_PREFIX_PATH}:/home/leibton/ros2_ws/src/install/trial:/home/leibton/ros2_ws/src/install/moonbot:/opt/ros/foxy /usr/bin/cmake --build /home/leibton/ros2_ws/src/build/moonbot_description -- -j12 -l12
[0.101s] Invoking command in '/home/leibton/ros2_ws/src/build/moonbot_description': CMAKE_PREFIX_PATH=${CMAKE_PREFIX_PATH}:/home/leibton/ros2_ws/src/install/trial:/home/leibton/ros2_ws/src/install/moonbot:/opt/ros/foxy /usr/bin/cmake --install /home/leibton/ros2_ws/src/build/moonbot_description
[0.107s] -- Install configuration: ""
[0.108s] -- Up-to-date: /home/leibton/ros2_ws/src/install/moonbot_description/share/moonbot_description//urdf
[0.108s] -- Up-to-date: /home/leibton/ros2_ws/src/install/moonbot_description/share/moonbot_description//urdf/moonbot.urdf
[0.108s] -- Up-to-date: /home/leibton/ros2_ws/src/install/moonbot_description/share/moonbot_description//urdf/phantom.urdf
[0.108s] -- Up-to-date: /home/leibton/ros2_ws/src/install/moonbot_description/share/moonbot_description//urdf/Hexapod.urdf
[0.111s] -- Up-to-date: /home/leibton/ros2_ws/src/install/moonbot_description/share/moonbot_description//urdf/simple.urdf
[0.111s] -- Up-to-date: /home/leibton/ros2_ws/src/install/moonbot_description/share/moonbot_description//urdf/moonbot2.urdf
[0.111s] -- Up-to-date: /home/leibton/ros2_ws/src/install/moonbot_description/share/moonbot_description//urdf/quadruped.urdf
[0.113s] -- Up-to-date: /home/leibton/ros2_ws/src/install/moonbot_description/share/moonbot_description//urdf/phantom_urdf.xacro
[0.113s] -- Up-to-date: /home/leibton/ros2_ws/src/install/moonbot_description/share/moonbot_description//rviz
[0.115s] -- Up-to-date: /home/leibton/ros2_ws/src/install/moonbot_description/share/moonbot_description//rviz/urdf_vis.rviz
[0.115s] -- Up-to-date: /home/leibton/ros2_ws/src/install/moonbot_description/share/moonbot_description//launch
[0.115s] -- Up-to-date: /home/leibton/ros2_ws/src/install/moonbot_description/share/moonbot_description//launch/urdf_visualize.launch.py
[0.116s] -- Up-to-date: /home/leibton/ros2_ws/src/install/moonbot_description/share/moonbot_description//meshes
[0.117s] -- Up-to-date: /home/leibton/ros2_ws/src/install/moonbot_description/share/moonbot_description//meshes/Leg4_Link3.STL
[0.117s] -- Up-to-date: /home/leibton/ros2_ws/src/install/moonbot_description/share/moonbot_description//meshes/base_link.STL
[0.117s] -- Up-to-date: /home/leibton/ros2_ws/src/install/moonbot_description/share/moonbot_description//meshes/Leg2_Link3.STL
[0.117s] -- Up-to-date: /home/leibton/ros2_ws/src/install/moonbot_description/share/moonbot_description//meshes/Leg3_Link3.STL
[0.117s] -- Up-to-date: /home/leibton/ros2_ws/src/install/moonbot_description/share/moonbot_description//meshes/Leg3_Link2.STL
[0.117s] -- Up-to-date: /home/leibton/ros2_ws/src/install/moonbot_description/share/moonbot_description//meshes/Leg2_Link1.STL
[0.117s] -- Up-to-date: /home/leibton/ros2_ws/src/install/moonbot_description/share/moonbot_description//meshes/Leg1_Link1.STL
[0.117s] -- Up-to-date: /home/leibton/ros2_ws/src/install/moonbot_description/share/moonbot_description//meshes/Leg4_Link1.STL
[0.117s] -- Up-to-date: /home/leibton/ros2_ws/src/install/moonbot_description/share/moonbot_description//meshes/Leg1_Link3.STL
[0.117s] -- Up-to-date: /home/leibton/ros2_ws/src/install/moonbot_description/share/moonbot_description//meshes/Leg2_Link2.STL
[0.117s] -- Up-to-date: /home/leibton/ros2_ws/src/install/moonbot_description/share/moonbot_description//meshes/Leg1_Link2.STL
[0.117s] -- Up-to-date: /home/leibton/ros2_ws/src/install/moonbot_description/share/moonbot_description//meshes/Leg4_Link2.STL
[0.117s] -- Up-to-date: /home/leibton/ros2_ws/src/install/moonbot_description/share/moonbot_description//meshes/Leg3_Link1.STL
[0.118s] -- Up-to-date: /home/leibton/ros2_ws/src/install/moonbot_description/share/moonbot_description//meshes_phantom
[0.118s] -- Up-to-date: /home/leibton/ros2_ws/src/install/moonbot_description/share/moonbot_description//meshes_phantom/tibia_l.STL
[0.118s] -- Up-to-date: /home/leibton/ros2_ws/src/install/moonbot_description/share/moonbot_description//meshes_phantom/tibia_l_coll.STL
[0.118s] -- Up-to-date: /home/leibton/ros2_ws/src/install/moonbot_description/share/moonbot_description//meshes_phantom/thigh_r.STL
[0.118s] -- Up-to-date: /home/leibton/ros2_ws/src/install/moonbot_description/share/moonbot_description//meshes_phantom/connect.STL
[0.118s] -- Up-to-date: /home/leibton/ros2_ws/src/install/moonbot_description/share/moonbot_description//meshes_phantom/body.STL
[0.118s] -- Up-to-date: /home/leibton/ros2_ws/src/install/moonbot_description/share/moonbot_description//meshes_phantom/tibia_r.STL
[0.118s] -- Up-to-date: /home/leibton/ros2_ws/src/install/moonbot_description/share/moonbot_description//meshes_phantom/thigh_l.STL
[0.118s] -- Up-to-date: /home/leibton/ros2_ws/src/install/moonbot_description/share/moonbot_description//meshes_phantom/connect_coll.STL
[0.118s] -- Up-to-date: /home/leibton/ros2_ws/src/install/moonbot_description/share/moonbot_description//meshes_phantom/thigh_l_coll.STL
[0.119s] -- Up-to-date: /home/leibton/ros2_ws/src/install/moonbot_description/share/moonbot_description//meshes_phantom/body_coll.STL
[0.119s] -- Up-to-date: /home/leibton/ros2_ws/src/install/moonbot_description/share/moonbot_description//meshes2
[0.119s] -- Up-to-date: /home/leibton/ros2_ws/src/install/moonbot_description/share/moonbot_description//meshes2/tibia_l.STL
[0.119s] -- Up-to-date: /home/leibton/ros2_ws/src/install/moonbot_description/share/moonbot_description//meshes2/femur_r.STL
[0.119s] -- Up-to-date: /home/leibton/ros2_ws/src/install/moonbot_description/share/moonbot_description//meshes2/tibia_r.STL
[0.119s] -- Up-to-date: /home/leibton/ros2_ws/src/install/moonbot_description/share/moonbot_description//meshes2/coxa_l.STL
[0.119s] -- Up-to-date: /home/leibton/ros2_ws/src/install/moonbot_description/share/moonbot_description//meshes2/coxa_r.STL
[0.119s] -- Up-to-date: /home/leibton/ros2_ws/src/install/moonbot_description/share/moonbot_description//meshes2/Tibia_foot_new.STL
[0.119s] -- Up-to-date: /home/leibton/ros2_ws/src/install/moonbot_description/share/moonbot_description//meshes2/femur_l.STL
[0.119s] -- Up-to-date: /home/leibton/ros2_ws/src/install/moonbot_description/share/moonbot_description//meshes2/thorax.STL
[0.119s] -- Up-to-date: /home/leibton/ros2_ws/src/install/moonbot_description/share/moonbot_description//meshes2/tibia_foot.STL
[0.119s] -- Up-to-date: /home/leibton/ros2_ws/src/install/moonbot_description/share/ament_index/resource_index/package_run_dependencies/moonbot_description
[0.119s] -- Up-to-date: /home/leibton/ros2_ws/src/install/moonbot_description/share/ament_index/resource_index/parent_prefix_path/moonbot_description
[0.120s] -- Up-to-date: /home/leibton/ros2_ws/src/install/moonbot_description/share/moonbot_description/environment/ament_prefix_path.sh
[0.121s] -- Up-to-date: /home/leibton/ros2_ws/src/install/moonbot_description/share/moonbot_description/environment/ament_prefix_path.dsv
[0.121s] -- Up-to-date: /home/leibton/ros2_ws/src/install/moonbot_description/share/moonbot_description/environment/path.sh
[0.121s] -- Up-to-date: /home/leibton/ros2_ws/src/install/moonbot_description/share/moonbot_description/environment/path.dsv
[0.121s] -- Up-to-date: /home/leibton/ros2_ws/src/install/moonbot_description/share/moonbot_description/local_setup.bash
[0.121s] -- Up-to-date: /home/leibton/ros2_ws/src/install/moonbot_description/share/moonbot_description/local_setup.sh
[0.121s] -- Up-to-date: /home/leibton/ros2_ws/src/install/moonbot_description/share/moonbot_description/local_setup.zsh
[0.121s] -- Up-to-date: /home/leibton/ros2_ws/src/install/moonbot_description/share/moonbot_description/local_setup.dsv
[0.122s] -- Installing: /home/leibton/ros2_ws/src/install/moonbot_description/share/moonbot_description/package.dsv
[0.122s] -- Up-to-date: /home/leibton/ros2_ws/src/install/moonbot_description/share/ament_index/resource_index/packages/moonbot_description
[0.122s] -- Up-to-date: /home/leibton/ros2_ws/src/install/moonbot_description/share/moonbot_description/cmake/moonbot_descriptionConfig.cmake
[0.122s] -- Up-to-date: /home/leibton/ros2_ws/src/install/moonbot_description/share/moonbot_description/cmake/moonbot_descriptionConfig-version.cmake
[0.122s] -- Up-to-date: /home/leibton/ros2_ws/src/install/moonbot_description/share/moonbot_description/package.xml
[0.124s] Invoked command in '/home/leibton/ros2_ws/src/build/moonbot_description' returned '0': CMAKE_PREFIX_PATH=${CMAKE_PREFIX_PATH}:/home/leibton/ros2_ws/src/install/trial:/home/leibton/ros2_ws/src/install/moonbot:/opt/ros/foxy /usr/bin/cmake --install /home/leibton/ros2_ws/src/build/moonbot_description
