running egg_info
writing ../build/trial/trial.egg-info/PKG-INFO
writing dependency_links to ../build/trial/trial.egg-info/dependency_links.txt
writing entry points to ../build/trial/trial.egg-info/entry_points.txt
writing requirements to ../build/trial/trial.egg-info/requires.txt
writing top-level names to ../build/trial/trial.egg-info/top_level.txt
reading manifest file '../build/trial/trial.egg-info/SOURCES.txt'
writing manifest file '../build/trial/trial.egg-info/SOURCES.txt'
running build
running build_py
running install
running install_lib
running install_data
running install_egg_info
removing '/home/leibton/ros2_ws/src/install/trial/lib/python3.8/site-packages/trial-0.0.0-py3.8.egg-info' (and everything under it)
Copying ../build/trial/trial.egg-info to /home/leibton/ros2_ws/src/install/trial/lib/python3.8/site-packages/trial-0.0.0-py3.8.egg-info
running install_scripts
Installing dynamixel_control script to /home/leibton/ros2_ws/src/install/trial/lib/trial
Installing walk script to /home/leibton/ros2_ws/src/install/trial/lib/trial
writing list of installed files to '/home/leibton/ros2_ws/src/build/trial/install.log'
