[0.495s] Invoking command in '/home/leibton/ros2_ws/src/trial': CMAKE_PREFIX_PATH=/home/leibton/ros2_ws/src/install/dynamixel_custom_interfaces:/home/leibton/ros2_ws/src/install/my_robot_hardware_interface:/home/leibton/ros2_ws/src/install/moonbot_gazebo:/home/leibton/ros2_ws/src/install/moonbot_control:/home/leibton/ros2_ws/src/install/moonbot_description:/home/leibton/ros2_ws/src/install/dynamixel_hardware_interface PYTHONPATH=/home/leibton/ros2_ws/src/build/trial/prefix_override:/home/leibton/ros2_ws/src/install/trial/lib/python3.8/site-packages:/home/leibton/ros2_ws/src/install/dynamixel_custom_interfaces/lib/python3.8/site-packages:/home/leibton/ros2_ws/src/install/trial/lib/python3.8/site-packages:/opt/ros/foxy/lib/python3.8/site-packages /usr/bin/python3 setup.py egg_info --egg-base ../build/trial build --build-base /home/leibton/ros2_ws/src/build/trial/build install --record /home/leibton/ros2_ws/src/build/trial/install.log --single-version-externally-managed
[0.630s] running egg_info
[0.630s] writing ../build/trial/trial.egg-info/PKG-INFO
[0.630s] writing dependency_links to ../build/trial/trial.egg-info/dependency_links.txt
[0.630s] writing entry points to ../build/trial/trial.egg-info/entry_points.txt
[0.630s] writing requirements to ../build/trial/trial.egg-info/requires.txt
[0.630s] writing top-level names to ../build/trial/trial.egg-info/top_level.txt
[0.653s] reading manifest file '../build/trial/trial.egg-info/SOURCES.txt'
[0.654s] writing manifest file '../build/trial/trial.egg-info/SOURCES.txt'
[0.654s] running build
[0.654s] running build_py
[0.654s] running install
[0.655s] running install_lib
[0.656s] running install_data
[0.656s] running install_egg_info
[0.657s] removing '/home/leibton/ros2_ws/src/install/trial/lib/python3.8/site-packages/trial-0.0.0-py3.8.egg-info' (and everything under it)
[0.657s] Copying ../build/trial/trial.egg-info to /home/leibton/ros2_ws/src/install/trial/lib/python3.8/site-packages/trial-0.0.0-py3.8.egg-info
[0.658s] running install_scripts
[0.670s] Installing dynamixel_control script to /home/leibton/ros2_ws/src/install/trial/lib/trial
[0.670s] Installing walk script to /home/leibton/ros2_ws/src/install/trial/lib/trial
[0.670s] writing list of installed files to '/home/leibton/ros2_ws/src/build/trial/install.log'
[0.695s] Invoked command in '/home/leibton/ros2_ws/src/trial' returned '0': CMAKE_PREFIX_PATH=/home/leibton/ros2_ws/src/install/dynamixel_custom_interfaces:/home/leibton/ros2_ws/src/install/my_robot_hardware_interface:/home/leibton/ros2_ws/src/install/moonbot_gazebo:/home/leibton/ros2_ws/src/install/moonbot_control:/home/leibton/ros2_ws/src/install/moonbot_description:/home/leibton/ros2_ws/src/install/dynamixel_hardware_interface PYTHONPATH=/home/leibton/ros2_ws/src/build/trial/prefix_override:/home/leibton/ros2_ws/src/install/trial/lib/python3.8/site-packages:/home/leibton/ros2_ws/src/install/dynamixel_custom_interfaces/lib/python3.8/site-packages:/home/leibton/ros2_ws/src/install/trial/lib/python3.8/site-packages:/opt/ros/foxy/lib/python3.8/site-packages /usr/bin/python3 setup.py egg_info --egg-base ../build/trial build --build-base /home/leibton/ros2_ws/src/build/trial/build install --record /home/leibton/ros2_ws/src/build/trial/install.log --single-version-externally-managed
