[0.018s] Invoking command in '/home/leibton/ros2_ws/src/build/my_robot_hardware_interface': CMAKE_PREFIX_PATH=${CMAKE_PREFIX_PATH}:/home/leibton/ros2_ws/src/install/trial:/opt/ros/foxy /usr/bin/cmake /home/leibton/ros2_ws/src/my_robot_hardware_interface -DCMAKE_INSTALL_PREFIX=/home/leibton/ros2_ws/src/install/my_robot_hardware_interface
[0.052s] -- The C compiler identification is GNU 9.4.0
[0.091s] -- The CXX compiler identification is GNU 9.4.0
[0.096s] -- Check for working C compiler: /usr/bin/cc
[0.146s] -- Check for working C compiler: /usr/bin/cc -- works
[0.147s] -- Detecting C compiler ABI info
[0.195s] -- Detecting C compiler ABI info - done
[0.207s] -- Detecting C compile features
[0.207s] -- Detecting C compile features - done
[0.210s] -- Check for working CXX compiler: /usr/bin/c++
[0.271s] -- Check for working CXX compiler: /usr/bin/c++ -- works
[0.271s] -- Detecting CXX compiler ABI info
[0.328s] -- Detecting CXX compiler ABI info - done
[0.341s] -- Detecting CXX compile features
[0.341s] -- Detecting CXX compile features - done
[0.342s] -- Found ament_cmake: 0.9.12 (/opt/ros/foxy/share/ament_cmake/cmake)
[0.359s] -- Found PythonInterp: /usr/bin/python3 (found suitable version "3.8.10", minimum required is "3") 
[0.359s] -- Using PYTHON_EXECUTABLE: /usr/bin/python3
[0.515s] -- Found hardware_interface: 0.11.0 (/opt/ros/foxy/share/hardware_interface/cmake)
[0.548s] -- Using all available rosidl_typesupport_c: rosidl_typesupport_fastrtps_c;rosidl_typesupport_introspection_c
[0.554s] -- Found rosidl_adapter: 1.3.1 (/opt/ros/foxy/share/rosidl_adapter/cmake)
[0.608s] -- Found OpenSSL: /usr/lib/x86_64-linux-gnu/libcrypto.so (found version "1.1.1f")  
[0.638s] -- Found FastRTPS: /opt/ros/foxy/include  
[0.701s] -- Using all available rosidl_typesupport_cpp: rosidl_typesupport_fastrtps_cpp;rosidl_typesupport_introspection_cpp
[1.074s] -- Found rclcpp: 2.4.3 (/opt/ros/foxy/share/rclcpp/cmake)
[1.104s] -- Found rmw_implementation_cmake: 1.0.4 (/opt/ros/foxy/share/rmw_implementation_cmake/cmake)
[1.105s] -- Using RMW implementation 'rmw_fastrtps_cpp' as default
[1.106s] -- Looking for pthread.h
[1.157s] -- Looking for pthread.h - found
[1.157s] -- Performing Test CMAKE_HAVE_LIBC_PTHREAD
[1.208s] -- Performing Test CMAKE_HAVE_LIBC_PTHREAD - Failed
[1.208s] -- Looking for pthread_create in pthreads
[1.248s] -- Looking for pthread_create in pthreads - not found
[1.248s] -- Looking for pthread_create in pthread
[1.296s] -- Looking for pthread_create in pthread - found
[1.297s] -- Found Threads: TRUE  
[1.418s] -- Found rclcpp_lifecycle: 2.4.3 (/opt/ros/foxy/share/rclcpp_lifecycle/cmake)
[1.440s] -- Found ament_lint_auto: 0.9.8 (/opt/ros/foxy/share/ament_lint_auto/cmake)
[1.500s] -- Added test 'copyright' to check source files copyright and LICENSE
[1.501s] -- Added test 'cppcheck' to perform static code analysis on C / C++ code
[1.501s] -- Configured cppcheck include dirs: 
[1.501s] -- Configured cppcheck exclude dirs and/or files: 
[1.501s] -- Added test 'cpplint' to check C / C++ code against the Google style
[1.501s] -- Configured cpplint exclude dirs and/or files: 
[1.501s] -- Added test 'lint_cmake' to check CMake code style
[1.502s] -- Added test 'uncrustify' to check C / C++ code style
[1.502s] -- Configured uncrustify additional arguments: 
[1.502s] -- Added test 'xmllint' to check XML markup files
[1.504s] -- Configuring done
[1.506s] -- Generating done
[1.509s] -- Build files have been written to: /home/leibton/ros2_ws/src/build/my_robot_hardware_interface
[1.517s] Invoked command in '/home/leibton/ros2_ws/src/build/my_robot_hardware_interface' returned '0': CMAKE_PREFIX_PATH=${CMAKE_PREFIX_PATH}:/home/leibton/ros2_ws/src/install/trial:/opt/ros/foxy /usr/bin/cmake /home/leibton/ros2_ws/src/my_robot_hardware_interface -DCMAKE_INSTALL_PREFIX=/home/leibton/ros2_ws/src/install/my_robot_hardware_interface
[1.518s] Invoking command in '/home/leibton/ros2_ws/src/build/my_robot_hardware_interface': CMAKE_PREFIX_PATH=${CMAKE_PREFIX_PATH}:/home/leibton/ros2_ws/src/install/trial:/opt/ros/foxy /usr/bin/cmake --build /home/leibton/ros2_ws/src/build/my_robot_hardware_interface -- -j12 -l12
[1.546s] Invoked command in '/home/leibton/ros2_ws/src/build/my_robot_hardware_interface' returned '0': CMAKE_PREFIX_PATH=${CMAKE_PREFIX_PATH}:/home/leibton/ros2_ws/src/install/trial:/opt/ros/foxy /usr/bin/cmake --build /home/leibton/ros2_ws/src/build/my_robot_hardware_interface -- -j12 -l12
[1.573s] Invoking command in '/home/leibton/ros2_ws/src/build/my_robot_hardware_interface': CMAKE_PREFIX_PATH=${CMAKE_PREFIX_PATH}:/home/leibton/ros2_ws/src/install/trial:/opt/ros/foxy /usr/bin/cmake --install /home/leibton/ros2_ws/src/build/my_robot_hardware_interface
[1.577s] -- Install configuration: ""
[1.577s] -- Installing: /home/leibton/ros2_ws/src/install/my_robot_hardware_interface/share/ament_index/resource_index/package_run_dependencies/my_robot_hardware_interface
[1.578s] -- Installing: /home/leibton/ros2_ws/src/install/my_robot_hardware_interface/share/ament_index/resource_index/parent_prefix_path/my_robot_hardware_interface
[1.578s] -- Installing: /home/leibton/ros2_ws/src/install/my_robot_hardware_interface/share/my_robot_hardware_interface/environment/ament_prefix_path.sh
[1.579s] -- Installing: /home/leibton/ros2_ws/src/install/my_robot_hardware_interface/share/my_robot_hardware_interface/environment/ament_prefix_path.dsv
[1.579s] -- Installing: /home/leibton/ros2_ws/src/install/my_robot_hardware_interface/share/my_robot_hardware_interface/environment/path.sh
[1.579s] -- Installing: /home/leibton/ros2_ws/src/install/my_robot_hardware_interface/share/my_robot_hardware_interface/environment/path.dsv
[1.579s] -- Installing: /home/leibton/ros2_ws/src/install/my_robot_hardware_interface/share/my_robot_hardware_interface/local_setup.bash
[1.579s] -- Installing: /home/leibton/ros2_ws/src/install/my_robot_hardware_interface/share/my_robot_hardware_interface/local_setup.sh
[1.579s] -- Installing: /home/leibton/ros2_ws/src/install/my_robot_hardware_interface/share/my_robot_hardware_interface/local_setup.zsh
[1.580s] -- Installing: /home/leibton/ros2_ws/src/install/my_robot_hardware_interface/share/my_robot_hardware_interface/local_setup.dsv
[1.580s] -- Installing: /home/leibton/ros2_ws/src/install/my_robot_hardware_interface/share/my_robot_hardware_interface/package.dsv
[1.580s] -- Installing: /home/leibton/ros2_ws/src/install/my_robot_hardware_interface/share/ament_index/resource_index/packages/my_robot_hardware_interface
[1.580s] -- Installing: /home/leibton/ros2_ws/src/install/my_robot_hardware_interface/share/my_robot_hardware_interface/cmake/my_robot_hardware_interfaceConfig.cmake
[1.580s] -- Installing: /home/leibton/ros2_ws/src/install/my_robot_hardware_interface/share/my_robot_hardware_interface/cmake/my_robot_hardware_interfaceConfig-version.cmake
[1.581s] -- Installing: /home/leibton/ros2_ws/src/install/my_robot_hardware_interface/share/my_robot_hardware_interface/package.xml
[1.584s] Invoked command in '/home/leibton/ros2_ws/src/build/my_robot_hardware_interface' returned '0': CMAKE_PREFIX_PATH=${CMAKE_PREFIX_PATH}:/home/leibton/ros2_ws/src/install/trial:/opt/ros/foxy /usr/bin/cmake --install /home/leibton/ros2_ws/src/build/my_robot_hardware_interface
