[0.016s] Invoking command in '/home/leibton/ros2_ws/src/build/my_robot_hardware_interface': CMAKE_PREFIX_PATH=/opt/ros/foxy /usr/bin/cmake /home/leibton/ros2_ws/src/my_robot_hardware_interface -DCMAKE_INSTALL_PREFIX=/home/leibton/ros2_ws/src/install/my_robot_hardware_interface
[0.111s] -- The C compiler identification is GNU 9.4.0
[0.188s] -- The CXX compiler identification is GNU 9.4.0
[0.193s] -- Check for working C compiler: /usr/bin/cc
[0.243s] -- Check for working C compiler: /usr/bin/cc -- works
[0.244s] -- Detecting C compiler ABI info
[0.291s] -- Detecting C compiler ABI info - done
[0.300s] -- Detecting C compile features
[0.300s] -- Detecting C compile features - done
[0.302s] -- Check for working CXX compiler: /usr/bin/c++
[0.356s] -- Check for working CXX compiler: /usr/bin/c++ -- works
[0.357s] -- Detecting CXX compiler ABI info
[0.413s] -- Detecting CXX compiler ABI info - done
[0.427s] -- Detecting CXX compile features
[0.428s] -- Detecting CXX compile features - done
[0.430s] -- Found ament_cmake: 0.9.12 (/opt/ros/foxy/share/ament_cmake/cmake)
[0.451s] -- Found PythonInterp: /usr/bin/python3 (found suitable version "3.8.10", minimum required is "3") 
[0.451s] -- Using PYTHON_EXECUTABLE: /usr/bin/python3
[0.597s] -- Found hardware_interface: 0.11.0 (/opt/ros/foxy/share/hardware_interface/cmake)
[0.631s] -- Using all available rosidl_typesupport_c: rosidl_typesupport_fastrtps_c;rosidl_typesupport_introspection_c
[0.636s] -- Found rosidl_adapter: 1.3.1 (/opt/ros/foxy/share/rosidl_adapter/cmake)
[0.695s] -- Found OpenSSL: /usr/lib/x86_64-linux-gnu/libcrypto.so (found version "1.1.1f")  
[0.721s] -- Found FastRTPS: /opt/ros/foxy/include  
[0.773s] -- Using all available rosidl_typesupport_cpp: rosidl_typesupport_fastrtps_cpp;rosidl_typesupport_introspection_cpp
[1.154s] -- Found rclcpp: 2.4.3 (/opt/ros/foxy/share/rclcpp/cmake)
[1.183s] -- Found rmw_implementation_cmake: 1.0.4 (/opt/ros/foxy/share/rmw_implementation_cmake/cmake)
[1.184s] -- Using RMW implementation 'rmw_fastrtps_cpp' as default
[1.185s] -- Looking for pthread.h
[1.233s] -- Looking for pthread.h - found
[1.233s] -- Performing Test CMAKE_HAVE_LIBC_PTHREAD
[1.283s] -- Performing Test CMAKE_HAVE_LIBC_PTHREAD - Failed
[1.283s] -- Looking for pthread_create in pthreads
[1.323s] -- Looking for pthread_create in pthreads - not found
[1.323s] -- Looking for pthread_create in pthread
[1.370s] -- Looking for pthread_create in pthread - found
[1.371s] -- Found Threads: TRUE  
[1.472s] -- Found rclcpp_lifecycle: 2.4.3 (/opt/ros/foxy/share/rclcpp_lifecycle/cmake)
[1.499s] -- Found ament_lint_auto: 0.9.8 (/opt/ros/foxy/share/ament_lint_auto/cmake)
[1.553s] -- Added test 'copyright' to check source files copyright and LICENSE
[1.554s] -- Added test 'cppcheck' to perform static code analysis on C / C++ code
[1.554s] -- Configured cppcheck include dirs: 
[1.554s] -- Configured cppcheck exclude dirs and/or files: 
[1.554s] -- Added test 'cpplint' to check C / C++ code against the Google style
[1.554s] -- Configured cpplint exclude dirs and/or files: 
[1.555s] -- Added test 'lint_cmake' to check CMake code style
[1.555s] -- Added test 'uncrustify' to check C / C++ code style
[1.555s] -- Configured uncrustify additional arguments: 
[1.555s] -- Added test 'xmllint' to check XML markup files
[1.557s] -- Configuring done
[1.559s] -- Generating done
[1.560s] -- Build files have been written to: /home/leibton/ros2_ws/src/build/my_robot_hardware_interface
[1.567s] Invoked command in '/home/leibton/ros2_ws/src/build/my_robot_hardware_interface' returned '0': CMAKE_PREFIX_PATH=/opt/ros/foxy /usr/bin/cmake /home/leibton/ros2_ws/src/my_robot_hardware_interface -DCMAKE_INSTALL_PREFIX=/home/leibton/ros2_ws/src/install/my_robot_hardware_interface
[1.570s] Invoking command in '/home/leibton/ros2_ws/src/build/my_robot_hardware_interface': CMAKE_PREFIX_PATH=/opt/ros/foxy /usr/bin/cmake --build /home/leibton/ros2_ws/src/build/my_robot_hardware_interface -- -j12 -l12
[1.602s] Invoked command in '/home/leibton/ros2_ws/src/build/my_robot_hardware_interface' returned '0': CMAKE_PREFIX_PATH=/opt/ros/foxy /usr/bin/cmake --build /home/leibton/ros2_ws/src/build/my_robot_hardware_interface -- -j12 -l12
[1.628s] Invoking command in '/home/leibton/ros2_ws/src/build/my_robot_hardware_interface': CMAKE_PREFIX_PATH=/opt/ros/foxy /usr/bin/cmake --install /home/leibton/ros2_ws/src/build/my_robot_hardware_interface
[1.633s] -- Install configuration: ""
[1.633s] -- Installing: /home/leibton/ros2_ws/src/install/my_robot_hardware_interface/share/ament_index/resource_index/package_run_dependencies/my_robot_hardware_interface
[1.633s] -- Installing: /home/leibton/ros2_ws/src/install/my_robot_hardware_interface/share/ament_index/resource_index/parent_prefix_path/my_robot_hardware_interface
[1.633s] -- Installing: /home/leibton/ros2_ws/src/install/my_robot_hardware_interface/share/my_robot_hardware_interface/environment/ament_prefix_path.sh
[1.633s] -- Installing: /home/leibton/ros2_ws/src/install/my_robot_hardware_interface/share/my_robot_hardware_interface/environment/ament_prefix_path.dsv
[1.634s] -- Installing: /home/leibton/ros2_ws/src/install/my_robot_hardware_interface/share/my_robot_hardware_interface/environment/path.sh
[1.634s] -- Installing: /home/leibton/ros2_ws/src/install/my_robot_hardware_interface/share/my_robot_hardware_interface/environment/path.dsv
[1.634s] -- Installing: /home/leibton/ros2_ws/src/install/my_robot_hardware_interface/share/my_robot_hardware_interface/local_setup.bash
[1.634s] -- Installing: /home/leibton/ros2_ws/src/install/my_robot_hardware_interface/share/my_robot_hardware_interface/local_setup.sh
[1.634s] -- Installing: /home/leibton/ros2_ws/src/install/my_robot_hardware_interface/share/my_robot_hardware_interface/local_setup.zsh
[1.634s] -- Installing: /home/leibton/ros2_ws/src/install/my_robot_hardware_interface/share/my_robot_hardware_interface/local_setup.dsv
[1.634s] -- Installing: /home/leibton/ros2_ws/src/install/my_robot_hardware_interface/share/my_robot_hardware_interface/package.dsv
[1.634s] -- Installing: /home/leibton/ros2_ws/src/install/my_robot_hardware_interface/share/ament_index/resource_index/packages/my_robot_hardware_interface
[1.634s] -- Installing: /home/leibton/ros2_ws/src/install/my_robot_hardware_interface/share/my_robot_hardware_interface/cmake/my_robot_hardware_interfaceConfig.cmake
[1.635s] -- Installing: /home/leibton/ros2_ws/src/install/my_robot_hardware_interface/share/my_robot_hardware_interface/cmake/my_robot_hardware_interfaceConfig-version.cmake
[1.635s] -- Installing: /home/leibton/ros2_ws/src/install/my_robot_hardware_interface/share/my_robot_hardware_interface/package.xml
[1.638s] Invoked command in '/home/leibton/ros2_ws/src/build/my_robot_hardware_interface' returned '0': CMAKE_PREFIX_PATH=/opt/ros/foxy /usr/bin/cmake --install /home/leibton/ros2_ws/src/build/my_robot_hardware_interface
