[0.024s] Invoking command in '/home/leibton/ros2_ws/src/build/dynamixel_hardware_interface': CMAKE_PREFIX_PATH=${CMAKE_PREFIX_PATH}:/home/leibton/ros2_ws/src/install/trial:/home/leibton/ros2_ws/src/install/moonbot:/opt/ros/foxy /usr/bin/cmake --build /home/leibton/ros2_ws/src/build/dynamixel_hardware_interface -- -j12 -l12
[0.054s] Invoked command in '/home/leibton/ros2_ws/src/build/dynamixel_hardware_interface' returned '0': CMAKE_PREFIX_PATH=${CMAKE_PREFIX_PATH}:/home/leibton/ros2_ws/src/install/trial:/home/leibton/ros2_ws/src/install/moonbot:/opt/ros/foxy /usr/bin/cmake --build /home/leibton/ros2_ws/src/build/dynamixel_hardware_interface -- -j12 -l12
[0.092s] Invoking command in '/home/leibton/ros2_ws/src/build/dynamixel_hardware_interface': CMAKE_PREFIX_PATH=${CMAKE_PREFIX_PATH}:/home/leibton/ros2_ws/src/install/trial:/home/leibton/ros2_ws/src/install/moonbot:/opt/ros/foxy /usr/bin/cmake --install /home/leibton/ros2_ws/src/build/dynamixel_hardware_interface
[0.111s] -- Install configuration: ""
[0.111s] -- Up-to-date: /home/leibton/ros2_ws/src/install/dynamixel_hardware_interface/share/ament_index/resource_index/package_run_dependencies/dynamixel_hardware_interface
[0.111s] -- Up-to-date: /home/leibton/ros2_ws/src/install/dynamixel_hardware_interface/share/ament_index/resource_index/parent_prefix_path/dynamixel_hardware_interface
[0.112s] -- Up-to-date: /home/leibton/ros2_ws/src/install/dynamixel_hardware_interface/share/dynamixel_hardware_interface/environment/ament_prefix_path.sh
[0.112s] -- Up-to-date: /home/leibton/ros2_ws/src/install/dynamixel_hardware_interface/share/dynamixel_hardware_interface/environment/ament_prefix_path.dsv
[0.114s] -- Up-to-date: /home/leibton/ros2_ws/src/install/dynamixel_hardware_interface/share/dynamixel_hardware_interface/environment/path.sh
[0.114s] -- Up-to-date: /home/leibton/ros2_ws/src/install/dynamixel_hardware_interface/share/dynamixel_hardware_interface/environment/path.dsv
[0.114s] -- Up-to-date: /home/leibton/ros2_ws/src/install/dynamixel_hardware_interface/share/dynamixel_hardware_interface/local_setup.bash
[0.114s] -- Up-to-date: /home/leibton/ros2_ws/src/install/dynamixel_hardware_interface/share/dynamixel_hardware_interface/local_setup.sh
[0.114s] -- Up-to-date: /home/leibton/ros2_ws/src/install/dynamixel_hardware_interface/share/dynamixel_hardware_interface/local_setup.zsh
[0.115s] -- Up-to-date: /home/leibton/ros2_ws/src/install/dynamixel_hardware_interface/share/dynamixel_hardware_interface/local_setup.dsv
[0.115s] -- Installing: /home/leibton/ros2_ws/src/install/dynamixel_hardware_interface/share/dynamixel_hardware_interface/package.dsv
[0.115s] -- Up-to-date: /home/leibton/ros2_ws/src/install/dynamixel_hardware_interface/share/ament_index/resource_index/packages/dynamixel_hardware_interface
[0.115s] -- Up-to-date: /home/leibton/ros2_ws/src/install/dynamixel_hardware_interface/share/dynamixel_hardware_interface/cmake/dynamixel_hardware_interfaceConfig.cmake
[0.115s] -- Up-to-date: /home/leibton/ros2_ws/src/install/dynamixel_hardware_interface/share/dynamixel_hardware_interface/cmake/dynamixel_hardware_interfaceConfig-version.cmake
[0.116s] -- Up-to-date: /home/leibton/ros2_ws/src/install/dynamixel_hardware_interface/share/dynamixel_hardware_interface/package.xml
[0.125s] Invoked command in '/home/leibton/ros2_ws/src/build/dynamixel_hardware_interface' returned '0': CMAKE_PREFIX_PATH=${CMAKE_PREFIX_PATH}:/home/leibton/ros2_ws/src/install/trial:/home/leibton/ros2_ws/src/install/moonbot:/opt/ros/foxy /usr/bin/cmake --install /home/leibton/ros2_ws/src/build/dynamixel_hardware_interface
