[ 12%] Built target moonbot_custom_interfaces__rosidl_generator_c
[ 12%] Built target moonbot_custom_interfaces__cpp
[ 25%] Built target moonbot_custom_interfaces__rosidl_typesupport_cpp
[ 34%] Built target moonbot_custom_interfaces__rosidl_typesupport_c
[ 44%] Built target moonbot_custom_interfaces__rosidl_typesupport_introspection_cpp
[ 55%] Built target moonbot_custom_interfaces__rosidl_typesupport_introspection_c
[ 65%] Built target moonbot_custom_interfaces__rosidl_typesupport_fastrtps_cpp
[ 76%] Built target moonbot_custom_interfaces__rosidl_typesupport_fastrtps_c
[ 76%] Built target moonbot_custom_interfaces
[ 78%] Built target moonbot_custom_interfaces__py
[ 87%] Built target moonbot_custom_interfaces__python
[ 95%] Built target moonbot_custom_interfaces__rosidl_typesupport_c__pyext
[ 95%] Built target moonbot_custom_interfaces__rosidl_typesupport_fastrtps_c__pyext
[100%] Built target moonbot_custom_interfaces__rosidl_typesupport_introspection_c__pyext
-- Install configuration: ""
-- Up-to-date: /home/leibton/ros2_ws/src/install/moonbot_custom_interfaces/share/ament_index/resource_index/rosidl_interfaces/moonbot_custom_interfaces
-- Up-to-date: /home/leibton/ros2_ws/src/install/moonbot_custom_interfaces/include/moonbot_custom_interfaces
-- Up-to-date: /home/leibton/ros2_ws/src/install/moonbot_custom_interfaces/include/moonbot_custom_interfaces/msg
-- Up-to-date: /home/leibton/ros2_ws/src/install/moonbot_custom_interfaces/include/moonbot_custom_interfaces/msg/joint_angles.h
-- Up-to-date: /home/leibton/ros2_ws/src/install/moonbot_custom_interfaces/include/moonbot_custom_interfaces/msg/set_position.h
-- Up-to-date: /home/leibton/ros2_ws/src/install/moonbot_custom_interfaces/include/moonbot_custom_interfaces/msg/detail
-- Up-to-date: /home/leibton/ros2_ws/src/install/moonbot_custom_interfaces/include/moonbot_custom_interfaces/msg/detail/set_position__functions.c
-- Up-to-date: /home/leibton/ros2_ws/src/install/moonbot_custom_interfaces/include/moonbot_custom_interfaces/msg/detail/joint_angles__functions.h
-- Up-to-date: /home/leibton/ros2_ws/src/install/moonbot_custom_interfaces/include/moonbot_custom_interfaces/msg/detail/joint_angles__functions.c
-- Up-to-date: /home/leibton/ros2_ws/src/install/moonbot_custom_interfaces/include/moonbot_custom_interfaces/msg/detail/joint_angles__struct.h
-- Up-to-date: /home/leibton/ros2_ws/src/install/moonbot_custom_interfaces/include/moonbot_custom_interfaces/msg/detail/set_position__struct.h
-- Up-to-date: /home/leibton/ros2_ws/src/install/moonbot_custom_interfaces/include/moonbot_custom_interfaces/msg/detail/set_position__type_support.h
-- Up-to-date: /home/leibton/ros2_ws/src/install/moonbot_custom_interfaces/include/moonbot_custom_interfaces/msg/detail/set_position__functions.h
-- Up-to-date: /home/leibton/ros2_ws/src/install/moonbot_custom_interfaces/include/moonbot_custom_interfaces/msg/detail/joint_angles__type_support.h
-- Up-to-date: /home/leibton/ros2_ws/src/install/moonbot_custom_interfaces/include/moonbot_custom_interfaces/msg/rosidl_generator_c__visibility_control.h
-- Up-to-date: /home/leibton/ros2_ws/src/install/moonbot_custom_interfaces/include/moonbot_custom_interfaces/srv
-- Up-to-date: /home/leibton/ros2_ws/src/install/moonbot_custom_interfaces/include/moonbot_custom_interfaces/srv/get_position.h
-- Up-to-date: /home/leibton/ros2_ws/src/install/moonbot_custom_interfaces/include/moonbot_custom_interfaces/srv/detail
-- Up-to-date: /home/leibton/ros2_ws/src/install/moonbot_custom_interfaces/include/moonbot_custom_interfaces/srv/detail/get_position__type_support.h
-- Up-to-date: /home/leibton/ros2_ws/src/install/moonbot_custom_interfaces/include/moonbot_custom_interfaces/srv/detail/get_position__functions.c
-- Up-to-date: /home/leibton/ros2_ws/src/install/moonbot_custom_interfaces/include/moonbot_custom_interfaces/srv/detail/get_position__functions.h
-- Up-to-date: /home/leibton/ros2_ws/src/install/moonbot_custom_interfaces/include/moonbot_custom_interfaces/srv/detail/get_position__struct.h
-- Up-to-date: /home/leibton/ros2_ws/src/install/moonbot_custom_interfaces/share/moonbot_custom_interfaces/environment/library_path.sh
-- Up-to-date: /home/leibton/ros2_ws/src/install/moonbot_custom_interfaces/share/moonbot_custom_interfaces/environment/library_path.dsv
-- Up-to-date: /home/leibton/ros2_ws/src/install/moonbot_custom_interfaces/lib/libmoonbot_custom_interfaces__rosidl_generator_c.so
-- Up-to-date: /home/leibton/ros2_ws/src/install/moonbot_custom_interfaces/include/moonbot_custom_interfaces
-- Up-to-date: /home/leibton/ros2_ws/src/install/moonbot_custom_interfaces/include/moonbot_custom_interfaces/msg
-- Up-to-date: /home/leibton/ros2_ws/src/install/moonbot_custom_interfaces/include/moonbot_custom_interfaces/msg/detail
-- Up-to-date: /home/leibton/ros2_ws/src/install/moonbot_custom_interfaces/include/moonbot_custom_interfaces/msg/detail/set_position__rosidl_typesupport_fastrtps_c.h
-- Up-to-date: /home/leibton/ros2_ws/src/install/moonbot_custom_interfaces/include/moonbot_custom_interfaces/msg/detail/joint_angles__rosidl_typesupport_fastrtps_c.h
-- Up-to-date: /home/leibton/ros2_ws/src/install/moonbot_custom_interfaces/include/moonbot_custom_interfaces/msg/rosidl_typesupport_fastrtps_c__visibility_control.h
-- Up-to-date: /home/leibton/ros2_ws/src/install/moonbot_custom_interfaces/include/moonbot_custom_interfaces/srv
-- Up-to-date: /home/leibton/ros2_ws/src/install/moonbot_custom_interfaces/include/moonbot_custom_interfaces/srv/detail
-- Up-to-date: /home/leibton/ros2_ws/src/install/moonbot_custom_interfaces/include/moonbot_custom_interfaces/srv/detail/get_position__rosidl_typesupport_fastrtps_c.h
-- Up-to-date: /home/leibton/ros2_ws/src/install/moonbot_custom_interfaces/lib/libmoonbot_custom_interfaces__rosidl_typesupport_fastrtps_c.so
-- Up-to-date: /home/leibton/ros2_ws/src/install/moonbot_custom_interfaces/include/moonbot_custom_interfaces
-- Up-to-date: /home/leibton/ros2_ws/src/install/moonbot_custom_interfaces/include/moonbot_custom_interfaces/msg
-- Up-to-date: /home/leibton/ros2_ws/src/install/moonbot_custom_interfaces/include/moonbot_custom_interfaces/msg/rosidl_typesupport_fastrtps_cpp__visibility_control.h
-- Up-to-date: /home/leibton/ros2_ws/src/install/moonbot_custom_interfaces/include/moonbot_custom_interfaces/msg/detail
-- Up-to-date: /home/leibton/ros2_ws/src/install/moonbot_custom_interfaces/include/moonbot_custom_interfaces/msg/detail/joint_angles__rosidl_typesupport_fastrtps_cpp.hpp
-- Up-to-date: /home/leibton/ros2_ws/src/install/moonbot_custom_interfaces/include/moonbot_custom_interfaces/msg/detail/set_position__rosidl_typesupport_fastrtps_cpp.hpp
-- Up-to-date: /home/leibton/ros2_ws/src/install/moonbot_custom_interfaces/include/moonbot_custom_interfaces/msg/detail/dds_fastrtps
-- Up-to-date: /home/leibton/ros2_ws/src/install/moonbot_custom_interfaces/include/moonbot_custom_interfaces/srv
-- Up-to-date: /home/leibton/ros2_ws/src/install/moonbot_custom_interfaces/include/moonbot_custom_interfaces/srv/detail
-- Up-to-date: /home/leibton/ros2_ws/src/install/moonbot_custom_interfaces/include/moonbot_custom_interfaces/srv/detail/get_position__rosidl_typesupport_fastrtps_cpp.hpp
-- Up-to-date: /home/leibton/ros2_ws/src/install/moonbot_custom_interfaces/include/moonbot_custom_interfaces/srv/detail/dds_fastrtps
-- Up-to-date: /home/leibton/ros2_ws/src/install/moonbot_custom_interfaces/lib/libmoonbot_custom_interfaces__rosidl_typesupport_fastrtps_cpp.so
-- Up-to-date: /home/leibton/ros2_ws/src/install/moonbot_custom_interfaces/include/moonbot_custom_interfaces
-- Up-to-date: /home/leibton/ros2_ws/src/install/moonbot_custom_interfaces/include/moonbot_custom_interfaces/msg
-- Up-to-date: /home/leibton/ros2_ws/src/install/moonbot_custom_interfaces/include/moonbot_custom_interfaces/msg/rosidl_typesupport_introspection_c__visibility_control.h
-- Up-to-date: /home/leibton/ros2_ws/src/install/moonbot_custom_interfaces/include/moonbot_custom_interfaces/msg/detail
-- Up-to-date: /home/leibton/ros2_ws/src/install/moonbot_custom_interfaces/include/moonbot_custom_interfaces/msg/detail/set_position__rosidl_typesupport_introspection_c.h
-- Up-to-date: /home/leibton/ros2_ws/src/install/moonbot_custom_interfaces/include/moonbot_custom_interfaces/msg/detail/joint_angles__rosidl_typesupport_introspection_c.h
-- Up-to-date: /home/leibton/ros2_ws/src/install/moonbot_custom_interfaces/include/moonbot_custom_interfaces/msg/detail/set_position__type_support.c
-- Up-to-date: /home/leibton/ros2_ws/src/install/moonbot_custom_interfaces/include/moonbot_custom_interfaces/msg/detail/joint_angles__type_support.c
-- Up-to-date: /home/leibton/ros2_ws/src/install/moonbot_custom_interfaces/include/moonbot_custom_interfaces/srv
-- Up-to-date: /home/leibton/ros2_ws/src/install/moonbot_custom_interfaces/include/moonbot_custom_interfaces/srv/detail
-- Up-to-date: /home/leibton/ros2_ws/src/install/moonbot_custom_interfaces/include/moonbot_custom_interfaces/srv/detail/get_position__rosidl_typesupport_introspection_c.h
-- Up-to-date: /home/leibton/ros2_ws/src/install/moonbot_custom_interfaces/include/moonbot_custom_interfaces/srv/detail/get_position__type_support.c
-- Up-to-date: /home/leibton/ros2_ws/src/install/moonbot_custom_interfaces/lib/libmoonbot_custom_interfaces__rosidl_typesupport_introspection_c.so
-- Up-to-date: /home/leibton/ros2_ws/src/install/moonbot_custom_interfaces/lib/libmoonbot_custom_interfaces__rosidl_typesupport_c.so
-- Up-to-date: /home/leibton/ros2_ws/src/install/moonbot_custom_interfaces/include/moonbot_custom_interfaces
-- Up-to-date: /home/leibton/ros2_ws/src/install/moonbot_custom_interfaces/include/moonbot_custom_interfaces/msg
-- Up-to-date: /home/leibton/ros2_ws/src/install/moonbot_custom_interfaces/include/moonbot_custom_interfaces/msg/joint_angles.hpp
-- Up-to-date: /home/leibton/ros2_ws/src/install/moonbot_custom_interfaces/include/moonbot_custom_interfaces/msg/set_position.hpp
-- Up-to-date: /home/leibton/ros2_ws/src/install/moonbot_custom_interfaces/include/moonbot_custom_interfaces/msg/detail
-- Up-to-date: /home/leibton/ros2_ws/src/install/moonbot_custom_interfaces/include/moonbot_custom_interfaces/msg/detail/set_position__type_support.hpp
-- Up-to-date: /home/leibton/ros2_ws/src/install/moonbot_custom_interfaces/include/moonbot_custom_interfaces/msg/detail/set_position__traits.hpp
-- Up-to-date: /home/leibton/ros2_ws/src/install/moonbot_custom_interfaces/include/moonbot_custom_interfaces/msg/detail/set_position__struct.hpp
-- Up-to-date: /home/leibton/ros2_ws/src/install/moonbot_custom_interfaces/include/moonbot_custom_interfaces/msg/detail/joint_angles__traits.hpp
-- Up-to-date: /home/leibton/ros2_ws/src/install/moonbot_custom_interfaces/include/moonbot_custom_interfaces/msg/detail/joint_angles__builder.hpp
-- Up-to-date: /home/leibton/ros2_ws/src/install/moonbot_custom_interfaces/include/moonbot_custom_interfaces/msg/detail/set_position__builder.hpp
-- Up-to-date: /home/leibton/ros2_ws/src/install/moonbot_custom_interfaces/include/moonbot_custom_interfaces/msg/detail/joint_angles__struct.hpp
-- Up-to-date: /home/leibton/ros2_ws/src/install/moonbot_custom_interfaces/include/moonbot_custom_interfaces/msg/detail/joint_angles__type_support.hpp
-- Up-to-date: /home/leibton/ros2_ws/src/install/moonbot_custom_interfaces/include/moonbot_custom_interfaces/msg/rosidl_generator_cpp__visibility_control.hpp
-- Up-to-date: /home/leibton/ros2_ws/src/install/moonbot_custom_interfaces/include/moonbot_custom_interfaces/srv
-- Up-to-date: /home/leibton/ros2_ws/src/install/moonbot_custom_interfaces/include/moonbot_custom_interfaces/srv/get_position.hpp
-- Up-to-date: /home/leibton/ros2_ws/src/install/moonbot_custom_interfaces/include/moonbot_custom_interfaces/srv/detail
-- Up-to-date: /home/leibton/ros2_ws/src/install/moonbot_custom_interfaces/include/moonbot_custom_interfaces/srv/detail/get_position__builder.hpp
-- Up-to-date: /home/leibton/ros2_ws/src/install/moonbot_custom_interfaces/include/moonbot_custom_interfaces/srv/detail/get_position__struct.hpp
-- Up-to-date: /home/leibton/ros2_ws/src/install/moonbot_custom_interfaces/include/moonbot_custom_interfaces/srv/detail/get_position__type_support.hpp
-- Up-to-date: /home/leibton/ros2_ws/src/install/moonbot_custom_interfaces/include/moonbot_custom_interfaces/srv/detail/get_position__traits.hpp
-- Up-to-date: /home/leibton/ros2_ws/src/install/moonbot_custom_interfaces/include/moonbot_custom_interfaces
-- Up-to-date: /home/leibton/ros2_ws/src/install/moonbot_custom_interfaces/include/moonbot_custom_interfaces/msg
-- Up-to-date: /home/leibton/ros2_ws/src/install/moonbot_custom_interfaces/include/moonbot_custom_interfaces/msg/detail
-- Up-to-date: /home/leibton/ros2_ws/src/install/moonbot_custom_interfaces/include/moonbot_custom_interfaces/msg/detail/joint_angles__rosidl_typesupport_introspection_cpp.hpp
-- Up-to-date: /home/leibton/ros2_ws/src/install/moonbot_custom_interfaces/include/moonbot_custom_interfaces/msg/detail/joint_angles__type_support.cpp
-- Up-to-date: /home/leibton/ros2_ws/src/install/moonbot_custom_interfaces/include/moonbot_custom_interfaces/msg/detail/set_position__rosidl_typesupport_introspection_cpp.hpp
-- Up-to-date: /home/leibton/ros2_ws/src/install/moonbot_custom_interfaces/include/moonbot_custom_interfaces/msg/detail/set_position__type_support.cpp
-- Up-to-date: /home/leibton/ros2_ws/src/install/moonbot_custom_interfaces/include/moonbot_custom_interfaces/srv
-- Up-to-date: /home/leibton/ros2_ws/src/install/moonbot_custom_interfaces/include/moonbot_custom_interfaces/srv/detail
-- Up-to-date: /home/leibton/ros2_ws/src/install/moonbot_custom_interfaces/include/moonbot_custom_interfaces/srv/detail/get_position__rosidl_typesupport_introspection_cpp.hpp
-- Up-to-date: /home/leibton/ros2_ws/src/install/moonbot_custom_interfaces/include/moonbot_custom_interfaces/srv/detail/get_position__type_support.cpp
-- Up-to-date: /home/leibton/ros2_ws/src/install/moonbot_custom_interfaces/lib/libmoonbot_custom_interfaces__rosidl_typesupport_introspection_cpp.so
-- Up-to-date: /home/leibton/ros2_ws/src/install/moonbot_custom_interfaces/lib/libmoonbot_custom_interfaces__rosidl_typesupport_cpp.so
-- Up-to-date: /home/leibton/ros2_ws/src/install/moonbot_custom_interfaces/share/moonbot_custom_interfaces/environment/pythonpath.sh
-- Up-to-date: /home/leibton/ros2_ws/src/install/moonbot_custom_interfaces/share/moonbot_custom_interfaces/environment/pythonpath.dsv
-- Up-to-date: /home/leibton/ros2_ws/src/install/moonbot_custom_interfaces/lib/python3.8/site-packages/moonbot_custom_interfaces/__init__.py
-- Up-to-date: /home/leibton/ros2_ws/src/install/moonbot_custom_interfaces/lib/python3.8/site-packages/moonbot_custom_interfaces/msg
-- Up-to-date: /home/leibton/ros2_ws/src/install/moonbot_custom_interfaces/lib/python3.8/site-packages/moonbot_custom_interfaces/msg/_set_position_s.c
-- Up-to-date: /home/leibton/ros2_ws/src/install/moonbot_custom_interfaces/lib/python3.8/site-packages/moonbot_custom_interfaces/msg/__init__.py
-- Up-to-date: /home/leibton/ros2_ws/src/install/moonbot_custom_interfaces/lib/python3.8/site-packages/moonbot_custom_interfaces/msg/_set_position.py
-- Up-to-date: /home/leibton/ros2_ws/src/install/moonbot_custom_interfaces/lib/python3.8/site-packages/moonbot_custom_interfaces/msg/_joint_angles.py
-- Up-to-date: /home/leibton/ros2_ws/src/install/moonbot_custom_interfaces/lib/python3.8/site-packages/moonbot_custom_interfaces/msg/_joint_angles_s.c
-- Up-to-date: /home/leibton/ros2_ws/src/install/moonbot_custom_interfaces/lib/python3.8/site-packages/moonbot_custom_interfaces/srv
-- Up-to-date: /home/leibton/ros2_ws/src/install/moonbot_custom_interfaces/lib/python3.8/site-packages/moonbot_custom_interfaces/srv/__init__.py
-- Up-to-date: /home/leibton/ros2_ws/src/install/moonbot_custom_interfaces/lib/python3.8/site-packages/moonbot_custom_interfaces/srv/_get_position_s.c
-- Up-to-date: /home/leibton/ros2_ws/src/install/moonbot_custom_interfaces/lib/python3.8/site-packages/moonbot_custom_interfaces/srv/_get_position.py
-- Up-to-date: /home/leibton/ros2_ws/src/install/moonbot_custom_interfaces/lib/python3.8/site-packages/moonbot_custom_interfaces/moonbot_custom_interfaces_s__rosidl_typesupport_fastrtps_c.cpython-38-x86_64-linux-gnu.so
-- Up-to-date: /home/leibton/ros2_ws/src/install/moonbot_custom_interfaces/lib/python3.8/site-packages/moonbot_custom_interfaces/moonbot_custom_interfaces_s__rosidl_typesupport_introspection_c.cpython-38-x86_64-linux-gnu.so
-- Up-to-date: /home/leibton/ros2_ws/src/install/moonbot_custom_interfaces/lib/python3.8/site-packages/moonbot_custom_interfaces/moonbot_custom_interfaces_s__rosidl_typesupport_c.cpython-38-x86_64-linux-gnu.so
-- Up-to-date: /home/leibton/ros2_ws/src/install/moonbot_custom_interfaces/lib/libmoonbot_custom_interfaces__python.so
-- Up-to-date: /home/leibton/ros2_ws/src/install/moonbot_custom_interfaces/share/moonbot_custom_interfaces/msg/SetPosition.idl
-- Up-to-date: /home/leibton/ros2_ws/src/install/moonbot_custom_interfaces/share/moonbot_custom_interfaces/msg/JointAngles.idl
-- Up-to-date: /home/leibton/ros2_ws/src/install/moonbot_custom_interfaces/share/moonbot_custom_interfaces/srv/GetPosition.idl
-- Up-to-date: /home/leibton/ros2_ws/src/install/moonbot_custom_interfaces/share/moonbot_custom_interfaces/msg/SetPosition.msg
-- Up-to-date: /home/leibton/ros2_ws/src/install/moonbot_custom_interfaces/share/moonbot_custom_interfaces/msg/JointAngles.msg
-- Up-to-date: /home/leibton/ros2_ws/src/install/moonbot_custom_interfaces/share/moonbot_custom_interfaces/srv/GetPosition.srv
-- Up-to-date: /home/leibton/ros2_ws/src/install/moonbot_custom_interfaces/share/moonbot_custom_interfaces/srv/GetPosition_Request.msg
-- Up-to-date: /home/leibton/ros2_ws/src/install/moonbot_custom_interfaces/share/moonbot_custom_interfaces/srv/GetPosition_Response.msg
-- Up-to-date: /home/leibton/ros2_ws/src/install/moonbot_custom_interfaces/share/ament_index/resource_index/package_run_dependencies/moonbot_custom_interfaces
-- Up-to-date: /home/leibton/ros2_ws/src/install/moonbot_custom_interfaces/share/ament_index/resource_index/parent_prefix_path/moonbot_custom_interfaces
-- Up-to-date: /home/leibton/ros2_ws/src/install/moonbot_custom_interfaces/share/moonbot_custom_interfaces/environment/ament_prefix_path.sh
-- Up-to-date: /home/leibton/ros2_ws/src/install/moonbot_custom_interfaces/share/moonbot_custom_interfaces/environment/ament_prefix_path.dsv
-- Up-to-date: /home/leibton/ros2_ws/src/install/moonbot_custom_interfaces/share/moonbot_custom_interfaces/environment/path.sh
-- Up-to-date: /home/leibton/ros2_ws/src/install/moonbot_custom_interfaces/share/moonbot_custom_interfaces/environment/path.dsv
-- Up-to-date: /home/leibton/ros2_ws/src/install/moonbot_custom_interfaces/share/moonbot_custom_interfaces/local_setup.bash
-- Up-to-date: /home/leibton/ros2_ws/src/install/moonbot_custom_interfaces/share/moonbot_custom_interfaces/local_setup.sh
-- Up-to-date: /home/leibton/ros2_ws/src/install/moonbot_custom_interfaces/share/moonbot_custom_interfaces/local_setup.zsh
-- Up-to-date: /home/leibton/ros2_ws/src/install/moonbot_custom_interfaces/share/moonbot_custom_interfaces/local_setup.dsv
-- Installing: /home/leibton/ros2_ws/src/install/moonbot_custom_interfaces/share/moonbot_custom_interfaces/package.dsv
-- Up-to-date: /home/leibton/ros2_ws/src/install/moonbot_custom_interfaces/share/ament_index/resource_index/packages/moonbot_custom_interfaces
-- Up-to-date: /home/leibton/ros2_ws/src/install/moonbot_custom_interfaces/share/moonbot_custom_interfaces/cmake/moonbot_custom_interfaces__rosidl_generator_cExport.cmake
-- Up-to-date: /home/leibton/ros2_ws/src/install/moonbot_custom_interfaces/share/moonbot_custom_interfaces/cmake/moonbot_custom_interfaces__rosidl_generator_cExport-noconfig.cmake
-- Up-to-date: /home/leibton/ros2_ws/src/install/moonbot_custom_interfaces/share/moonbot_custom_interfaces/cmake/moonbot_custom_interfaces__rosidl_typesupport_introspection_cExport.cmake
-- Up-to-date: /home/leibton/ros2_ws/src/install/moonbot_custom_interfaces/share/moonbot_custom_interfaces/cmake/moonbot_custom_interfaces__rosidl_typesupport_introspection_cExport-noconfig.cmake
-- Up-to-date: /home/leibton/ros2_ws/src/install/moonbot_custom_interfaces/share/moonbot_custom_interfaces/cmake/moonbot_custom_interfaces__rosidl_typesupport_cExport.cmake
-- Up-to-date: /home/leibton/ros2_ws/src/install/moonbot_custom_interfaces/share/moonbot_custom_interfaces/cmake/moonbot_custom_interfaces__rosidl_typesupport_cExport-noconfig.cmake
-- Up-to-date: /home/leibton/ros2_ws/src/install/moonbot_custom_interfaces/share/moonbot_custom_interfaces/cmake/moonbot_custom_interfaces__rosidl_generator_cppExport.cmake
-- Up-to-date: /home/leibton/ros2_ws/src/install/moonbot_custom_interfaces/share/moonbot_custom_interfaces/cmake/moonbot_custom_interfaces__rosidl_typesupport_introspection_cppExport.cmake
-- Up-to-date: /home/leibton/ros2_ws/src/install/moonbot_custom_interfaces/share/moonbot_custom_interfaces/cmake/moonbot_custom_interfaces__rosidl_typesupport_introspection_cppExport-noconfig.cmake
-- Up-to-date: /home/leibton/ros2_ws/src/install/moonbot_custom_interfaces/share/moonbot_custom_interfaces/cmake/moonbot_custom_interfaces__rosidl_typesupport_cppExport.cmake
-- Up-to-date: /home/leibton/ros2_ws/src/install/moonbot_custom_interfaces/share/moonbot_custom_interfaces/cmake/moonbot_custom_interfaces__rosidl_typesupport_cppExport-noconfig.cmake
-- Up-to-date: /home/leibton/ros2_ws/src/install/moonbot_custom_interfaces/share/moonbot_custom_interfaces/cmake/rosidl_cmake-extras.cmake
-- Up-to-date: /home/leibton/ros2_ws/src/install/moonbot_custom_interfaces/share/moonbot_custom_interfaces/cmake/ament_cmake_export_dependencies-extras.cmake
-- Up-to-date: /home/leibton/ros2_ws/src/install/moonbot_custom_interfaces/share/moonbot_custom_interfaces/cmake/ament_cmake_export_libraries-extras.cmake
-- Up-to-date: /home/leibton/ros2_ws/src/install/moonbot_custom_interfaces/share/moonbot_custom_interfaces/cmake/ament_cmake_export_targets-extras.cmake
-- Up-to-date: /home/leibton/ros2_ws/src/install/moonbot_custom_interfaces/share/moonbot_custom_interfaces/cmake/ament_cmake_export_include_directories-extras.cmake
-- Up-to-date: /home/leibton/ros2_ws/src/install/moonbot_custom_interfaces/share/moonbot_custom_interfaces/cmake/rosidl_cmake_export_typesupport_libraries-extras.cmake
-- Up-to-date: /home/leibton/ros2_ws/src/install/moonbot_custom_interfaces/share/moonbot_custom_interfaces/cmake/rosidl_cmake_export_typesupport_targets-extras.cmake
-- Up-to-date: /home/leibton/ros2_ws/src/install/moonbot_custom_interfaces/share/moonbot_custom_interfaces/cmake/moonbot_custom_interfacesConfig.cmake
-- Up-to-date: /home/leibton/ros2_ws/src/install/moonbot_custom_interfaces/share/moonbot_custom_interfaces/cmake/moonbot_custom_interfacesConfig-version.cmake
-- Up-to-date: /home/leibton/ros2_ws/src/install/moonbot_custom_interfaces/share/moonbot_custom_interfaces/package.xml
