[0.016s] Invoking command in '/home/leibton/ros2_ws/src/build/dynamixel_hardware_interface': CMAKE_PREFIX_PATH=/opt/ros/foxy /usr/bin/cmake /home/leibton/ros2_ws/src/dynamixel_hardware_interface -DCMAKE_INSTALL_PREFIX=/home/leibton/ros2_ws/src/install/dynamixel_hardware_interface
[0.115s] -- The C compiler identification is GNU 9.4.0
[0.194s] -- The CXX compiler identification is GNU 9.4.0
[0.198s] -- Check for working C compiler: /usr/bin/cc
[0.247s] -- Check for working C compiler: /usr/bin/cc -- works
[0.248s] -- Detecting C compiler ABI info
[0.295s] -- Detecting C compiler ABI info - done
[0.303s] -- Detecting C compile features
[0.304s] -- Detecting C compile features - done
[0.306s] -- Check for working CXX compiler: /usr/bin/c++
[0.360s] -- Check for working CXX compiler: /usr/bin/c++ -- works
[0.361s] -- Detecting CXX compiler ABI info
[0.417s] -- Detecting CXX compiler ABI info - done
[0.426s] -- Detecting CXX compile features
[0.426s] -- Detecting CXX compile features - done
[0.430s] -- Found ament_cmake: 0.9.12 (/opt/ros/foxy/share/ament_cmake/cmake)
[0.453s] -- Found PythonInterp: /usr/bin/python3 (found suitable version "3.8.10", minimum required is "3") 
[0.454s] -- Using PYTHON_EXECUTABLE: /usr/bin/python3
[0.598s] -- Found rclcpp: 2.4.3 (/opt/ros/foxy/share/rclcpp/cmake)
[0.635s] -- Using all available rosidl_typesupport_c: rosidl_typesupport_fastrtps_c;rosidl_typesupport_introspection_c
[0.641s] -- Found rosidl_adapter: 1.3.1 (/opt/ros/foxy/share/rosidl_adapter/cmake)
[0.700s] -- Found OpenSSL: /usr/lib/x86_64-linux-gnu/libcrypto.so (found version "1.1.1f")  
[0.727s] -- Found FastRTPS: /opt/ros/foxy/include  
[0.781s] -- Using all available rosidl_typesupport_cpp: rosidl_typesupport_fastrtps_cpp;rosidl_typesupport_introspection_cpp
[0.823s] -- Found rmw_implementation_cmake: 1.0.4 (/opt/ros/foxy/share/rmw_implementation_cmake/cmake)
[0.825s] -- Using RMW implementation 'rmw_fastrtps_cpp' as default
[0.826s] -- Looking for pthread.h
[0.878s] -- Looking for pthread.h - found
[0.878s] -- Performing Test CMAKE_HAVE_LIBC_PTHREAD
[0.926s] -- Performing Test CMAKE_HAVE_LIBC_PTHREAD - Failed
[0.926s] -- Looking for pthread_create in pthreads
[0.966s] -- Looking for pthread_create in pthreads - not found
[0.966s] -- Looking for pthread_create in pthread
[1.011s] -- Looking for pthread_create in pthread - found
[1.012s] -- Found Threads: TRUE  
[1.129s] -- Found pluginlib: 2.5.4 (/opt/ros/foxy/share/pluginlib/cmake)
[1.151s] -- Found hardware_interface: 0.11.0 (/opt/ros/foxy/share/hardware_interface/cmake)
[1.477s] -- Found ament_lint_auto: 0.9.8 (/opt/ros/foxy/share/ament_lint_auto/cmake)
[1.531s] -- Added test 'copyright' to check source files copyright and LICENSE
[1.531s] -- Added test 'cppcheck' to perform static code analysis on C / C++ code
[1.531s] -- Configured cppcheck include dirs: 
[1.531s] -- Configured cppcheck exclude dirs and/or files: 
[1.532s] -- Added test 'cpplint' to check C / C++ code against the Google style
[1.532s] -- Configured cpplint exclude dirs and/or files: 
[1.532s] -- Added test 'lint_cmake' to check CMake code style
[1.533s] -- Added test 'uncrustify' to check C / C++ code style
[1.533s] -- Configured uncrustify additional arguments: 
[1.533s] -- Added test 'xmllint' to check XML markup files
[1.535s] -- Configuring done
[1.536s] -- Generating done
[1.538s] -- Build files have been written to: /home/leibton/ros2_ws/src/build/dynamixel_hardware_interface
[1.545s] Invoked command in '/home/leibton/ros2_ws/src/build/dynamixel_hardware_interface' returned '0': CMAKE_PREFIX_PATH=/opt/ros/foxy /usr/bin/cmake /home/leibton/ros2_ws/src/dynamixel_hardware_interface -DCMAKE_INSTALL_PREFIX=/home/leibton/ros2_ws/src/install/dynamixel_hardware_interface
[1.547s] Invoking command in '/home/leibton/ros2_ws/src/build/dynamixel_hardware_interface': CMAKE_PREFIX_PATH=/opt/ros/foxy /usr/bin/cmake --build /home/leibton/ros2_ws/src/build/dynamixel_hardware_interface -- -j12 -l12
[1.580s] Invoked command in '/home/leibton/ros2_ws/src/build/dynamixel_hardware_interface' returned '0': CMAKE_PREFIX_PATH=/opt/ros/foxy /usr/bin/cmake --build /home/leibton/ros2_ws/src/build/dynamixel_hardware_interface -- -j12 -l12
[1.605s] Invoking command in '/home/leibton/ros2_ws/src/build/dynamixel_hardware_interface': CMAKE_PREFIX_PATH=/opt/ros/foxy /usr/bin/cmake --install /home/leibton/ros2_ws/src/build/dynamixel_hardware_interface
[1.610s] -- Install configuration: ""
[1.610s] -- Installing: /home/leibton/ros2_ws/src/install/dynamixel_hardware_interface/share/ament_index/resource_index/package_run_dependencies/dynamixel_hardware_interface
[1.610s] -- Installing: /home/leibton/ros2_ws/src/install/dynamixel_hardware_interface/share/ament_index/resource_index/parent_prefix_path/dynamixel_hardware_interface
[1.610s] -- Installing: /home/leibton/ros2_ws/src/install/dynamixel_hardware_interface/share/dynamixel_hardware_interface/environment/ament_prefix_path.sh
[1.610s] -- Installing: /home/leibton/ros2_ws/src/install/dynamixel_hardware_interface/share/dynamixel_hardware_interface/environment/ament_prefix_path.dsv
[1.610s] -- Installing: /home/leibton/ros2_ws/src/install/dynamixel_hardware_interface/share/dynamixel_hardware_interface/environment/path.sh
[1.611s] -- Installing: /home/leibton/ros2_ws/src/install/dynamixel_hardware_interface/share/dynamixel_hardware_interface/environment/path.dsv
[1.611s] -- Installing: /home/leibton/ros2_ws/src/install/dynamixel_hardware_interface/share/dynamixel_hardware_interface/local_setup.bash
[1.611s] -- Installing: /home/leibton/ros2_ws/src/install/dynamixel_hardware_interface/share/dynamixel_hardware_interface/local_setup.sh
[1.611s] -- Installing: /home/leibton/ros2_ws/src/install/dynamixel_hardware_interface/share/dynamixel_hardware_interface/local_setup.zsh
[1.611s] -- Installing: /home/leibton/ros2_ws/src/install/dynamixel_hardware_interface/share/dynamixel_hardware_interface/local_setup.dsv
[1.611s] -- Installing: /home/leibton/ros2_ws/src/install/dynamixel_hardware_interface/share/dynamixel_hardware_interface/package.dsv
[1.611s] -- Installing: /home/leibton/ros2_ws/src/install/dynamixel_hardware_interface/share/ament_index/resource_index/packages/dynamixel_hardware_interface
[1.611s] -- Installing: /home/leibton/ros2_ws/src/install/dynamixel_hardware_interface/share/dynamixel_hardware_interface/cmake/dynamixel_hardware_interfaceConfig.cmake
[1.611s] -- Installing: /home/leibton/ros2_ws/src/install/dynamixel_hardware_interface/share/dynamixel_hardware_interface/cmake/dynamixel_hardware_interfaceConfig-version.cmake
[1.611s] -- Installing: /home/leibton/ros2_ws/src/install/dynamixel_hardware_interface/share/dynamixel_hardware_interface/package.xml
[1.614s] Invoked command in '/home/leibton/ros2_ws/src/build/dynamixel_hardware_interface' returned '0': CMAKE_PREFIX_PATH=/opt/ros/foxy /usr/bin/cmake --install /home/leibton/ros2_ws/src/build/dynamixel_hardware_interface
