[0.478s] Invoking command in '/home/leibton/ros2_ws/src/trial': AMENT_PREFIX_PATH=/home/leibton/ros2_ws/src/install/dynamixel_custom_interfaces:${AMENT_PREFIX_PATH} CMAKE_PREFIX_PATH=/home/leibton/ros2_ws/src/install/dynamixel_custom_interfaces LD_LIBRARY_PATH=/home/leibton/ros2_ws/src/install/dynamixel_custom_interfaces/lib:${LD_LIBRARY_PATH} PYTHONPATH=/home/leibton/ros2_ws/src/build/trial/prefix_override:/home/leibton/ros2_ws/src/install/trial/lib/python3.8/site-packages:/home/leibton/ros2_ws/src/install/dynamixel_custom_interfaces/lib/python3.8/site-packages:${PYTHONPATH} /usr/bin/python3 setup.py egg_info --egg-base ../build/trial build --build-base /home/leibton/ros2_ws/src/build/trial/build install --record /home/leibton/ros2_ws/src/build/trial/install.log --single-version-externally-managed
[0.629s] running egg_info
[0.629s] creating ../build/trial/trial.egg-info
[0.629s] writing ../build/trial/trial.egg-info/PKG-INFO
[0.629s] writing dependency_links to ../build/trial/trial.egg-info/dependency_links.txt
[0.629s] writing entry points to ../build/trial/trial.egg-info/entry_points.txt
[0.629s] writing requirements to ../build/trial/trial.egg-info/requires.txt
[0.629s] writing top-level names to ../build/trial/trial.egg-info/top_level.txt
[0.631s] writing manifest file '../build/trial/trial.egg-info/SOURCES.txt'
[0.654s] reading manifest file '../build/trial/trial.egg-info/SOURCES.txt'
[0.655s] writing manifest file '../build/trial/trial.egg-info/SOURCES.txt'
[0.655s] running build
[0.655s] running build_py
[0.655s] creating /home/leibton/ros2_ws/src/build/trial/build
[0.655s] creating /home/leibton/ros2_ws/src/build/trial/build/lib
[0.655s] creating /home/leibton/ros2_ws/src/build/trial/build/lib/trial
[0.655s] copying trial/__init__.py -> /home/leibton/ros2_ws/src/build/trial/build/lib/trial
[0.655s] copying trial/standup.py -> /home/leibton/ros2_ws/src/build/trial/build/lib/trial
[0.655s] copying trial/dynamixel_control.py -> /home/leibton/ros2_ws/src/build/trial/build/lib/trial
[0.656s] running install
[0.656s] running install_lib
[0.656s] creating /home/leibton/ros2_ws/src/install/trial/lib/python3.8/site-packages/trial
[0.657s] copying /home/leibton/ros2_ws/src/build/trial/build/lib/trial/__init__.py -> /home/leibton/ros2_ws/src/install/trial/lib/python3.8/site-packages/trial
[0.657s] copying /home/leibton/ros2_ws/src/build/trial/build/lib/trial/standup.py -> /home/leibton/ros2_ws/src/install/trial/lib/python3.8/site-packages/trial
[0.657s] copying /home/leibton/ros2_ws/src/build/trial/build/lib/trial/dynamixel_control.py -> /home/leibton/ros2_ws/src/install/trial/lib/python3.8/site-packages/trial
[0.657s] byte-compiling /home/leibton/ros2_ws/src/install/trial/lib/python3.8/site-packages/trial/__init__.py to __init__.cpython-38.pyc
[0.658s] byte-compiling /home/leibton/ros2_ws/src/install/trial/lib/python3.8/site-packages/trial/standup.py to standup.cpython-38.pyc
[0.658s] byte-compiling /home/leibton/ros2_ws/src/install/trial/lib/python3.8/site-packages/trial/dynamixel_control.py to dynamixel_control.cpython-38.pyc
[0.659s] running install_data
[0.659s] creating /home/leibton/ros2_ws/src/install/trial/share/ament_index
[0.659s] creating /home/leibton/ros2_ws/src/install/trial/share/ament_index/resource_index
[0.660s] creating /home/leibton/ros2_ws/src/install/trial/share/ament_index/resource_index/packages
[0.660s] copying resource/trial -> /home/leibton/ros2_ws/src/install/trial/share/ament_index/resource_index/packages
[0.660s] copying package.xml -> /home/leibton/ros2_ws/src/install/trial/share/trial
[0.660s] copying launch/move.launch.py -> /home/leibton/ros2_ws/src/install/trial/share/trial
[0.660s] running install_egg_info
[0.661s] Copying ../build/trial/trial.egg-info to /home/leibton/ros2_ws/src/install/trial/lib/python3.8/site-packages/trial-0.0.0-py3.8.egg-info
[0.661s] running install_scripts
[0.672s] Installing dynamixel_control script to /home/leibton/ros2_ws/src/install/trial/lib/trial
[0.672s] Installing walk script to /home/leibton/ros2_ws/src/install/trial/lib/trial
[0.673s] writing list of installed files to '/home/leibton/ros2_ws/src/build/trial/install.log'
[0.693s] Invoked command in '/home/leibton/ros2_ws/src/trial' returned '0': AMENT_PREFIX_PATH=/home/leibton/ros2_ws/src/install/dynamixel_custom_interfaces:${AMENT_PREFIX_PATH} CMAKE_PREFIX_PATH=/home/leibton/ros2_ws/src/install/dynamixel_custom_interfaces LD_LIBRARY_PATH=/home/leibton/ros2_ws/src/install/dynamixel_custom_interfaces/lib:${LD_LIBRARY_PATH} PYTHONPATH=/home/leibton/ros2_ws/src/build/trial/prefix_override:/home/leibton/ros2_ws/src/install/trial/lib/python3.8/site-packages:/home/leibton/ros2_ws/src/install/dynamixel_custom_interfaces/lib/python3.8/site-packages:${PYTHONPATH} /usr/bin/python3 setup.py egg_info --egg-base ../build/trial build --build-base /home/leibton/ros2_ws/src/build/trial/build install --record /home/leibton/ros2_ws/src/build/trial/install.log --single-version-externally-managed
