[0.562s] Invoking command in '/home/leibton/ros2_ws/src/trial': CMAKE_PREFIX_PATH=/home/leibton/ros2_ws/src/install/dynamixel_custom_interfaces:/home/leibton/ros2_ws/src/install/my_robot_hardware_interface:/home/leibton/ros2_ws/src/install/moonbot_gazebo:/home/leibton/ros2_ws/src/install/moonbot_control:/home/leibton/ros2_ws/src/install/moonbot_description:/home/leibton/ros2_ws/src/install/moonbot_custom_interfaces:/home/leibton/ros2_ws/src/install/dynamixel_hardware_interface LD_LIBRARY_PATH=/home/leibton/ros2_ws/src/install/dynamixel_custom_interfaces/lib:/home/leibton/ros2_ws/src/install/moonbot_custom_interfaces/lib:/usr/lib/x86_64-linux-gnu/gazebo-11/plugins:/opt/ros/foxy/opt/yaml_cpp_vendor/lib:/opt/ros/foxy/opt/rviz_ogre_vendor/lib:/opt/ros/foxy/lib/x86_64-linux-gnu:/opt/ros/foxy/lib PYTHONPATH=/home/leibton/ros2_ws/src/build/trial/prefix_override:/home/leibton/ros2_ws/src/install/trial/lib/python3.8/site-packages:/home/leibton/ros2_ws/src/install/dynamixel_custom_interfaces/lib/python3.8/site-packages:/home/leibton/ros2_ws/src/install/trial/lib/python3.8/site-packages:/home/leibton/ros2_ws/src/install/moonbot/lib/python3.8/site-packages:/home/leibton/ros2_ws/src/install/moonbot_custom_interfaces/lib/python3.8/site-packages:/opt/ros/foxy/lib/python3.8/site-packages /usr/bin/python3 setup.py egg_info --egg-base ../build/trial build --build-base /home/leibton/ros2_ws/src/build/trial/build install --record /home/leibton/ros2_ws/src/build/trial/install.log --single-version-externally-managed
[0.711s] running egg_info
[0.712s] creating ../build/trial/trial.egg-info
[0.712s] writing ../build/trial/trial.egg-info/PKG-INFO
[0.712s] writing dependency_links to ../build/trial/trial.egg-info/dependency_links.txt
[0.712s] writing entry points to ../build/trial/trial.egg-info/entry_points.txt
[0.712s] writing requirements to ../build/trial/trial.egg-info/requires.txt
[0.712s] writing top-level names to ../build/trial/trial.egg-info/top_level.txt
[0.713s] writing manifest file '../build/trial/trial.egg-info/SOURCES.txt'
[0.738s] reading manifest file '../build/trial/trial.egg-info/SOURCES.txt'
[0.738s] writing manifest file '../build/trial/trial.egg-info/SOURCES.txt'
[0.738s] running build
[0.738s] running build_py
[0.738s] creating /home/leibton/ros2_ws/src/build/trial/build
[0.738s] creating /home/leibton/ros2_ws/src/build/trial/build/lib
[0.738s] creating /home/leibton/ros2_ws/src/build/trial/build/lib/trial
[0.738s] copying trial/__init__.py -> /home/leibton/ros2_ws/src/build/trial/build/lib/trial
[0.739s] copying trial/standup.py -> /home/leibton/ros2_ws/src/build/trial/build/lib/trial
[0.739s] copying trial/dynamixel_control.py -> /home/leibton/ros2_ws/src/build/trial/build/lib/trial
[0.739s] running install
[0.739s] running install_lib
[0.740s] creating /home/leibton/ros2_ws/src/install/trial/lib/python3.8/site-packages/trial
[0.740s] copying /home/leibton/ros2_ws/src/build/trial/build/lib/trial/__init__.py -> /home/leibton/ros2_ws/src/install/trial/lib/python3.8/site-packages/trial
[0.740s] copying /home/leibton/ros2_ws/src/build/trial/build/lib/trial/standup.py -> /home/leibton/ros2_ws/src/install/trial/lib/python3.8/site-packages/trial
[0.740s] copying /home/leibton/ros2_ws/src/build/trial/build/lib/trial/dynamixel_control.py -> /home/leibton/ros2_ws/src/install/trial/lib/python3.8/site-packages/trial
[0.740s] byte-compiling /home/leibton/ros2_ws/src/install/trial/lib/python3.8/site-packages/trial/__init__.py to __init__.cpython-38.pyc
[0.741s] byte-compiling /home/leibton/ros2_ws/src/install/trial/lib/python3.8/site-packages/trial/standup.py to standup.cpython-38.pyc
[0.741s] byte-compiling /home/leibton/ros2_ws/src/install/trial/lib/python3.8/site-packages/trial/dynamixel_control.py to dynamixel_control.cpython-38.pyc
[0.742s] running install_data
[0.742s] creating /home/leibton/ros2_ws/src/install/trial/share/ament_index
[0.742s] creating /home/leibton/ros2_ws/src/install/trial/share/ament_index/resource_index
[0.742s] creating /home/leibton/ros2_ws/src/install/trial/share/ament_index/resource_index/packages
[0.743s] copying resource/trial -> /home/leibton/ros2_ws/src/install/trial/share/ament_index/resource_index/packages
[0.743s] copying package.xml -> /home/leibton/ros2_ws/src/install/trial/share/trial
[0.743s] copying launch/move.launch.py -> /home/leibton/ros2_ws/src/install/trial/share/trial
[0.743s] running install_egg_info
[0.743s] Copying ../build/trial/trial.egg-info to /home/leibton/ros2_ws/src/install/trial/lib/python3.8/site-packages/trial-0.0.0-py3.8.egg-info
[0.744s] running install_scripts
[0.756s] Installing dynamixel_control script to /home/leibton/ros2_ws/src/install/trial/lib/trial
[0.756s] Installing walk script to /home/leibton/ros2_ws/src/install/trial/lib/trial
[0.757s] writing list of installed files to '/home/leibton/ros2_ws/src/build/trial/install.log'
[0.776s] Invoked command in '/home/leibton/ros2_ws/src/trial' returned '0': CMAKE_PREFIX_PATH=/home/leibton/ros2_ws/src/install/dynamixel_custom_interfaces:/home/leibton/ros2_ws/src/install/my_robot_hardware_interface:/home/leibton/ros2_ws/src/install/moonbot_gazebo:/home/leibton/ros2_ws/src/install/moonbot_control:/home/leibton/ros2_ws/src/install/moonbot_description:/home/leibton/ros2_ws/src/install/moonbot_custom_interfaces:/home/leibton/ros2_ws/src/install/dynamixel_hardware_interface LD_LIBRARY_PATH=/home/leibton/ros2_ws/src/install/dynamixel_custom_interfaces/lib:/home/leibton/ros2_ws/src/install/moonbot_custom_interfaces/lib:/usr/lib/x86_64-linux-gnu/gazebo-11/plugins:/opt/ros/foxy/opt/yaml_cpp_vendor/lib:/opt/ros/foxy/opt/rviz_ogre_vendor/lib:/opt/ros/foxy/lib/x86_64-linux-gnu:/opt/ros/foxy/lib PYTHONPATH=/home/leibton/ros2_ws/src/build/trial/prefix_override:/home/leibton/ros2_ws/src/install/trial/lib/python3.8/site-packages:/home/leibton/ros2_ws/src/install/dynamixel_custom_interfaces/lib/python3.8/site-packages:/home/leibton/ros2_ws/src/install/trial/lib/python3.8/site-packages:/home/leibton/ros2_ws/src/install/moonbot/lib/python3.8/site-packages:/home/leibton/ros2_ws/src/install/moonbot_custom_interfaces/lib/python3.8/site-packages:/opt/ros/foxy/lib/python3.8/site-packages /usr/bin/python3 setup.py egg_info --egg-base ../build/trial build --build-base /home/leibton/ros2_ws/src/build/trial/build install --record /home/leibton/ros2_ws/src/build/trial/install.log --single-version-externally-managed
