[0.021s] Invoking command in '/home/leibton/ros2_ws/src/build/dynamixel_custom_interfaces': CMAKE_PREFIX_PATH=${CMAKE_PREFIX_PATH}:/home/leibton/ros2_ws/src/install/trial:/opt/ros/foxy /usr/bin/cmake /home/leibton/ros2_ws/src/dynamixel_custom_interfaces -DCMAKE_INSTALL_PREFIX=/home/leibton/ros2_ws/src/install/dynamixel_custom_interfaces
[0.058s] -- The C compiler identification is GNU 9.4.0
[0.099s] -- The CXX compiler identification is GNU 9.4.0
[0.104s] -- Check for working C compiler: /usr/bin/cc
[0.155s] -- Check for working C compiler: /usr/bin/cc -- works
[0.156s] -- Detecting C compiler ABI info
[0.205s] -- Detecting C compiler ABI info - done
[0.213s] -- Detecting C compile features
[0.214s] -- Detecting C compile features - done
[0.216s] -- Check for working CXX compiler: /usr/bin/c++
[0.273s] -- Check for working CXX compiler: /usr/bin/c++ -- works
[0.274s] -- Detecting CXX compiler ABI info
[0.330s] -- Detecting CXX compiler ABI info - done
[0.337s] -- Detecting CXX compile features
[0.338s] -- Detecting CXX compile features - done
[0.339s] -- Found ament_cmake: 0.9.12 (/opt/ros/foxy/share/ament_cmake/cmake)
[0.355s] -- Found PythonInterp: /usr/bin/python3 (found suitable version "3.8.10", minimum required is "3") 
[0.356s] -- Using PYTHON_EXECUTABLE: /usr/bin/python3
[0.514s] -- Found rclcpp: 2.4.3 (/opt/ros/foxy/share/rclcpp/cmake)
[0.545s] -- Using all available rosidl_typesupport_c: rosidl_typesupport_fastrtps_c;rosidl_typesupport_introspection_c
[0.549s] -- Found rosidl_adapter: 1.3.1 (/opt/ros/foxy/share/rosidl_adapter/cmake)
[0.601s] -- Found OpenSSL: /usr/lib/x86_64-linux-gnu/libcrypto.so (found version "1.1.1f")  
[0.627s] -- Found FastRTPS: /opt/ros/foxy/include  
[0.696s] -- Using all available rosidl_typesupport_cpp: rosidl_typesupport_fastrtps_cpp;rosidl_typesupport_introspection_cpp
[0.735s] -- Found rmw_implementation_cmake: 1.0.4 (/opt/ros/foxy/share/rmw_implementation_cmake/cmake)
[0.736s] -- Using RMW implementation 'rmw_fastrtps_cpp' as default
[0.736s] -- Looking for pthread.h
[0.785s] -- Looking for pthread.h - found
[0.785s] -- Performing Test CMAKE_HAVE_LIBC_PTHREAD
[0.837s] -- Performing Test CMAKE_HAVE_LIBC_PTHREAD - Failed
[0.837s] -- Looking for pthread_create in pthreads
[0.875s] -- Looking for pthread_create in pthreads - not found
[0.875s] -- Looking for pthread_create in pthread
[0.927s] -- Looking for pthread_create in pthread - found
[0.928s] -- Found Threads: TRUE  
[1.038s] -- Found rosidl_default_generators: 1.0.1 (/opt/ros/foxy/share/rosidl_default_generators/cmake)
[1.046s] -- Found ament_lint_auto: 0.9.8 (/opt/ros/foxy/share/ament_lint_auto/cmake)
[1.114s] -- Found PythonInterp: /usr/bin/python3 (found version "3.8.10") 
[1.163s] -- Found ament_cmake_ros: 0.9.2 (/opt/ros/foxy/share/ament_cmake_ros/cmake)
[1.234s] -- Using all available rosidl_typesupport_c: rosidl_typesupport_fastrtps_c;rosidl_typesupport_introspection_c
[1.239s] -- Using all available rosidl_typesupport_cpp: rosidl_typesupport_fastrtps_cpp;rosidl_typesupport_introspection_cpp
[1.256s] -- Found PythonInterp: /usr/bin/python3 (found suitable version "3.8.10", minimum required is "3.5") 
[1.257s] -- Found python_cmake_module: 0.8.1 (/opt/ros/foxy/share/python_cmake_module/cmake)
[1.276s] -- Found PythonLibs: /usr/lib/x86_64-linux-gnu/libpython3.8.so (found suitable version "3.8.10", minimum required is "3.5") 
[1.276s] -- Using PYTHON_EXECUTABLE: /usr/bin/python3
[1.277s] -- Using PYTHON_INCLUDE_DIRS: /usr/include/python3.8
[1.277s] -- Using PYTHON_LIBRARIES: /usr/lib/x86_64-linux-gnu/libpython3.8.so
[1.293s] -- Found PythonExtra: .so  
[1.329s] -- Added test 'copyright' to check source files copyright and LICENSE
[1.330s] -- Added test 'lint_cmake' to check CMake code style
[1.331s] -- Added test 'xmllint' to check XML markup files
[1.338s] -- Configuring done
[1.367s] -- Generating done
[1.369s] -- Build files have been written to: /home/leibton/ros2_ws/src/build/dynamixel_custom_interfaces
[1.377s] Invoked command in '/home/leibton/ros2_ws/src/build/dynamixel_custom_interfaces' returned '0': CMAKE_PREFIX_PATH=${CMAKE_PREFIX_PATH}:/home/leibton/ros2_ws/src/install/trial:/opt/ros/foxy /usr/bin/cmake /home/leibton/ros2_ws/src/dynamixel_custom_interfaces -DCMAKE_INSTALL_PREFIX=/home/leibton/ros2_ws/src/install/dynamixel_custom_interfaces
[1.379s] Invoking command in '/home/leibton/ros2_ws/src/build/dynamixel_custom_interfaces': CMAKE_PREFIX_PATH=${CMAKE_PREFIX_PATH}:/home/leibton/ros2_ws/src/install/trial:/opt/ros/foxy /usr/bin/cmake --build /home/leibton/ros2_ws/src/build/dynamixel_custom_interfaces -- -j12 -l12
[1.410s] [35m[1mScanning dependencies of target dynamixel_custom_interfaces__cpp[0m
[1.410s] [  2%] [34m[1mGenerating C code for ROS interfaces[0m
[1.416s] [  5%] [34m[1mGenerating C++ code for ROS interfaces[0m
[1.637s] [  5%] Built target dynamixel_custom_interfaces__cpp
[1.643s] [ 10%] [34m[1mGenerating C++ type support dispatch for ROS interfaces[0m
[1.643s] [ 10%] [34m[1mGenerating C++ type support for eProsima Fast-RTPS[0m
[1.644s] [ 12%] [34m[1mGenerating C++ introspection for ROS interfaces[0m
[1.673s] [35m[1mScanning dependencies of target dynamixel_custom_interfaces__rosidl_generator_c[0m
[1.681s] [ 15%] [32mBuilding C object CMakeFiles/dynamixel_custom_interfaces__rosidl_generator_c.dir/rosidl_generator_c/dynamixel_custom_interfaces/msg/detail/set_position__functions.c.o[0m
[1.682s] [ 17%] [32mBuilding C object CMakeFiles/dynamixel_custom_interfaces__rosidl_generator_c.dir/rosidl_generator_c/dynamixel_custom_interfaces/srv/detail/get_position__functions.c.o[0m
[1.724s] [ 20%] [32m[1mLinking C shared library libdynamixel_custom_interfaces__rosidl_generator_c.so[0m
[1.752s] [ 20%] Built target dynamixel_custom_interfaces__rosidl_generator_c
[1.760s] [ 23%] [34m[1mGenerating C type support dispatch for ROS interfaces[0m
[1.761s] [ 25%] [34m[1mGenerating C introspection for ROS interfaces[0m
[1.830s] [35m[1mScanning dependencies of target dynamixel_custom_interfaces__rosidl_typesupport_cpp[0m
[1.840s] [ 28%] [32mBuilding CXX object CMakeFiles/dynamixel_custom_interfaces__rosidl_typesupport_cpp.dir/rosidl_typesupport_cpp/dynamixel_custom_interfaces/srv/get_position__type_support.cpp.o[0m
[1.841s] [ 30%] [32mBuilding CXX object CMakeFiles/dynamixel_custom_interfaces__rosidl_typesupport_cpp.dir/rosidl_typesupport_cpp/dynamixel_custom_interfaces/msg/set_position__type_support.cpp.o[0m
[1.863s] [35m[1mScanning dependencies of target dynamixel_custom_interfaces__rosidl_typesupport_fastrtps_cpp[0m
[1.877s] [ 33%] [32mBuilding CXX object CMakeFiles/dynamixel_custom_interfaces__rosidl_typesupport_fastrtps_cpp.dir/rosidl_typesupport_fastrtps_cpp/dynamixel_custom_interfaces/srv/detail/dds_fastrtps/get_position__type_support.cpp.o[0m
[1.877s] [ 35%] [32mBuilding CXX object CMakeFiles/dynamixel_custom_interfaces__rosidl_typesupport_fastrtps_cpp.dir/rosidl_typesupport_fastrtps_cpp/dynamixel_custom_interfaces/msg/detail/dds_fastrtps/set_position__type_support.cpp.o[0m
[1.877s] [35m[1mScanning dependencies of target dynamixel_custom_interfaces__rosidl_typesupport_introspection_cpp[0m
[1.886s] [ 38%] [32mBuilding CXX object CMakeFiles/dynamixel_custom_interfaces__rosidl_typesupport_introspection_cpp.dir/rosidl_typesupport_introspection_cpp/dynamixel_custom_interfaces/msg/detail/set_position__type_support.cpp.o[0m
[1.888s] [ 41%] [32mBuilding CXX object CMakeFiles/dynamixel_custom_interfaces__rosidl_typesupport_introspection_cpp.dir/rosidl_typesupport_introspection_cpp/dynamixel_custom_interfaces/srv/detail/get_position__type_support.cpp.o[0m
[1.976s] [35m[1mScanning dependencies of target dynamixel_custom_interfaces__rosidl_typesupport_c[0m
[1.990s] [ 46%] [32mBuilding CXX object CMakeFiles/dynamixel_custom_interfaces__rosidl_typesupport_c.dir/rosidl_typesupport_c/dynamixel_custom_interfaces/srv/get_position__type_support.cpp.o[0m
[1.991s] [ 46%] [32mBuilding CXX object CMakeFiles/dynamixel_custom_interfaces__rosidl_typesupport_c.dir/rosidl_typesupport_c/dynamixel_custom_interfaces/msg/set_position__type_support.cpp.o[0m
[2.020s] [ 48%] [32m[1mLinking CXX shared library libdynamixel_custom_interfaces__rosidl_typesupport_c.so[0m
[2.064s] [ 48%] Built target dynamixel_custom_interfaces__rosidl_typesupport_c
[2.077s] [35m[1mScanning dependencies of target dynamixel_custom_interfaces__rosidl_typesupport_introspection_c[0m
[2.092s] [ 53%] [32mBuilding C object CMakeFiles/dynamixel_custom_interfaces__rosidl_typesupport_introspection_c.dir/rosidl_typesupport_introspection_c/dynamixel_custom_interfaces/srv/detail/get_position__type_support.c.o[0m
[2.093s] [ 53%] [32mBuilding C object CMakeFiles/dynamixel_custom_interfaces__rosidl_typesupport_introspection_c.dir/rosidl_typesupport_introspection_c/dynamixel_custom_interfaces/msg/detail/set_position__type_support.c.o[0m
[2.128s] [ 56%] [32m[1mLinking C shared library libdynamixel_custom_interfaces__rosidl_typesupport_introspection_c.so[0m
[2.152s] [ 56%] Built target dynamixel_custom_interfaces__rosidl_typesupport_introspection_c
[2.171s] [ 58%] [32m[1mLinking CXX shared library libdynamixel_custom_interfaces__rosidl_typesupport_introspection_cpp.so[0m
[2.176s] [ 61%] [32m[1mLinking CXX shared library libdynamixel_custom_interfaces__rosidl_typesupport_cpp.so[0m
[2.200s] [ 61%] Built target dynamixel_custom_interfaces__rosidl_typesupport_introspection_cpp
[2.205s] [ 61%] Built target dynamixel_custom_interfaces__rosidl_typesupport_cpp
[2.307s] [ 64%] [32m[1mLinking CXX shared library libdynamixel_custom_interfaces__rosidl_typesupport_fastrtps_cpp.so[0m
[2.368s] [ 64%] Built target dynamixel_custom_interfaces__rosidl_typesupport_fastrtps_cpp
[2.375s] [ 66%] [34m[1mGenerating C type support for eProsima Fast-RTPS[0m
[2.564s] [35m[1mScanning dependencies of target dynamixel_custom_interfaces__rosidl_typesupport_fastrtps_c[0m
[2.577s] [ 69%] [32mBuilding CXX object CMakeFiles/dynamixel_custom_interfaces__rosidl_typesupport_fastrtps_c.dir/rosidl_typesupport_fastrtps_c/dynamixel_custom_interfaces/srv/detail/get_position__type_support_c.cpp.o[0m
[2.577s] [ 71%] [32mBuilding CXX object CMakeFiles/dynamixel_custom_interfaces__rosidl_typesupport_fastrtps_c.dir/rosidl_typesupport_fastrtps_c/dynamixel_custom_interfaces/msg/detail/set_position__type_support_c.cpp.o[0m
[2.829s] [ 74%] [32m[1mLinking CXX shared library libdynamixel_custom_interfaces__rosidl_typesupport_fastrtps_c.so[0m
[2.884s] [ 74%] Built target dynamixel_custom_interfaces__rosidl_typesupport_fastrtps_c
[2.893s] [35m[1mScanning dependencies of target dynamixel_custom_interfaces[0m
[2.900s] [ 74%] Built target dynamixel_custom_interfaces
[2.907s] [35m[1mScanning dependencies of target dynamixel_custom_interfaces__py[0m
[2.916s] [ 76%] [34m[1mGenerating Python code for ROS interfaces[0m
[3.274s] [ 76%] Built target dynamixel_custom_interfaces__py
[3.280s] [35m[1mScanning dependencies of target dynamixel_custom_interfaces__python[0m
[3.294s] [ 82%] [32mBuilding C object CMakeFiles/dynamixel_custom_interfaces__python.dir/rosidl_generator_py/dynamixel_custom_interfaces/msg/_set_position_s.c.o[0m
[3.294s] [ 82%] [32mBuilding C object CMakeFiles/dynamixel_custom_interfaces__python.dir/rosidl_generator_py/dynamixel_custom_interfaces/srv/_get_position_s.c.o[0m
[3.361s] [ 84%] [32m[1mLinking C shared library rosidl_generator_py/dynamixel_custom_interfaces/libdynamixel_custom_interfaces__python.so[0m
[3.392s] [ 84%] Built target dynamixel_custom_interfaces__python
[3.399s] [35m[1mScanning dependencies of target dynamixel_custom_interfaces__rosidl_typesupport_c__pyext[0m
[3.399s] [35m[1mScanning dependencies of target dynamixel_custom_interfaces__rosidl_typesupport_introspection_c__pyext[0m
[3.399s] [35m[1mScanning dependencies of target dynamixel_custom_interfaces__rosidl_typesupport_fastrtps_c__pyext[0m
[3.411s] [ 87%] [32mBuilding C object CMakeFiles/dynamixel_custom_interfaces__rosidl_typesupport_introspection_c__pyext.dir/rosidl_generator_py/dynamixel_custom_interfaces/_dynamixel_custom_interfaces_s.ep.rosidl_typesupport_introspection_c.c.o[0m
[3.411s] [ 89%] [32mBuilding C object CMakeFiles/dynamixel_custom_interfaces__rosidl_typesupport_fastrtps_c__pyext.dir/rosidl_generator_py/dynamixel_custom_interfaces/_dynamixel_custom_interfaces_s.ep.rosidl_typesupport_fastrtps_c.c.o[0m
[3.411s] [ 92%] [32mBuilding C object CMakeFiles/dynamixel_custom_interfaces__rosidl_typesupport_c__pyext.dir/rosidl_generator_py/dynamixel_custom_interfaces/_dynamixel_custom_interfaces_s.ep.rosidl_typesupport_c.c.o[0m
[3.471s] [100%] [32m[1mLinking C shared library rosidl_generator_py/dynamixel_custom_interfaces/dynamixel_custom_interfaces_s__rosidl_typesupport_c.cpython-38-x86_64-linux-gnu.so[0m
[3.471s] [100%] [32m[1mLinking CXX shared library rosidl_generator_py/dynamixel_custom_interfaces/dynamixel_custom_interfaces_s__rosidl_typesupport_fastrtps_c.cpython-38-x86_64-linux-gnu.so[0m
[3.471s] [100%] [32m[1mLinking C shared library rosidl_generator_py/dynamixel_custom_interfaces/dynamixel_custom_interfaces_s__rosidl_typesupport_introspection_c.cpython-38-x86_64-linux-gnu.so[0m
[3.495s] [100%] Built target dynamixel_custom_interfaces__rosidl_typesupport_c__pyext
[3.496s] [100%] Built target dynamixel_custom_interfaces__rosidl_typesupport_introspection_c__pyext
[3.513s] [100%] Built target dynamixel_custom_interfaces__rosidl_typesupport_fastrtps_c__pyext
[3.522s] Invoked command in '/home/leibton/ros2_ws/src/build/dynamixel_custom_interfaces' returned '0': CMAKE_PREFIX_PATH=${CMAKE_PREFIX_PATH}:/home/leibton/ros2_ws/src/install/trial:/opt/ros/foxy /usr/bin/cmake --build /home/leibton/ros2_ws/src/build/dynamixel_custom_interfaces -- -j12 -l12
[3.560s] Invoking command in '/home/leibton/ros2_ws/src/build/dynamixel_custom_interfaces': CMAKE_PREFIX_PATH=${CMAKE_PREFIX_PATH}:/home/leibton/ros2_ws/src/install/trial:/opt/ros/foxy /usr/bin/cmake --install /home/leibton/ros2_ws/src/build/dynamixel_custom_interfaces
[3.566s] -- Install configuration: ""
[3.566s] -- Installing: /home/leibton/ros2_ws/src/install/dynamixel_custom_interfaces/share/ament_index/resource_index/rosidl_interfaces/dynamixel_custom_interfaces
[3.567s] -- Up-to-date: /home/leibton/ros2_ws/src/install/dynamixel_custom_interfaces/include/dynamixel_custom_interfaces
[3.567s] -- Up-to-date: /home/leibton/ros2_ws/src/install/dynamixel_custom_interfaces/include/dynamixel_custom_interfaces/msg
[3.567s] -- Installing: /home/leibton/ros2_ws/src/install/dynamixel_custom_interfaces/include/dynamixel_custom_interfaces/msg/set_position.h
[3.567s] -- Up-to-date: /home/leibton/ros2_ws/src/install/dynamixel_custom_interfaces/include/dynamixel_custom_interfaces/msg/detail
[3.567s] -- Installing: /home/leibton/ros2_ws/src/install/dynamixel_custom_interfaces/include/dynamixel_custom_interfaces/msg/detail/set_position__functions.c
[3.567s] -- Installing: /home/leibton/ros2_ws/src/install/dynamixel_custom_interfaces/include/dynamixel_custom_interfaces/msg/detail/set_position__struct.h
[3.567s] -- Installing: /home/leibton/ros2_ws/src/install/dynamixel_custom_interfaces/include/dynamixel_custom_interfaces/msg/detail/set_position__type_support.h
[3.567s] -- Installing: /home/leibton/ros2_ws/src/install/dynamixel_custom_interfaces/include/dynamixel_custom_interfaces/msg/detail/set_position__functions.h
[3.567s] -- Installing: /home/leibton/ros2_ws/src/install/dynamixel_custom_interfaces/include/dynamixel_custom_interfaces/msg/rosidl_generator_c__visibility_control.h
[3.567s] -- Up-to-date: /home/leibton/ros2_ws/src/install/dynamixel_custom_interfaces/include/dynamixel_custom_interfaces/srv
[3.567s] -- Installing: /home/leibton/ros2_ws/src/install/dynamixel_custom_interfaces/include/dynamixel_custom_interfaces/srv/get_position.h
[3.567s] -- Up-to-date: /home/leibton/ros2_ws/src/install/dynamixel_custom_interfaces/include/dynamixel_custom_interfaces/srv/detail
[3.567s] -- Installing: /home/leibton/ros2_ws/src/install/dynamixel_custom_interfaces/include/dynamixel_custom_interfaces/srv/detail/get_position__type_support.h
[3.567s] -- Installing: /home/leibton/ros2_ws/src/install/dynamixel_custom_interfaces/include/dynamixel_custom_interfaces/srv/detail/get_position__functions.c
[3.567s] -- Installing: /home/leibton/ros2_ws/src/install/dynamixel_custom_interfaces/include/dynamixel_custom_interfaces/srv/detail/get_position__functions.h
[3.567s] -- Installing: /home/leibton/ros2_ws/src/install/dynamixel_custom_interfaces/include/dynamixel_custom_interfaces/srv/detail/get_position__struct.h
[3.568s] -- Installing: /home/leibton/ros2_ws/src/install/dynamixel_custom_interfaces/share/dynamixel_custom_interfaces/environment/library_path.sh
[3.568s] -- Installing: /home/leibton/ros2_ws/src/install/dynamixel_custom_interfaces/share/dynamixel_custom_interfaces/environment/library_path.dsv
[3.568s] -- Installing: /home/leibton/ros2_ws/src/install/dynamixel_custom_interfaces/lib/libdynamixel_custom_interfaces__rosidl_generator_c.so
[3.568s] -- Set runtime path of "/home/leibton/ros2_ws/src/install/dynamixel_custom_interfaces/lib/libdynamixel_custom_interfaces__rosidl_generator_c.so" to ""
[3.568s] -- Up-to-date: /home/leibton/ros2_ws/src/install/dynamixel_custom_interfaces/include/dynamixel_custom_interfaces
[3.569s] -- Up-to-date: /home/leibton/ros2_ws/src/install/dynamixel_custom_interfaces/include/dynamixel_custom_interfaces/msg
[3.569s] -- Up-to-date: /home/leibton/ros2_ws/src/install/dynamixel_custom_interfaces/include/dynamixel_custom_interfaces/msg/detail
[3.569s] -- Installing: /home/leibton/ros2_ws/src/install/dynamixel_custom_interfaces/include/dynamixel_custom_interfaces/msg/detail/set_position__rosidl_typesupport_fastrtps_c.h
[3.569s] -- Installing: /home/leibton/ros2_ws/src/install/dynamixel_custom_interfaces/include/dynamixel_custom_interfaces/msg/rosidl_typesupport_fastrtps_c__visibility_control.h
[3.569s] -- Up-to-date: /home/leibton/ros2_ws/src/install/dynamixel_custom_interfaces/include/dynamixel_custom_interfaces/srv
[3.569s] -- Up-to-date: /home/leibton/ros2_ws/src/install/dynamixel_custom_interfaces/include/dynamixel_custom_interfaces/srv/detail
[3.569s] -- Installing: /home/leibton/ros2_ws/src/install/dynamixel_custom_interfaces/include/dynamixel_custom_interfaces/srv/detail/get_position__rosidl_typesupport_fastrtps_c.h
[3.569s] -- Installing: /home/leibton/ros2_ws/src/install/dynamixel_custom_interfaces/lib/libdynamixel_custom_interfaces__rosidl_typesupport_fastrtps_c.so
[3.569s] -- Set runtime path of "/home/leibton/ros2_ws/src/install/dynamixel_custom_interfaces/lib/libdynamixel_custom_interfaces__rosidl_typesupport_fastrtps_c.so" to ""
[3.569s] -- Up-to-date: /home/leibton/ros2_ws/src/install/dynamixel_custom_interfaces/include/dynamixel_custom_interfaces
[3.569s] -- Up-to-date: /home/leibton/ros2_ws/src/install/dynamixel_custom_interfaces/include/dynamixel_custom_interfaces/msg
[3.569s] -- Installing: /home/leibton/ros2_ws/src/install/dynamixel_custom_interfaces/include/dynamixel_custom_interfaces/msg/rosidl_typesupport_fastrtps_cpp__visibility_control.h
[3.569s] -- Up-to-date: /home/leibton/ros2_ws/src/install/dynamixel_custom_interfaces/include/dynamixel_custom_interfaces/msg/detail
[3.569s] -- Installing: /home/leibton/ros2_ws/src/install/dynamixel_custom_interfaces/include/dynamixel_custom_interfaces/msg/detail/set_position__rosidl_typesupport_fastrtps_cpp.hpp
[3.569s] -- Up-to-date: /home/leibton/ros2_ws/src/install/dynamixel_custom_interfaces/include/dynamixel_custom_interfaces/msg/detail/dds_fastrtps
[3.569s] -- Up-to-date: /home/leibton/ros2_ws/src/install/dynamixel_custom_interfaces/include/dynamixel_custom_interfaces/srv
[3.570s] -- Up-to-date: /home/leibton/ros2_ws/src/install/dynamixel_custom_interfaces/include/dynamixel_custom_interfaces/srv/detail
[3.570s] -- Installing: /home/leibton/ros2_ws/src/install/dynamixel_custom_interfaces/include/dynamixel_custom_interfaces/srv/detail/get_position__rosidl_typesupport_fastrtps_cpp.hpp
[3.570s] -- Up-to-date: /home/leibton/ros2_ws/src/install/dynamixel_custom_interfaces/include/dynamixel_custom_interfaces/srv/detail/dds_fastrtps
[3.570s] -- Installing: /home/leibton/ros2_ws/src/install/dynamixel_custom_interfaces/lib/libdynamixel_custom_interfaces__rosidl_typesupport_fastrtps_cpp.so
[3.570s] -- Set runtime path of "/home/leibton/ros2_ws/src/install/dynamixel_custom_interfaces/lib/libdynamixel_custom_interfaces__rosidl_typesupport_fastrtps_cpp.so" to ""
[3.570s] -- Up-to-date: /home/leibton/ros2_ws/src/install/dynamixel_custom_interfaces/include/dynamixel_custom_interfaces
[3.570s] -- Up-to-date: /home/leibton/ros2_ws/src/install/dynamixel_custom_interfaces/include/dynamixel_custom_interfaces/msg
[3.570s] -- Installing: /home/leibton/ros2_ws/src/install/dynamixel_custom_interfaces/include/dynamixel_custom_interfaces/msg/rosidl_typesupport_introspection_c__visibility_control.h
[3.570s] -- Up-to-date: /home/leibton/ros2_ws/src/install/dynamixel_custom_interfaces/include/dynamixel_custom_interfaces/msg/detail
[3.570s] -- Installing: /home/leibton/ros2_ws/src/install/dynamixel_custom_interfaces/include/dynamixel_custom_interfaces/msg/detail/set_position__rosidl_typesupport_introspection_c.h
[3.570s] -- Installing: /home/leibton/ros2_ws/src/install/dynamixel_custom_interfaces/include/dynamixel_custom_interfaces/msg/detail/set_position__type_support.c
[3.570s] -- Up-to-date: /home/leibton/ros2_ws/src/install/dynamixel_custom_interfaces/include/dynamixel_custom_interfaces/srv
[3.570s] -- Up-to-date: /home/leibton/ros2_ws/src/install/dynamixel_custom_interfaces/include/dynamixel_custom_interfaces/srv/detail
[3.570s] -- Installing: /home/leibton/ros2_ws/src/install/dynamixel_custom_interfaces/include/dynamixel_custom_interfaces/srv/detail/get_position__rosidl_typesupport_introspection_c.h
[3.570s] -- Installing: /home/leibton/ros2_ws/src/install/dynamixel_custom_interfaces/include/dynamixel_custom_interfaces/srv/detail/get_position__type_support.c
[3.570s] -- Installing: /home/leibton/ros2_ws/src/install/dynamixel_custom_interfaces/lib/libdynamixel_custom_interfaces__rosidl_typesupport_introspection_c.so
[3.570s] -- Set runtime path of "/home/leibton/ros2_ws/src/install/dynamixel_custom_interfaces/lib/libdynamixel_custom_interfaces__rosidl_typesupport_introspection_c.so" to ""
[3.571s] -- Installing: /home/leibton/ros2_ws/src/install/dynamixel_custom_interfaces/lib/libdynamixel_custom_interfaces__rosidl_typesupport_c.so
[3.571s] -- Set runtime path of "/home/leibton/ros2_ws/src/install/dynamixel_custom_interfaces/lib/libdynamixel_custom_interfaces__rosidl_typesupport_c.so" to ""
[3.571s] -- Up-to-date: /home/leibton/ros2_ws/src/install/dynamixel_custom_interfaces/include/dynamixel_custom_interfaces
[3.571s] -- Up-to-date: /home/leibton/ros2_ws/src/install/dynamixel_custom_interfaces/include/dynamixel_custom_interfaces/msg
[3.571s] -- Installing: /home/leibton/ros2_ws/src/install/dynamixel_custom_interfaces/include/dynamixel_custom_interfaces/msg/set_position.hpp
[3.571s] -- Up-to-date: /home/leibton/ros2_ws/src/install/dynamixel_custom_interfaces/include/dynamixel_custom_interfaces/msg/detail
[3.571s] -- Installing: /home/leibton/ros2_ws/src/install/dynamixel_custom_interfaces/include/dynamixel_custom_interfaces/msg/detail/set_position__type_support.hpp
[3.571s] -- Installing: /home/leibton/ros2_ws/src/install/dynamixel_custom_interfaces/include/dynamixel_custom_interfaces/msg/detail/set_position__traits.hpp
[3.571s] -- Installing: /home/leibton/ros2_ws/src/install/dynamixel_custom_interfaces/include/dynamixel_custom_interfaces/msg/detail/set_position__struct.hpp
[3.571s] -- Installing: /home/leibton/ros2_ws/src/install/dynamixel_custom_interfaces/include/dynamixel_custom_interfaces/msg/detail/set_position__builder.hpp
[3.571s] -- Installing: /home/leibton/ros2_ws/src/install/dynamixel_custom_interfaces/include/dynamixel_custom_interfaces/msg/rosidl_generator_cpp__visibility_control.hpp
[3.571s] -- Up-to-date: /home/leibton/ros2_ws/src/install/dynamixel_custom_interfaces/include/dynamixel_custom_interfaces/srv
[3.571s] -- Installing: /home/leibton/ros2_ws/src/install/dynamixel_custom_interfaces/include/dynamixel_custom_interfaces/srv/get_position.hpp
[3.571s] -- Up-to-date: /home/leibton/ros2_ws/src/install/dynamixel_custom_interfaces/include/dynamixel_custom_interfaces/srv/detail
[3.571s] -- Installing: /home/leibton/ros2_ws/src/install/dynamixel_custom_interfaces/include/dynamixel_custom_interfaces/srv/detail/get_position__builder.hpp
[3.571s] -- Installing: /home/leibton/ros2_ws/src/install/dynamixel_custom_interfaces/include/dynamixel_custom_interfaces/srv/detail/get_position__struct.hpp
[3.571s] -- Installing: /home/leibton/ros2_ws/src/install/dynamixel_custom_interfaces/include/dynamixel_custom_interfaces/srv/detail/get_position__type_support.hpp
[3.571s] -- Installing: /home/leibton/ros2_ws/src/install/dynamixel_custom_interfaces/include/dynamixel_custom_interfaces/srv/detail/get_position__traits.hpp
[3.572s] -- Up-to-date: /home/leibton/ros2_ws/src/install/dynamixel_custom_interfaces/include/dynamixel_custom_interfaces
[3.572s] -- Up-to-date: /home/leibton/ros2_ws/src/install/dynamixel_custom_interfaces/include/dynamixel_custom_interfaces/msg
[3.572s] -- Up-to-date: /home/leibton/ros2_ws/src/install/dynamixel_custom_interfaces/include/dynamixel_custom_interfaces/msg/detail
[3.572s] -- Installing: /home/leibton/ros2_ws/src/install/dynamixel_custom_interfaces/include/dynamixel_custom_interfaces/msg/detail/set_position__rosidl_typesupport_introspection_cpp.hpp
[3.572s] -- Installing: /home/leibton/ros2_ws/src/install/dynamixel_custom_interfaces/include/dynamixel_custom_interfaces/msg/detail/set_position__type_support.cpp
[3.572s] -- Up-to-date: /home/leibton/ros2_ws/src/install/dynamixel_custom_interfaces/include/dynamixel_custom_interfaces/srv
[3.572s] -- Up-to-date: /home/leibton/ros2_ws/src/install/dynamixel_custom_interfaces/include/dynamixel_custom_interfaces/srv/detail
[3.572s] -- Installing: /home/leibton/ros2_ws/src/install/dynamixel_custom_interfaces/include/dynamixel_custom_interfaces/srv/detail/get_position__rosidl_typesupport_introspection_cpp.hpp
[3.572s] -- Installing: /home/leibton/ros2_ws/src/install/dynamixel_custom_interfaces/include/dynamixel_custom_interfaces/srv/detail/get_position__type_support.cpp
[3.572s] -- Installing: /home/leibton/ros2_ws/src/install/dynamixel_custom_interfaces/lib/libdynamixel_custom_interfaces__rosidl_typesupport_introspection_cpp.so
[3.572s] -- Set runtime path of "/home/leibton/ros2_ws/src/install/dynamixel_custom_interfaces/lib/libdynamixel_custom_interfaces__rosidl_typesupport_introspection_cpp.so" to ""
[3.572s] -- Installing: /home/leibton/ros2_ws/src/install/dynamixel_custom_interfaces/lib/libdynamixel_custom_interfaces__rosidl_typesupport_cpp.so
[3.572s] -- Set runtime path of "/home/leibton/ros2_ws/src/install/dynamixel_custom_interfaces/lib/libdynamixel_custom_interfaces__rosidl_typesupport_cpp.so" to ""
[3.572s] -- Installing: /home/leibton/ros2_ws/src/install/dynamixel_custom_interfaces/share/dynamixel_custom_interfaces/environment/pythonpath.sh
[3.572s] -- Installing: /home/leibton/ros2_ws/src/install/dynamixel_custom_interfaces/share/dynamixel_custom_interfaces/environment/pythonpath.dsv
[3.572s] -- Installing: /home/leibton/ros2_ws/src/install/dynamixel_custom_interfaces/lib/python3.8/site-packages/dynamixel_custom_interfaces/__init__.py
[3.595s] Compiling '/home/leibton/ros2_ws/src/install/dynamixel_custom_interfaces/lib/python3.8/site-packages/dynamixel_custom_interfaces/__init__.py'...
[3.597s] -- Installing: /home/leibton/ros2_ws/src/install/dynamixel_custom_interfaces/lib/python3.8/site-packages/dynamixel_custom_interfaces/msg
[3.598s] -- Installing: /home/leibton/ros2_ws/src/install/dynamixel_custom_interfaces/lib/python3.8/site-packages/dynamixel_custom_interfaces/msg/_set_position_s.c
[3.598s] -- Installing: /home/leibton/ros2_ws/src/install/dynamixel_custom_interfaces/lib/python3.8/site-packages/dynamixel_custom_interfaces/msg/__init__.py
[3.598s] -- Installing: /home/leibton/ros2_ws/src/install/dynamixel_custom_interfaces/lib/python3.8/site-packages/dynamixel_custom_interfaces/msg/_set_position.py
[3.598s] -- Installing: /home/leibton/ros2_ws/src/install/dynamixel_custom_interfaces/lib/python3.8/site-packages/dynamixel_custom_interfaces/srv
[3.598s] -- Installing: /home/leibton/ros2_ws/src/install/dynamixel_custom_interfaces/lib/python3.8/site-packages/dynamixel_custom_interfaces/srv/__init__.py
[3.598s] -- Installing: /home/leibton/ros2_ws/src/install/dynamixel_custom_interfaces/lib/python3.8/site-packages/dynamixel_custom_interfaces/srv/_get_position_s.c
[3.598s] -- Installing: /home/leibton/ros2_ws/src/install/dynamixel_custom_interfaces/lib/python3.8/site-packages/dynamixel_custom_interfaces/srv/_get_position.py
[3.598s] -- Installing: /home/leibton/ros2_ws/src/install/dynamixel_custom_interfaces/lib/python3.8/site-packages/dynamixel_custom_interfaces/dynamixel_custom_interfaces_s__rosidl_typesupport_fastrtps_c.cpython-38-x86_64-linux-gnu.so
[3.599s] -- Set runtime path of "/home/leibton/ros2_ws/src/install/dynamixel_custom_interfaces/lib/python3.8/site-packages/dynamixel_custom_interfaces/dynamixel_custom_interfaces_s__rosidl_typesupport_fastrtps_c.cpython-38-x86_64-linux-gnu.so" to ""
[3.600s] -- Installing: /home/leibton/ros2_ws/src/install/dynamixel_custom_interfaces/lib/python3.8/site-packages/dynamixel_custom_interfaces/dynamixel_custom_interfaces_s__rosidl_typesupport_introspection_c.cpython-38-x86_64-linux-gnu.so
[3.602s] -- Set runtime path of "/home/leibton/ros2_ws/src/install/dynamixel_custom_interfaces/lib/python3.8/site-packages/dynamixel_custom_interfaces/dynamixel_custom_interfaces_s__rosidl_typesupport_introspection_c.cpython-38-x86_64-linux-gnu.so" to ""
[3.602s] -- Installing: /home/leibton/ros2_ws/src/install/dynamixel_custom_interfaces/lib/python3.8/site-packages/dynamixel_custom_interfaces/dynamixel_custom_interfaces_s__rosidl_typesupport_c.cpython-38-x86_64-linux-gnu.so
[3.604s] -- Set runtime path of "/home/leibton/ros2_ws/src/install/dynamixel_custom_interfaces/lib/python3.8/site-packages/dynamixel_custom_interfaces/dynamixel_custom_interfaces_s__rosidl_typesupport_c.cpython-38-x86_64-linux-gnu.so" to ""
[3.604s] -- Installing: /home/leibton/ros2_ws/src/install/dynamixel_custom_interfaces/lib/libdynamixel_custom_interfaces__python.so
[3.605s] -- Set runtime path of "/home/leibton/ros2_ws/src/install/dynamixel_custom_interfaces/lib/libdynamixel_custom_interfaces__python.so" to ""
[3.605s] -- Installing: /home/leibton/ros2_ws/src/install/dynamixel_custom_interfaces/share/dynamixel_custom_interfaces/msg/SetPosition.idl
[3.605s] -- Installing: /home/leibton/ros2_ws/src/install/dynamixel_custom_interfaces/share/dynamixel_custom_interfaces/srv/GetPosition.idl
[3.605s] -- Installing: /home/leibton/ros2_ws/src/install/dynamixel_custom_interfaces/share/dynamixel_custom_interfaces/msg/SetPosition.msg
[3.605s] -- Installing: /home/leibton/ros2_ws/src/install/dynamixel_custom_interfaces/share/dynamixel_custom_interfaces/srv/GetPosition.srv
[3.605s] -- Installing: /home/leibton/ros2_ws/src/install/dynamixel_custom_interfaces/share/dynamixel_custom_interfaces/srv/GetPosition_Request.msg
[3.605s] -- Installing: /home/leibton/ros2_ws/src/install/dynamixel_custom_interfaces/share/dynamixel_custom_interfaces/srv/GetPosition_Response.msg
[3.605s] -- Installing: /home/leibton/ros2_ws/src/install/dynamixel_custom_interfaces/share/ament_index/resource_index/package_run_dependencies/dynamixel_custom_interfaces
[3.605s] -- Installing: /home/leibton/ros2_ws/src/install/dynamixel_custom_interfaces/share/ament_index/resource_index/parent_prefix_path/dynamixel_custom_interfaces
[3.605s] -- Installing: /home/leibton/ros2_ws/src/install/dynamixel_custom_interfaces/share/dynamixel_custom_interfaces/environment/ament_prefix_path.sh
[3.605s] -- Installing: /home/leibton/ros2_ws/src/install/dynamixel_custom_interfaces/share/dynamixel_custom_interfaces/environment/ament_prefix_path.dsv
[3.606s] -- Installing: /home/leibton/ros2_ws/src/install/dynamixel_custom_interfaces/share/dynamixel_custom_interfaces/environment/path.sh
[3.606s] -- Installing: /home/leibton/ros2_ws/src/install/dynamixel_custom_interfaces/share/dynamixel_custom_interfaces/environment/path.dsv
[3.606s] -- Installing: /home/leibton/ros2_ws/src/install/dynamixel_custom_interfaces/share/dynamixel_custom_interfaces/local_setup.bash
[3.606s] -- Installing: /home/leibton/ros2_ws/src/install/dynamixel_custom_interfaces/share/dynamixel_custom_interfaces/local_setup.sh
[3.606s] -- Installing: /home/leibton/ros2_ws/src/install/dynamixel_custom_interfaces/share/dynamixel_custom_interfaces/local_setup.zsh
[3.606s] -- Installing: /home/leibton/ros2_ws/src/install/dynamixel_custom_interfaces/share/dynamixel_custom_interfaces/local_setup.dsv
[3.606s] -- Installing: /home/leibton/ros2_ws/src/install/dynamixel_custom_interfaces/share/dynamixel_custom_interfaces/package.dsv
[3.606s] -- Installing: /home/leibton/ros2_ws/src/install/dynamixel_custom_interfaces/share/ament_index/resource_index/packages/dynamixel_custom_interfaces
[3.606s] -- Installing: /home/leibton/ros2_ws/src/install/dynamixel_custom_interfaces/share/dynamixel_custom_interfaces/cmake/dynamixel_custom_interfaces__rosidl_generator_cExport.cmake
[3.606s] -- Installing: /home/leibton/ros2_ws/src/install/dynamixel_custom_interfaces/share/dynamixel_custom_interfaces/cmake/dynamixel_custom_interfaces__rosidl_generator_cExport-noconfig.cmake
[3.607s] -- Installing: /home/leibton/ros2_ws/src/install/dynamixel_custom_interfaces/share/dynamixel_custom_interfaces/cmake/dynamixel_custom_interfaces__rosidl_typesupport_introspection_cExport.cmake
[3.607s] -- Installing: /home/leibton/ros2_ws/src/install/dynamixel_custom_interfaces/share/dynamixel_custom_interfaces/cmake/dynamixel_custom_interfaces__rosidl_typesupport_introspection_cExport-noconfig.cmake
[3.607s] -- Installing: /home/leibton/ros2_ws/src/install/dynamixel_custom_interfaces/share/dynamixel_custom_interfaces/cmake/dynamixel_custom_interfaces__rosidl_typesupport_cExport.cmake
[3.607s] -- Installing: /home/leibton/ros2_ws/src/install/dynamixel_custom_interfaces/share/dynamixel_custom_interfaces/cmake/dynamixel_custom_interfaces__rosidl_typesupport_cExport-noconfig.cmake
[3.607s] -- Installing: /home/leibton/ros2_ws/src/install/dynamixel_custom_interfaces/share/dynamixel_custom_interfaces/cmake/dynamixel_custom_interfaces__rosidl_generator_cppExport.cmake
[3.607s] -- Installing: /home/leibton/ros2_ws/src/install/dynamixel_custom_interfaces/share/dynamixel_custom_interfaces/cmake/dynamixel_custom_interfaces__rosidl_typesupport_introspection_cppExport.cmake
[3.607s] -- Installing: /home/leibton/ros2_ws/src/install/dynamixel_custom_interfaces/share/dynamixel_custom_interfaces/cmake/dynamixel_custom_interfaces__rosidl_typesupport_introspection_cppExport-noconfig.cmake
[3.607s] -- Installing: /home/leibton/ros2_ws/src/install/dynamixel_custom_interfaces/share/dynamixel_custom_interfaces/cmake/dynamixel_custom_interfaces__rosidl_typesupport_cppExport.cmake
[3.607s] -- Installing: /home/leibton/ros2_ws/src/install/dynamixel_custom_interfaces/share/dynamixel_custom_interfaces/cmake/dynamixel_custom_interfaces__rosidl_typesupport_cppExport-noconfig.cmake
[3.607s] -- Installing: /home/leibton/ros2_ws/src/install/dynamixel_custom_interfaces/share/dynamixel_custom_interfaces/cmake/rosidl_cmake-extras.cmake
[3.608s] -- Installing: /home/leibton/ros2_ws/src/install/dynamixel_custom_interfaces/share/dynamixel_custom_interfaces/cmake/ament_cmake_export_dependencies-extras.cmake
[3.608s] -- Installing: /home/leibton/ros2_ws/src/install/dynamixel_custom_interfaces/share/dynamixel_custom_interfaces/cmake/ament_cmake_export_libraries-extras.cmake
[3.608s] -- Installing: /home/leibton/ros2_ws/src/install/dynamixel_custom_interfaces/share/dynamixel_custom_interfaces/cmake/ament_cmake_export_targets-extras.cmake
[3.608s] -- Installing: /home/leibton/ros2_ws/src/install/dynamixel_custom_interfaces/share/dynamixel_custom_interfaces/cmake/ament_cmake_export_include_directories-extras.cmake
[3.608s] -- Installing: /home/leibton/ros2_ws/src/install/dynamixel_custom_interfaces/share/dynamixel_custom_interfaces/cmake/rosidl_cmake_export_typesupport_libraries-extras.cmake
[3.608s] -- Installing: /home/leibton/ros2_ws/src/install/dynamixel_custom_interfaces/share/dynamixel_custom_interfaces/cmake/rosidl_cmake_export_typesupport_targets-extras.cmake
[3.608s] -- Installing: /home/leibton/ros2_ws/src/install/dynamixel_custom_interfaces/share/dynamixel_custom_interfaces/cmake/dynamixel_custom_interfacesConfig.cmake
[3.608s] -- Installing: /home/leibton/ros2_ws/src/install/dynamixel_custom_interfaces/share/dynamixel_custom_interfaces/cmake/dynamixel_custom_interfacesConfig-version.cmake
[3.608s] -- Installing: /home/leibton/ros2_ws/src/install/dynamixel_custom_interfaces/share/dynamixel_custom_interfaces/package.xml
[3.610s] Invoked command in '/home/leibton/ros2_ws/src/build/dynamixel_custom_interfaces' returned '0': CMAKE_PREFIX_PATH=${CMAKE_PREFIX_PATH}:/home/leibton/ros2_ws/src/install/trial:/opt/ros/foxy /usr/bin/cmake --install /home/leibton/ros2_ws/src/build/dynamixel_custom_interfaces
