-- Install configuration: ""
-- Up-to-date: /home/leibton/ros2_ws/src/install/moonbot_control/share/moonbot_control//launch
-- Up-to-date: /home/leibton/ros2_ws/src/install/moonbot_control/share/moonbot_control//launch/phantomx_control.launch
-- Up-to-date: /home/leibton/ros2_ws/src/install/moonbot_control/share/moonbot_control//launch/test_control.launch.py
-- Up-to-date: /home/leibton/ros2_ws/src/install/moonbot_control/share/moonbot_control//launch/bringup_moonbot.py
-- Up-to-date: /home/leibton/ros2_ws/src/install/moonbot_control/share/moonbot_control//config
-- Up-to-date: /home/leibton/ros2_ws/src/install/moonbot_control/share/moonbot_control//config/phantom_config.yaml
-- Up-to-date: /home/leibton/ros2_ws/src/install/moonbot_control/share/moonbot_control//config/phantomx_control.yaml
-- Up-to-date: /home/leibton/ros2_ws/src/install/moonbot_control/share/moonbot_control//config/moonbot_config.yaml
-- Up-to-date: /home/leibton/ros2_ws/src/install/moonbot_control/share/moonbot_control//config/controller_configuration.yaml
-- Up-to-date: /home/leibton/ros2_ws/src/install/moonbot_control/share/ament_index/resource_index/package_run_dependencies/moonbot_control
-- Up-to-date: /home/leibton/ros2_ws/src/install/moonbot_control/share/ament_index/resource_index/parent_prefix_path/moonbot_control
-- Up-to-date: /home/leibton/ros2_ws/src/install/moonbot_control/share/moonbot_control/environment/ament_prefix_path.sh
-- Up-to-date: /home/leibton/ros2_ws/src/install/moonbot_control/share/moonbot_control/environment/ament_prefix_path.dsv
-- Up-to-date: /home/leibton/ros2_ws/src/install/moonbot_control/share/moonbot_control/environment/path.sh
-- Up-to-date: /home/leibton/ros2_ws/src/install/moonbot_control/share/moonbot_control/environment/path.dsv
-- Up-to-date: /home/leibton/ros2_ws/src/install/moonbot_control/share/moonbot_control/local_setup.bash
-- Up-to-date: /home/leibton/ros2_ws/src/install/moonbot_control/share/moonbot_control/local_setup.sh
-- Up-to-date: /home/leibton/ros2_ws/src/install/moonbot_control/share/moonbot_control/local_setup.zsh
-- Up-to-date: /home/leibton/ros2_ws/src/install/moonbot_control/share/moonbot_control/local_setup.dsv
-- Up-to-date: /home/leibton/ros2_ws/src/install/moonbot_control/share/moonbot_control/package.dsv
-- Up-to-date: /home/leibton/ros2_ws/src/install/moonbot_control/share/ament_index/resource_index/packages/moonbot_control
-- Up-to-date: /home/leibton/ros2_ws/src/install/moonbot_control/share/moonbot_control/cmake/moonbot_controlConfig.cmake
-- Up-to-date: /home/leibton/ros2_ws/src/install/moonbot_control/share/moonbot_control/cmake/moonbot_controlConfig-version.cmake
-- Up-to-date: /home/leibton/ros2_ws/src/install/moonbot_control/share/moonbot_control/package.xml
