[0.027s] Invoking command in '/home/leibton/ros2_ws/src/build/dynamixel_custom_interfaces': CMAKE_PREFIX_PATH=/opt/ros/foxy /usr/bin/cmake --build /home/leibton/ros2_ws/src/build/dynamixel_custom_interfaces -- -j12 -l12
[0.090s] [  2%] Built target dynamixel_custom_interfaces__cpp
[0.091s] [ 12%] Built target dynamixel_custom_interfaces__rosidl_generator_c
[0.111s] [ 23%] Built target dynamixel_custom_interfaces__rosidl_typesupport_cpp
[0.112s] [ 33%] Built target dynamixel_custom_interfaces__rosidl_typesupport_introspection_cpp
[0.117s] [ 43%] Built target dynamixel_custom_interfaces__rosidl_typesupport_fastrtps_cpp
[0.131s] [ 53%] Built target dynamixel_custom_interfaces__rosidl_typesupport_c
[0.132s] [ 64%] Built target dynamixel_custom_interfaces__rosidl_typesupport_introspection_c
[0.139s] [ 74%] Built target dynamixel_custom_interfaces__rosidl_typesupport_fastrtps_c
[0.154s] [ 74%] Built target dynamixel_custom_interfaces
[0.170s] [ 76%] Built target dynamixel_custom_interfaces__py
[0.191s] [ 84%] Built target dynamixel_custom_interfaces__python
[0.216s] [ 97%] Built target dynamixel_custom_interfaces__rosidl_typesupport_fastrtps_c__pyext
[0.216s] [ 97%] Built target dynamixel_custom_interfaces__rosidl_typesupport_c__pyext
[0.216s] [100%] Built target dynamixel_custom_interfaces__rosidl_typesupport_introspection_c__pyext
[0.223s] Invoked command in '/home/leibton/ros2_ws/src/build/dynamixel_custom_interfaces' returned '0': CMAKE_PREFIX_PATH=/opt/ros/foxy /usr/bin/cmake --build /home/leibton/ros2_ws/src/build/dynamixel_custom_interfaces -- -j12 -l12
[0.259s] Invoking command in '/home/leibton/ros2_ws/src/build/dynamixel_custom_interfaces': CMAKE_PREFIX_PATH=/opt/ros/foxy /usr/bin/cmake --install /home/leibton/ros2_ws/src/build/dynamixel_custom_interfaces
[0.267s] -- Install configuration: ""
[0.267s] -- Up-to-date: /home/leibton/ros2_ws/src/install/dynamixel_custom_interfaces/share/ament_index/resource_index/rosidl_interfaces/dynamixel_custom_interfaces
[0.267s] -- Up-to-date: /home/leibton/ros2_ws/src/install/dynamixel_custom_interfaces/include/dynamixel_custom_interfaces
[0.267s] -- Up-to-date: /home/leibton/ros2_ws/src/install/dynamixel_custom_interfaces/include/dynamixel_custom_interfaces/msg
[0.268s] -- Up-to-date: /home/leibton/ros2_ws/src/install/dynamixel_custom_interfaces/include/dynamixel_custom_interfaces/msg/set_position.h
[0.268s] -- Up-to-date: /home/leibton/ros2_ws/src/install/dynamixel_custom_interfaces/include/dynamixel_custom_interfaces/msg/detail
[0.268s] -- Up-to-date: /home/leibton/ros2_ws/src/install/dynamixel_custom_interfaces/include/dynamixel_custom_interfaces/msg/detail/set_position__functions.c
[0.268s] -- Up-to-date: /home/leibton/ros2_ws/src/install/dynamixel_custom_interfaces/include/dynamixel_custom_interfaces/msg/detail/set_position__struct.h
[0.268s] -- Up-to-date: /home/leibton/ros2_ws/src/install/dynamixel_custom_interfaces/include/dynamixel_custom_interfaces/msg/detail/set_position__type_support.h
[0.268s] -- Up-to-date: /home/leibton/ros2_ws/src/install/dynamixel_custom_interfaces/include/dynamixel_custom_interfaces/msg/detail/set_position__functions.h
[0.268s] -- Up-to-date: /home/leibton/ros2_ws/src/install/dynamixel_custom_interfaces/include/dynamixel_custom_interfaces/msg/rosidl_generator_c__visibility_control.h
[0.268s] -- Up-to-date: /home/leibton/ros2_ws/src/install/dynamixel_custom_interfaces/include/dynamixel_custom_interfaces/srv
[0.268s] -- Up-to-date: /home/leibton/ros2_ws/src/install/dynamixel_custom_interfaces/include/dynamixel_custom_interfaces/srv/get_position.h
[0.268s] -- Up-to-date: /home/leibton/ros2_ws/src/install/dynamixel_custom_interfaces/include/dynamixel_custom_interfaces/srv/detail
[0.268s] -- Up-to-date: /home/leibton/ros2_ws/src/install/dynamixel_custom_interfaces/include/dynamixel_custom_interfaces/srv/detail/get_position__type_support.h
[0.268s] -- Up-to-date: /home/leibton/ros2_ws/src/install/dynamixel_custom_interfaces/include/dynamixel_custom_interfaces/srv/detail/get_position__functions.c
[0.269s] -- Up-to-date: /home/leibton/ros2_ws/src/install/dynamixel_custom_interfaces/include/dynamixel_custom_interfaces/srv/detail/get_position__functions.h
[0.269s] -- Up-to-date: /home/leibton/ros2_ws/src/install/dynamixel_custom_interfaces/include/dynamixel_custom_interfaces/srv/detail/get_position__struct.h
[0.269s] -- Up-to-date: /home/leibton/ros2_ws/src/install/dynamixel_custom_interfaces/share/dynamixel_custom_interfaces/environment/library_path.sh
[0.269s] -- Up-to-date: /home/leibton/ros2_ws/src/install/dynamixel_custom_interfaces/share/dynamixel_custom_interfaces/environment/library_path.dsv
[0.270s] -- Up-to-date: /home/leibton/ros2_ws/src/install/dynamixel_custom_interfaces/lib/libdynamixel_custom_interfaces__rosidl_generator_c.so
[0.274s] -- Up-to-date: /home/leibton/ros2_ws/src/install/dynamixel_custom_interfaces/include/dynamixel_custom_interfaces
[0.275s] -- Up-to-date: /home/leibton/ros2_ws/src/install/dynamixel_custom_interfaces/include/dynamixel_custom_interfaces/msg
[0.275s] -- Up-to-date: /home/leibton/ros2_ws/src/install/dynamixel_custom_interfaces/include/dynamixel_custom_interfaces/msg/detail
[0.275s] -- Up-to-date: /home/leibton/ros2_ws/src/install/dynamixel_custom_interfaces/include/dynamixel_custom_interfaces/msg/detail/set_position__rosidl_typesupport_fastrtps_c.h
[0.275s] -- Up-to-date: /home/leibton/ros2_ws/src/install/dynamixel_custom_interfaces/include/dynamixel_custom_interfaces/msg/rosidl_typesupport_fastrtps_c__visibility_control.h
[0.275s] -- Up-to-date: /home/leibton/ros2_ws/src/install/dynamixel_custom_interfaces/include/dynamixel_custom_interfaces/srv
[0.275s] -- Up-to-date: /home/leibton/ros2_ws/src/install/dynamixel_custom_interfaces/include/dynamixel_custom_interfaces/srv/detail
[0.275s] -- Up-to-date: /home/leibton/ros2_ws/src/install/dynamixel_custom_interfaces/include/dynamixel_custom_interfaces/srv/detail/get_position__rosidl_typesupport_fastrtps_c.h
[0.276s] -- Up-to-date: /home/leibton/ros2_ws/src/install/dynamixel_custom_interfaces/lib/libdynamixel_custom_interfaces__rosidl_typesupport_fastrtps_c.so
[0.276s] -- Up-to-date: /home/leibton/ros2_ws/src/install/dynamixel_custom_interfaces/include/dynamixel_custom_interfaces
[0.276s] -- Up-to-date: /home/leibton/ros2_ws/src/install/dynamixel_custom_interfaces/include/dynamixel_custom_interfaces/msg
[0.276s] -- Up-to-date: /home/leibton/ros2_ws/src/install/dynamixel_custom_interfaces/include/dynamixel_custom_interfaces/msg/rosidl_typesupport_fastrtps_cpp__visibility_control.h
[0.276s] -- Up-to-date: /home/leibton/ros2_ws/src/install/dynamixel_custom_interfaces/include/dynamixel_custom_interfaces/msg/detail
[0.276s] -- Up-to-date: /home/leibton/ros2_ws/src/install/dynamixel_custom_interfaces/include/dynamixel_custom_interfaces/msg/detail/set_position__rosidl_typesupport_fastrtps_cpp.hpp
[0.276s] -- Up-to-date: /home/leibton/ros2_ws/src/install/dynamixel_custom_interfaces/include/dynamixel_custom_interfaces/msg/detail/dds_fastrtps
[0.276s] -- Up-to-date: /home/leibton/ros2_ws/src/install/dynamixel_custom_interfaces/include/dynamixel_custom_interfaces/srv
[0.276s] -- Up-to-date: /home/leibton/ros2_ws/src/install/dynamixel_custom_interfaces/include/dynamixel_custom_interfaces/srv/detail
[0.276s] -- Up-to-date: /home/leibton/ros2_ws/src/install/dynamixel_custom_interfaces/include/dynamixel_custom_interfaces/srv/detail/get_position__rosidl_typesupport_fastrtps_cpp.hpp
[0.276s] -- Up-to-date: /home/leibton/ros2_ws/src/install/dynamixel_custom_interfaces/include/dynamixel_custom_interfaces/srv/detail/dds_fastrtps
[0.276s] -- Up-to-date: /home/leibton/ros2_ws/src/install/dynamixel_custom_interfaces/lib/libdynamixel_custom_interfaces__rosidl_typesupport_fastrtps_cpp.so
[0.276s] -- Up-to-date: /home/leibton/ros2_ws/src/install/dynamixel_custom_interfaces/include/dynamixel_custom_interfaces
[0.276s] -- Up-to-date: /home/leibton/ros2_ws/src/install/dynamixel_custom_interfaces/include/dynamixel_custom_interfaces/msg
[0.276s] -- Up-to-date: /home/leibton/ros2_ws/src/install/dynamixel_custom_interfaces/include/dynamixel_custom_interfaces/msg/rosidl_typesupport_introspection_c__visibility_control.h
[0.276s] -- Up-to-date: /home/leibton/ros2_ws/src/install/dynamixel_custom_interfaces/include/dynamixel_custom_interfaces/msg/detail
[0.276s] -- Up-to-date: /home/leibton/ros2_ws/src/install/dynamixel_custom_interfaces/include/dynamixel_custom_interfaces/msg/detail/set_position__rosidl_typesupport_introspection_c.h
[0.277s] -- Up-to-date: /home/leibton/ros2_ws/src/install/dynamixel_custom_interfaces/include/dynamixel_custom_interfaces/msg/detail/set_position__type_support.c
[0.277s] -- Up-to-date: /home/leibton/ros2_ws/src/install/dynamixel_custom_interfaces/include/dynamixel_custom_interfaces/srv
[0.277s] -- Up-to-date: /home/leibton/ros2_ws/src/install/dynamixel_custom_interfaces/include/dynamixel_custom_interfaces/srv/detail
[0.277s] -- Up-to-date: /home/leibton/ros2_ws/src/install/dynamixel_custom_interfaces/include/dynamixel_custom_interfaces/srv/detail/get_position__rosidl_typesupport_introspection_c.h
[0.277s] -- Up-to-date: /home/leibton/ros2_ws/src/install/dynamixel_custom_interfaces/include/dynamixel_custom_interfaces/srv/detail/get_position__type_support.c
[0.277s] -- Up-to-date: /home/leibton/ros2_ws/src/install/dynamixel_custom_interfaces/lib/libdynamixel_custom_interfaces__rosidl_typesupport_introspection_c.so
[0.277s] -- Up-to-date: /home/leibton/ros2_ws/src/install/dynamixel_custom_interfaces/lib/libdynamixel_custom_interfaces__rosidl_typesupport_c.so
[0.277s] -- Up-to-date: /home/leibton/ros2_ws/src/install/dynamixel_custom_interfaces/include/dynamixel_custom_interfaces
[0.277s] -- Up-to-date: /home/leibton/ros2_ws/src/install/dynamixel_custom_interfaces/include/dynamixel_custom_interfaces/msg
[0.277s] -- Up-to-date: /home/leibton/ros2_ws/src/install/dynamixel_custom_interfaces/include/dynamixel_custom_interfaces/msg/set_position.hpp
[0.278s] -- Up-to-date: /home/leibton/ros2_ws/src/install/dynamixel_custom_interfaces/include/dynamixel_custom_interfaces/msg/detail
[0.278s] -- Up-to-date: /home/leibton/ros2_ws/src/install/dynamixel_custom_interfaces/include/dynamixel_custom_interfaces/msg/detail/set_position__type_support.hpp
[0.278s] -- Up-to-date: /home/leibton/ros2_ws/src/install/dynamixel_custom_interfaces/include/dynamixel_custom_interfaces/msg/detail/set_position__traits.hpp
[0.278s] -- Up-to-date: /home/leibton/ros2_ws/src/install/dynamixel_custom_interfaces/include/dynamixel_custom_interfaces/msg/detail/set_position__struct.hpp
[0.278s] -- Up-to-date: /home/leibton/ros2_ws/src/install/dynamixel_custom_interfaces/include/dynamixel_custom_interfaces/msg/detail/set_position__builder.hpp
[0.278s] -- Up-to-date: /home/leibton/ros2_ws/src/install/dynamixel_custom_interfaces/include/dynamixel_custom_interfaces/msg/rosidl_generator_cpp__visibility_control.hpp
[0.278s] -- Up-to-date: /home/leibton/ros2_ws/src/install/dynamixel_custom_interfaces/include/dynamixel_custom_interfaces/srv
[0.278s] -- Up-to-date: /home/leibton/ros2_ws/src/install/dynamixel_custom_interfaces/include/dynamixel_custom_interfaces/srv/get_position.hpp
[0.278s] -- Up-to-date: /home/leibton/ros2_ws/src/install/dynamixel_custom_interfaces/include/dynamixel_custom_interfaces/srv/detail
[0.278s] -- Up-to-date: /home/leibton/ros2_ws/src/install/dynamixel_custom_interfaces/include/dynamixel_custom_interfaces/srv/detail/get_position__builder.hpp
[0.279s] -- Up-to-date: /home/leibton/ros2_ws/src/install/dynamixel_custom_interfaces/include/dynamixel_custom_interfaces/srv/detail/get_position__struct.hpp
[0.279s] -- Up-to-date: /home/leibton/ros2_ws/src/install/dynamixel_custom_interfaces/include/dynamixel_custom_interfaces/srv/detail/get_position__type_support.hpp
[0.279s] -- Up-to-date: /home/leibton/ros2_ws/src/install/dynamixel_custom_interfaces/include/dynamixel_custom_interfaces/srv/detail/get_position__traits.hpp
[0.279s] -- Up-to-date: /home/leibton/ros2_ws/src/install/dynamixel_custom_interfaces/include/dynamixel_custom_interfaces
[0.279s] -- Up-to-date: /home/leibton/ros2_ws/src/install/dynamixel_custom_interfaces/include/dynamixel_custom_interfaces/msg
[0.279s] -- Up-to-date: /home/leibton/ros2_ws/src/install/dynamixel_custom_interfaces/include/dynamixel_custom_interfaces/msg/detail
[0.279s] -- Up-to-date: /home/leibton/ros2_ws/src/install/dynamixel_custom_interfaces/include/dynamixel_custom_interfaces/msg/detail/set_position__rosidl_typesupport_introspection_cpp.hpp
[0.279s] -- Up-to-date: /home/leibton/ros2_ws/src/install/dynamixel_custom_interfaces/include/dynamixel_custom_interfaces/msg/detail/set_position__type_support.cpp
[0.279s] -- Up-to-date: /home/leibton/ros2_ws/src/install/dynamixel_custom_interfaces/include/dynamixel_custom_interfaces/srv
[0.279s] -- Up-to-date: /home/leibton/ros2_ws/src/install/dynamixel_custom_interfaces/include/dynamixel_custom_interfaces/srv/detail
[0.279s] -- Up-to-date: /home/leibton/ros2_ws/src/install/dynamixel_custom_interfaces/include/dynamixel_custom_interfaces/srv/detail/get_position__rosidl_typesupport_introspection_cpp.hpp
[0.280s] -- Up-to-date: /home/leibton/ros2_ws/src/install/dynamixel_custom_interfaces/include/dynamixel_custom_interfaces/srv/detail/get_position__type_support.cpp
[0.280s] -- Up-to-date: /home/leibton/ros2_ws/src/install/dynamixel_custom_interfaces/lib/libdynamixel_custom_interfaces__rosidl_typesupport_introspection_cpp.so
[0.280s] -- Up-to-date: /home/leibton/ros2_ws/src/install/dynamixel_custom_interfaces/lib/libdynamixel_custom_interfaces__rosidl_typesupport_cpp.so
[0.280s] -- Up-to-date: /home/leibton/ros2_ws/src/install/dynamixel_custom_interfaces/share/dynamixel_custom_interfaces/environment/pythonpath.sh
[0.280s] -- Up-to-date: /home/leibton/ros2_ws/src/install/dynamixel_custom_interfaces/share/dynamixel_custom_interfaces/environment/pythonpath.dsv
[0.281s] -- Up-to-date: /home/leibton/ros2_ws/src/install/dynamixel_custom_interfaces/lib/python3.8/site-packages/dynamixel_custom_interfaces/__init__.py
[0.299s] -- Up-to-date: /home/leibton/ros2_ws/src/install/dynamixel_custom_interfaces/lib/python3.8/site-packages/dynamixel_custom_interfaces/msg
[0.299s] -- Up-to-date: /home/leibton/ros2_ws/src/install/dynamixel_custom_interfaces/lib/python3.8/site-packages/dynamixel_custom_interfaces/msg/_set_position_s.c
[0.300s] -- Up-to-date: /home/leibton/ros2_ws/src/install/dynamixel_custom_interfaces/lib/python3.8/site-packages/dynamixel_custom_interfaces/msg/__init__.py
[0.300s] -- Up-to-date: /home/leibton/ros2_ws/src/install/dynamixel_custom_interfaces/lib/python3.8/site-packages/dynamixel_custom_interfaces/msg/_set_position.py
[0.300s] -- Up-to-date: /home/leibton/ros2_ws/src/install/dynamixel_custom_interfaces/lib/python3.8/site-packages/dynamixel_custom_interfaces/srv
[0.300s] -- Up-to-date: /home/leibton/ros2_ws/src/install/dynamixel_custom_interfaces/lib/python3.8/site-packages/dynamixel_custom_interfaces/srv/__init__.py
[0.300s] -- Up-to-date: /home/leibton/ros2_ws/src/install/dynamixel_custom_interfaces/lib/python3.8/site-packages/dynamixel_custom_interfaces/srv/_get_position_s.c
[0.300s] -- Up-to-date: /home/leibton/ros2_ws/src/install/dynamixel_custom_interfaces/lib/python3.8/site-packages/dynamixel_custom_interfaces/srv/_get_position.py
[0.300s] -- Up-to-date: /home/leibton/ros2_ws/src/install/dynamixel_custom_interfaces/lib/python3.8/site-packages/dynamixel_custom_interfaces/dynamixel_custom_interfaces_s__rosidl_typesupport_fastrtps_c.cpython-38-x86_64-linux-gnu.so
[0.301s] -- Up-to-date: /home/leibton/ros2_ws/src/install/dynamixel_custom_interfaces/lib/python3.8/site-packages/dynamixel_custom_interfaces/dynamixel_custom_interfaces_s__rosidl_typesupport_introspection_c.cpython-38-x86_64-linux-gnu.so
[0.302s] -- Up-to-date: /home/leibton/ros2_ws/src/install/dynamixel_custom_interfaces/lib/python3.8/site-packages/dynamixel_custom_interfaces/dynamixel_custom_interfaces_s__rosidl_typesupport_c.cpython-38-x86_64-linux-gnu.so
[0.303s] -- Up-to-date: /home/leibton/ros2_ws/src/install/dynamixel_custom_interfaces/lib/libdynamixel_custom_interfaces__python.so
[0.304s] -- Up-to-date: /home/leibton/ros2_ws/src/install/dynamixel_custom_interfaces/share/dynamixel_custom_interfaces/msg/SetPosition.idl
[0.304s] -- Up-to-date: /home/leibton/ros2_ws/src/install/dynamixel_custom_interfaces/share/dynamixel_custom_interfaces/srv/GetPosition.idl
[0.304s] -- Up-to-date: /home/leibton/ros2_ws/src/install/dynamixel_custom_interfaces/share/dynamixel_custom_interfaces/msg/SetPosition.msg
[0.304s] -- Up-to-date: /home/leibton/ros2_ws/src/install/dynamixel_custom_interfaces/share/dynamixel_custom_interfaces/srv/GetPosition.srv
[0.304s] -- Up-to-date: /home/leibton/ros2_ws/src/install/dynamixel_custom_interfaces/share/dynamixel_custom_interfaces/srv/GetPosition_Request.msg
[0.304s] -- Up-to-date: /home/leibton/ros2_ws/src/install/dynamixel_custom_interfaces/share/dynamixel_custom_interfaces/srv/GetPosition_Response.msg
[0.305s] -- Up-to-date: /home/leibton/ros2_ws/src/install/dynamixel_custom_interfaces/share/ament_index/resource_index/package_run_dependencies/dynamixel_custom_interfaces
[0.305s] -- Up-to-date: /home/leibton/ros2_ws/src/install/dynamixel_custom_interfaces/share/ament_index/resource_index/parent_prefix_path/dynamixel_custom_interfaces
[0.305s] -- Up-to-date: /home/leibton/ros2_ws/src/install/dynamixel_custom_interfaces/share/dynamixel_custom_interfaces/environment/ament_prefix_path.sh
[0.305s] -- Up-to-date: /home/leibton/ros2_ws/src/install/dynamixel_custom_interfaces/share/dynamixel_custom_interfaces/environment/ament_prefix_path.dsv
[0.305s] -- Up-to-date: /home/leibton/ros2_ws/src/install/dynamixel_custom_interfaces/share/dynamixel_custom_interfaces/environment/path.sh
[0.305s] -- Up-to-date: /home/leibton/ros2_ws/src/install/dynamixel_custom_interfaces/share/dynamixel_custom_interfaces/environment/path.dsv
[0.305s] -- Up-to-date: /home/leibton/ros2_ws/src/install/dynamixel_custom_interfaces/share/dynamixel_custom_interfaces/local_setup.bash
[0.306s] -- Up-to-date: /home/leibton/ros2_ws/src/install/dynamixel_custom_interfaces/share/dynamixel_custom_interfaces/local_setup.sh
[0.306s] -- Up-to-date: /home/leibton/ros2_ws/src/install/dynamixel_custom_interfaces/share/dynamixel_custom_interfaces/local_setup.zsh
[0.306s] -- Up-to-date: /home/leibton/ros2_ws/src/install/dynamixel_custom_interfaces/share/dynamixel_custom_interfaces/local_setup.dsv
[0.306s] -- Installing: /home/leibton/ros2_ws/src/install/dynamixel_custom_interfaces/share/dynamixel_custom_interfaces/package.dsv
[0.306s] -- Up-to-date: /home/leibton/ros2_ws/src/install/dynamixel_custom_interfaces/share/ament_index/resource_index/packages/dynamixel_custom_interfaces
[0.307s] -- Up-to-date: /home/leibton/ros2_ws/src/install/dynamixel_custom_interfaces/share/dynamixel_custom_interfaces/cmake/dynamixel_custom_interfaces__rosidl_generator_cExport.cmake
[0.307s] -- Up-to-date: /home/leibton/ros2_ws/src/install/dynamixel_custom_interfaces/share/dynamixel_custom_interfaces/cmake/dynamixel_custom_interfaces__rosidl_generator_cExport-noconfig.cmake
[0.308s] -- Up-to-date: /home/leibton/ros2_ws/src/install/dynamixel_custom_interfaces/share/dynamixel_custom_interfaces/cmake/dynamixel_custom_interfaces__rosidl_typesupport_introspection_cExport.cmake
[0.308s] -- Up-to-date: /home/leibton/ros2_ws/src/install/dynamixel_custom_interfaces/share/dynamixel_custom_interfaces/cmake/dynamixel_custom_interfaces__rosidl_typesupport_introspection_cExport-noconfig.cmake
[0.308s] -- Up-to-date: /home/leibton/ros2_ws/src/install/dynamixel_custom_interfaces/share/dynamixel_custom_interfaces/cmake/dynamixel_custom_interfaces__rosidl_typesupport_cExport.cmake
[0.309s] -- Up-to-date: /home/leibton/ros2_ws/src/install/dynamixel_custom_interfaces/share/dynamixel_custom_interfaces/cmake/dynamixel_custom_interfaces__rosidl_typesupport_cExport-noconfig.cmake
[0.309s] -- Up-to-date: /home/leibton/ros2_ws/src/install/dynamixel_custom_interfaces/share/dynamixel_custom_interfaces/cmake/dynamixel_custom_interfaces__rosidl_generator_cppExport.cmake
[0.309s] -- Up-to-date: /home/leibton/ros2_ws/src/install/dynamixel_custom_interfaces/share/dynamixel_custom_interfaces/cmake/dynamixel_custom_interfaces__rosidl_typesupport_introspection_cppExport.cmake
[0.309s] -- Up-to-date: /home/leibton/ros2_ws/src/install/dynamixel_custom_interfaces/share/dynamixel_custom_interfaces/cmake/dynamixel_custom_interfaces__rosidl_typesupport_introspection_cppExport-noconfig.cmake
[0.310s] -- Up-to-date: /home/leibton/ros2_ws/src/install/dynamixel_custom_interfaces/share/dynamixel_custom_interfaces/cmake/dynamixel_custom_interfaces__rosidl_typesupport_cppExport.cmake
[0.310s] -- Up-to-date: /home/leibton/ros2_ws/src/install/dynamixel_custom_interfaces/share/dynamixel_custom_interfaces/cmake/dynamixel_custom_interfaces__rosidl_typesupport_cppExport-noconfig.cmake
[0.310s] -- Up-to-date: /home/leibton/ros2_ws/src/install/dynamixel_custom_interfaces/share/dynamixel_custom_interfaces/cmake/rosidl_cmake-extras.cmake
[0.310s] -- Up-to-date: /home/leibton/ros2_ws/src/install/dynamixel_custom_interfaces/share/dynamixel_custom_interfaces/cmake/ament_cmake_export_dependencies-extras.cmake
[0.310s] -- Up-to-date: /home/leibton/ros2_ws/src/install/dynamixel_custom_interfaces/share/dynamixel_custom_interfaces/cmake/ament_cmake_export_libraries-extras.cmake
[0.311s] -- Up-to-date: /home/leibton/ros2_ws/src/install/dynamixel_custom_interfaces/share/dynamixel_custom_interfaces/cmake/ament_cmake_export_targets-extras.cmake
[0.311s] -- Up-to-date: /home/leibton/ros2_ws/src/install/dynamixel_custom_interfaces/share/dynamixel_custom_interfaces/cmake/ament_cmake_export_include_directories-extras.cmake
[0.311s] -- Up-to-date: /home/leibton/ros2_ws/src/install/dynamixel_custom_interfaces/share/dynamixel_custom_interfaces/cmake/rosidl_cmake_export_typesupport_libraries-extras.cmake
[0.311s] -- Up-to-date: /home/leibton/ros2_ws/src/install/dynamixel_custom_interfaces/share/dynamixel_custom_interfaces/cmake/rosidl_cmake_export_typesupport_targets-extras.cmake
[0.311s] -- Up-to-date: /home/leibton/ros2_ws/src/install/dynamixel_custom_interfaces/share/dynamixel_custom_interfaces/cmake/dynamixel_custom_interfacesConfig.cmake
[0.315s] -- Up-to-date: /home/leibton/ros2_ws/src/install/dynamixel_custom_interfaces/share/dynamixel_custom_interfaces/cmake/dynamixel_custom_interfacesConfig-version.cmake
[0.316s] -- Up-to-date: /home/leibton/ros2_ws/src/install/dynamixel_custom_interfaces/share/dynamixel_custom_interfaces/package.xml
[0.330s] Invoked command in '/home/leibton/ros2_ws/src/build/dynamixel_custom_interfaces' returned '0': CMAKE_PREFIX_PATH=/opt/ros/foxy /usr/bin/cmake --install /home/leibton/ros2_ws/src/build/dynamixel_custom_interfaces
