[0.208s] DEBUG:colcon:Command line arguments: ['/usr/bin/colcon', 'build']
[0.208s] DEBUG:colcon:Parsed command line arguments: Namespace(allow_overriding=[], ament_cmake_args=None, base_paths=['.'], build_base='build', catkin_cmake_args=None, catkin_skip_building_tests=False, cmake_args=None, cmake_clean_cache=False, cmake_clean_first=False, cmake_force_configure=False, cmake_target=None, cmake_target_skip_unavailable=False, continue_on_error=False, event_handlers=None, executor='parallel', ignore_user_meta=False, install_base='install', log_base=None, log_level=None, main=<bound method BuildVerb.main of <colcon_core.verb.build.BuildVerb object at 0x7fd4e4e5fcd0>>, merge_install=False, metas=['./colcon.meta'], packages_above=None, packages_above_and_dependencies=None, packages_above_depth=None, packages_end=None, packages_ignore=None, packages_ignore_regex=None, packages_select=None, packages_select_build_failed=False, packages_select_by_dep=None, packages_select_regex=None, packages_select_test_failures=False, packages_skip=None, packages_skip_build_finished=False, packages_skip_by_dep=None, packages_skip_regex=None, packages_skip_test_passed=False, packages_skip_up_to=None, packages_start=None, packages_up_to=None, packages_up_to_regex=None, parallel_workers=12, paths=None, symlink_install=False, test_result_base=None, verb_extension=<colcon_core.verb.build.BuildVerb object at 0x7fd4e4e5fcd0>, verb_name='build', verb_parser=<colcon_defaults.argument_parser.defaults.DefaultArgumentsDecorator object at 0x7fd4e4de8280>)
[0.225s] Level 1:colcon.colcon_core.package_discovery:discover_packages(colcon_meta) check parameters
[0.226s] Level 1:colcon.colcon_core.package_discovery:discover_packages(recursive) check parameters
[0.226s] Level 1:colcon.colcon_core.package_discovery:discover_packages(ignore) check parameters
[0.226s] Level 1:colcon.colcon_core.package_discovery:discover_packages(path) check parameters
[0.226s] Level 1:colcon.colcon_core.package_discovery:discover_packages(colcon_meta) discover
[0.226s] Level 1:colcon.colcon_core.package_discovery:discover_packages(recursive) discover
[0.226s] INFO:colcon.colcon_core.package_discovery:Crawling recursively for packages in '/home/leibton/ros2_ws/src'
[0.226s] Level 1:colcon.colcon_core.package_identification:_identify(.) by extensions ['ignore', 'ignore_ament_install']
[0.226s] Level 1:colcon.colcon_core.package_identification:_identify(.) by extension 'ignore'
[0.226s] Level 1:colcon.colcon_core.package_identification:_identify(.) by extension 'ignore_ament_install'
[0.226s] Level 1:colcon.colcon_core.package_identification:_identify(.) by extensions ['colcon_pkg']
[0.226s] Level 1:colcon.colcon_core.package_identification:_identify(.) by extension 'colcon_pkg'
[0.226s] Level 1:colcon.colcon_core.package_identification:_identify(.) by extensions ['colcon_meta']
[0.226s] Level 1:colcon.colcon_core.package_identification:_identify(.) by extension 'colcon_meta'
[0.226s] Level 1:colcon.colcon_core.package_identification:_identify(.) by extensions ['ros']
[0.226s] Level 1:colcon.colcon_core.package_identification:_identify(.) by extension 'ros'
[0.239s] Level 1:colcon.colcon_core.package_identification:_identify(.) by extensions ['cmake', 'python']
[0.239s] Level 1:colcon.colcon_core.package_identification:_identify(.) by extension 'cmake'
[0.239s] Level 1:colcon.colcon_core.package_identification:_identify(.) by extension 'python'
[0.239s] Level 1:colcon.colcon_core.package_identification:_identify(.) by extensions ['python_setup_py']
[0.239s] Level 1:colcon.colcon_core.package_identification:_identify(.) by extension 'python_setup_py'
[0.239s] Level 1:colcon.colcon_core.package_identification:_identify(DynamixelSDK) by extensions ['ignore', 'ignore_ament_install']
[0.239s] Level 1:colcon.colcon_core.package_identification:_identify(DynamixelSDK) by extension 'ignore'
[0.239s] Level 1:colcon.colcon_core.package_identification:_identify(DynamixelSDK) by extension 'ignore_ament_install'
[0.239s] Level 1:colcon.colcon_core.package_identification:_identify(DynamixelSDK) by extensions ['colcon_pkg']
[0.239s] Level 1:colcon.colcon_core.package_identification:_identify(DynamixelSDK) by extension 'colcon_pkg'
[0.239s] Level 1:colcon.colcon_core.package_identification:_identify(DynamixelSDK) by extensions ['colcon_meta']
[0.239s] Level 1:colcon.colcon_core.package_identification:_identify(DynamixelSDK) by extension 'colcon_meta'
[0.239s] Level 1:colcon.colcon_core.package_identification:_identify(DynamixelSDK) by extensions ['ros']
[0.239s] Level 1:colcon.colcon_core.package_identification:_identify(DynamixelSDK) by extension 'ros'
[0.239s] Level 1:colcon.colcon_core.package_identification:_identify(DynamixelSDK) by extensions ['cmake', 'python']
[0.239s] Level 1:colcon.colcon_core.package_identification:_identify(DynamixelSDK) by extension 'cmake'
[0.239s] Level 1:colcon.colcon_core.package_identification:_identify(DynamixelSDK) by extension 'python'
[0.239s] Level 1:colcon.colcon_core.package_identification:_identify(DynamixelSDK) by extensions ['python_setup_py']
[0.239s] Level 1:colcon.colcon_core.package_identification:_identify(DynamixelSDK) by extension 'python_setup_py'
[0.240s] Level 1:colcon.colcon_core.package_identification:_identify(build) by extensions ['ignore', 'ignore_ament_install']
[0.240s] Level 1:colcon.colcon_core.package_identification:_identify(build) by extension 'ignore'
[0.240s] Level 1:colcon.colcon_core.package_identification:_identify(build) ignored
[0.240s] Level 1:colcon.colcon_core.package_identification:_identify(dynamixel-workbench) by extensions ['ignore', 'ignore_ament_install']
[0.240s] Level 1:colcon.colcon_core.package_identification:_identify(dynamixel-workbench) by extension 'ignore'
[0.240s] Level 1:colcon.colcon_core.package_identification:_identify(dynamixel-workbench) by extension 'ignore_ament_install'
[0.240s] Level 1:colcon.colcon_core.package_identification:_identify(dynamixel-workbench) by extensions ['colcon_pkg']
[0.240s] Level 1:colcon.colcon_core.package_identification:_identify(dynamixel-workbench) by extension 'colcon_pkg'
[0.240s] Level 1:colcon.colcon_core.package_identification:_identify(dynamixel-workbench) by extensions ['colcon_meta']
[0.240s] Level 1:colcon.colcon_core.package_identification:_identify(dynamixel-workbench) by extension 'colcon_meta'
[0.240s] Level 1:colcon.colcon_core.package_identification:_identify(dynamixel-workbench) by extensions ['ros']
[0.240s] Level 1:colcon.colcon_core.package_identification:_identify(dynamixel-workbench) by extension 'ros'
[0.240s] Level 1:colcon.colcon_core.package_identification:_identify(dynamixel-workbench) by extensions ['cmake', 'python']
[0.240s] Level 1:colcon.colcon_core.package_identification:_identify(dynamixel-workbench) by extension 'cmake'
[0.240s] Level 1:colcon.colcon_core.package_identification:_identify(dynamixel-workbench) by extension 'python'
[0.240s] Level 1:colcon.colcon_core.package_identification:_identify(dynamixel-workbench) by extensions ['python_setup_py']
[0.240s] Level 1:colcon.colcon_core.package_identification:_identify(dynamixel-workbench) by extension 'python_setup_py'
[0.240s] Level 1:colcon.colcon_core.package_identification:_identify(dynamixel_custom_interfaces) by extensions ['ignore', 'ignore_ament_install']
[0.240s] Level 1:colcon.colcon_core.package_identification:_identify(dynamixel_custom_interfaces) by extension 'ignore'
[0.240s] Level 1:colcon.colcon_core.package_identification:_identify(dynamixel_custom_interfaces) by extension 'ignore_ament_install'
[0.240s] Level 1:colcon.colcon_core.package_identification:_identify(dynamixel_custom_interfaces) by extensions ['colcon_pkg']
[0.240s] Level 1:colcon.colcon_core.package_identification:_identify(dynamixel_custom_interfaces) by extension 'colcon_pkg'
[0.240s] Level 1:colcon.colcon_core.package_identification:_identify(dynamixel_custom_interfaces) by extensions ['colcon_meta']
[0.241s] Level 1:colcon.colcon_core.package_identification:_identify(dynamixel_custom_interfaces) by extension 'colcon_meta'
[0.241s] Level 1:colcon.colcon_core.package_identification:_identify(dynamixel_custom_interfaces) by extensions ['ros']
[0.241s] Level 1:colcon.colcon_core.package_identification:_identify(dynamixel_custom_interfaces) by extension 'ros'
[0.242s] DEBUG:colcon.colcon_core.package_identification:Package 'dynamixel_custom_interfaces' with type 'ros.ament_cmake' and name 'dynamixel_custom_interfaces'
[0.242s] Level 1:colcon.colcon_core.package_identification:_identify(dynamixel_hardware_interface) by extensions ['ignore', 'ignore_ament_install']
[0.242s] Level 1:colcon.colcon_core.package_identification:_identify(dynamixel_hardware_interface) by extension 'ignore'
[0.242s] Level 1:colcon.colcon_core.package_identification:_identify(dynamixel_hardware_interface) by extension 'ignore_ament_install'
[0.242s] Level 1:colcon.colcon_core.package_identification:_identify(dynamixel_hardware_interface) by extensions ['colcon_pkg']
[0.242s] Level 1:colcon.colcon_core.package_identification:_identify(dynamixel_hardware_interface) by extension 'colcon_pkg'
[0.242s] Level 1:colcon.colcon_core.package_identification:_identify(dynamixel_hardware_interface) by extensions ['colcon_meta']
[0.243s] Level 1:colcon.colcon_core.package_identification:_identify(dynamixel_hardware_interface) by extension 'colcon_meta'
[0.243s] Level 1:colcon.colcon_core.package_identification:_identify(dynamixel_hardware_interface) by extensions ['ros']
[0.243s] Level 1:colcon.colcon_core.package_identification:_identify(dynamixel_hardware_interface) by extension 'ros'
[0.243s] DEBUG:colcon.colcon_core.package_identification:Package 'dynamixel_hardware_interface' with type 'ros.ament_cmake' and name 'dynamixel_hardware_interface'
[0.243s] Level 1:colcon.colcon_core.package_identification:_identify(install) by extensions ['ignore', 'ignore_ament_install']
[0.243s] Level 1:colcon.colcon_core.package_identification:_identify(install) by extension 'ignore'
[0.243s] Level 1:colcon.colcon_core.package_identification:_identify(install) ignored
[0.243s] Level 1:colcon.colcon_core.package_identification:_identify(log) by extensions ['ignore', 'ignore_ament_install']
[0.243s] Level 1:colcon.colcon_core.package_identification:_identify(log) by extension 'ignore'
[0.243s] Level 1:colcon.colcon_core.package_identification:_identify(log) ignored
[0.243s] Level 1:colcon.colcon_core.package_identification:_identify(moonbot_control) by extensions ['ignore', 'ignore_ament_install']
[0.244s] Level 1:colcon.colcon_core.package_identification:_identify(moonbot_control) by extension 'ignore'
[0.244s] Level 1:colcon.colcon_core.package_identification:_identify(moonbot_control) by extension 'ignore_ament_install'
[0.244s] Level 1:colcon.colcon_core.package_identification:_identify(moonbot_control) by extensions ['colcon_pkg']
[0.244s] Level 1:colcon.colcon_core.package_identification:_identify(moonbot_control) by extension 'colcon_pkg'
[0.244s] Level 1:colcon.colcon_core.package_identification:_identify(moonbot_control) by extensions ['colcon_meta']
[0.244s] Level 1:colcon.colcon_core.package_identification:_identify(moonbot_control) by extension 'colcon_meta'
[0.244s] Level 1:colcon.colcon_core.package_identification:_identify(moonbot_control) by extensions ['ros']
[0.244s] Level 1:colcon.colcon_core.package_identification:_identify(moonbot_control) by extension 'ros'
[0.244s] DEBUG:colcon.colcon_core.package_identification:Package 'moonbot_control' with type 'ros.ament_cmake' and name 'moonbot_control'
[0.244s] Level 1:colcon.colcon_core.package_identification:_identify(moonbot_description) by extensions ['ignore', 'ignore_ament_install']
[0.245s] Level 1:colcon.colcon_core.package_identification:_identify(moonbot_description) by extension 'ignore'
[0.245s] Level 1:colcon.colcon_core.package_identification:_identify(moonbot_description) by extension 'ignore_ament_install'
[0.245s] Level 1:colcon.colcon_core.package_identification:_identify(moonbot_description) by extensions ['colcon_pkg']
[0.245s] Level 1:colcon.colcon_core.package_identification:_identify(moonbot_description) by extension 'colcon_pkg'
[0.245s] Level 1:colcon.colcon_core.package_identification:_identify(moonbot_description) by extensions ['colcon_meta']
[0.245s] Level 1:colcon.colcon_core.package_identification:_identify(moonbot_description) by extension 'colcon_meta'
[0.245s] Level 1:colcon.colcon_core.package_identification:_identify(moonbot_description) by extensions ['ros']
[0.245s] Level 1:colcon.colcon_core.package_identification:_identify(moonbot_description) by extension 'ros'
[0.245s] DEBUG:colcon.colcon_core.package_identification:Package 'moonbot_description' with type 'ros.ament_cmake' and name 'moonbot_description'
[0.245s] Level 1:colcon.colcon_core.package_identification:_identify(moonbot_gazebo) by extensions ['ignore', 'ignore_ament_install']
[0.245s] Level 1:colcon.colcon_core.package_identification:_identify(moonbot_gazebo) by extension 'ignore'
[0.245s] Level 1:colcon.colcon_core.package_identification:_identify(moonbot_gazebo) by extension 'ignore_ament_install'
[0.245s] Level 1:colcon.colcon_core.package_identification:_identify(moonbot_gazebo) by extensions ['colcon_pkg']
[0.245s] Level 1:colcon.colcon_core.package_identification:_identify(moonbot_gazebo) by extension 'colcon_pkg'
[0.245s] Level 1:colcon.colcon_core.package_identification:_identify(moonbot_gazebo) by extensions ['colcon_meta']
[0.246s] Level 1:colcon.colcon_core.package_identification:_identify(moonbot_gazebo) by extension 'colcon_meta'
[0.246s] Level 1:colcon.colcon_core.package_identification:_identify(moonbot_gazebo) by extensions ['ros']
[0.246s] Level 1:colcon.colcon_core.package_identification:_identify(moonbot_gazebo) by extension 'ros'
[0.246s] DEBUG:colcon.colcon_core.package_identification:Package 'moonbot_gazebo' with type 'ros.ament_cmake' and name 'moonbot_gazebo'
[0.246s] Level 1:colcon.colcon_core.package_identification:_identify(my_robot_hardware_interface) by extensions ['ignore', 'ignore_ament_install']
[0.246s] Level 1:colcon.colcon_core.package_identification:_identify(my_robot_hardware_interface) by extension 'ignore'
[0.246s] Level 1:colcon.colcon_core.package_identification:_identify(my_robot_hardware_interface) by extension 'ignore_ament_install'
[0.246s] Level 1:colcon.colcon_core.package_identification:_identify(my_robot_hardware_interface) by extensions ['colcon_pkg']
[0.247s] Level 1:colcon.colcon_core.package_identification:_identify(my_robot_hardware_interface) by extension 'colcon_pkg'
[0.247s] Level 1:colcon.colcon_core.package_identification:_identify(my_robot_hardware_interface) by extensions ['colcon_meta']
[0.247s] Level 1:colcon.colcon_core.package_identification:_identify(my_robot_hardware_interface) by extension 'colcon_meta'
[0.247s] Level 1:colcon.colcon_core.package_identification:_identify(my_robot_hardware_interface) by extensions ['ros']
[0.247s] Level 1:colcon.colcon_core.package_identification:_identify(my_robot_hardware_interface) by extension 'ros'
[0.247s] DEBUG:colcon.colcon_core.package_identification:Package 'my_robot_hardware_interface' with type 'ros.ament_cmake' and name 'my_robot_hardware_interface'
[0.247s] Level 1:colcon.colcon_core.package_identification:_identify(trial) by extensions ['ignore', 'ignore_ament_install']
[0.247s] Level 1:colcon.colcon_core.package_identification:_identify(trial) by extension 'ignore'
[0.247s] Level 1:colcon.colcon_core.package_identification:_identify(trial) by extension 'ignore_ament_install'
[0.247s] Level 1:colcon.colcon_core.package_identification:_identify(trial) by extensions ['colcon_pkg']
[0.247s] Level 1:colcon.colcon_core.package_identification:_identify(trial) by extension 'colcon_pkg'
[0.247s] Level 1:colcon.colcon_core.package_identification:_identify(trial) by extensions ['colcon_meta']
[0.247s] Level 1:colcon.colcon_core.package_identification:_identify(trial) by extension 'colcon_meta'
[0.247s] Level 1:colcon.colcon_core.package_identification:_identify(trial) by extensions ['ros']
[0.247s] Level 1:colcon.colcon_core.package_identification:_identify(trial) by extension 'ros'
[0.248s] DEBUG:colcon.colcon_core.package_identification:Package 'trial' with type 'ros.ament_python' and name 'trial'
[0.248s] Level 1:colcon.colcon_core.package_discovery:discover_packages(recursive) using defaults
[0.248s] Level 1:colcon.colcon_core.package_discovery:discover_packages(ignore) discover
[0.248s] Level 1:colcon.colcon_core.package_discovery:discover_packages(ignore) using defaults
[0.248s] Level 1:colcon.colcon_core.package_discovery:discover_packages(path) discover
[0.248s] Level 1:colcon.colcon_core.package_discovery:discover_packages(path) using defaults
[0.262s] Level 1:colcon.colcon_core.package_discovery:discover_packages(prefix_path) check parameters
[0.262s] Level 1:colcon.colcon_core.package_discovery:discover_packages(prefix_path) discover
[0.264s] DEBUG:colcon.colcon_installed_package_information.package_discovery:Found 7 installed packages in /home/leibton/ros2_ws/src/install
[0.265s] DEBUG:colcon.colcon_installed_package_information.package_discovery:Found 273 installed packages in /opt/ros/foxy
[0.266s] Level 1:colcon.colcon_core.package_discovery:discover_packages(prefix_path) using defaults
[0.312s] Level 5:colcon.colcon_core.verb:set package 'dynamixel_custom_interfaces' build argument 'cmake_args' from command line to 'None'
[0.312s] Level 5:colcon.colcon_core.verb:set package 'dynamixel_custom_interfaces' build argument 'cmake_target' from command line to 'None'
[0.312s] Level 5:colcon.colcon_core.verb:set package 'dynamixel_custom_interfaces' build argument 'cmake_target_skip_unavailable' from command line to 'False'
[0.312s] Level 5:colcon.colcon_core.verb:set package 'dynamixel_custom_interfaces' build argument 'cmake_clean_cache' from command line to 'False'
[0.312s] Level 5:colcon.colcon_core.verb:set package 'dynamixel_custom_interfaces' build argument 'cmake_clean_first' from command line to 'False'
[0.312s] Level 5:colcon.colcon_core.verb:set package 'dynamixel_custom_interfaces' build argument 'cmake_force_configure' from command line to 'False'
[0.312s] Level 5:colcon.colcon_core.verb:set package 'dynamixel_custom_interfaces' build argument 'ament_cmake_args' from command line to 'None'
[0.312s] Level 5:colcon.colcon_core.verb:set package 'dynamixel_custom_interfaces' build argument 'catkin_cmake_args' from command line to 'None'
[0.312s] Level 5:colcon.colcon_core.verb:set package 'dynamixel_custom_interfaces' build argument 'catkin_skip_building_tests' from command line to 'False'
[0.312s] DEBUG:colcon.colcon_core.verb:Building package 'dynamixel_custom_interfaces' with the following arguments: {'ament_cmake_args': None, 'build_base': '/home/leibton/ros2_ws/src/build/dynamixel_custom_interfaces', 'catkin_cmake_args': None, 'catkin_skip_building_tests': False, 'cmake_args': None, 'cmake_clean_cache': False, 'cmake_clean_first': False, 'cmake_force_configure': False, 'cmake_target': None, 'cmake_target_skip_unavailable': False, 'install_base': '/home/leibton/ros2_ws/src/install/dynamixel_custom_interfaces', 'merge_install': False, 'path': '/home/leibton/ros2_ws/src/dynamixel_custom_interfaces', 'symlink_install': False, 'test_result_base': None}
[0.313s] Level 5:colcon.colcon_core.verb:set package 'dynamixel_hardware_interface' build argument 'cmake_args' from command line to 'None'
[0.313s] Level 5:colcon.colcon_core.verb:set package 'dynamixel_hardware_interface' build argument 'cmake_target' from command line to 'None'
[0.313s] Level 5:colcon.colcon_core.verb:set package 'dynamixel_hardware_interface' build argument 'cmake_target_skip_unavailable' from command line to 'False'
[0.313s] Level 5:colcon.colcon_core.verb:set package 'dynamixel_hardware_interface' build argument 'cmake_clean_cache' from command line to 'False'
[0.313s] Level 5:colcon.colcon_core.verb:set package 'dynamixel_hardware_interface' build argument 'cmake_clean_first' from command line to 'False'
[0.313s] Level 5:colcon.colcon_core.verb:set package 'dynamixel_hardware_interface' build argument 'cmake_force_configure' from command line to 'False'
[0.313s] Level 5:colcon.colcon_core.verb:set package 'dynamixel_hardware_interface' build argument 'ament_cmake_args' from command line to 'None'
[0.313s] Level 5:colcon.colcon_core.verb:set package 'dynamixel_hardware_interface' build argument 'catkin_cmake_args' from command line to 'None'
[0.313s] Level 5:colcon.colcon_core.verb:set package 'dynamixel_hardware_interface' build argument 'catkin_skip_building_tests' from command line to 'False'
[0.313s] DEBUG:colcon.colcon_core.verb:Building package 'dynamixel_hardware_interface' with the following arguments: {'ament_cmake_args': None, 'build_base': '/home/leibton/ros2_ws/src/build/dynamixel_hardware_interface', 'catkin_cmake_args': None, 'catkin_skip_building_tests': False, 'cmake_args': None, 'cmake_clean_cache': False, 'cmake_clean_first': False, 'cmake_force_configure': False, 'cmake_target': None, 'cmake_target_skip_unavailable': False, 'install_base': '/home/leibton/ros2_ws/src/install/dynamixel_hardware_interface', 'merge_install': False, 'path': '/home/leibton/ros2_ws/src/dynamixel_hardware_interface', 'symlink_install': False, 'test_result_base': None}
[0.313s] Level 5:colcon.colcon_core.verb:set package 'moonbot_description' build argument 'cmake_args' from command line to 'None'
[0.314s] Level 5:colcon.colcon_core.verb:set package 'moonbot_description' build argument 'cmake_target' from command line to 'None'
[0.314s] Level 5:colcon.colcon_core.verb:set package 'moonbot_description' build argument 'cmake_target_skip_unavailable' from command line to 'False'
[0.314s] Level 5:colcon.colcon_core.verb:set package 'moonbot_description' build argument 'cmake_clean_cache' from command line to 'False'
[0.314s] Level 5:colcon.colcon_core.verb:set package 'moonbot_description' build argument 'cmake_clean_first' from command line to 'False'
[0.314s] Level 5:colcon.colcon_core.verb:set package 'moonbot_description' build argument 'cmake_force_configure' from command line to 'False'
[0.314s] Level 5:colcon.colcon_core.verb:set package 'moonbot_description' build argument 'ament_cmake_args' from command line to 'None'
[0.314s] Level 5:colcon.colcon_core.verb:set package 'moonbot_description' build argument 'catkin_cmake_args' from command line to 'None'
[0.314s] Level 5:colcon.colcon_core.verb:set package 'moonbot_description' build argument 'catkin_skip_building_tests' from command line to 'False'
[0.314s] DEBUG:colcon.colcon_core.verb:Building package 'moonbot_description' with the following arguments: {'ament_cmake_args': None, 'build_base': '/home/leibton/ros2_ws/src/build/moonbot_description', 'catkin_cmake_args': None, 'catkin_skip_building_tests': False, 'cmake_args': None, 'cmake_clean_cache': False, 'cmake_clean_first': False, 'cmake_force_configure': False, 'cmake_target': None, 'cmake_target_skip_unavailable': False, 'install_base': '/home/leibton/ros2_ws/src/install/moonbot_description', 'merge_install': False, 'path': '/home/leibton/ros2_ws/src/moonbot_description', 'symlink_install': False, 'test_result_base': None}
[0.314s] Level 5:colcon.colcon_core.verb:set package 'my_robot_hardware_interface' build argument 'cmake_args' from command line to 'None'
[0.314s] Level 5:colcon.colcon_core.verb:set package 'my_robot_hardware_interface' build argument 'cmake_target' from command line to 'None'
[0.314s] Level 5:colcon.colcon_core.verb:set package 'my_robot_hardware_interface' build argument 'cmake_target_skip_unavailable' from command line to 'False'
[0.314s] Level 5:colcon.colcon_core.verb:set package 'my_robot_hardware_interface' build argument 'cmake_clean_cache' from command line to 'False'
[0.314s] Level 5:colcon.colcon_core.verb:set package 'my_robot_hardware_interface' build argument 'cmake_clean_first' from command line to 'False'
[0.314s] Level 5:colcon.colcon_core.verb:set package 'my_robot_hardware_interface' build argument 'cmake_force_configure' from command line to 'False'
[0.314s] Level 5:colcon.colcon_core.verb:set package 'my_robot_hardware_interface' build argument 'ament_cmake_args' from command line to 'None'
[0.314s] Level 5:colcon.colcon_core.verb:set package 'my_robot_hardware_interface' build argument 'catkin_cmake_args' from command line to 'None'
[0.314s] Level 5:colcon.colcon_core.verb:set package 'my_robot_hardware_interface' build argument 'catkin_skip_building_tests' from command line to 'False'
[0.314s] DEBUG:colcon.colcon_core.verb:Building package 'my_robot_hardware_interface' with the following arguments: {'ament_cmake_args': None, 'build_base': '/home/leibton/ros2_ws/src/build/my_robot_hardware_interface', 'catkin_cmake_args': None, 'catkin_skip_building_tests': False, 'cmake_args': None, 'cmake_clean_cache': False, 'cmake_clean_first': False, 'cmake_force_configure': False, 'cmake_target': None, 'cmake_target_skip_unavailable': False, 'install_base': '/home/leibton/ros2_ws/src/install/my_robot_hardware_interface', 'merge_install': False, 'path': '/home/leibton/ros2_ws/src/my_robot_hardware_interface', 'symlink_install': False, 'test_result_base': None}
[0.315s] Level 5:colcon.colcon_core.verb:set package 'moonbot_control' build argument 'cmake_args' from command line to 'None'
[0.315s] Level 5:colcon.colcon_core.verb:set package 'moonbot_control' build argument 'cmake_target' from command line to 'None'
[0.315s] Level 5:colcon.colcon_core.verb:set package 'moonbot_control' build argument 'cmake_target_skip_unavailable' from command line to 'False'
[0.315s] Level 5:colcon.colcon_core.verb:set package 'moonbot_control' build argument 'cmake_clean_cache' from command line to 'False'
[0.315s] Level 5:colcon.colcon_core.verb:set package 'moonbot_control' build argument 'cmake_clean_first' from command line to 'False'
[0.315s] Level 5:colcon.colcon_core.verb:set package 'moonbot_control' build argument 'cmake_force_configure' from command line to 'False'
[0.315s] Level 5:colcon.colcon_core.verb:set package 'moonbot_control' build argument 'ament_cmake_args' from command line to 'None'
[0.315s] Level 5:colcon.colcon_core.verb:set package 'moonbot_control' build argument 'catkin_cmake_args' from command line to 'None'
[0.315s] Level 5:colcon.colcon_core.verb:set package 'moonbot_control' build argument 'catkin_skip_building_tests' from command line to 'False'
[0.315s] DEBUG:colcon.colcon_core.verb:Building package 'moonbot_control' with the following arguments: {'ament_cmake_args': None, 'build_base': '/home/leibton/ros2_ws/src/build/moonbot_control', 'catkin_cmake_args': None, 'catkin_skip_building_tests': False, 'cmake_args': None, 'cmake_clean_cache': False, 'cmake_clean_first': False, 'cmake_force_configure': False, 'cmake_target': None, 'cmake_target_skip_unavailable': False, 'install_base': '/home/leibton/ros2_ws/src/install/moonbot_control', 'merge_install': False, 'path': '/home/leibton/ros2_ws/src/moonbot_control', 'symlink_install': False, 'test_result_base': None}
[0.316s] Level 5:colcon.colcon_core.verb:set package 'trial' build argument 'cmake_args' from command line to 'None'
[0.316s] Level 5:colcon.colcon_core.verb:set package 'trial' build argument 'cmake_target' from command line to 'None'
[0.316s] Level 5:colcon.colcon_core.verb:set package 'trial' build argument 'cmake_target_skip_unavailable' from command line to 'False'
[0.316s] Level 5:colcon.colcon_core.verb:set package 'trial' build argument 'cmake_clean_cache' from command line to 'False'
[0.316s] Level 5:colcon.colcon_core.verb:set package 'trial' build argument 'cmake_clean_first' from command line to 'False'
[0.316s] Level 5:colcon.colcon_core.verb:set package 'trial' build argument 'cmake_force_configure' from command line to 'False'
[0.316s] Level 5:colcon.colcon_core.verb:set package 'trial' build argument 'ament_cmake_args' from command line to 'None'
[0.316s] Level 5:colcon.colcon_core.verb:set package 'trial' build argument 'catkin_cmake_args' from command line to 'None'
[0.316s] Level 5:colcon.colcon_core.verb:set package 'trial' build argument 'catkin_skip_building_tests' from command line to 'False'
[0.316s] DEBUG:colcon.colcon_core.verb:Building package 'trial' with the following arguments: {'ament_cmake_args': None, 'build_base': '/home/leibton/ros2_ws/src/build/trial', 'catkin_cmake_args': None, 'catkin_skip_building_tests': False, 'cmake_args': None, 'cmake_clean_cache': False, 'cmake_clean_first': False, 'cmake_force_configure': False, 'cmake_target': None, 'cmake_target_skip_unavailable': False, 'install_base': '/home/leibton/ros2_ws/src/install/trial', 'merge_install': False, 'path': '/home/leibton/ros2_ws/src/trial', 'symlink_install': False, 'test_result_base': None}
[0.317s] Level 5:colcon.colcon_core.verb:set package 'moonbot_gazebo' build argument 'cmake_args' from command line to 'None'
[0.317s] Level 5:colcon.colcon_core.verb:set package 'moonbot_gazebo' build argument 'cmake_target' from command line to 'None'
[0.317s] Level 5:colcon.colcon_core.verb:set package 'moonbot_gazebo' build argument 'cmake_target_skip_unavailable' from command line to 'False'
[0.317s] Level 5:colcon.colcon_core.verb:set package 'moonbot_gazebo' build argument 'cmake_clean_cache' from command line to 'False'
[0.317s] Level 5:colcon.colcon_core.verb:set package 'moonbot_gazebo' build argument 'cmake_clean_first' from command line to 'False'
[0.317s] Level 5:colcon.colcon_core.verb:set package 'moonbot_gazebo' build argument 'cmake_force_configure' from command line to 'False'
[0.317s] Level 5:colcon.colcon_core.verb:set package 'moonbot_gazebo' build argument 'ament_cmake_args' from command line to 'None'
[0.317s] Level 5:colcon.colcon_core.verb:set package 'moonbot_gazebo' build argument 'catkin_cmake_args' from command line to 'None'
[0.317s] Level 5:colcon.colcon_core.verb:set package 'moonbot_gazebo' build argument 'catkin_skip_building_tests' from command line to 'False'
[0.317s] DEBUG:colcon.colcon_core.verb:Building package 'moonbot_gazebo' with the following arguments: {'ament_cmake_args': None, 'build_base': '/home/leibton/ros2_ws/src/build/moonbot_gazebo', 'catkin_cmake_args': None, 'catkin_skip_building_tests': False, 'cmake_args': None, 'cmake_clean_cache': False, 'cmake_clean_first': False, 'cmake_force_configure': False, 'cmake_target': None, 'cmake_target_skip_unavailable': False, 'install_base': '/home/leibton/ros2_ws/src/install/moonbot_gazebo', 'merge_install': False, 'path': '/home/leibton/ros2_ws/src/moonbot_gazebo', 'symlink_install': False, 'test_result_base': None}
[0.317s] INFO:colcon.colcon_core.executor:Executing jobs using 'parallel' executor
[0.320s] DEBUG:colcon.colcon_parallel_executor.executor.parallel:run_until_complete
[0.320s] INFO:colcon.colcon_ros.task.ament_cmake.build:Building ROS package in '/home/leibton/ros2_ws/src/moonbot_description' with build type 'ament_cmake'
[0.320s] INFO:colcon.colcon_cmake.task.cmake.build:Building CMake package in '/home/leibton/ros2_ws/src/moonbot_description'
[0.328s] INFO:colcon.colcon_core.plugin_system:Skipping extension 'colcon_core.shell.bat': Not used on non-Windows systems
[0.329s] INFO:colcon.colcon_core.shell:Skip shell extension 'powershell' for command environment: Not usable outside of PowerShell
[0.329s] DEBUG:colcon.colcon_core.shell:Skip shell extension 'dsv' for command environment
[0.336s] INFO:colcon.colcon_ros.task.ament_cmake.build:Building ROS package in '/home/leibton/ros2_ws/src/dynamixel_custom_interfaces' with build type 'ament_cmake'
[0.336s] INFO:colcon.colcon_cmake.task.cmake.build:Building CMake package in '/home/leibton/ros2_ws/src/dynamixel_custom_interfaces'
[0.337s] INFO:colcon.colcon_core.shell:Skip shell extension 'powershell' for command environment: Not usable outside of PowerShell
[0.337s] DEBUG:colcon.colcon_core.shell:Skip shell extension 'dsv' for command environment
[0.341s] INFO:colcon.colcon_ros.task.ament_cmake.build:Building ROS package in '/home/leibton/ros2_ws/src/dynamixel_hardware_interface' with build type 'ament_cmake'
[0.341s] INFO:colcon.colcon_cmake.task.cmake.build:Building CMake package in '/home/leibton/ros2_ws/src/dynamixel_hardware_interface'
[0.342s] INFO:colcon.colcon_core.shell:Skip shell extension 'powershell' for command environment: Not usable outside of PowerShell
[0.342s] DEBUG:colcon.colcon_core.shell:Skip shell extension 'dsv' for command environment
[0.345s] INFO:colcon.colcon_ros.task.ament_cmake.build:Building ROS package in '/home/leibton/ros2_ws/src/my_robot_hardware_interface' with build type 'ament_cmake'
[0.345s] INFO:colcon.colcon_cmake.task.cmake.build:Building CMake package in '/home/leibton/ros2_ws/src/my_robot_hardware_interface'
[0.347s] INFO:colcon.colcon_core.shell:Skip shell extension 'powershell' for command environment: Not usable outside of PowerShell
[0.347s] DEBUG:colcon.colcon_core.shell:Skip shell extension 'dsv' for command environment
[0.355s] DEBUG:colcon.colcon_core.event_handler.log_command:Invoking command in '/home/leibton/ros2_ws/src/build/moonbot_description': CMAKE_PREFIX_PATH=${CMAKE_PREFIX_PATH}:/home/leibton/ros2_ws/src/install/trial:/opt/ros/foxy /usr/bin/cmake --build /home/leibton/ros2_ws/src/build/moonbot_description -- -j12 -l12
[0.358s] DEBUG:colcon.colcon_core.event_handler.log_command:Invoking command in '/home/leibton/ros2_ws/src/build/dynamixel_custom_interfaces': CMAKE_PREFIX_PATH=${CMAKE_PREFIX_PATH}:/home/leibton/ros2_ws/src/install/trial:/opt/ros/foxy /usr/bin/cmake --build /home/leibton/ros2_ws/src/build/dynamixel_custom_interfaces -- -j12 -l12
[0.361s] DEBUG:colcon.colcon_core.event_handler.log_command:Invoking command in '/home/leibton/ros2_ws/src/build/dynamixel_hardware_interface': CMAKE_PREFIX_PATH=${CMAKE_PREFIX_PATH}:/home/leibton/ros2_ws/src/install/trial:/opt/ros/foxy /usr/bin/cmake --build /home/leibton/ros2_ws/src/build/dynamixel_hardware_interface -- -j12 -l12
[0.366s] DEBUG:colcon.colcon_core.event_handler.log_command:Invoking command in '/home/leibton/ros2_ws/src/build/my_robot_hardware_interface': CMAKE_PREFIX_PATH=${CMAKE_PREFIX_PATH}:/home/leibton/ros2_ws/src/install/trial:/opt/ros/foxy /usr/bin/cmake --build /home/leibton/ros2_ws/src/build/my_robot_hardware_interface -- -j12 -l12
[0.385s] DEBUG:colcon.colcon_core.event_handler.log_command:Invoked command in '/home/leibton/ros2_ws/src/build/moonbot_description' returned '0': CMAKE_PREFIX_PATH=${CMAKE_PREFIX_PATH}:/home/leibton/ros2_ws/src/install/trial:/opt/ros/foxy /usr/bin/cmake --build /home/leibton/ros2_ws/src/build/moonbot_description -- -j12 -l12
[0.388s] DEBUG:colcon.colcon_core.event_handler.log_command:Invoked command in '/home/leibton/ros2_ws/src/build/dynamixel_hardware_interface' returned '0': CMAKE_PREFIX_PATH=${CMAKE_PREFIX_PATH}:/home/leibton/ros2_ws/src/install/trial:/opt/ros/foxy /usr/bin/cmake --build /home/leibton/ros2_ws/src/build/dynamixel_hardware_interface -- -j12 -l12
[0.392s] DEBUG:colcon.colcon_core.event_handler.log_command:Invoked command in '/home/leibton/ros2_ws/src/build/my_robot_hardware_interface' returned '0': CMAKE_PREFIX_PATH=${CMAKE_PREFIX_PATH}:/home/leibton/ros2_ws/src/install/trial:/opt/ros/foxy /usr/bin/cmake --build /home/leibton/ros2_ws/src/build/my_robot_hardware_interface -- -j12 -l12
[0.412s] DEBUG:colcon.colcon_core.event_handler.log_command:Invoking command in '/home/leibton/ros2_ws/src/build/moonbot_description': CMAKE_PREFIX_PATH=${CMAKE_PREFIX_PATH}:/home/leibton/ros2_ws/src/install/trial:/opt/ros/foxy /usr/bin/cmake --install /home/leibton/ros2_ws/src/build/moonbot_description
[0.414s] DEBUG:colcon.colcon_core.event_handler.log_command:Invoking command in '/home/leibton/ros2_ws/src/build/dynamixel_hardware_interface': CMAKE_PREFIX_PATH=${CMAKE_PREFIX_PATH}:/home/leibton/ros2_ws/src/install/trial:/opt/ros/foxy /usr/bin/cmake --install /home/leibton/ros2_ws/src/build/dynamixel_hardware_interface
[0.416s] DEBUG:colcon.colcon_core.event_handler.log_command:Invoking command in '/home/leibton/ros2_ws/src/build/my_robot_hardware_interface': CMAKE_PREFIX_PATH=${CMAKE_PREFIX_PATH}:/home/leibton/ros2_ws/src/install/trial:/opt/ros/foxy /usr/bin/cmake --install /home/leibton/ros2_ws/src/build/my_robot_hardware_interface
[0.419s] Level 1:colcon.colcon_core.environment:create_environment_scripts_only(moonbot_description)
[0.425s] Level 1:colcon.colcon_core.environment:checking '/home/leibton/ros2_ws/src/install/moonbot_description' for CMake module files
[0.426s] Level 1:colcon.colcon_core.environment:checking '/home/leibton/ros2_ws/src/install/moonbot_description' for CMake config files
[0.427s] Level 1:colcon.colcon_core.shell:create_environment_hook('moonbot_description', 'cmake_prefix_path')
[0.429s] INFO:colcon.colcon_core.shell:Creating environment hook '/home/leibton/ros2_ws/src/install/moonbot_description/share/moonbot_description/hook/cmake_prefix_path.ps1'
[0.430s] INFO:colcon.colcon_core.shell:Creating environment descriptor '/home/leibton/ros2_ws/src/install/moonbot_description/share/moonbot_description/hook/cmake_prefix_path.dsv'
[0.430s] DEBUG:colcon.colcon_core.event_handler.log_command:Invoked command in '/home/leibton/ros2_ws/src/build/moonbot_description' returned '0': CMAKE_PREFIX_PATH=${CMAKE_PREFIX_PATH}:/home/leibton/ros2_ws/src/install/trial:/opt/ros/foxy /usr/bin/cmake --install /home/leibton/ros2_ws/src/build/moonbot_description
[0.431s] INFO:colcon.colcon_core.shell:Creating environment hook '/home/leibton/ros2_ws/src/install/moonbot_description/share/moonbot_description/hook/cmake_prefix_path.sh'
[0.432s] Level 1:colcon.colcon_core.environment:checking '/home/leibton/ros2_ws/src/install/moonbot_description/bin'
[0.432s] Level 1:colcon.colcon_core.environment:checking '/home/leibton/ros2_ws/src/install/moonbot_description/lib/pkgconfig/moonbot_description.pc'
[0.433s] Level 1:colcon.colcon_core.environment:checking '/home/leibton/ros2_ws/src/install/moonbot_description/lib/python3.8/site-packages'
[0.433s] Level 1:colcon.colcon_core.environment:checking '/home/leibton/ros2_ws/src/install/moonbot_description/bin'
[0.434s] INFO:colcon.colcon_core.shell:Creating package script '/home/leibton/ros2_ws/src/install/moonbot_description/share/moonbot_description/package.ps1'
[0.435s] INFO:colcon.colcon_core.shell:Creating package descriptor '/home/leibton/ros2_ws/src/install/moonbot_description/share/moonbot_description/package.dsv'
[0.436s] INFO:colcon.colcon_core.shell:Creating package script '/home/leibton/ros2_ws/src/install/moonbot_description/share/moonbot_description/package.sh'
[0.436s] INFO:colcon.colcon_core.shell:Creating package script '/home/leibton/ros2_ws/src/install/moonbot_description/share/moonbot_description/package.bash'
[0.437s] INFO:colcon.colcon_core.shell:Creating package script '/home/leibton/ros2_ws/src/install/moonbot_description/share/moonbot_description/package.zsh'
[0.437s] Level 1:colcon.colcon_core.environment:create_file_with_runtime_dependencies(/home/leibton/ros2_ws/src/install/moonbot_description/share/colcon-core/packages/moonbot_description)
[0.440s] Level 1:colcon.colcon_core.environment:create_environment_scripts_only(my_robot_hardware_interface)
[0.442s] Level 1:colcon.colcon_core.environment:checking '/home/leibton/ros2_ws/src/install/my_robot_hardware_interface' for CMake module files
[0.443s] DEBUG:colcon.colcon_core.event_handler.log_command:Invoked command in '/home/leibton/ros2_ws/src/build/my_robot_hardware_interface' returned '0': CMAKE_PREFIX_PATH=${CMAKE_PREFIX_PATH}:/home/leibton/ros2_ws/src/install/trial:/opt/ros/foxy /usr/bin/cmake --install /home/leibton/ros2_ws/src/build/my_robot_hardware_interface
[0.443s] Level 1:colcon.colcon_core.environment:checking '/home/leibton/ros2_ws/src/install/my_robot_hardware_interface' for CMake config files
[0.443s] Level 1:colcon.colcon_core.shell:create_environment_hook('my_robot_hardware_interface', 'cmake_prefix_path')
[0.444s] INFO:colcon.colcon_core.shell:Creating environment hook '/home/leibton/ros2_ws/src/install/my_robot_hardware_interface/share/my_robot_hardware_interface/hook/cmake_prefix_path.ps1'
[0.445s] INFO:colcon.colcon_core.shell:Creating environment descriptor '/home/leibton/ros2_ws/src/install/my_robot_hardware_interface/share/my_robot_hardware_interface/hook/cmake_prefix_path.dsv'
[0.445s] INFO:colcon.colcon_core.shell:Creating environment hook '/home/leibton/ros2_ws/src/install/my_robot_hardware_interface/share/my_robot_hardware_interface/hook/cmake_prefix_path.sh'
[0.445s] Level 1:colcon.colcon_core.environment:checking '/home/leibton/ros2_ws/src/install/my_robot_hardware_interface/bin'
[0.445s] Level 1:colcon.colcon_core.environment:checking '/home/leibton/ros2_ws/src/install/my_robot_hardware_interface/lib/pkgconfig/my_robot_hardware_interface.pc'
[0.445s] Level 1:colcon.colcon_core.environment:checking '/home/leibton/ros2_ws/src/install/my_robot_hardware_interface/lib/python3.8/site-packages'
[0.446s] Level 1:colcon.colcon_core.environment:checking '/home/leibton/ros2_ws/src/install/my_robot_hardware_interface/bin'
[0.447s] INFO:colcon.colcon_core.shell:Creating package script '/home/leibton/ros2_ws/src/install/my_robot_hardware_interface/share/my_robot_hardware_interface/package.ps1'
[0.447s] INFO:colcon.colcon_core.shell:Creating package descriptor '/home/leibton/ros2_ws/src/install/my_robot_hardware_interface/share/my_robot_hardware_interface/package.dsv'
[0.447s] INFO:colcon.colcon_core.shell:Creating package script '/home/leibton/ros2_ws/src/install/my_robot_hardware_interface/share/my_robot_hardware_interface/package.sh'
[0.448s] INFO:colcon.colcon_core.shell:Creating package script '/home/leibton/ros2_ws/src/install/my_robot_hardware_interface/share/my_robot_hardware_interface/package.bash'
[0.448s] INFO:colcon.colcon_core.shell:Creating package script '/home/leibton/ros2_ws/src/install/my_robot_hardware_interface/share/my_robot_hardware_interface/package.zsh'
[0.448s] Level 1:colcon.colcon_core.environment:create_file_with_runtime_dependencies(/home/leibton/ros2_ws/src/install/my_robot_hardware_interface/share/colcon-core/packages/my_robot_hardware_interface)
[0.451s] Level 1:colcon.colcon_core.environment:create_environment_scripts_only(dynamixel_hardware_interface)
[0.453s] Level 1:colcon.colcon_core.environment:checking '/home/leibton/ros2_ws/src/install/dynamixel_hardware_interface' for CMake module files
[0.453s] DEBUG:colcon.colcon_core.event_handler.log_command:Invoked command in '/home/leibton/ros2_ws/src/build/dynamixel_hardware_interface' returned '0': CMAKE_PREFIX_PATH=${CMAKE_PREFIX_PATH}:/home/leibton/ros2_ws/src/install/trial:/opt/ros/foxy /usr/bin/cmake --install /home/leibton/ros2_ws/src/build/dynamixel_hardware_interface
[0.454s] Level 1:colcon.colcon_core.environment:checking '/home/leibton/ros2_ws/src/install/dynamixel_hardware_interface' for CMake config files
[0.454s] Level 1:colcon.colcon_core.shell:create_environment_hook('dynamixel_hardware_interface', 'cmake_prefix_path')
[0.455s] INFO:colcon.colcon_core.shell:Creating environment hook '/home/leibton/ros2_ws/src/install/dynamixel_hardware_interface/share/dynamixel_hardware_interface/hook/cmake_prefix_path.ps1'
[0.455s] INFO:colcon.colcon_core.shell:Creating environment descriptor '/home/leibton/ros2_ws/src/install/dynamixel_hardware_interface/share/dynamixel_hardware_interface/hook/cmake_prefix_path.dsv'
[0.456s] INFO:colcon.colcon_core.shell:Creating environment hook '/home/leibton/ros2_ws/src/install/dynamixel_hardware_interface/share/dynamixel_hardware_interface/hook/cmake_prefix_path.sh'
[0.456s] Level 1:colcon.colcon_core.environment:checking '/home/leibton/ros2_ws/src/install/dynamixel_hardware_interface/bin'
[0.456s] Level 1:colcon.colcon_core.environment:checking '/home/leibton/ros2_ws/src/install/dynamixel_hardware_interface/lib/pkgconfig/dynamixel_hardware_interface.pc'
[0.456s] Level 1:colcon.colcon_core.environment:checking '/home/leibton/ros2_ws/src/install/dynamixel_hardware_interface/lib/python3.8/site-packages'
[0.457s] Level 1:colcon.colcon_core.environment:checking '/home/leibton/ros2_ws/src/install/dynamixel_hardware_interface/bin'
[0.458s] INFO:colcon.colcon_core.shell:Creating package script '/home/leibton/ros2_ws/src/install/dynamixel_hardware_interface/share/dynamixel_hardware_interface/package.ps1'
[0.458s] INFO:colcon.colcon_core.shell:Creating package descriptor '/home/leibton/ros2_ws/src/install/dynamixel_hardware_interface/share/dynamixel_hardware_interface/package.dsv'
[0.459s] INFO:colcon.colcon_core.shell:Creating package script '/home/leibton/ros2_ws/src/install/dynamixel_hardware_interface/share/dynamixel_hardware_interface/package.sh'
[0.459s] INFO:colcon.colcon_core.shell:Creating package script '/home/leibton/ros2_ws/src/install/dynamixel_hardware_interface/share/dynamixel_hardware_interface/package.bash'
[0.459s] INFO:colcon.colcon_core.shell:Creating package script '/home/leibton/ros2_ws/src/install/dynamixel_hardware_interface/share/dynamixel_hardware_interface/package.zsh'
[0.460s] Level 1:colcon.colcon_core.environment:create_file_with_runtime_dependencies(/home/leibton/ros2_ws/src/install/dynamixel_hardware_interface/share/colcon-core/packages/dynamixel_hardware_interface)
[0.463s] Level 1:colcon.colcon_core.environment:create_environment_scripts_only(moonbot_description)
[0.465s] Level 1:colcon.colcon_core.environment:checking '/home/leibton/ros2_ws/src/install/moonbot_description' for CMake module files
[0.465s] Level 1:colcon.colcon_core.environment:checking '/home/leibton/ros2_ws/src/install/moonbot_description' for CMake config files
[0.466s] Level 1:colcon.colcon_core.shell:create_environment_hook('moonbot_description', 'cmake_prefix_path')
[0.466s] INFO:colcon.colcon_core.shell:Creating environment hook '/home/leibton/ros2_ws/src/install/moonbot_description/share/moonbot_description/hook/cmake_prefix_path.ps1'
[0.467s] INFO:colcon.colcon_core.shell:Creating environment descriptor '/home/leibton/ros2_ws/src/install/moonbot_description/share/moonbot_description/hook/cmake_prefix_path.dsv'
[0.467s] INFO:colcon.colcon_core.shell:Creating environment hook '/home/leibton/ros2_ws/src/install/moonbot_description/share/moonbot_description/hook/cmake_prefix_path.sh'
[0.467s] Level 1:colcon.colcon_core.environment:checking '/home/leibton/ros2_ws/src/install/moonbot_description/bin'
[0.467s] Level 1:colcon.colcon_core.environment:checking '/home/leibton/ros2_ws/src/install/moonbot_description/lib/pkgconfig/moonbot_description.pc'
[0.468s] Level 1:colcon.colcon_core.environment:checking '/home/leibton/ros2_ws/src/install/moonbot_description/lib/python3.8/site-packages'
[0.468s] Level 1:colcon.colcon_core.environment:checking '/home/leibton/ros2_ws/src/install/moonbot_description/bin'
[0.469s] INFO:colcon.colcon_core.shell:Creating package script '/home/leibton/ros2_ws/src/install/moonbot_description/share/moonbot_description/package.ps1'
[0.469s] INFO:colcon.colcon_core.shell:Creating package descriptor '/home/leibton/ros2_ws/src/install/moonbot_description/share/moonbot_description/package.dsv'
[0.469s] INFO:colcon.colcon_core.shell:Creating package script '/home/leibton/ros2_ws/src/install/moonbot_description/share/moonbot_description/package.sh'
[0.470s] INFO:colcon.colcon_core.shell:Creating package script '/home/leibton/ros2_ws/src/install/moonbot_description/share/moonbot_description/package.bash'
[0.470s] INFO:colcon.colcon_core.shell:Creating package script '/home/leibton/ros2_ws/src/install/moonbot_description/share/moonbot_description/package.zsh'
[0.470s] Level 1:colcon.colcon_core.environment:create_file_with_runtime_dependencies(/home/leibton/ros2_ws/src/install/moonbot_description/share/colcon-core/packages/moonbot_description)
[0.471s] INFO:colcon.colcon_ros.task.ament_cmake.build:Building ROS package in '/home/leibton/ros2_ws/src/moonbot_control' with build type 'ament_cmake'
[0.471s] INFO:colcon.colcon_cmake.task.cmake.build:Building CMake package in '/home/leibton/ros2_ws/src/moonbot_control'
[0.472s] INFO:colcon.colcon_core.shell:Skip shell extension 'powershell' for command environment: Not usable outside of PowerShell
[0.472s] DEBUG:colcon.colcon_core.shell:Skip shell extension 'dsv' for command environment
[0.479s] Level 1:colcon.colcon_core.environment:create_environment_scripts_only(my_robot_hardware_interface)
[0.480s] Level 1:colcon.colcon_core.environment:checking '/home/leibton/ros2_ws/src/install/my_robot_hardware_interface' for CMake module files
[0.481s] Level 1:colcon.colcon_core.environment:checking '/home/leibton/ros2_ws/src/install/my_robot_hardware_interface' for CMake config files
[0.481s] Level 1:colcon.colcon_core.shell:create_environment_hook('my_robot_hardware_interface', 'cmake_prefix_path')
[0.482s] INFO:colcon.colcon_core.shell:Creating environment hook '/home/leibton/ros2_ws/src/install/my_robot_hardware_interface/share/my_robot_hardware_interface/hook/cmake_prefix_path.ps1'
[0.483s] INFO:colcon.colcon_core.shell:Creating environment descriptor '/home/leibton/ros2_ws/src/install/my_robot_hardware_interface/share/my_robot_hardware_interface/hook/cmake_prefix_path.dsv'
[0.483s] INFO:colcon.colcon_core.shell:Creating environment hook '/home/leibton/ros2_ws/src/install/my_robot_hardware_interface/share/my_robot_hardware_interface/hook/cmake_prefix_path.sh'
[0.484s] Level 1:colcon.colcon_core.environment:checking '/home/leibton/ros2_ws/src/install/my_robot_hardware_interface/bin'
[0.484s] Level 1:colcon.colcon_core.environment:checking '/home/leibton/ros2_ws/src/install/my_robot_hardware_interface/lib/pkgconfig/my_robot_hardware_interface.pc'
[0.484s] Level 1:colcon.colcon_core.environment:checking '/home/leibton/ros2_ws/src/install/my_robot_hardware_interface/lib/python3.8/site-packages'
[0.484s] Level 1:colcon.colcon_core.environment:checking '/home/leibton/ros2_ws/src/install/my_robot_hardware_interface/bin'
[0.485s] INFO:colcon.colcon_core.shell:Creating package script '/home/leibton/ros2_ws/src/install/my_robot_hardware_interface/share/my_robot_hardware_interface/package.ps1'
[0.486s] INFO:colcon.colcon_core.shell:Creating package descriptor '/home/leibton/ros2_ws/src/install/my_robot_hardware_interface/share/my_robot_hardware_interface/package.dsv'
[0.486s] INFO:colcon.colcon_core.shell:Creating package script '/home/leibton/ros2_ws/src/install/my_robot_hardware_interface/share/my_robot_hardware_interface/package.sh'
[0.486s] INFO:colcon.colcon_core.shell:Creating package script '/home/leibton/ros2_ws/src/install/my_robot_hardware_interface/share/my_robot_hardware_interface/package.bash'
[0.486s] INFO:colcon.colcon_core.shell:Creating package script '/home/leibton/ros2_ws/src/install/my_robot_hardware_interface/share/my_robot_hardware_interface/package.zsh'
[0.487s] Level 1:colcon.colcon_core.environment:create_file_with_runtime_dependencies(/home/leibton/ros2_ws/src/install/my_robot_hardware_interface/share/colcon-core/packages/my_robot_hardware_interface)
[0.489s] Level 1:colcon.colcon_core.environment:create_environment_scripts_only(dynamixel_hardware_interface)
[0.490s] Level 1:colcon.colcon_core.environment:checking '/home/leibton/ros2_ws/src/install/dynamixel_hardware_interface' for CMake module files
[0.490s] Level 1:colcon.colcon_core.environment:checking '/home/leibton/ros2_ws/src/install/dynamixel_hardware_interface' for CMake config files
[0.491s] Level 1:colcon.colcon_core.shell:create_environment_hook('dynamixel_hardware_interface', 'cmake_prefix_path')
[0.492s] INFO:colcon.colcon_core.shell:Creating environment hook '/home/leibton/ros2_ws/src/install/dynamixel_hardware_interface/share/dynamixel_hardware_interface/hook/cmake_prefix_path.ps1'
[0.492s] INFO:colcon.colcon_core.shell:Creating environment descriptor '/home/leibton/ros2_ws/src/install/dynamixel_hardware_interface/share/dynamixel_hardware_interface/hook/cmake_prefix_path.dsv'
[0.492s] INFO:colcon.colcon_core.shell:Creating environment hook '/home/leibton/ros2_ws/src/install/dynamixel_hardware_interface/share/dynamixel_hardware_interface/hook/cmake_prefix_path.sh'
[0.492s] Level 1:colcon.colcon_core.environment:checking '/home/leibton/ros2_ws/src/install/dynamixel_hardware_interface/bin'
[0.493s] Level 1:colcon.colcon_core.environment:checking '/home/leibton/ros2_ws/src/install/dynamixel_hardware_interface/lib/pkgconfig/dynamixel_hardware_interface.pc'
[0.493s] Level 1:colcon.colcon_core.environment:checking '/home/leibton/ros2_ws/src/install/dynamixel_hardware_interface/lib/python3.8/site-packages'
[0.493s] Level 1:colcon.colcon_core.environment:checking '/home/leibton/ros2_ws/src/install/dynamixel_hardware_interface/bin'
[0.494s] INFO:colcon.colcon_core.shell:Creating package script '/home/leibton/ros2_ws/src/install/dynamixel_hardware_interface/share/dynamixel_hardware_interface/package.ps1'
[0.494s] INFO:colcon.colcon_core.shell:Creating package descriptor '/home/leibton/ros2_ws/src/install/dynamixel_hardware_interface/share/dynamixel_hardware_interface/package.dsv'
[0.495s] INFO:colcon.colcon_core.shell:Creating package script '/home/leibton/ros2_ws/src/install/dynamixel_hardware_interface/share/dynamixel_hardware_interface/package.sh'
[0.495s] INFO:colcon.colcon_core.shell:Creating package script '/home/leibton/ros2_ws/src/install/dynamixel_hardware_interface/share/dynamixel_hardware_interface/package.bash'
[0.495s] INFO:colcon.colcon_core.shell:Creating package script '/home/leibton/ros2_ws/src/install/dynamixel_hardware_interface/share/dynamixel_hardware_interface/package.zsh'
[0.496s] Level 1:colcon.colcon_core.environment:create_file_with_runtime_dependencies(/home/leibton/ros2_ws/src/install/dynamixel_hardware_interface/share/colcon-core/packages/dynamixel_hardware_interface)
[0.499s] DEBUG:colcon.colcon_core.event_handler.log_command:Invoking command in '/home/leibton/ros2_ws/src/build/moonbot_control': CMAKE_PREFIX_PATH=/home/leibton/ros2_ws/src/install/moonbot_description:/home/leibton/ros2_ws/src/install/my_robot_hardware_interface:/home/leibton/ros2_ws/src/install/moonbot_gazebo:/home/leibton/ros2_ws/src/install/moonbot_control:/home/leibton/ros2_ws/src/install/dynamixel_hardware_interface:/home/leibton/ros2_ws/src/install/dynamixel_custom_interfaces:/home/leibton/ros2_ws/src/install/trial:/opt/ros/foxy /usr/bin/cmake --build /home/leibton/ros2_ws/src/build/moonbot_control -- -j12 -l12
[0.501s] DEBUG:colcon.colcon_core.event_handler.log_command:Invoked command in '/home/leibton/ros2_ws/src/build/dynamixel_custom_interfaces' returned '0': CMAKE_PREFIX_PATH=${CMAKE_PREFIX_PATH}:/home/leibton/ros2_ws/src/install/trial:/opt/ros/foxy /usr/bin/cmake --build /home/leibton/ros2_ws/src/build/dynamixel_custom_interfaces -- -j12 -l12
[0.534s] DEBUG:colcon.colcon_core.event_handler.log_command:Invoked command in '/home/leibton/ros2_ws/src/build/moonbot_control' returned '0': CMAKE_PREFIX_PATH=/home/leibton/ros2_ws/src/install/moonbot_description:/home/leibton/ros2_ws/src/install/my_robot_hardware_interface:/home/leibton/ros2_ws/src/install/moonbot_gazebo:/home/leibton/ros2_ws/src/install/moonbot_control:/home/leibton/ros2_ws/src/install/dynamixel_hardware_interface:/home/leibton/ros2_ws/src/install/dynamixel_custom_interfaces:/home/leibton/ros2_ws/src/install/trial:/opt/ros/foxy /usr/bin/cmake --build /home/leibton/ros2_ws/src/build/moonbot_control -- -j12 -l12
[0.541s] DEBUG:colcon.colcon_core.event_handler.log_command:Invoking command in '/home/leibton/ros2_ws/src/build/dynamixel_custom_interfaces': CMAKE_PREFIX_PATH=${CMAKE_PREFIX_PATH}:/home/leibton/ros2_ws/src/install/trial:/opt/ros/foxy /usr/bin/cmake --install /home/leibton/ros2_ws/src/build/dynamixel_custom_interfaces
[0.557s] DEBUG:colcon.colcon_core.event_handler.log_command:Invoking command in '/home/leibton/ros2_ws/src/build/moonbot_control': CMAKE_PREFIX_PATH=/home/leibton/ros2_ws/src/install/moonbot_description:/home/leibton/ros2_ws/src/install/my_robot_hardware_interface:/home/leibton/ros2_ws/src/install/moonbot_gazebo:/home/leibton/ros2_ws/src/install/moonbot_control:/home/leibton/ros2_ws/src/install/dynamixel_hardware_interface:/home/leibton/ros2_ws/src/install/dynamixel_custom_interfaces:/home/leibton/ros2_ws/src/install/trial:/opt/ros/foxy /usr/bin/cmake --install /home/leibton/ros2_ws/src/build/moonbot_control
[0.563s] Level 1:colcon.colcon_core.environment:create_environment_scripts_only(moonbot_control)
[0.564s] Level 1:colcon.colcon_core.environment:checking '/home/leibton/ros2_ws/src/install/moonbot_control' for CMake module files
[0.565s] DEBUG:colcon.colcon_core.event_handler.log_command:Invoked command in '/home/leibton/ros2_ws/src/build/moonbot_control' returned '0': CMAKE_PREFIX_PATH=/home/leibton/ros2_ws/src/install/moonbot_description:/home/leibton/ros2_ws/src/install/my_robot_hardware_interface:/home/leibton/ros2_ws/src/install/moonbot_gazebo:/home/leibton/ros2_ws/src/install/moonbot_control:/home/leibton/ros2_ws/src/install/dynamixel_hardware_interface:/home/leibton/ros2_ws/src/install/dynamixel_custom_interfaces:/home/leibton/ros2_ws/src/install/trial:/opt/ros/foxy /usr/bin/cmake --install /home/leibton/ros2_ws/src/build/moonbot_control
[0.565s] Level 1:colcon.colcon_core.environment:checking '/home/leibton/ros2_ws/src/install/moonbot_control' for CMake config files
[0.565s] Level 1:colcon.colcon_core.shell:create_environment_hook('moonbot_control', 'cmake_prefix_path')
[0.566s] INFO:colcon.colcon_core.shell:Creating environment hook '/home/leibton/ros2_ws/src/install/moonbot_control/share/moonbot_control/hook/cmake_prefix_path.ps1'
[0.566s] INFO:colcon.colcon_core.shell:Creating environment descriptor '/home/leibton/ros2_ws/src/install/moonbot_control/share/moonbot_control/hook/cmake_prefix_path.dsv'
[0.566s] INFO:colcon.colcon_core.shell:Creating environment hook '/home/leibton/ros2_ws/src/install/moonbot_control/share/moonbot_control/hook/cmake_prefix_path.sh'
[0.567s] Level 1:colcon.colcon_core.environment:checking '/home/leibton/ros2_ws/src/install/moonbot_control/bin'
[0.567s] Level 1:colcon.colcon_core.environment:checking '/home/leibton/ros2_ws/src/install/moonbot_control/lib/pkgconfig/moonbot_control.pc'
[0.567s] Level 1:colcon.colcon_core.environment:checking '/home/leibton/ros2_ws/src/install/moonbot_control/lib/python3.8/site-packages'
[0.567s] Level 1:colcon.colcon_core.environment:checking '/home/leibton/ros2_ws/src/install/moonbot_control/bin'
[0.568s] INFO:colcon.colcon_core.shell:Creating package script '/home/leibton/ros2_ws/src/install/moonbot_control/share/moonbot_control/package.ps1'
[0.569s] INFO:colcon.colcon_core.shell:Creating package descriptor '/home/leibton/ros2_ws/src/install/moonbot_control/share/moonbot_control/package.dsv'
[0.569s] INFO:colcon.colcon_core.shell:Creating package script '/home/leibton/ros2_ws/src/install/moonbot_control/share/moonbot_control/package.sh'
[0.569s] INFO:colcon.colcon_core.shell:Creating package script '/home/leibton/ros2_ws/src/install/moonbot_control/share/moonbot_control/package.bash'
[0.569s] INFO:colcon.colcon_core.shell:Creating package script '/home/leibton/ros2_ws/src/install/moonbot_control/share/moonbot_control/package.zsh'
[0.569s] Level 1:colcon.colcon_core.environment:create_file_with_runtime_dependencies(/home/leibton/ros2_ws/src/install/moonbot_control/share/colcon-core/packages/moonbot_control)
[0.586s] Level 1:colcon.colcon_core.environment:create_environment_scripts_only(moonbot_control)
[0.588s] Level 1:colcon.colcon_core.environment:checking '/home/leibton/ros2_ws/src/install/moonbot_control' for CMake module files
[0.589s] Level 1:colcon.colcon_core.environment:checking '/home/leibton/ros2_ws/src/install/moonbot_control' for CMake config files
[0.590s] Level 1:colcon.colcon_core.shell:create_environment_hook('moonbot_control', 'cmake_prefix_path')
[0.591s] INFO:colcon.colcon_core.shell:Creating environment hook '/home/leibton/ros2_ws/src/install/moonbot_control/share/moonbot_control/hook/cmake_prefix_path.ps1'
[0.591s] INFO:colcon.colcon_core.shell:Creating environment descriptor '/home/leibton/ros2_ws/src/install/moonbot_control/share/moonbot_control/hook/cmake_prefix_path.dsv'
[0.591s] INFO:colcon.colcon_core.shell:Creating environment hook '/home/leibton/ros2_ws/src/install/moonbot_control/share/moonbot_control/hook/cmake_prefix_path.sh'
[0.592s] Level 1:colcon.colcon_core.environment:checking '/home/leibton/ros2_ws/src/install/moonbot_control/bin'
[0.592s] Level 1:colcon.colcon_core.environment:checking '/home/leibton/ros2_ws/src/install/moonbot_control/lib/pkgconfig/moonbot_control.pc'
[0.592s] Level 1:colcon.colcon_core.environment:checking '/home/leibton/ros2_ws/src/install/moonbot_control/lib/python3.8/site-packages'
[0.592s] Level 1:colcon.colcon_core.environment:checking '/home/leibton/ros2_ws/src/install/moonbot_control/bin'
[0.593s] INFO:colcon.colcon_core.shell:Creating package script '/home/leibton/ros2_ws/src/install/moonbot_control/share/moonbot_control/package.ps1'
[0.594s] INFO:colcon.colcon_core.shell:Creating package descriptor '/home/leibton/ros2_ws/src/install/moonbot_control/share/moonbot_control/package.dsv'
[0.594s] INFO:colcon.colcon_core.shell:Creating package script '/home/leibton/ros2_ws/src/install/moonbot_control/share/moonbot_control/package.sh'
[0.594s] INFO:colcon.colcon_core.shell:Creating package script '/home/leibton/ros2_ws/src/install/moonbot_control/share/moonbot_control/package.bash'
[0.595s] INFO:colcon.colcon_core.shell:Creating package script '/home/leibton/ros2_ws/src/install/moonbot_control/share/moonbot_control/package.zsh'
[0.595s] Level 1:colcon.colcon_core.environment:create_file_with_runtime_dependencies(/home/leibton/ros2_ws/src/install/moonbot_control/share/colcon-core/packages/moonbot_control)
[0.596s] INFO:colcon.colcon_ros.task.ament_cmake.build:Building ROS package in '/home/leibton/ros2_ws/src/moonbot_gazebo' with build type 'ament_cmake'
[0.596s] INFO:colcon.colcon_cmake.task.cmake.build:Building CMake package in '/home/leibton/ros2_ws/src/moonbot_gazebo'
[0.597s] INFO:colcon.colcon_core.shell:Skip shell extension 'powershell' for command environment: Not usable outside of PowerShell
[0.597s] DEBUG:colcon.colcon_core.shell:Skip shell extension 'dsv' for command environment
[0.601s] Level 1:colcon.colcon_core.environment:create_environment_scripts_only(dynamixel_custom_interfaces)
[0.603s] Level 1:colcon.colcon_core.environment:checking '/home/leibton/ros2_ws/src/install/dynamixel_custom_interfaces' for CMake module files
[0.603s] DEBUG:colcon.colcon_core.event_handler.log_command:Invoked command in '/home/leibton/ros2_ws/src/build/dynamixel_custom_interfaces' returned '0': CMAKE_PREFIX_PATH=${CMAKE_PREFIX_PATH}:/home/leibton/ros2_ws/src/install/trial:/opt/ros/foxy /usr/bin/cmake --install /home/leibton/ros2_ws/src/build/dynamixel_custom_interfaces
[0.604s] Level 1:colcon.colcon_core.environment:checking '/home/leibton/ros2_ws/src/install/dynamixel_custom_interfaces' for CMake config files
[0.604s] Level 1:colcon.colcon_core.shell:create_environment_hook('dynamixel_custom_interfaces', 'cmake_prefix_path')
[0.605s] INFO:colcon.colcon_core.shell:Creating environment hook '/home/leibton/ros2_ws/src/install/dynamixel_custom_interfaces/share/dynamixel_custom_interfaces/hook/cmake_prefix_path.ps1'
[0.605s] INFO:colcon.colcon_core.shell:Creating environment descriptor '/home/leibton/ros2_ws/src/install/dynamixel_custom_interfaces/share/dynamixel_custom_interfaces/hook/cmake_prefix_path.dsv'
[0.605s] INFO:colcon.colcon_core.shell:Creating environment hook '/home/leibton/ros2_ws/src/install/dynamixel_custom_interfaces/share/dynamixel_custom_interfaces/hook/cmake_prefix_path.sh'
[0.606s] Level 1:colcon.colcon_core.environment:checking '/home/leibton/ros2_ws/src/install/dynamixel_custom_interfaces/lib'
[0.606s] Level 1:colcon.colcon_core.shell:create_environment_hook('dynamixel_custom_interfaces', 'ld_library_path_lib')
[0.607s] INFO:colcon.colcon_core.shell:Creating environment hook '/home/leibton/ros2_ws/src/install/dynamixel_custom_interfaces/share/dynamixel_custom_interfaces/hook/ld_library_path_lib.ps1'
[0.607s] INFO:colcon.colcon_core.shell:Creating environment descriptor '/home/leibton/ros2_ws/src/install/dynamixel_custom_interfaces/share/dynamixel_custom_interfaces/hook/ld_library_path_lib.dsv'
[0.607s] INFO:colcon.colcon_core.shell:Creating environment hook '/home/leibton/ros2_ws/src/install/dynamixel_custom_interfaces/share/dynamixel_custom_interfaces/hook/ld_library_path_lib.sh'
[0.607s] Level 1:colcon.colcon_core.environment:checking '/home/leibton/ros2_ws/src/install/dynamixel_custom_interfaces/bin'
[0.607s] Level 1:colcon.colcon_core.environment:checking '/home/leibton/ros2_ws/src/install/dynamixel_custom_interfaces/lib/pkgconfig/dynamixel_custom_interfaces.pc'
[0.608s] Level 1:colcon.colcon_core.environment:checking '/home/leibton/ros2_ws/src/install/dynamixel_custom_interfaces/lib/python3.8/site-packages'
[0.608s] Level 1:colcon.colcon_core.shell:create_environment_hook('dynamixel_custom_interfaces', 'pythonpath')
[0.609s] INFO:colcon.colcon_core.shell:Creating environment hook '/home/leibton/ros2_ws/src/install/dynamixel_custom_interfaces/share/dynamixel_custom_interfaces/hook/pythonpath.ps1'
[0.609s] INFO:colcon.colcon_core.shell:Creating environment descriptor '/home/leibton/ros2_ws/src/install/dynamixel_custom_interfaces/share/dynamixel_custom_interfaces/hook/pythonpath.dsv'
[0.609s] INFO:colcon.colcon_core.shell:Creating environment hook '/home/leibton/ros2_ws/src/install/dynamixel_custom_interfaces/share/dynamixel_custom_interfaces/hook/pythonpath.sh'
[0.609s] Level 1:colcon.colcon_core.environment:checking '/home/leibton/ros2_ws/src/install/dynamixel_custom_interfaces/bin'
[0.610s] INFO:colcon.colcon_core.shell:Creating package script '/home/leibton/ros2_ws/src/install/dynamixel_custom_interfaces/share/dynamixel_custom_interfaces/package.ps1'
[0.610s] INFO:colcon.colcon_core.shell:Creating package descriptor '/home/leibton/ros2_ws/src/install/dynamixel_custom_interfaces/share/dynamixel_custom_interfaces/package.dsv'
[0.611s] INFO:colcon.colcon_core.shell:Creating package script '/home/leibton/ros2_ws/src/install/dynamixel_custom_interfaces/share/dynamixel_custom_interfaces/package.sh'
[0.611s] INFO:colcon.colcon_core.shell:Creating package script '/home/leibton/ros2_ws/src/install/dynamixel_custom_interfaces/share/dynamixel_custom_interfaces/package.bash'
[0.612s] INFO:colcon.colcon_core.shell:Creating package script '/home/leibton/ros2_ws/src/install/dynamixel_custom_interfaces/share/dynamixel_custom_interfaces/package.zsh'
[0.612s] Level 1:colcon.colcon_core.environment:create_file_with_runtime_dependencies(/home/leibton/ros2_ws/src/install/dynamixel_custom_interfaces/share/colcon-core/packages/dynamixel_custom_interfaces)
[0.618s] DEBUG:colcon.colcon_core.event_handler.log_command:Invoking command in '/home/leibton/ros2_ws/src/build/moonbot_gazebo': CMAKE_PREFIX_PATH=/home/leibton/ros2_ws/src/install/moonbot_control:/home/leibton/ros2_ws/src/install/moonbot_description:/home/leibton/ros2_ws/src/install/my_robot_hardware_interface:/home/leibton/ros2_ws/src/install/moonbot_gazebo:/home/leibton/ros2_ws/src/install/dynamixel_hardware_interface:/home/leibton/ros2_ws/src/install/dynamixel_custom_interfaces:/home/leibton/ros2_ws/src/install/trial:/opt/ros/foxy /usr/bin/cmake --build /home/leibton/ros2_ws/src/build/moonbot_gazebo -- -j12 -l12
[0.652s] DEBUG:colcon.colcon_core.event_handler.log_command:Invoked command in '/home/leibton/ros2_ws/src/build/moonbot_gazebo' returned '0': CMAKE_PREFIX_PATH=/home/leibton/ros2_ws/src/install/moonbot_control:/home/leibton/ros2_ws/src/install/moonbot_description:/home/leibton/ros2_ws/src/install/my_robot_hardware_interface:/home/leibton/ros2_ws/src/install/moonbot_gazebo:/home/leibton/ros2_ws/src/install/dynamixel_hardware_interface:/home/leibton/ros2_ws/src/install/dynamixel_custom_interfaces:/home/leibton/ros2_ws/src/install/trial:/opt/ros/foxy /usr/bin/cmake --build /home/leibton/ros2_ws/src/build/moonbot_gazebo -- -j12 -l12
[0.655s] Level 1:colcon.colcon_core.environment:create_environment_scripts_only(dynamixel_custom_interfaces)
[0.658s] Level 1:colcon.colcon_core.environment:checking '/home/leibton/ros2_ws/src/install/dynamixel_custom_interfaces' for CMake module files
[0.659s] Level 1:colcon.colcon_core.environment:checking '/home/leibton/ros2_ws/src/install/dynamixel_custom_interfaces' for CMake config files
[0.659s] Level 1:colcon.colcon_core.shell:create_environment_hook('dynamixel_custom_interfaces', 'cmake_prefix_path')
[0.661s] INFO:colcon.colcon_core.shell:Creating environment hook '/home/leibton/ros2_ws/src/install/dynamixel_custom_interfaces/share/dynamixel_custom_interfaces/hook/cmake_prefix_path.ps1'
[0.661s] INFO:colcon.colcon_core.shell:Creating environment descriptor '/home/leibton/ros2_ws/src/install/dynamixel_custom_interfaces/share/dynamixel_custom_interfaces/hook/cmake_prefix_path.dsv'
[0.661s] INFO:colcon.colcon_core.shell:Creating environment hook '/home/leibton/ros2_ws/src/install/dynamixel_custom_interfaces/share/dynamixel_custom_interfaces/hook/cmake_prefix_path.sh'
[0.662s] Level 1:colcon.colcon_core.environment:checking '/home/leibton/ros2_ws/src/install/dynamixel_custom_interfaces/lib'
[0.662s] Level 1:colcon.colcon_core.shell:create_environment_hook('dynamixel_custom_interfaces', 'ld_library_path_lib')
[0.663s] INFO:colcon.colcon_core.shell:Creating environment hook '/home/leibton/ros2_ws/src/install/dynamixel_custom_interfaces/share/dynamixel_custom_interfaces/hook/ld_library_path_lib.ps1'
[0.663s] INFO:colcon.colcon_core.shell:Creating environment descriptor '/home/leibton/ros2_ws/src/install/dynamixel_custom_interfaces/share/dynamixel_custom_interfaces/hook/ld_library_path_lib.dsv'
[0.663s] INFO:colcon.colcon_core.shell:Creating environment hook '/home/leibton/ros2_ws/src/install/dynamixel_custom_interfaces/share/dynamixel_custom_interfaces/hook/ld_library_path_lib.sh'
[0.663s] Level 1:colcon.colcon_core.environment:checking '/home/leibton/ros2_ws/src/install/dynamixel_custom_interfaces/bin'
[0.663s] Level 1:colcon.colcon_core.environment:checking '/home/leibton/ros2_ws/src/install/dynamixel_custom_interfaces/lib/pkgconfig/dynamixel_custom_interfaces.pc'
[0.664s] Level 1:colcon.colcon_core.environment:checking '/home/leibton/ros2_ws/src/install/dynamixel_custom_interfaces/lib/python3.8/site-packages'
[0.664s] Level 1:colcon.colcon_core.shell:create_environment_hook('dynamixel_custom_interfaces', 'pythonpath')
[0.664s] INFO:colcon.colcon_core.shell:Creating environment hook '/home/leibton/ros2_ws/src/install/dynamixel_custom_interfaces/share/dynamixel_custom_interfaces/hook/pythonpath.ps1'
[0.665s] INFO:colcon.colcon_core.shell:Creating environment descriptor '/home/leibton/ros2_ws/src/install/dynamixel_custom_interfaces/share/dynamixel_custom_interfaces/hook/pythonpath.dsv'
[0.665s] INFO:colcon.colcon_core.shell:Creating environment hook '/home/leibton/ros2_ws/src/install/dynamixel_custom_interfaces/share/dynamixel_custom_interfaces/hook/pythonpath.sh'
[0.665s] Level 1:colcon.colcon_core.environment:checking '/home/leibton/ros2_ws/src/install/dynamixel_custom_interfaces/bin'
[0.666s] INFO:colcon.colcon_core.shell:Creating package script '/home/leibton/ros2_ws/src/install/dynamixel_custom_interfaces/share/dynamixel_custom_interfaces/package.ps1'
[0.666s] INFO:colcon.colcon_core.shell:Creating package descriptor '/home/leibton/ros2_ws/src/install/dynamixel_custom_interfaces/share/dynamixel_custom_interfaces/package.dsv'
[0.667s] INFO:colcon.colcon_core.shell:Creating package script '/home/leibton/ros2_ws/src/install/dynamixel_custom_interfaces/share/dynamixel_custom_interfaces/package.sh'
[0.667s] INFO:colcon.colcon_core.shell:Creating package script '/home/leibton/ros2_ws/src/install/dynamixel_custom_interfaces/share/dynamixel_custom_interfaces/package.bash'
[0.667s] INFO:colcon.colcon_core.shell:Creating package script '/home/leibton/ros2_ws/src/install/dynamixel_custom_interfaces/share/dynamixel_custom_interfaces/package.zsh'
[0.668s] Level 1:colcon.colcon_core.environment:create_file_with_runtime_dependencies(/home/leibton/ros2_ws/src/install/dynamixel_custom_interfaces/share/colcon-core/packages/dynamixel_custom_interfaces)
[0.668s] INFO:colcon.colcon_ros.task.ament_python.build:Building ROS package in '/home/leibton/ros2_ws/src/trial' with build type 'ament_python'
[0.668s] Level 1:colcon.colcon_core.shell:create_environment_hook('trial', 'ament_prefix_path')
[0.669s] INFO:colcon.colcon_core.shell:Creating environment hook '/home/leibton/ros2_ws/src/install/trial/share/trial/hook/ament_prefix_path.ps1'
[0.670s] INFO:colcon.colcon_core.shell:Creating environment descriptor '/home/leibton/ros2_ws/src/install/trial/share/trial/hook/ament_prefix_path.dsv'
[0.670s] INFO:colcon.colcon_core.shell:Creating environment hook '/home/leibton/ros2_ws/src/install/trial/share/trial/hook/ament_prefix_path.sh'
[0.671s] INFO:colcon.colcon_core.shell:Skip shell extension 'powershell' for command environment: Not usable outside of PowerShell
[0.671s] DEBUG:colcon.colcon_core.shell:Skip shell extension 'dsv' for command environment
[0.679s] DEBUG:colcon.colcon_core.event_handler.log_command:Invoking command in '/home/leibton/ros2_ws/src/build/moonbot_gazebo': CMAKE_PREFIX_PATH=/home/leibton/ros2_ws/src/install/moonbot_control:/home/leibton/ros2_ws/src/install/moonbot_description:/home/leibton/ros2_ws/src/install/my_robot_hardware_interface:/home/leibton/ros2_ws/src/install/moonbot_gazebo:/home/leibton/ros2_ws/src/install/dynamixel_hardware_interface:/home/leibton/ros2_ws/src/install/dynamixel_custom_interfaces:/home/leibton/ros2_ws/src/install/trial:/opt/ros/foxy /usr/bin/cmake --install /home/leibton/ros2_ws/src/build/moonbot_gazebo
[0.835s] INFO:colcon.colcon_core.task.python.build:Building Python package in '/home/leibton/ros2_ws/src/trial'
[0.838s] INFO:colcon.colcon_core.shell:Skip shell extension 'powershell' for command environment: Not usable outside of PowerShell
[0.838s] DEBUG:colcon.colcon_core.shell:Skip shell extension 'dsv' for command environment
[0.848s] Level 1:colcon.colcon_core.environment:create_environment_scripts_only(moonbot_gazebo)
[0.851s] Level 1:colcon.colcon_core.environment:checking '/home/leibton/ros2_ws/src/install/moonbot_gazebo' for CMake module files
[0.851s] DEBUG:colcon.colcon_core.event_handler.log_command:Invoked command in '/home/leibton/ros2_ws/src/build/moonbot_gazebo' returned '0': CMAKE_PREFIX_PATH=/home/leibton/ros2_ws/src/install/moonbot_control:/home/leibton/ros2_ws/src/install/moonbot_description:/home/leibton/ros2_ws/src/install/my_robot_hardware_interface:/home/leibton/ros2_ws/src/install/moonbot_gazebo:/home/leibton/ros2_ws/src/install/dynamixel_hardware_interface:/home/leibton/ros2_ws/src/install/dynamixel_custom_interfaces:/home/leibton/ros2_ws/src/install/trial:/opt/ros/foxy /usr/bin/cmake --install /home/leibton/ros2_ws/src/build/moonbot_gazebo
[0.852s] Level 1:colcon.colcon_core.environment:checking '/home/leibton/ros2_ws/src/install/moonbot_gazebo' for CMake config files
[0.853s] Level 1:colcon.colcon_core.shell:create_environment_hook('moonbot_gazebo', 'cmake_prefix_path')
[0.854s] INFO:colcon.colcon_core.shell:Creating environment hook '/home/leibton/ros2_ws/src/install/moonbot_gazebo/share/moonbot_gazebo/hook/cmake_prefix_path.ps1'
[0.854s] INFO:colcon.colcon_core.shell:Creating environment descriptor '/home/leibton/ros2_ws/src/install/moonbot_gazebo/share/moonbot_gazebo/hook/cmake_prefix_path.dsv'
[0.855s] INFO:colcon.colcon_core.shell:Creating environment hook '/home/leibton/ros2_ws/src/install/moonbot_gazebo/share/moonbot_gazebo/hook/cmake_prefix_path.sh'
[0.855s] Level 1:colcon.colcon_core.environment:checking '/home/leibton/ros2_ws/src/install/moonbot_gazebo/lib'
[0.855s] Level 1:colcon.colcon_core.environment:checking '/home/leibton/ros2_ws/src/install/moonbot_gazebo/bin'
[0.855s] Level 1:colcon.colcon_core.environment:checking '/home/leibton/ros2_ws/src/install/moonbot_gazebo/lib/pkgconfig/moonbot_gazebo.pc'
[0.856s] Level 1:colcon.colcon_core.environment:checking '/home/leibton/ros2_ws/src/install/moonbot_gazebo/lib/python3.8/site-packages'
[0.856s] Level 1:colcon.colcon_core.environment:checking '/home/leibton/ros2_ws/src/install/moonbot_gazebo/bin'
[0.857s] INFO:colcon.colcon_core.shell:Creating package script '/home/leibton/ros2_ws/src/install/moonbot_gazebo/share/moonbot_gazebo/package.ps1'
[0.857s] INFO:colcon.colcon_core.shell:Creating package descriptor '/home/leibton/ros2_ws/src/install/moonbot_gazebo/share/moonbot_gazebo/package.dsv'
[0.857s] INFO:colcon.colcon_core.shell:Creating package script '/home/leibton/ros2_ws/src/install/moonbot_gazebo/share/moonbot_gazebo/package.sh'
[0.858s] INFO:colcon.colcon_core.shell:Creating package script '/home/leibton/ros2_ws/src/install/moonbot_gazebo/share/moonbot_gazebo/package.bash'
[0.858s] INFO:colcon.colcon_core.shell:Creating package script '/home/leibton/ros2_ws/src/install/moonbot_gazebo/share/moonbot_gazebo/package.zsh'
[0.858s] Level 1:colcon.colcon_core.environment:create_file_with_runtime_dependencies(/home/leibton/ros2_ws/src/install/moonbot_gazebo/share/colcon-core/packages/moonbot_gazebo)
[0.875s] Level 1:colcon.colcon_core.environment:create_environment_scripts_only(moonbot_gazebo)
[0.877s] Level 1:colcon.colcon_core.environment:checking '/home/leibton/ros2_ws/src/install/moonbot_gazebo' for CMake module files
[0.878s] Level 1:colcon.colcon_core.environment:checking '/home/leibton/ros2_ws/src/install/moonbot_gazebo' for CMake config files
[0.878s] Level 1:colcon.colcon_core.shell:create_environment_hook('moonbot_gazebo', 'cmake_prefix_path')
[0.879s] INFO:colcon.colcon_core.shell:Creating environment hook '/home/leibton/ros2_ws/src/install/moonbot_gazebo/share/moonbot_gazebo/hook/cmake_prefix_path.ps1'
[0.879s] INFO:colcon.colcon_core.shell:Creating environment descriptor '/home/leibton/ros2_ws/src/install/moonbot_gazebo/share/moonbot_gazebo/hook/cmake_prefix_path.dsv'
[0.880s] INFO:colcon.colcon_core.shell:Creating environment hook '/home/leibton/ros2_ws/src/install/moonbot_gazebo/share/moonbot_gazebo/hook/cmake_prefix_path.sh'
[0.880s] Level 1:colcon.colcon_core.environment:checking '/home/leibton/ros2_ws/src/install/moonbot_gazebo/lib'
[0.880s] Level 1:colcon.colcon_core.environment:checking '/home/leibton/ros2_ws/src/install/moonbot_gazebo/bin'
[0.880s] Level 1:colcon.colcon_core.environment:checking '/home/leibton/ros2_ws/src/install/moonbot_gazebo/lib/pkgconfig/moonbot_gazebo.pc'
[0.880s] Level 1:colcon.colcon_core.environment:checking '/home/leibton/ros2_ws/src/install/moonbot_gazebo/lib/python3.8/site-packages'
[0.880s] Level 1:colcon.colcon_core.environment:checking '/home/leibton/ros2_ws/src/install/moonbot_gazebo/bin'
[0.881s] INFO:colcon.colcon_core.shell:Creating package script '/home/leibton/ros2_ws/src/install/moonbot_gazebo/share/moonbot_gazebo/package.ps1'
[0.882s] INFO:colcon.colcon_core.shell:Creating package descriptor '/home/leibton/ros2_ws/src/install/moonbot_gazebo/share/moonbot_gazebo/package.dsv'
[0.882s] INFO:colcon.colcon_core.shell:Creating package script '/home/leibton/ros2_ws/src/install/moonbot_gazebo/share/moonbot_gazebo/package.sh'
[0.882s] INFO:colcon.colcon_core.shell:Creating package script '/home/leibton/ros2_ws/src/install/moonbot_gazebo/share/moonbot_gazebo/package.bash'
[0.883s] INFO:colcon.colcon_core.shell:Creating package script '/home/leibton/ros2_ws/src/install/moonbot_gazebo/share/moonbot_gazebo/package.zsh'
[0.883s] Level 1:colcon.colcon_core.environment:create_file_with_runtime_dependencies(/home/leibton/ros2_ws/src/install/moonbot_gazebo/share/colcon-core/packages/moonbot_gazebo)
[1.132s] DEBUG:colcon.colcon_core.event_handler.log_command:Invoking command in '/home/leibton/ros2_ws/src/trial': CMAKE_PREFIX_PATH=/home/leibton/ros2_ws/src/install/dynamixel_custom_interfaces:/home/leibton/ros2_ws/src/install/my_robot_hardware_interface:/home/leibton/ros2_ws/src/install/moonbot_gazebo:/home/leibton/ros2_ws/src/install/moonbot_control:/home/leibton/ros2_ws/src/install/moonbot_description:/home/leibton/ros2_ws/src/install/dynamixel_hardware_interface PYTHONPATH=/home/leibton/ros2_ws/src/build/trial/prefix_override:/home/leibton/ros2_ws/src/install/trial/lib/python3.8/site-packages:/home/leibton/ros2_ws/src/install/dynamixel_custom_interfaces/lib/python3.8/site-packages:/home/leibton/ros2_ws/src/install/trial/lib/python3.8/site-packages:/opt/ros/foxy/lib/python3.8/site-packages /usr/bin/python3 setup.py egg_info --egg-base ../build/trial build --build-base /home/leibton/ros2_ws/src/build/trial/build install --record /home/leibton/ros2_ws/src/build/trial/install.log --single-version-externally-managed
[1.330s] Level 1:colcon.colcon_core.environment:checking '/home/leibton/ros2_ws/src/install/trial' for CMake module files
[1.331s] DEBUG:colcon.colcon_core.event_handler.log_command:Invoked command in '/home/leibton/ros2_ws/src/trial' returned '0': CMAKE_PREFIX_PATH=/home/leibton/ros2_ws/src/install/dynamixel_custom_interfaces:/home/leibton/ros2_ws/src/install/my_robot_hardware_interface:/home/leibton/ros2_ws/src/install/moonbot_gazebo:/home/leibton/ros2_ws/src/install/moonbot_control:/home/leibton/ros2_ws/src/install/moonbot_description:/home/leibton/ros2_ws/src/install/dynamixel_hardware_interface PYTHONPATH=/home/leibton/ros2_ws/src/build/trial/prefix_override:/home/leibton/ros2_ws/src/install/trial/lib/python3.8/site-packages:/home/leibton/ros2_ws/src/install/dynamixel_custom_interfaces/lib/python3.8/site-packages:/home/leibton/ros2_ws/src/install/trial/lib/python3.8/site-packages:/opt/ros/foxy/lib/python3.8/site-packages /usr/bin/python3 setup.py egg_info --egg-base ../build/trial build --build-base /home/leibton/ros2_ws/src/build/trial/build install --record /home/leibton/ros2_ws/src/build/trial/install.log --single-version-externally-managed
[1.332s] Level 1:colcon.colcon_core.environment:checking '/home/leibton/ros2_ws/src/install/trial' for CMake config files
[1.332s] Level 1:colcon.colcon_core.environment:checking '/home/leibton/ros2_ws/src/install/trial/lib'
[1.332s] Level 1:colcon.colcon_core.environment:checking '/home/leibton/ros2_ws/src/install/trial/bin'
[1.332s] Level 1:colcon.colcon_core.environment:checking '/home/leibton/ros2_ws/src/install/trial/lib/pkgconfig/trial.pc'
[1.332s] Level 1:colcon.colcon_core.environment:checking '/home/leibton/ros2_ws/src/install/trial/lib/python3.8/site-packages'
[1.332s] Level 1:colcon.colcon_core.shell:create_environment_hook('trial', 'pythonpath')
[1.333s] INFO:colcon.colcon_core.shell:Creating environment hook '/home/leibton/ros2_ws/src/install/trial/share/trial/hook/pythonpath.ps1'
[1.334s] INFO:colcon.colcon_core.shell:Creating environment descriptor '/home/leibton/ros2_ws/src/install/trial/share/trial/hook/pythonpath.dsv'
[1.334s] INFO:colcon.colcon_core.shell:Creating environment hook '/home/leibton/ros2_ws/src/install/trial/share/trial/hook/pythonpath.sh'
[1.334s] Level 1:colcon.colcon_core.environment:checking '/home/leibton/ros2_ws/src/install/trial/bin'
[1.334s] Level 1:colcon.colcon_core.environment:create_environment_scripts_only(trial)
[1.335s] INFO:colcon.colcon_core.shell:Creating package script '/home/leibton/ros2_ws/src/install/trial/share/trial/package.ps1'
[1.335s] INFO:colcon.colcon_core.shell:Creating package descriptor '/home/leibton/ros2_ws/src/install/trial/share/trial/package.dsv'
[1.336s] INFO:colcon.colcon_core.shell:Creating package script '/home/leibton/ros2_ws/src/install/trial/share/trial/package.sh'
[1.336s] INFO:colcon.colcon_core.shell:Creating package script '/home/leibton/ros2_ws/src/install/trial/share/trial/package.bash'
[1.336s] INFO:colcon.colcon_core.shell:Creating package script '/home/leibton/ros2_ws/src/install/trial/share/trial/package.zsh'
[1.336s] Level 1:colcon.colcon_core.environment:create_file_with_runtime_dependencies(/home/leibton/ros2_ws/src/install/trial/share/colcon-core/packages/trial)
[1.336s] DEBUG:colcon.colcon_parallel_executor.executor.parallel:closing loop
[1.337s] DEBUG:colcon.colcon_parallel_executor.executor.parallel:loop closed
[1.337s] DEBUG:colcon.colcon_parallel_executor.executor.parallel:run_until_complete finished with '0'
[1.337s] DEBUG:colcon.colcon_core.event_reactor:joining thread
[1.344s] INFO:colcon.colcon_core.plugin_system:Skipping extension 'colcon_notification.desktop_notification.terminal_notifier': Not used on non-Darwin systems
[1.344s] INFO:colcon.colcon_core.plugin_system:Skipping extension 'colcon_notification.desktop_notification.win32': Not used on non-Windows systems
[1.344s] INFO:colcon.colcon_notification.desktop_notification:Sending desktop notification using 'notify2'
[1.359s] DEBUG:colcon.colcon_core.event_reactor:joined thread
[1.360s] INFO:colcon.colcon_core.shell:Creating prefix script '/home/leibton/ros2_ws/src/install/local_setup.ps1'
[1.361s] INFO:colcon.colcon_core.shell:Creating prefix util module '/home/leibton/ros2_ws/src/install/_local_setup_util_ps1.py'
[1.361s] INFO:colcon.colcon_core.shell:Creating prefix chain script '/home/leibton/ros2_ws/src/install/setup.ps1'
[1.362s] INFO:colcon.colcon_core.shell:Creating prefix script '/home/leibton/ros2_ws/src/install/local_setup.sh'
[1.363s] INFO:colcon.colcon_core.shell:Creating prefix util module '/home/leibton/ros2_ws/src/install/_local_setup_util_sh.py'
[1.363s] INFO:colcon.colcon_core.shell:Creating prefix chain script '/home/leibton/ros2_ws/src/install/setup.sh'
[1.364s] INFO:colcon.colcon_core.shell:Creating prefix script '/home/leibton/ros2_ws/src/install/local_setup.bash'
[1.364s] INFO:colcon.colcon_core.shell:Creating prefix chain script '/home/leibton/ros2_ws/src/install/setup.bash'
[1.366s] INFO:colcon.colcon_core.shell:Creating prefix script '/home/leibton/ros2_ws/src/install/local_setup.zsh'
[1.366s] INFO:colcon.colcon_core.shell:Creating prefix chain script '/home/leibton/ros2_ws/src/install/setup.zsh'
