[0.026s] Invoking command in '/home/leibton/ros2_ws/src/build/my_robot_hardware_interface': CMAKE_PREFIX_PATH=/opt/ros/foxy /usr/bin/cmake --build /home/leibton/ros2_ws/src/build/my_robot_hardware_interface -- -j12 -l12
[0.074s] Invoked command in '/home/leibton/ros2_ws/src/build/my_robot_hardware_interface' returned '0': CMAKE_PREFIX_PATH=/opt/ros/foxy /usr/bin/cmake --build /home/leibton/ros2_ws/src/build/my_robot_hardware_interface -- -j12 -l12
[0.128s] Invoking command in '/home/leibton/ros2_ws/src/build/my_robot_hardware_interface': CMAKE_PREFIX_PATH=/opt/ros/foxy /usr/bin/cmake --install /home/leibton/ros2_ws/src/build/my_robot_hardware_interface
[0.146s] -- Install configuration: ""
[0.147s] -- Up-to-date: /home/leibton/ros2_ws/src/install/my_robot_hardware_interface/share/ament_index/resource_index/package_run_dependencies/my_robot_hardware_interface
[0.147s] -- Up-to-date: /home/leibton/ros2_ws/src/install/my_robot_hardware_interface/share/ament_index/resource_index/parent_prefix_path/my_robot_hardware_interface
[0.147s] -- Up-to-date: /home/leibton/ros2_ws/src/install/my_robot_hardware_interface/share/my_robot_hardware_interface/environment/ament_prefix_path.sh
[0.147s] -- Up-to-date: /home/leibton/ros2_ws/src/install/my_robot_hardware_interface/share/my_robot_hardware_interface/environment/ament_prefix_path.dsv
[0.147s] -- Up-to-date: /home/leibton/ros2_ws/src/install/my_robot_hardware_interface/share/my_robot_hardware_interface/environment/path.sh
[0.147s] -- Up-to-date: /home/leibton/ros2_ws/src/install/my_robot_hardware_interface/share/my_robot_hardware_interface/environment/path.dsv
[0.147s] -- Up-to-date: /home/leibton/ros2_ws/src/install/my_robot_hardware_interface/share/my_robot_hardware_interface/local_setup.bash
[0.147s] -- Up-to-date: /home/leibton/ros2_ws/src/install/my_robot_hardware_interface/share/my_robot_hardware_interface/local_setup.sh
[0.147s] -- Up-to-date: /home/leibton/ros2_ws/src/install/my_robot_hardware_interface/share/my_robot_hardware_interface/local_setup.zsh
[0.147s] -- Up-to-date: /home/leibton/ros2_ws/src/install/my_robot_hardware_interface/share/my_robot_hardware_interface/local_setup.dsv
[0.147s] -- Installing: /home/leibton/ros2_ws/src/install/my_robot_hardware_interface/share/my_robot_hardware_interface/package.dsv
[0.147s] -- Up-to-date: /home/leibton/ros2_ws/src/install/my_robot_hardware_interface/share/ament_index/resource_index/packages/my_robot_hardware_interface
[0.148s] -- Up-to-date: /home/leibton/ros2_ws/src/install/my_robot_hardware_interface/share/my_robot_hardware_interface/cmake/my_robot_hardware_interfaceConfig.cmake
[0.148s] -- Up-to-date: /home/leibton/ros2_ws/src/install/my_robot_hardware_interface/share/my_robot_hardware_interface/cmake/my_robot_hardware_interfaceConfig-version.cmake
[0.148s] -- Up-to-date: /home/leibton/ros2_ws/src/install/my_robot_hardware_interface/share/my_robot_hardware_interface/package.xml
[0.174s] Invoked command in '/home/leibton/ros2_ws/src/build/my_robot_hardware_interface' returned '0': CMAKE_PREFIX_PATH=/opt/ros/foxy /usr/bin/cmake --install /home/leibton/ros2_ws/src/build/my_robot_hardware_interface
