[0.029s] Invoking command in '/home/leibton/ros2_ws/src/build/dynamixel_hardware_interface': CMAKE_PREFIX_PATH=${CMAKE_PREFIX_PATH}:/home/leibton/ros2_ws/src/install/trial:/home/leibton/ros2_ws/src/install/moonbot:/opt/ros/foxy /usr/bin/cmake /home/leibton/ros2_ws/src/dynamixel_hardware_interface -DCMAKE_INSTALL_PREFIX=/home/leibton/ros2_ws/src/install/dynamixel_hardware_interface
[0.092s] -- The C compiler identification is GNU 9.4.0
[0.151s] -- The CXX compiler identification is GNU 9.4.0
[0.156s] -- Check for working C compiler: /usr/bin/cc
[0.211s] -- Check for working C compiler: /usr/bin/cc -- works
[0.212s] -- Detecting C compiler ABI info
[0.276s] -- Detecting C compiler ABI info - done
[0.284s] -- Detecting C compile features
[0.284s] -- Detecting C compile features - done
[0.286s] -- Check for working CXX compiler: /usr/bin/c++
[0.352s] -- Check for working CXX compiler: /usr/bin/c++ -- works
[0.353s] -- Detecting CXX compiler ABI info
[0.418s] -- Detecting CXX compiler ABI info - done
[0.426s] -- Detecting CXX compile features
[0.426s] -- Detecting CXX compile features - done
[0.427s] -- Found ament_cmake: 0.9.12 (/opt/ros/foxy/share/ament_cmake/cmake)
[0.452s] -- Found PythonInterp: /usr/bin/python3 (found suitable version "3.8.10", minimum required is "3") 
[0.452s] -- Using PYTHON_EXECUTABLE: /usr/bin/python3
[0.664s] -- Found rclcpp: 2.4.3 (/opt/ros/foxy/share/rclcpp/cmake)
[0.696s] -- Using all available rosidl_typesupport_c: rosidl_typesupport_fastrtps_c;rosidl_typesupport_introspection_c
[0.701s] -- Found rosidl_adapter: 1.3.1 (/opt/ros/foxy/share/rosidl_adapter/cmake)
[0.755s] -- Found OpenSSL: /usr/lib/x86_64-linux-gnu/libcrypto.so (found version "1.1.1f")  
[0.781s] -- Found FastRTPS: /opt/ros/foxy/include  
[0.856s] -- Using all available rosidl_typesupport_cpp: rosidl_typesupport_fastrtps_cpp;rosidl_typesupport_introspection_cpp
[0.901s] -- Found rmw_implementation_cmake: 1.0.4 (/opt/ros/foxy/share/rmw_implementation_cmake/cmake)
[0.902s] -- Using RMW implementation 'rmw_fastrtps_cpp' as default
[0.903s] -- Looking for pthread.h
[0.954s] -- Looking for pthread.h - found
[0.955s] -- Performing Test CMAKE_HAVE_LIBC_PTHREAD
[1.013s] -- Performing Test CMAKE_HAVE_LIBC_PTHREAD - Failed
[1.014s] -- Looking for pthread_create in pthreads
[1.089s] -- Looking for pthread_create in pthreads - not found
[1.089s] -- Looking for pthread_create in pthread
[1.194s] -- Looking for pthread_create in pthread - found
[1.196s] -- Found Threads: TRUE  
[1.381s] -- Found pluginlib: 2.5.4 (/opt/ros/foxy/share/pluginlib/cmake)
[1.418s] -- Found hardware_interface: 0.11.0 (/opt/ros/foxy/share/hardware_interface/cmake)
[1.924s] -- Found ament_lint_auto: 0.9.8 (/opt/ros/foxy/share/ament_lint_auto/cmake)
[1.991s] -- Added test 'copyright' to check source files copyright and LICENSE
[1.992s] -- Added test 'cppcheck' to perform static code analysis on C / C++ code
[1.992s] -- Configured cppcheck include dirs: 
[1.992s] -- Configured cppcheck exclude dirs and/or files: 
[1.993s] -- Added test 'cpplint' to check C / C++ code against the Google style
[1.993s] -- Configured cpplint exclude dirs and/or files: 
[1.993s] -- Added test 'lint_cmake' to check CMake code style
[1.994s] -- Added test 'uncrustify' to check C / C++ code style
[1.994s] -- Configured uncrustify additional arguments: 
[1.995s] -- Added test 'xmllint' to check XML markup files
[1.997s] -- Configuring done
[1.998s] -- Generating done
[1.999s] -- Build files have been written to: /home/leibton/ros2_ws/src/build/dynamixel_hardware_interface
[2.008s] Invoked command in '/home/leibton/ros2_ws/src/build/dynamixel_hardware_interface' returned '0': CMAKE_PREFIX_PATH=${CMAKE_PREFIX_PATH}:/home/leibton/ros2_ws/src/install/trial:/home/leibton/ros2_ws/src/install/moonbot:/opt/ros/foxy /usr/bin/cmake /home/leibton/ros2_ws/src/dynamixel_hardware_interface -DCMAKE_INSTALL_PREFIX=/home/leibton/ros2_ws/src/install/dynamixel_hardware_interface
[2.011s] Invoking command in '/home/leibton/ros2_ws/src/build/dynamixel_hardware_interface': CMAKE_PREFIX_PATH=${CMAKE_PREFIX_PATH}:/home/leibton/ros2_ws/src/install/trial:/home/leibton/ros2_ws/src/install/moonbot:/opt/ros/foxy /usr/bin/cmake --build /home/leibton/ros2_ws/src/build/dynamixel_hardware_interface -- -j12 -l12
[2.046s] Invoked command in '/home/leibton/ros2_ws/src/build/dynamixel_hardware_interface' returned '0': CMAKE_PREFIX_PATH=${CMAKE_PREFIX_PATH}:/home/leibton/ros2_ws/src/install/trial:/home/leibton/ros2_ws/src/install/moonbot:/opt/ros/foxy /usr/bin/cmake --build /home/leibton/ros2_ws/src/build/dynamixel_hardware_interface -- -j12 -l12
[2.071s] Invoking command in '/home/leibton/ros2_ws/src/build/dynamixel_hardware_interface': CMAKE_PREFIX_PATH=${CMAKE_PREFIX_PATH}:/home/leibton/ros2_ws/src/install/trial:/home/leibton/ros2_ws/src/install/moonbot:/opt/ros/foxy /usr/bin/cmake --install /home/leibton/ros2_ws/src/build/dynamixel_hardware_interface
[2.079s] -- Install configuration: ""
[2.080s] -- Installing: /home/leibton/ros2_ws/src/install/dynamixel_hardware_interface/share/ament_index/resource_index/package_run_dependencies/dynamixel_hardware_interface
[2.080s] -- Installing: /home/leibton/ros2_ws/src/install/dynamixel_hardware_interface/share/ament_index/resource_index/parent_prefix_path/dynamixel_hardware_interface
[2.080s] -- Installing: /home/leibton/ros2_ws/src/install/dynamixel_hardware_interface/share/dynamixel_hardware_interface/environment/ament_prefix_path.sh
[2.080s] -- Installing: /home/leibton/ros2_ws/src/install/dynamixel_hardware_interface/share/dynamixel_hardware_interface/environment/ament_prefix_path.dsv
[2.080s] -- Installing: /home/leibton/ros2_ws/src/install/dynamixel_hardware_interface/share/dynamixel_hardware_interface/environment/path.sh
[2.080s] -- Installing: /home/leibton/ros2_ws/src/install/dynamixel_hardware_interface/share/dynamixel_hardware_interface/environment/path.dsv
[2.080s] -- Installing: /home/leibton/ros2_ws/src/install/dynamixel_hardware_interface/share/dynamixel_hardware_interface/local_setup.bash
[2.080s] -- Installing: /home/leibton/ros2_ws/src/install/dynamixel_hardware_interface/share/dynamixel_hardware_interface/local_setup.sh
[2.080s] -- Installing: /home/leibton/ros2_ws/src/install/dynamixel_hardware_interface/share/dynamixel_hardware_interface/local_setup.zsh
[2.081s] -- Installing: /home/leibton/ros2_ws/src/install/dynamixel_hardware_interface/share/dynamixel_hardware_interface/local_setup.dsv
[2.081s] -- Installing: /home/leibton/ros2_ws/src/install/dynamixel_hardware_interface/share/dynamixel_hardware_interface/package.dsv
[2.081s] -- Installing: /home/leibton/ros2_ws/src/install/dynamixel_hardware_interface/share/ament_index/resource_index/packages/dynamixel_hardware_interface
[2.081s] -- Installing: /home/leibton/ros2_ws/src/install/dynamixel_hardware_interface/share/dynamixel_hardware_interface/cmake/dynamixel_hardware_interfaceConfig.cmake
[2.081s] -- Installing: /home/leibton/ros2_ws/src/install/dynamixel_hardware_interface/share/dynamixel_hardware_interface/cmake/dynamixel_hardware_interfaceConfig-version.cmake
[2.081s] -- Installing: /home/leibton/ros2_ws/src/install/dynamixel_hardware_interface/share/dynamixel_hardware_interface/package.xml
[2.083s] Invoked command in '/home/leibton/ros2_ws/src/build/dynamixel_hardware_interface' returned '0': CMAKE_PREFIX_PATH=${CMAKE_PREFIX_PATH}:/home/leibton/ros2_ws/src/install/trial:/home/leibton/ros2_ws/src/install/moonbot:/opt/ros/foxy /usr/bin/cmake --install /home/leibton/ros2_ws/src/build/dynamixel_hardware_interface
