[0.599s] Invoking command in '/home/leibton/ros2_ws/src/trial': CMAKE_PREFIX_PATH=/home/leibton/ros2_ws/src/install/dynamixel_custom_interfaces:/home/leibton/ros2_ws/src/install/my_robot_hardware_interface:/home/leibton/ros2_ws/src/install/moonbot_gazebo:/home/leibton/ros2_ws/src/install/moonbot_control:/home/leibton/ros2_ws/src/install/moonbot_description:/home/leibton/ros2_ws/src/install/moonbot_custom_interfaces:/home/leibton/ros2_ws/src/install/dynamixel_hardware_interface LD_LIBRARY_PATH=/home/leibton/ros2_ws/src/install/dynamixel_custom_interfaces/lib:/home/leibton/ros2_ws/src/install/moonbot_custom_interfaces/lib:/usr/lib/x86_64-linux-gnu/gazebo-11/plugins:/opt/ros/foxy/opt/yaml_cpp_vendor/lib:/opt/ros/foxy/opt/rviz_ogre_vendor/lib:/opt/ros/foxy/lib/x86_64-linux-gnu:/opt/ros/foxy/lib PYTHONPATH=/home/leibton/ros2_ws/src/build/trial/prefix_override:/home/leibton/ros2_ws/src/install/trial/lib/python3.8/site-packages:/home/leibton/ros2_ws/src/install/dynamixel_custom_interfaces/lib/python3.8/site-packages:/home/leibton/ros2_ws/src/install/trial/lib/python3.8/site-packages:/home/leibton/ros2_ws/src/install/moonbot/lib/python3.8/site-packages:/home/leibton/ros2_ws/src/install/moonbot_custom_interfaces/lib/python3.8/site-packages:/opt/ros/foxy/lib/python3.8/site-packages /usr/bin/python3 setup.py egg_info --egg-base ../build/trial build --build-base /home/leibton/ros2_ws/src/build/trial/build install --record /home/leibton/ros2_ws/src/build/trial/install.log --single-version-externally-managed
[0.748s] running egg_info
[0.748s] writing ../build/trial/trial.egg-info/PKG-INFO
[0.748s] writing dependency_links to ../build/trial/trial.egg-info/dependency_links.txt
[0.748s] writing entry points to ../build/trial/trial.egg-info/entry_points.txt
[0.749s] writing requirements to ../build/trial/trial.egg-info/requires.txt
[0.749s] writing top-level names to ../build/trial/trial.egg-info/top_level.txt
[0.772s] reading manifest file '../build/trial/trial.egg-info/SOURCES.txt'
[0.773s] writing manifest file '../build/trial/trial.egg-info/SOURCES.txt'
[0.773s] running build
[0.773s] running build_py
[0.773s] running install
[0.773s] running install_lib
[0.774s] running install_data
[0.775s] running install_egg_info
[0.776s] removing '/home/leibton/ros2_ws/src/install/trial/lib/python3.8/site-packages/trial-0.0.0-py3.8.egg-info' (and everything under it)
[0.777s] Copying ../build/trial/trial.egg-info to /home/leibton/ros2_ws/src/install/trial/lib/python3.8/site-packages/trial-0.0.0-py3.8.egg-info
[0.777s] running install_scripts
[0.790s] Installing dynamixel_control script to /home/leibton/ros2_ws/src/install/trial/lib/trial
[0.790s] Installing walk script to /home/leibton/ros2_ws/src/install/trial/lib/trial
[0.790s] writing list of installed files to '/home/leibton/ros2_ws/src/build/trial/install.log'
[0.814s] Invoked command in '/home/leibton/ros2_ws/src/trial' returned '0': CMAKE_PREFIX_PATH=/home/leibton/ros2_ws/src/install/dynamixel_custom_interfaces:/home/leibton/ros2_ws/src/install/my_robot_hardware_interface:/home/leibton/ros2_ws/src/install/moonbot_gazebo:/home/leibton/ros2_ws/src/install/moonbot_control:/home/leibton/ros2_ws/src/install/moonbot_description:/home/leibton/ros2_ws/src/install/moonbot_custom_interfaces:/home/leibton/ros2_ws/src/install/dynamixel_hardware_interface LD_LIBRARY_PATH=/home/leibton/ros2_ws/src/install/dynamixel_custom_interfaces/lib:/home/leibton/ros2_ws/src/install/moonbot_custom_interfaces/lib:/usr/lib/x86_64-linux-gnu/gazebo-11/plugins:/opt/ros/foxy/opt/yaml_cpp_vendor/lib:/opt/ros/foxy/opt/rviz_ogre_vendor/lib:/opt/ros/foxy/lib/x86_64-linux-gnu:/opt/ros/foxy/lib PYTHONPATH=/home/leibton/ros2_ws/src/build/trial/prefix_override:/home/leibton/ros2_ws/src/install/trial/lib/python3.8/site-packages:/home/leibton/ros2_ws/src/install/dynamixel_custom_interfaces/lib/python3.8/site-packages:/home/leibton/ros2_ws/src/install/trial/lib/python3.8/site-packages:/home/leibton/ros2_ws/src/install/moonbot/lib/python3.8/site-packages:/home/leibton/ros2_ws/src/install/moonbot_custom_interfaces/lib/python3.8/site-packages:/opt/ros/foxy/lib/python3.8/site-packages /usr/bin/python3 setup.py egg_info --egg-base ../build/trial build --build-base /home/leibton/ros2_ws/src/build/trial/build install --record /home/leibton/ros2_ws/src/build/trial/install.log --single-version-externally-managed
